TpTrace Verbose: 0 : 15944, 1, 2024/05/30, 17:04:17.372, 4698891691988, vstest.console.dll, Version: 17.9.0-release-24072-02 Current process architecture: X64
TpTrace Verbose: 0 : 15944, 1, 2024/05/30, 17:04:17.376, 4698891732208, vstest.console.dll, Runtime location: C:\Program Files\dotnet\shared\Microsoft.NETCore.App\8.0.3
TpTrace Verbose: 0 : 15944, 1, 2024/05/30, 17:04:17.379, 4698891764495, vstest.console.dll, ArtifactProcessingPostProcessModeProcessorExecutor.Initialize: ArtifactProcessingMode.Collect
TpTrace Verbose: 0 : 15944, 1, 2024/05/30, 17:04:17.379, 4698891766496, vstest.console.dll, TestSessionCorrelationIdProcessorModeProcessorExecutor.Initialize: TestSessionCorrelationId '18752_aba76afb-432e-4c4e-a862-bc6583f6a18a'
TpTrace Information: 0 : 15944, 1, 2024/05/30, 17:04:17.388, 4698891854418, vstest.console.dll, FilePatternParser: The given file C:\MiniProject\HotelBookingSystemSolution\HotelBookingSystemAPIBLTests\bin\Debug\net6.0\fine-code-coverage\build-output\HotelBookingSystemAPIBLTests.dll is a full path.
TpTrace Verbose: 0 : 15944, 1, 2024/05/30, 17:04:17.394, 4698891917382, vstest.console.dll, TestPluginCache.DiscoverTestExtensions: finding test extensions in assemblies ends with: RuntimeProvider.dll TPluginInfo: Microsoft.VisualStudio.TestPlatform.Common.ExtensionFramework.Utilities.TestRuntimePluginInformation TExtension: Microsoft.VisualStudio.TestPlatform.ObjectModel.Host.ITestRuntimeProvider
TpTrace Verbose: 0 : 15944, 1, 2024/05/30, 17:04:17.395, 4698891921390, vstest.console.dll, TestPluginCache.GetExtensionPaths: Filtered extension paths: 
TpTrace Verbose: 0 : 15944, 1, 2024/05/30, 17:04:17.395, 4698891922342, vstest.console.dll, TestPluginCache.GetExtensionPaths: Added default extension paths: C:\Program Files\dotnet\sdk\8.0.202\Extensions\Microsoft.Diagnostics.NETCore.Client.dll
C:\Program Files\dotnet\sdk\8.0.202\Extensions\Microsoft.TestPlatform.Extensions.BlameDataCollector.dll
C:\Program Files\dotnet\sdk\8.0.202\Extensions\Microsoft.TestPlatform.Extensions.EventLogCollector.dll
C:\Program Files\dotnet\sdk\8.0.202\Extensions\Microsoft.TestPlatform.TestHostRuntimeProvider.dll
C:\Program Files\dotnet\sdk\8.0.202\Extensions\Microsoft.VisualStudio.TestPlatform.Extensions.Html.TestLogger.dll
C:\Program Files\dotnet\sdk\8.0.202\Extensions\Microsoft.VisualStudio.TestPlatform.Extensions.Trx.TestLogger.dll
TpTrace Verbose: 0 : 15944, 1, 2024/05/30, 17:04:17.395, 4698891922721, vstest.console.dll, TestPluginCache.GetExtensionPaths: Added unfilterableExtensionPaths: 
TpTrace Information: 0 : 15944, 1, 2024/05/30, 17:04:17.395, 4698891928239, vstest.console.dll, AssemblyResolver.ctor: Creating AssemblyResolver with searchDirectories C:\Program Files\dotnet\sdk\8.0.202\Extensions,C:\Program Files\dotnet\sdk\8.0.202
TpTrace Verbose: 0 : 15944, 1, 2024/05/30, 17:04:17.397, 4698891943903, vstest.console.dll, TestPluginCache.DiscoverTestExtensions: Discovering the extensions using extension path.
TpTrace Verbose: 0 : 15944, 1, 2024/05/30, 17:04:17.397, 4698891945310, vstest.console.dll, TestPluginCache.GetExtensionPaths: Filtered extension paths: 
TpTrace Verbose: 0 : 15944, 1, 2024/05/30, 17:04:17.397, 4698891945846, vstest.console.dll, TestPluginCache.GetExtensionPaths: Added default extension paths: C:\Program Files\dotnet\sdk\8.0.202\Extensions\Microsoft.Diagnostics.NETCore.Client.dll
C:\Program Files\dotnet\sdk\8.0.202\Extensions\Microsoft.TestPlatform.Extensions.BlameDataCollector.dll
C:\Program Files\dotnet\sdk\8.0.202\Extensions\Microsoft.TestPlatform.Extensions.EventLogCollector.dll
C:\Program Files\dotnet\sdk\8.0.202\Extensions\Microsoft.TestPlatform.TestHostRuntimeProvider.dll
C:\Program Files\dotnet\sdk\8.0.202\Extensions\Microsoft.VisualStudio.TestPlatform.Extensions.Html.TestLogger.dll
C:\Program Files\dotnet\sdk\8.0.202\Extensions\Microsoft.VisualStudio.TestPlatform.Extensions.Trx.TestLogger.dll
TpTrace Verbose: 0 : 15944, 1, 2024/05/30, 17:04:17.397, 4698891946212, vstest.console.dll, TestPluginCache.GetExtensionPaths: Added unfilterableExtensionPaths: 
TpTrace Verbose: 0 : 15944, 1, 2024/05/30, 17:04:17.397, 4698891946888, vstest.console.dll, TestPluginCache.DiscoverTestExtensions: Discovering the extensions using allExtensionPaths: C:\Program Files\dotnet\sdk\8.0.202\Extensions\Microsoft.Diagnostics.NETCore.Client.dll
C:\Program Files\dotnet\sdk\8.0.202\Extensions\Microsoft.TestPlatform.Extensions.BlameDataCollector.dll
C:\Program Files\dotnet\sdk\8.0.202\Extensions\Microsoft.TestPlatform.Extensions.EventLogCollector.dll
C:\Program Files\dotnet\sdk\8.0.202\Extensions\Microsoft.TestPlatform.TestHostRuntimeProvider.dll
C:\Program Files\dotnet\sdk\8.0.202\Extensions\Microsoft.VisualStudio.TestPlatform.Extensions.Html.TestLogger.dll
C:\Program Files\dotnet\sdk\8.0.202\Extensions\Microsoft.VisualStudio.TestPlatform.Extensions.Trx.TestLogger.dll
TpTrace Information: 0 : 15944, 1, 2024/05/30, 17:04:17.398, 4698891948558, vstest.console.dll, AssemblyResolver.AddSearchDirectories: Adding more searchDirectories C:\Program Files\dotnet\sdk\8.0.202\Extensions,C:\Program Files\dotnet\sdk\8.0.202
TpTrace Information: 0 : 15944, 1, 2024/05/30, 17:04:17.398, 4698891949172, vstest.console.dll, AssemblyResolver.AddSearchDirectories: Adding more searchDirectories C:\Program Files\dotnet\sdk\8.0.202\Extensions,C:\Program Files\dotnet\sdk\8.0.202
TpTrace Information: 0 : 15944, 1, 2024/05/30, 17:04:17.398, 4698891949596, vstest.console.dll, AssemblyResolver.AddSearchDirectories: Adding more searchDirectories C:\Program Files\dotnet\sdk\8.0.202\Extensions,C:\Program Files\dotnet\sdk\8.0.202
TpTrace Information: 0 : 15944, 1, 2024/05/30, 17:04:17.398, 4698891949938, vstest.console.dll, AssemblyResolver.AddSearchDirectories: Adding more searchDirectories C:\Program Files\dotnet\sdk\8.0.202\Extensions,C:\Program Files\dotnet\sdk\8.0.202
TpTrace Information: 0 : 15944, 1, 2024/05/30, 17:04:17.398, 4698891950301, vstest.console.dll, AssemblyResolver.AddSearchDirectories: Adding more searchDirectories C:\Program Files\dotnet\sdk\8.0.202\Extensions,C:\Program Files\dotnet\sdk\8.0.202
TpTrace Information: 0 : 15944, 1, 2024/05/30, 17:04:17.398, 4698891950680, vstest.console.dll, AssemblyResolver.AddSearchDirectories: Adding more searchDirectories C:\Program Files\dotnet\sdk\8.0.202\Extensions,C:\Program Files\dotnet\sdk\8.0.202
TpTrace Information: 0 : 15944, 1, 2024/05/30, 17:04:17.398, 4698891955736, vstest.console.dll, AssemblyResolver.OnResolve: Microsoft.Diagnostics.NETCore.Client: Resolving assembly.
TpTrace Information: 0 : 15944, 1, 2024/05/30, 17:04:17.398, 4698891956583, vstest.console.dll, AssemblyResolver.OnResolve: Microsoft.Diagnostics.NETCore.Client: Searching in: 'C:\Program Files\dotnet\sdk\8.0.202\Extensions'.
TpTrace Information: 0 : 15944, 1, 2024/05/30, 17:04:17.407, 4698892038770, vstest.console.dll, AssemblyResolver.OnResolve: Microsoft.Diagnostics.NETCore.Client: Loading assembly 'C:\Program Files\dotnet\sdk\8.0.202\Extensions\Microsoft.Diagnostics.NETCore.Client.dll'.
TpTrace Information: 0 : 15944, 1, 2024/05/30, 17:04:17.408, 4698892053931, vstest.console.dll, AssemblyResolver.OnResolve: Resolved assembly: Microsoft.Diagnostics.NETCore.Client, from path: C:\Program Files\dotnet\sdk\8.0.202\Extensions\Microsoft.Diagnostics.NETCore.Client.dll
TpTrace Verbose: 0 : 15944, 1, 2024/05/30, 17:04:17.413, 4698892104013, vstest.console.dll, MetadataReaderExtensionsHelper: Discovering extensions inside assembly 'Microsoft.Diagnostics.NETCore.Client, Version=0.2.9.2401, Culture=neutral, PublicKeyToken=31bf3856ad364e35' file path 'C:\Program Files\dotnet\sdk\8.0.202\Extensions\Microsoft.Diagnostics.NETCore.Client.dll'
TpTrace Information: 0 : 15944, 1, 2024/05/30, 17:04:17.417, 4698892146671, vstest.console.dll, AssemblyResolver.OnResolve: Microsoft.Bcl.AsyncInterfaces: Resolving assembly.
TpTrace Information: 0 : 15944, 1, 2024/05/30, 17:04:17.417, 4698892147684, vstest.console.dll, AssemblyResolver.OnResolve: Microsoft.Bcl.AsyncInterfaces: Searching in: 'C:\Program Files\dotnet\sdk\8.0.202\Extensions'.
TpTrace Information: 0 : 15944, 1, 2024/05/30, 17:04:17.417, 4698892148460, vstest.console.dll, AssemblyResolver.OnResolve: Microsoft.Bcl.AsyncInterfaces: Assembly path does not exist: 'C:\Program Files\dotnet\sdk\8.0.202\Extensions\Microsoft.Bcl.AsyncInterfaces.dll', returning.
TpTrace Information: 0 : 15944, 1, 2024/05/30, 17:04:17.418, 4698892149379, vstest.console.dll, AssemblyResolver.OnResolve: Microsoft.Bcl.AsyncInterfaces: Assembly path does not exist: 'C:\Program Files\dotnet\sdk\8.0.202\Extensions\Microsoft.Bcl.AsyncInterfaces.exe', returning.
TpTrace Information: 0 : 15944, 1, 2024/05/30, 17:04:17.418, 4698892151339, vstest.console.dll, AssemblyResolver.OnResolve: Microsoft.Bcl.AsyncInterfaces: Searching in: 'C:\Program Files\dotnet\sdk\8.0.202'.
TpTrace Information: 0 : 15944, 1, 2024/05/30, 17:04:17.418, 4698892152078, vstest.console.dll, AssemblyResolver.OnResolve: Microsoft.Bcl.AsyncInterfaces: Assembly path does not exist: 'C:\Program Files\dotnet\sdk\8.0.202\Microsoft.Bcl.AsyncInterfaces.dll', returning.
TpTrace Information: 0 : 15944, 1, 2024/05/30, 17:04:17.418, 4698892152615, vstest.console.dll, AssemblyResolver.OnResolve: Microsoft.Bcl.AsyncInterfaces: Assembly path does not exist: 'C:\Program Files\dotnet\sdk\8.0.202\Microsoft.Bcl.AsyncInterfaces.exe', returning.
TpTrace Information: 0 : 15944, 1, 2024/05/30, 17:04:17.418, 4698892153298, vstest.console.dll, AssemblyResolver.OnResolve: Microsoft.Bcl.AsyncInterfaces: Failed to load assembly.
TpTrace Verbose: 0 : 15944, 1, 2024/05/30, 17:04:17.418, 4698892153847, vstest.console.dll, CurrentDomainAssemblyResolve: Resolving assembly 'Microsoft.Bcl.AsyncInterfaces'.
TpTrace Information: 0 : 15944, 1, 2024/05/30, 17:04:17.418, 4698892154431, vstest.console.dll, AssemblyResolver.OnResolve: Microsoft.Bcl.AsyncInterfaces: Resolving assembly.
TpTrace Information: 0 : 15944, 1, 2024/05/30, 17:04:17.418, 4698892154811, vstest.console.dll, AssemblyResolver.OnResolve: Microsoft.Bcl.AsyncInterfaces: Resolved from cache.
TpTrace Verbose: 0 : 15944, 1, 2024/05/30, 17:04:17.418, 4698892155049, vstest.console.dll, CurrentDomainAssemblyResolve: Resolving assembly 'Microsoft.Bcl.AsyncInterfaces'.
TpTrace Verbose: 0 : 15944, 1, 2024/05/30, 17:04:17.418, 4698892155336, vstest.console.dll, CurrentDomainAssemblyResolve: Failed to resolve assembly 'Microsoft.Bcl.AsyncInterfaces'.
TpTrace Verbose: 0 : 15944, 1, 2024/05/30, 17:04:17.419, 4698892161373, vstest.console.dll, CurrentDomainAssemblyResolve: Failed to resolve assembly 'Microsoft.Bcl.AsyncInterfaces'.
TpTrace Warning: 0 : 15944, 1, 2024/05/30, 17:04:17.427, 4698892247373, vstest.console.dll, TestPluginDiscoverer: Failed to get types from assembly 'Microsoft.Diagnostics.NETCore.Client, Version=0.2.9.2401, Culture=neutral, PublicKeyToken=31bf3856ad364e35'. Error: System.Reflection.ReflectionTypeLoadException: Unable to load one or more of the requested types.
Could not load file or assembly 'Microsoft.Bcl.AsyncInterfaces, Version=6.0.0.0, Culture=neutral, PublicKeyToken=cc7b13ffcd2ddd51'. The system cannot find the file specified.
   at System.Reflection.RuntimeModule.GetTypes(RuntimeModule module)
   at System.Reflection.RuntimeModule.GetTypes()
   at Microsoft.VisualStudio.TestPlatform.Common.ExtensionFramework.TestPluginDiscoverer.GetTestExtensionsFromAssembly[TPluginInfo,TExtension](Assembly assembly, Dictionary`2 pluginInfos, String filePath) in /_/src/Microsoft.TestPlatform.Common/ExtensionFramework/TestPluginDiscoverer.cs:line 158
System.IO.FileNotFoundException: Could not load file or assembly 'Microsoft.Bcl.AsyncInterfaces, Version=6.0.0.0, Culture=neutral, PublicKeyToken=cc7b13ffcd2ddd51'. The system cannot find the file specified.
File name: 'Microsoft.Bcl.AsyncInterfaces, Version=6.0.0.0, Culture=neutral, PublicKeyToken=cc7b13ffcd2ddd51'
 ---> System.IO.FileNotFoundException: Could not load file or assembly 'Microsoft.Bcl.AsyncInterfaces, Culture=neutral, PublicKeyToken=null'. The system cannot find the file specified.
File name: 'Microsoft.Bcl.AsyncInterfaces, Culture=neutral, PublicKeyToken=null'
   at System.Reflection.RuntimeAssembly.InternalLoad(AssemblyName assemblyName, StackCrawlMark& stackMark, AssemblyLoadContext assemblyLoadContext, RuntimeAssembly requestingAssembly, Boolean throwOnFileNotFound)
   at System.Reflection.Assembly.Load(AssemblyName assemblyRef)
   at Microsoft.VisualStudio.TestPlatform.Common.ExtensionFramework.TestPluginCache.CurrentDomainAssemblyResolve(Object sender, AssemblyResolveEventArgs args) in /_/src/Microsoft.TestPlatform.Common/ExtensionFramework/TestPluginCache.cs:line 513
   at System.Runtime.Loader.AssemblyLoadContext.GetFirstResolvedAssemblyFromResolvingEvent(AssemblyName assemblyName)
   at System.Runtime.Loader.AssemblyLoadContext.ResolveUsingEvent(AssemblyName assemblyName)
   at System.Runtime.Loader.AssemblyLoadContext.ResolveUsingResolvingEvent(IntPtr gchManagedAssemblyLoadContext, AssemblyName assemblyName)
TpTrace Warning: 0 : 15944, 1, 2024/05/30, 17:04:17.428, 4698892250794, vstest.console.dll, LoaderExceptions: System.IO.FileNotFoundException: Could not load file or assembly 'Microsoft.Bcl.AsyncInterfaces, Version=6.0.0.0, Culture=neutral, PublicKeyToken=cc7b13ffcd2ddd51'. The system cannot find the file specified.
File name: 'Microsoft.Bcl.AsyncInterfaces, Version=6.0.0.0, Culture=neutral, PublicKeyToken=cc7b13ffcd2ddd51'
 ---> System.IO.FileNotFoundException: Could not load file or assembly 'Microsoft.Bcl.AsyncInterfaces, Culture=neutral, PublicKeyToken=null'. The system cannot find the file specified.
File name: 'Microsoft.Bcl.AsyncInterfaces, Culture=neutral, PublicKeyToken=null'
   at System.Reflection.RuntimeAssembly.InternalLoad(AssemblyName assemblyName, StackCrawlMark& stackMark, AssemblyLoadContext assemblyLoadContext, RuntimeAssembly requestingAssembly, Boolean throwOnFileNotFound)
   at System.Reflection.Assembly.Load(AssemblyName assemblyRef)
   at Microsoft.VisualStudio.TestPlatform.Common.ExtensionFramework.TestPluginCache.CurrentDomainAssemblyResolve(Object sender, AssemblyResolveEventArgs args) in /_/src/Microsoft.TestPlatform.Common/ExtensionFramework/TestPluginCache.cs:line 513
   at System.Runtime.Loader.AssemblyLoadContext.GetFirstResolvedAssemblyFromResolvingEvent(AssemblyName assemblyName)
   at System.Runtime.Loader.AssemblyLoadContext.ResolveUsingEvent(AssemblyName assemblyName)
   at System.Runtime.Loader.AssemblyLoadContext.ResolveUsingResolvingEvent(IntPtr gchManagedAssemblyLoadContext, AssemblyName assemblyName)
TpTrace Information: 0 : 15944, 1, 2024/05/30, 17:04:17.428, 4698892252478, vstest.console.dll, AssemblyResolver.OnResolve: Microsoft.TestPlatform.Extensions.BlameDataCollector: Resolving assembly.
TpTrace Information: 0 : 15944, 1, 2024/05/30, 17:04:17.428, 4698892252985, vstest.console.dll, AssemblyResolver.OnResolve: Microsoft.TestPlatform.Extensions.BlameDataCollector: Searching in: 'C:\Program Files\dotnet\sdk\8.0.202\Extensions'.
TpTrace Information: 0 : 15944, 1, 2024/05/30, 17:04:17.428, 4698892256768, vstest.console.dll, AssemblyResolver.OnResolve: Microsoft.TestPlatform.Extensions.BlameDataCollector: Loading assembly 'C:\Program Files\dotnet\sdk\8.0.202\Extensions\Microsoft.TestPlatform.Extensions.BlameDataCollector.dll'.
TpTrace Information: 0 : 15944, 1, 2024/05/30, 17:04:17.429, 4698892264367, vstest.console.dll, AssemblyResolver.OnResolve: Resolved assembly: Microsoft.TestPlatform.Extensions.BlameDataCollector, from path: C:\Program Files\dotnet\sdk\8.0.202\Extensions\Microsoft.TestPlatform.Extensions.BlameDataCollector.dll
TpTrace Verbose: 0 : 15944, 1, 2024/05/30, 17:04:17.429, 4698892265616, vstest.console.dll, MetadataReaderExtensionsHelper: Discovering extensions inside assembly 'Microsoft.TestPlatform.Extensions.BlameDataCollector, Version=15.0.0.0, Culture=neutral, PublicKeyToken=b03f5f7f11d50a3a' file path 'C:\Program Files\dotnet\sdk\8.0.202\Extensions\Microsoft.TestPlatform.Extensions.BlameDataCollector.dll'
TpTrace Information: 0 : 15944, 1, 2024/05/30, 17:04:17.431, 4698892280612, vstest.console.dll, AssemblyResolver.OnResolve: Microsoft.TestPlatform.Extensions.EventLogCollector: Resolving assembly.
TpTrace Information: 0 : 15944, 1, 2024/05/30, 17:04:17.431, 4698892281261, vstest.console.dll, AssemblyResolver.OnResolve: Microsoft.TestPlatform.Extensions.EventLogCollector: Searching in: 'C:\Program Files\dotnet\sdk\8.0.202\Extensions'.
TpTrace Information: 0 : 15944, 1, 2024/05/30, 17:04:17.431, 4698892284008, vstest.console.dll, AssemblyResolver.OnResolve: Microsoft.TestPlatform.Extensions.EventLogCollector: Loading assembly 'C:\Program Files\dotnet\sdk\8.0.202\Extensions\Microsoft.TestPlatform.Extensions.EventLogCollector.dll'.
TpTrace Information: 0 : 15944, 1, 2024/05/30, 17:04:17.432, 4698892290058, vstest.console.dll, AssemblyResolver.OnResolve: Resolved assembly: Microsoft.TestPlatform.Extensions.EventLogCollector, from path: C:\Program Files\dotnet\sdk\8.0.202\Extensions\Microsoft.TestPlatform.Extensions.EventLogCollector.dll
TpTrace Verbose: 0 : 15944, 1, 2024/05/30, 17:04:17.432, 4698892291200, vstest.console.dll, MetadataReaderExtensionsHelper: Discovering extensions inside assembly 'Microsoft.TestPlatform.Extensions.EventLogCollector, Version=15.0.0.0, Culture=neutral, PublicKeyToken=b03f5f7f11d50a3a' file path 'C:\Program Files\dotnet\sdk\8.0.202\Extensions\Microsoft.TestPlatform.Extensions.EventLogCollector.dll'
TpTrace Information: 0 : 15944, 1, 2024/05/30, 17:04:17.434, 4698892313769, vstest.console.dll, AssemblyResolver.OnResolve: Microsoft.TestPlatform.TestHostRuntimeProvider: Resolving assembly.
TpTrace Information: 0 : 15944, 1, 2024/05/30, 17:04:17.434, 4698892314746, vstest.console.dll, AssemblyResolver.OnResolve: Microsoft.TestPlatform.TestHostRuntimeProvider: Searching in: 'C:\Program Files\dotnet\sdk\8.0.202\Extensions'.
TpTrace Information: 0 : 15944, 1, 2024/05/30, 17:04:17.435, 4698892318596, vstest.console.dll, AssemblyResolver.OnResolve: Microsoft.TestPlatform.TestHostRuntimeProvider: Loading assembly 'C:\Program Files\dotnet\sdk\8.0.202\Extensions\Microsoft.TestPlatform.TestHostRuntimeProvider.dll'.
TpTrace Information: 0 : 15944, 1, 2024/05/30, 17:04:17.435, 4698892326135, vstest.console.dll, AssemblyResolver.OnResolve: Resolved assembly: Microsoft.TestPlatform.TestHostRuntimeProvider, from path: C:\Program Files\dotnet\sdk\8.0.202\Extensions\Microsoft.TestPlatform.TestHostRuntimeProvider.dll
TpTrace Verbose: 0 : 15944, 1, 2024/05/30, 17:04:17.435, 4698892327130, vstest.console.dll, MetadataReaderExtensionsHelper: Discovering extensions inside assembly 'Microsoft.TestPlatform.TestHostRuntimeProvider, Version=15.0.0.0, Culture=neutral, PublicKeyToken=b03f5f7f11d50a3a' file path 'C:\Program Files\dotnet\sdk\8.0.202\Extensions\Microsoft.TestPlatform.TestHostRuntimeProvider.dll'
TpTrace Information: 0 : 15944, 1, 2024/05/30, 17:04:17.437, 4698892340812, vstest.console.dll, GetTestExtensionFromType: Register extension with identifier data 'HostProvider://DefaultTestHost' and type 'Microsoft.VisualStudio.TestPlatform.CrossPlatEngine.Hosting.DefaultTestHostManager, Microsoft.TestPlatform.TestHostRuntimeProvider, Version=15.0.0.0, Culture=neutral, PublicKeyToken=b03f5f7f11d50a3a' inside file 'C:\Program Files\dotnet\sdk\8.0.202\Extensions\Microsoft.TestPlatform.TestHostRuntimeProvider.dll'
TpTrace Information: 0 : 15944, 1, 2024/05/30, 17:04:17.437, 4698892343280, vstest.console.dll, GetTestExtensionFromType: Register extension with identifier data 'HostProvider://DotnetTestHost' and type 'Microsoft.VisualStudio.TestPlatform.CrossPlatEngine.Hosting.DotnetTestHostManager, Microsoft.TestPlatform.TestHostRuntimeProvider, Version=15.0.0.0, Culture=neutral, PublicKeyToken=b03f5f7f11d50a3a' inside file 'C:\Program Files\dotnet\sdk\8.0.202\Extensions\Microsoft.TestPlatform.TestHostRuntimeProvider.dll'
TpTrace Information: 0 : 15944, 1, 2024/05/30, 17:04:17.437, 4698892344042, vstest.console.dll, AssemblyResolver.OnResolve: Microsoft.VisualStudio.TestPlatform.Extensions.Html.TestLogger: Resolving assembly.
TpTrace Information: 0 : 15944, 1, 2024/05/30, 17:04:17.437, 4698892344338, vstest.console.dll, AssemblyResolver.OnResolve: Microsoft.VisualStudio.TestPlatform.Extensions.Html.TestLogger: Searching in: 'C:\Program Files\dotnet\sdk\8.0.202\Extensions'.
TpTrace Information: 0 : 15944, 1, 2024/05/30, 17:04:17.437, 4698892347475, vstest.console.dll, AssemblyResolver.OnResolve: Microsoft.VisualStudio.TestPlatform.Extensions.Html.TestLogger: Loading assembly 'C:\Program Files\dotnet\sdk\8.0.202\Extensions\Microsoft.VisualStudio.TestPlatform.Extensions.Html.TestLogger.dll'.
TpTrace Information: 0 : 15944, 1, 2024/05/30, 17:04:17.438, 4698892352857, vstest.console.dll, AssemblyResolver.OnResolve: Resolved assembly: Microsoft.VisualStudio.TestPlatform.Extensions.Html.TestLogger, from path: C:\Program Files\dotnet\sdk\8.0.202\Extensions\Microsoft.VisualStudio.TestPlatform.Extensions.Html.TestLogger.dll
TpTrace Verbose: 0 : 15944, 1, 2024/05/30, 17:04:17.438, 4698892353562, vstest.console.dll, MetadataReaderExtensionsHelper: Discovering extensions inside assembly 'Microsoft.VisualStudio.TestPlatform.Extensions.Html.TestLogger, Version=15.0.0.0, Culture=neutral, PublicKeyToken=b03f5f7f11d50a3a' file path 'C:\Program Files\dotnet\sdk\8.0.202\Extensions\Microsoft.VisualStudio.TestPlatform.Extensions.Html.TestLogger.dll'
TpTrace Information: 0 : 15944, 1, 2024/05/30, 17:04:17.439, 4698892359980, vstest.console.dll, AssemblyResolver.OnResolve: Microsoft.VisualStudio.TestPlatform.Extensions.Trx.TestLogger: Resolving assembly.
TpTrace Information: 0 : 15944, 1, 2024/05/30, 17:04:17.439, 4698892360514, vstest.console.dll, AssemblyResolver.OnResolve: Microsoft.VisualStudio.TestPlatform.Extensions.Trx.TestLogger: Searching in: 'C:\Program Files\dotnet\sdk\8.0.202\Extensions'.
TpTrace Information: 0 : 15944, 1, 2024/05/30, 17:04:17.439, 4698892362770, vstest.console.dll, AssemblyResolver.OnResolve: Microsoft.VisualStudio.TestPlatform.Extensions.Trx.TestLogger: Loading assembly 'C:\Program Files\dotnet\sdk\8.0.202\Extensions\Microsoft.VisualStudio.TestPlatform.Extensions.Trx.TestLogger.dll'.
TpTrace Information: 0 : 15944, 1, 2024/05/30, 17:04:17.439, 4698892367785, vstest.console.dll, AssemblyResolver.OnResolve: Resolved assembly: Microsoft.VisualStudio.TestPlatform.Extensions.Trx.TestLogger, from path: C:\Program Files\dotnet\sdk\8.0.202\Extensions\Microsoft.VisualStudio.TestPlatform.Extensions.Trx.TestLogger.dll
TpTrace Verbose: 0 : 15944, 1, 2024/05/30, 17:04:17.439, 4698892368370, vstest.console.dll, MetadataReaderExtensionsHelper: Discovering extensions inside assembly 'Microsoft.VisualStudio.TestPlatform.Extensions.Trx.TestLogger, Version=15.0.0.0, Culture=neutral, PublicKeyToken=b03f5f7f11d50a3a' file path 'C:\Program Files\dotnet\sdk\8.0.202\Extensions\Microsoft.VisualStudio.TestPlatform.Extensions.Trx.TestLogger.dll'
TpTrace Verbose: 0 : 15944, 1, 2024/05/30, 17:04:17.440, 4698892375542, vstest.console.dll, TestPluginCache: Discovered the extensions using extension path ''.
TpTrace Verbose: 0 : 15944, 1, 2024/05/30, 17:04:17.440, 4698892376224, vstest.console.dll, TestPluginCache: Discoverers are ''.
TpTrace Verbose: 0 : 15944, 1, 2024/05/30, 17:04:17.440, 4698892376488, vstest.console.dll, TestPluginCache: Executors are ''.
TpTrace Verbose: 0 : 15944, 1, 2024/05/30, 17:04:17.440, 4698892376706, vstest.console.dll, TestPluginCache: Executors2 are ''.
TpTrace Verbose: 0 : 15944, 1, 2024/05/30, 17:04:17.440, 4698892376925, vstest.console.dll, TestPluginCache: Setting providers are ''.
TpTrace Verbose: 0 : 15944, 1, 2024/05/30, 17:04:17.440, 4698892377141, vstest.console.dll, TestPluginCache: Loggers are ''.
TpTrace Verbose: 0 : 15944, 1, 2024/05/30, 17:04:17.441, 4698892378541, vstest.console.dll, TestPluginCache: TestHosts are 'HostProvider://DefaultTestHost,HostProvider://DotnetTestHost'.
TpTrace Verbose: 0 : 15944, 1, 2024/05/30, 17:04:17.441, 4698892378850, vstest.console.dll, TestPluginCache: DataCollectors are ''.
TpTrace Information: 0 : 15944, 1, 2024/05/30, 17:04:17.453, 4698892501586, vstest.console.dll, RunTestsArgumentProcessor:Execute: Test run is starting.
TpTrace Verbose: 0 : 15944, 1, 2024/05/30, 17:04:17.453, 4698892502772, vstest.console.dll, RunTestsArgumentProcessor:Execute: Queuing Test run.
TpTrace Information: 0 : 15944, 1, 2024/05/30, 17:04:17.453, 4698892505608, vstest.console.dll, TestRequestManager.RunTests: run tests started.
TpTrace Information: 0 : 15944, 1, 2024/05/30, 17:04:17.454, 4698892517706, vstest.console.dll, AssemblyMetadataProvider.GetFrameworkName: Determined framework:'.NETCoreApp,Version=v6.0' for source: 'C:\MiniProject\HotelBookingSystemSolution\HotelBookingSystemAPIBLTests\bin\Debug\net6.0\fine-code-coverage\build-output\HotelBookingSystemAPIBLTests.dll'
TpTrace Information: 0 : 15944, 1, 2024/05/30, 17:04:17.455, 4698892519377, vstest.console.dll, Determined framework for all sources: .NETCoreApp,Version=v6.0
TpTrace Verbose: 0 : 15944, 1, 2024/05/30, 17:04:17.455, 4698892522081, vstest.console.dll, TestRequestManager.UpdateRunSettingsIfRequired: Default architecture: X64 IsDefaultTargetArchitecture: True, Current process architecture: X64 OperatingSystem: Windows.
TpTrace Information: 0 : 15944, 1, 2024/05/30, 17:04:17.456, 4698892535772, vstest.console.dll, AssemblyMetadataProvider.GetArchitecture: Determined architecture:AnyCPU info for assembly: C:\MiniProject\HotelBookingSystemSolution\HotelBookingSystemAPIBLTests\bin\Debug\net6.0\fine-code-coverage\build-output\HotelBookingSystemAPIBLTests.dll
TpTrace Information: 0 : 15944, 1, 2024/05/30, 17:04:17.456, 4698892536302, vstest.console.dll, Determined platform for source 'C:\MiniProject\HotelBookingSystemSolution\HotelBookingSystemAPIBLTests\bin\Debug\net6.0\fine-code-coverage\build-output\HotelBookingSystemAPIBLTests.dll' was AnyCPU and it will use the default plaform X64.
TpTrace Information: 0 : 15944, 1, 2024/05/30, 17:04:17.456, 4698892536552, vstest.console.dll, None of the sources provided any runnable platform, using the default platform: X64
TpTrace Information: 0 : 15944, 1, 2024/05/30, 17:04:17.456, 4698892537307, vstest.console.dll, Platform was updated to 'X64'.
TpTrace Information: 0 : 15944, 1, 2024/05/30, 17:04:17.459, 4698892564893, vstest.console.dll, InferRunSettingsHelper.IsTestSettingsEnabled: Unable to navigate to RunSettings/MSTest. Current node: RunSettings
TpTrace Information: 0 : 15944, 1, 2024/05/30, 17:04:17.460, 4698892571603, vstest.console.dll, AssemblyResolver.OnResolve: Microsoft.VisualStudio.TestPlatform.Fakes: Resolving assembly.
TpTrace Information: 0 : 15944, 1, 2024/05/30, 17:04:17.460, 4698892572326, vstest.console.dll, AssemblyResolver.OnResolve: Microsoft.VisualStudio.TestPlatform.Fakes: Searching in: 'C:\Program Files\dotnet\sdk\8.0.202\Extensions'.
TpTrace Information: 0 : 15944, 1, 2024/05/30, 17:04:17.460, 4698892573444, vstest.console.dll, AssemblyResolver.OnResolve: Microsoft.VisualStudio.TestPlatform.Fakes: Assembly path does not exist: 'C:\Program Files\dotnet\sdk\8.0.202\Extensions\Microsoft.VisualStudio.TestPlatform.Fakes.dll', returning.
TpTrace Information: 0 : 15944, 1, 2024/05/30, 17:04:17.460, 4698892573947, vstest.console.dll, AssemblyResolver.OnResolve: Microsoft.VisualStudio.TestPlatform.Fakes: Assembly path does not exist: 'C:\Program Files\dotnet\sdk\8.0.202\Extensions\Microsoft.VisualStudio.TestPlatform.Fakes.exe', returning.
TpTrace Information: 0 : 15944, 1, 2024/05/30, 17:04:17.460, 4698892574262, vstest.console.dll, AssemblyResolver.OnResolve: Microsoft.VisualStudio.TestPlatform.Fakes: Searching in: 'C:\Program Files\dotnet\sdk\8.0.202'.
TpTrace Information: 0 : 15944, 1, 2024/05/30, 17:04:17.460, 4698892574760, vstest.console.dll, AssemblyResolver.OnResolve: Microsoft.VisualStudio.TestPlatform.Fakes: Assembly path does not exist: 'C:\Program Files\dotnet\sdk\8.0.202\Microsoft.VisualStudio.TestPlatform.Fakes.dll', returning.
TpTrace Information: 0 : 15944, 1, 2024/05/30, 17:04:17.460, 4698892575195, vstest.console.dll, AssemblyResolver.OnResolve: Microsoft.VisualStudio.TestPlatform.Fakes: Assembly path does not exist: 'C:\Program Files\dotnet\sdk\8.0.202\Microsoft.VisualStudio.TestPlatform.Fakes.exe', returning.
TpTrace Information: 0 : 15944, 1, 2024/05/30, 17:04:17.460, 4698892575435, vstest.console.dll, AssemblyResolver.OnResolve: Microsoft.VisualStudio.TestPlatform.Fakes: Failed to load assembly.
TpTrace Information: 0 : 15944, 1, 2024/05/30, 17:04:17.460, 4698892578492, vstest.console.dll, Failed to load assembly Microsoft.VisualStudio.TestPlatform.Fakes, Version=17.0.0.0, Culture=neutral. Reason:System.IO.FileNotFoundException: Could not load file or assembly 'Microsoft.VisualStudio.TestPlatform.Fakes, Version=17.0.0.0, Culture=neutral, PublicKeyToken=null'. The system cannot find the file specified.
File name: 'Microsoft.VisualStudio.TestPlatform.Fakes, Version=17.0.0.0, Culture=neutral, PublicKeyToken=null'
   at System.Reflection.RuntimeAssembly.InternalLoad(AssemblyName assemblyName, StackCrawlMark& stackMark, AssemblyLoadContext assemblyLoadContext, RuntimeAssembly requestingAssembly, Boolean throwOnFileNotFound)
   at System.Reflection.Assembly.Load(AssemblyName assemblyRef)
   at Microsoft.VisualStudio.TestPlatform.Common.Utilities.FakesUtilities.LoadTestPlatformAssembly() in /_/src/Microsoft.TestPlatform.Common/Utilities/FakesUtilities.cs:line 272
TpTrace Verbose: 0 : 15944, 1, 2024/05/30, 17:04:17.463, 4698892605425, vstest.console.dll, TestPluginCache.DiscoverTestExtensions: finding test extensions in assemblies ends with: TestLogger.dll TPluginInfo: Microsoft.VisualStudio.TestPlatform.Common.ExtensionFramework.Utilities.TestLoggerPluginInformation TExtension: Microsoft.VisualStudio.TestPlatform.ObjectModel.Client.ITestLogger
TpTrace Verbose: 0 : 15944, 1, 2024/05/30, 17:04:17.463, 4698892606348, vstest.console.dll, TestPluginCache.GetExtensionPaths: Filtered extension paths: 
TpTrace Verbose: 0 : 15944, 1, 2024/05/30, 17:04:17.463, 4698892606671, vstest.console.dll, TestPluginCache.GetExtensionPaths: Added default extension paths: C:\Program Files\dotnet\sdk\8.0.202\Extensions\Microsoft.Diagnostics.NETCore.Client.dll
C:\Program Files\dotnet\sdk\8.0.202\Extensions\Microsoft.TestPlatform.Extensions.BlameDataCollector.dll
C:\Program Files\dotnet\sdk\8.0.202\Extensions\Microsoft.TestPlatform.Extensions.EventLogCollector.dll
C:\Program Files\dotnet\sdk\8.0.202\Extensions\Microsoft.TestPlatform.TestHostRuntimeProvider.dll
C:\Program Files\dotnet\sdk\8.0.202\Extensions\Microsoft.VisualStudio.TestPlatform.Extensions.Html.TestLogger.dll
C:\Program Files\dotnet\sdk\8.0.202\Extensions\Microsoft.VisualStudio.TestPlatform.Extensions.Trx.TestLogger.dll
TpTrace Verbose: 0 : 15944, 1, 2024/05/30, 17:04:17.463, 4698892606940, vstest.console.dll, TestPluginCache.GetExtensionPaths: Added unfilterableExtensionPaths: 
TpTrace Information: 0 : 15944, 1, 2024/05/30, 17:04:17.463, 4698892608147, vstest.console.dll, AssemblyResolver.AddSearchDirectories: Adding more searchDirectories C:\Program Files\dotnet\sdk\8.0.202\Extensions,C:\Program Files\dotnet\sdk\8.0.202
TpTrace Verbose: 0 : 15944, 1, 2024/05/30, 17:04:17.464, 4698892608549, vstest.console.dll, TestPluginCache.DiscoverTestExtensions: Discovering the extensions using extension path.
TpTrace Verbose: 0 : 15944, 1, 2024/05/30, 17:04:17.464, 4698892609396, vstest.console.dll, TestPluginCache.GetExtensionPaths: Filtered extension paths: 
TpTrace Verbose: 0 : 15944, 1, 2024/05/30, 17:04:17.464, 4698892609701, vstest.console.dll, TestPluginCache.GetExtensionPaths: Added default extension paths: C:\Program Files\dotnet\sdk\8.0.202\Extensions\Microsoft.Diagnostics.NETCore.Client.dll
C:\Program Files\dotnet\sdk\8.0.202\Extensions\Microsoft.TestPlatform.Extensions.BlameDataCollector.dll
C:\Program Files\dotnet\sdk\8.0.202\Extensions\Microsoft.TestPlatform.Extensions.EventLogCollector.dll
C:\Program Files\dotnet\sdk\8.0.202\Extensions\Microsoft.TestPlatform.TestHostRuntimeProvider.dll
C:\Program Files\dotnet\sdk\8.0.202\Extensions\Microsoft.VisualStudio.TestPlatform.Extensions.Html.TestLogger.dll
C:\Program Files\dotnet\sdk\8.0.202\Extensions\Microsoft.VisualStudio.TestPlatform.Extensions.Trx.TestLogger.dll
TpTrace Verbose: 0 : 15944, 1, 2024/05/30, 17:04:17.464, 4698892609949, vstest.console.dll, TestPluginCache.GetExtensionPaths: Added unfilterableExtensionPaths: 
TpTrace Verbose: 0 : 15944, 1, 2024/05/30, 17:04:17.464, 4698892610235, vstest.console.dll, TestPluginCache.DiscoverTestExtensions: Discovering the extensions using allExtensionPaths: C:\Program Files\dotnet\sdk\8.0.202\Extensions\Microsoft.Diagnostics.NETCore.Client.dll
C:\Program Files\dotnet\sdk\8.0.202\Extensions\Microsoft.TestPlatform.Extensions.BlameDataCollector.dll
C:\Program Files\dotnet\sdk\8.0.202\Extensions\Microsoft.TestPlatform.Extensions.EventLogCollector.dll
C:\Program Files\dotnet\sdk\8.0.202\Extensions\Microsoft.TestPlatform.TestHostRuntimeProvider.dll
C:\Program Files\dotnet\sdk\8.0.202\Extensions\Microsoft.VisualStudio.TestPlatform.Extensions.Html.TestLogger.dll
C:\Program Files\dotnet\sdk\8.0.202\Extensions\Microsoft.VisualStudio.TestPlatform.Extensions.Trx.TestLogger.dll
TpTrace Information: 0 : 15944, 1, 2024/05/30, 17:04:17.464, 4698892610616, vstest.console.dll, AssemblyResolver.AddSearchDirectories: Adding more searchDirectories C:\Program Files\dotnet\sdk\8.0.202\Extensions,C:\Program Files\dotnet\sdk\8.0.202
TpTrace Information: 0 : 15944, 1, 2024/05/30, 17:04:17.464, 4698892610935, vstest.console.dll, AssemblyResolver.AddSearchDirectories: Adding more searchDirectories C:\Program Files\dotnet\sdk\8.0.202\Extensions,C:\Program Files\dotnet\sdk\8.0.202
TpTrace Information: 0 : 15944, 1, 2024/05/30, 17:04:17.464, 4698892611182, vstest.console.dll, AssemblyResolver.AddSearchDirectories: Adding more searchDirectories C:\Program Files\dotnet\sdk\8.0.202\Extensions,C:\Program Files\dotnet\sdk\8.0.202
TpTrace Information: 0 : 15944, 1, 2024/05/30, 17:04:17.464, 4698892611420, vstest.console.dll, AssemblyResolver.AddSearchDirectories: Adding more searchDirectories C:\Program Files\dotnet\sdk\8.0.202\Extensions,C:\Program Files\dotnet\sdk\8.0.202
TpTrace Information: 0 : 15944, 1, 2024/05/30, 17:04:17.464, 4698892611655, vstest.console.dll, AssemblyResolver.AddSearchDirectories: Adding more searchDirectories C:\Program Files\dotnet\sdk\8.0.202\Extensions,C:\Program Files\dotnet\sdk\8.0.202
TpTrace Information: 0 : 15944, 1, 2024/05/30, 17:04:17.464, 4698892611931, vstest.console.dll, AssemblyResolver.AddSearchDirectories: Adding more searchDirectories C:\Program Files\dotnet\sdk\8.0.202\Extensions,C:\Program Files\dotnet\sdk\8.0.202
TpTrace Verbose: 0 : 15944, 1, 2024/05/30, 17:04:17.464, 4698892612823, vstest.console.dll, MetadataReaderExtensionsHelper: Discovering extensions inside assembly 'Microsoft.Diagnostics.NETCore.Client, Version=0.2.9.2401, Culture=neutral, PublicKeyToken=31bf3856ad364e35' file path 'C:\Program Files\dotnet\sdk\8.0.202\Extensions\Microsoft.Diagnostics.NETCore.Client.dll'
TpTrace Information: 0 : 15944, 1, 2024/05/30, 17:04:17.465, 4698892621952, vstest.console.dll, AssemblyResolver.OnResolve: Microsoft.Bcl.AsyncInterfaces: Resolving assembly.
TpTrace Information: 0 : 15944, 1, 2024/05/30, 17:04:17.465, 4698892622630, vstest.console.dll, AssemblyResolver.OnResolve: Microsoft.Bcl.AsyncInterfaces: Resolved from cache.
TpTrace Verbose: 0 : 15944, 1, 2024/05/30, 17:04:17.465, 4698892623054, vstest.console.dll, CurrentDomainAssemblyResolve: Resolving assembly 'Microsoft.Bcl.AsyncInterfaces'.
TpTrace Information: 0 : 15944, 1, 2024/05/30, 17:04:17.465, 4698892623502, vstest.console.dll, AssemblyResolver.OnResolve: Microsoft.Bcl.AsyncInterfaces: Resolving assembly.
TpTrace Information: 0 : 15944, 1, 2024/05/30, 17:04:17.465, 4698892623743, vstest.console.dll, AssemblyResolver.OnResolve: Microsoft.Bcl.AsyncInterfaces: Resolved from cache.
TpTrace Verbose: 0 : 15944, 1, 2024/05/30, 17:04:17.465, 4698892624031, vstest.console.dll, CurrentDomainAssemblyResolve: Resolving assembly 'Microsoft.Bcl.AsyncInterfaces'.
TpTrace Verbose: 0 : 15944, 1, 2024/05/30, 17:04:17.465, 4698892624389, vstest.console.dll, CurrentDomainAssemblyResolve: Failed to resolve assembly 'Microsoft.Bcl.AsyncInterfaces'.
TpTrace Verbose: 0 : 15944, 1, 2024/05/30, 17:04:17.465, 4698892625741, vstest.console.dll, CurrentDomainAssemblyResolve: Failed to resolve assembly 'Microsoft.Bcl.AsyncInterfaces'.
TpTrace Warning: 0 : 15944, 1, 2024/05/30, 17:04:17.466, 4698892629737, vstest.console.dll, TestPluginDiscoverer: Failed to get types from assembly 'Microsoft.Diagnostics.NETCore.Client, Version=0.2.9.2401, Culture=neutral, PublicKeyToken=31bf3856ad364e35'. Error: System.Reflection.ReflectionTypeLoadException: Unable to load one or more of the requested types.
Could not load file or assembly 'Microsoft.Bcl.AsyncInterfaces, Version=6.0.0.0, Culture=neutral, PublicKeyToken=cc7b13ffcd2ddd51'. The system cannot find the file specified.
   at System.Reflection.RuntimeModule.GetTypes(RuntimeModule module)
   at System.Reflection.RuntimeModule.GetTypes()
   at Microsoft.VisualStudio.TestPlatform.Common.ExtensionFramework.TestPluginDiscoverer.GetTestExtensionsFromAssembly[TPluginInfo,TExtension](Assembly assembly, Dictionary`2 pluginInfos, String filePath) in /_/src/Microsoft.TestPlatform.Common/ExtensionFramework/TestPluginDiscoverer.cs:line 158
System.IO.FileNotFoundException: Could not load file or assembly 'Microsoft.Bcl.AsyncInterfaces, Version=6.0.0.0, Culture=neutral, PublicKeyToken=cc7b13ffcd2ddd51'. The system cannot find the file specified.
File name: 'Microsoft.Bcl.AsyncInterfaces, Version=6.0.0.0, Culture=neutral, PublicKeyToken=cc7b13ffcd2ddd51'
 ---> System.IO.FileNotFoundException: Could not load file or assembly 'Microsoft.Bcl.AsyncInterfaces, Culture=neutral, PublicKeyToken=null'. The system cannot find the file specified.
File name: 'Microsoft.Bcl.AsyncInterfaces, Culture=neutral, PublicKeyToken=null'
   at System.Reflection.RuntimeAssembly.InternalLoad(AssemblyName assemblyName, StackCrawlMark& stackMark, AssemblyLoadContext assemblyLoadContext, RuntimeAssembly requestingAssembly, Boolean throwOnFileNotFound)
   at System.Reflection.Assembly.Load(AssemblyName assemblyRef)
   at Microsoft.VisualStudio.TestPlatform.Common.ExtensionFramework.TestPluginCache.CurrentDomainAssemblyResolve(Object sender, AssemblyResolveEventArgs args) in /_/src/Microsoft.TestPlatform.Common/ExtensionFramework/TestPluginCache.cs:line 513
   at System.Runtime.Loader.AssemblyLoadContext.GetFirstResolvedAssemblyFromResolvingEvent(AssemblyName assemblyName)
   at System.Runtime.Loader.AssemblyLoadContext.ResolveUsingEvent(AssemblyName assemblyName)
   at System.Runtime.Loader.AssemblyLoadContext.ResolveUsingResolvingEvent(IntPtr gchManagedAssemblyLoadContext, AssemblyName assemblyName)
TpTrace Warning: 0 : 15944, 1, 2024/05/30, 17:04:17.466, 4698892632056, vstest.console.dll, LoaderExceptions: System.IO.FileNotFoundException: Could not load file or assembly 'Microsoft.Bcl.AsyncInterfaces, Version=6.0.0.0, Culture=neutral, PublicKeyToken=cc7b13ffcd2ddd51'. The system cannot find the file specified.
File name: 'Microsoft.Bcl.AsyncInterfaces, Version=6.0.0.0, Culture=neutral, PublicKeyToken=cc7b13ffcd2ddd51'
 ---> System.IO.FileNotFoundException: Could not load file or assembly 'Microsoft.Bcl.AsyncInterfaces, Culture=neutral, PublicKeyToken=null'. The system cannot find the file specified.
File name: 'Microsoft.Bcl.AsyncInterfaces, Culture=neutral, PublicKeyToken=null'
   at System.Reflection.RuntimeAssembly.InternalLoad(AssemblyName assemblyName, StackCrawlMark& stackMark, AssemblyLoadContext assemblyLoadContext, RuntimeAssembly requestingAssembly, Boolean throwOnFileNotFound)
   at System.Reflection.Assembly.Load(AssemblyName assemblyRef)
   at Microsoft.VisualStudio.TestPlatform.Common.ExtensionFramework.TestPluginCache.CurrentDomainAssemblyResolve(Object sender, AssemblyResolveEventArgs args) in /_/src/Microsoft.TestPlatform.Common/ExtensionFramework/TestPluginCache.cs:line 513
   at System.Runtime.Loader.AssemblyLoadContext.GetFirstResolvedAssemblyFromResolvingEvent(AssemblyName assemblyName)
   at System.Runtime.Loader.AssemblyLoadContext.ResolveUsingEvent(AssemblyName assemblyName)
   at System.Runtime.Loader.AssemblyLoadContext.ResolveUsingResolvingEvent(IntPtr gchManagedAssemblyLoadContext, AssemblyName assemblyName)
TpTrace Verbose: 0 : 15944, 1, 2024/05/30, 17:04:17.466, 4698892632886, vstest.console.dll, MetadataReaderExtensionsHelper: Discovering extensions inside assembly 'Microsoft.TestPlatform.Extensions.BlameDataCollector, Version=15.0.0.0, Culture=neutral, PublicKeyToken=b03f5f7f11d50a3a' file path 'C:\Program Files\dotnet\sdk\8.0.202\Extensions\Microsoft.TestPlatform.Extensions.BlameDataCollector.dll'
TpTrace Information: 0 : 15944, 1, 2024/05/30, 17:04:17.466, 4698892637230, vstest.console.dll, GetTestExtensionFromType: Register extension with identifier data 'logger://Microsoft/TestPlatform/Extensions/Blame/v1' and type 'Microsoft.TestPlatform.Extensions.BlameDataCollector.BlameLogger, Microsoft.TestPlatform.Extensions.BlameDataCollector, Version=15.0.0.0, Culture=neutral, PublicKeyToken=b03f5f7f11d50a3a' inside file 'C:\Program Files\dotnet\sdk\8.0.202\Extensions\Microsoft.TestPlatform.Extensions.BlameDataCollector.dll'
TpTrace Verbose: 0 : 15944, 1, 2024/05/30, 17:04:17.466, 4698892637867, vstest.console.dll, MetadataReaderExtensionsHelper: Discovering extensions inside assembly 'Microsoft.TestPlatform.Extensions.EventLogCollector, Version=15.0.0.0, Culture=neutral, PublicKeyToken=b03f5f7f11d50a3a' file path 'C:\Program Files\dotnet\sdk\8.0.202\Extensions\Microsoft.TestPlatform.Extensions.EventLogCollector.dll'
TpTrace Verbose: 0 : 15944, 1, 2024/05/30, 17:04:17.467, 4698892640739, vstest.console.dll, MetadataReaderExtensionsHelper: Discovering extensions inside assembly 'Microsoft.TestPlatform.TestHostRuntimeProvider, Version=15.0.0.0, Culture=neutral, PublicKeyToken=b03f5f7f11d50a3a' file path 'C:\Program Files\dotnet\sdk\8.0.202\Extensions\Microsoft.TestPlatform.TestHostRuntimeProvider.dll'
TpTrace Verbose: 0 : 15944, 1, 2024/05/30, 17:04:17.467, 4698892643026, vstest.console.dll, MetadataReaderExtensionsHelper: Discovering extensions inside assembly 'Microsoft.VisualStudio.TestPlatform.Extensions.Html.TestLogger, Version=15.0.0.0, Culture=neutral, PublicKeyToken=b03f5f7f11d50a3a' file path 'C:\Program Files\dotnet\sdk\8.0.202\Extensions\Microsoft.VisualStudio.TestPlatform.Extensions.Html.TestLogger.dll'
TpTrace Information: 0 : 15944, 1, 2024/05/30, 17:04:17.467, 4698892648169, vstest.console.dll, GetTestExtensionFromType: Register extension with identifier data 'logger://Microsoft/TestPlatform/HtmlLogger/v1' and type 'Microsoft.VisualStudio.TestPlatform.Extensions.HtmlLogger.HtmlLogger, Microsoft.VisualStudio.TestPlatform.Extensions.Html.TestLogger, Version=15.0.0.0, Culture=neutral, PublicKeyToken=b03f5f7f11d50a3a' inside file 'C:\Program Files\dotnet\sdk\8.0.202\Extensions\Microsoft.VisualStudio.TestPlatform.Extensions.Html.TestLogger.dll'
TpTrace Verbose: 0 : 15944, 1, 2024/05/30, 17:04:17.468, 4698892648803, vstest.console.dll, MetadataReaderExtensionsHelper: Discovering extensions inside assembly 'Microsoft.VisualStudio.TestPlatform.Extensions.Trx.TestLogger, Version=15.0.0.0, Culture=neutral, PublicKeyToken=b03f5f7f11d50a3a' file path 'C:\Program Files\dotnet\sdk\8.0.202\Extensions\Microsoft.VisualStudio.TestPlatform.Extensions.Trx.TestLogger.dll'
TpTrace Information: 0 : 15944, 1, 2024/05/30, 17:04:17.468, 4698892651672, vstest.console.dll, GetTestExtensionFromType: Register extension with identifier data 'logger://Microsoft/TestPlatform/TrxLogger/v1' and type 'Microsoft.VisualStudio.TestPlatform.Extensions.TrxLogger.TrxLogger, Microsoft.VisualStudio.TestPlatform.Extensions.Trx.TestLogger, Version=15.0.0.0, Culture=neutral, PublicKeyToken=b03f5f7f11d50a3a' inside file 'C:\Program Files\dotnet\sdk\8.0.202\Extensions\Microsoft.VisualStudio.TestPlatform.Extensions.Trx.TestLogger.dll'
TpTrace Verbose: 0 : 15944, 1, 2024/05/30, 17:04:17.468, 4698892652302, vstest.console.dll, TestPluginCache: Discovered the extensions using extension path ''.
TpTrace Verbose: 0 : 15944, 1, 2024/05/30, 17:04:17.468, 4698892652604, vstest.console.dll, TestPluginCache: Discoverers are ''.
TpTrace Verbose: 0 : 15944, 1, 2024/05/30, 17:04:17.468, 4698892652894, vstest.console.dll, TestPluginCache: Executors are ''.
TpTrace Verbose: 0 : 15944, 1, 2024/05/30, 17:04:17.468, 4698892653186, vstest.console.dll, TestPluginCache: Executors2 are ''.
TpTrace Verbose: 0 : 15944, 1, 2024/05/30, 17:04:17.468, 4698892653473, vstest.console.dll, TestPluginCache: Setting providers are ''.
TpTrace Verbose: 0 : 15944, 1, 2024/05/30, 17:04:17.468, 4698892654492, vstest.console.dll, TestPluginCache: Loggers are 'logger://Microsoft/TestPlatform/Extensions/Blame/v1,logger://Microsoft/TestPlatform/HtmlLogger/v1,logger://Microsoft/TestPlatform/TrxLogger/v1'.
TpTrace Verbose: 0 : 15944, 1, 2024/05/30, 17:04:17.468, 4698892655086, vstest.console.dll, TestPluginCache: TestHosts are 'HostProvider://DefaultTestHost,HostProvider://DotnetTestHost'.
TpTrace Verbose: 0 : 15944, 1, 2024/05/30, 17:04:17.468, 4698892655503, vstest.console.dll, TestPluginCache: DataCollectors are ''.
TpTrace Information: 0 : 15944, 1, 2024/05/30, 17:04:17.469, 4698892665294, vstest.console.dll, TestPluginManager.CreateTestExtension: Attempting to load test extension: Microsoft.TestPlatform.Extensions.BlameDataCollector.BlameLogger
TpTrace Verbose: 0 : 15944, 1, 2024/05/30, 17:04:17.475, 4698892727224, vstest.console.dll, TestEngine: Initializing Parallel Execution as MaxCpuCount is set to: 1
TpTrace Information: 0 : 15944, 1, 2024/05/30, 17:04:17.477, 4698892740870, vstest.console.dll, TestPluginManager.CreateTestExtension: Attempting to load test extension: Microsoft.VisualStudio.TestPlatform.CrossPlatEngine.Hosting.DefaultTestHostManager
TpTrace Information: 0 : 15944, 1, 2024/05/30, 17:04:17.479, 4698892759721, vstest.console.dll, TestPluginManager.CreateTestExtension: Attempting to load test extension: Microsoft.VisualStudio.TestPlatform.CrossPlatEngine.Hosting.DotnetTestHostManager
TpTrace Information: 0 : 15944, 1, 2024/05/30, 17:04:17.479, 4698892765780, vstest.console.dll, InferRunSettingsHelper.IsTestSettingsEnabled: Unable to navigate to RunSettings/MSTest. Current node: RunSettings
TpTrace Verbose: 0 : 15944, 1, 2024/05/30, 17:04:17.481, 4698892782145, vstest.console.dll, ParallelOperationManager.ClearSlots: Clearing all slots. Slots should accept more work: True
TpTrace Verbose: 0 : 15944, 1, 2024/05/30, 17:04:17.481, 4698892787679, vstest.console.dll, ParallelOperationManager.SetOccupiedSlotCount: Setting slot counts AvailableSlotCount = 1, OccupiedSlotCount = 0.
TpTrace Verbose: 0 : 15944, 1, 2024/05/30, 17:04:17.482, 4698892790710, vstest.console.dll, Occupied slots:

TpTrace Verbose: 0 : 15944, 1, 2024/05/30, 17:04:17.484, 4698892817984, vstest.console.dll, TestEngine.GetExecutionManager: Chosen execution manager 'Microsoft.VisualStudio.TestPlatform.CrossPlatEngine.Client.Parallel.ParallelProxyExecutionManager, Microsoft.TestPlatform.CrossPlatEngine, Version=15.0.0.0, Culture=neutral, PublicKeyToken=b03f5f7f11d50a3a' ParallelLevel '1'.
TpTrace Verbose: 0 : 15944, 1, 2024/05/30, 17:04:17.485, 4698892819331, vstest.console.dll, TestRunRequest.ExecuteAsync: Creating test run request.
TpTrace Verbose: 0 : 15944, 1, 2024/05/30, 17:04:17.485, 4698892821000, vstest.console.dll, TestRunRequest.ExecuteAsync: Starting.
TpTrace Information: 0 : 15944, 1, 2024/05/30, 17:04:17.486, 4698892830540, vstest.console.dll, TestRunRequest.ExecuteAsync: Starting run with settings:TestRunCriteria:
   KeepAlive=False,FrequencyOfRunStatsChangeEvent=10,RunStatsChangeEventTimeout=00:00:01.5000000,TestCaseFilter=,TestExecutorLauncher=
   Settingsxml=<RunSettings>
  <RunConfiguration>
    <ResultsDirectory>C:\MiniProject\HotelBookingSystemSolution\HotelBookingSystemAPIBLTests\bin\Debug\net6.0\fine-code-coverage\coverage-tool-output</ResultsDirectory>
    <TargetPlatform>X64</TargetPlatform>
    <TargetFrameworkVersion>.NETCoreApp,Version=v6.0</TargetFrameworkVersion>
    <DesignMode>False</DesignMode>
    <CollectSourceInformation>False</CollectSourceInformation>
  </RunConfiguration>
  <LoggerRunSettings>
    <Loggers>
      <Logger friendlyName="blame" enabled="True" />
      <Logger friendlyName="Console" uri="logger://microsoft/TestPlatform/ConsoleLogger/v1" assemblyQualifiedName="Microsoft.VisualStudio.TestPlatform.CommandLine.Internal.ConsoleLogger, vstest.console, Version=15.0.0.0, Culture=neutral, PublicKeyToken=b03f5f7f11d50a3a" codeBase="C:\Program Files\dotnet\sdk\8.0.202\vstest.console.dll" enabled="True" />
    </Loggers>
  </LoggerRunSettings>
  <DataCollectionRunSettings>
    <DataCollectors>
      <DataCollector friendlyName="blame" enabled="True">
        <Configuration>
          <ResultsDirectory>C:\MiniProject\HotelBookingSystemSolution\HotelBookingSystemAPIBLTests\bin\Debug\net6.0\fine-code-coverage\coverage-tool-output</ResultsDirectory>
        </Configuration>
      </DataCollector>
    </DataCollectors>
  </DataCollectionRunSettings>
</RunSettings>

TpTrace Verbose: 0 : 15944, 1, 2024/05/30, 17:04:17.486, 4698892831198, vstest.console.dll, TestRunRequest.ExecuteAsync: Wait for the first run request is over.
TpTrace Verbose: 0 : 15944, 1, 2024/05/30, 17:04:17.486, 4698892833849, vstest.console.dll, MulticastDelegateUtilities.SafeInvoke: TestRun.TestRunStart: Invoking callbacks was skipped because there are no subscribers.
TpTrace Verbose: 0 : 15944, 4, 2024/05/30, 17:04:17.486, 4698892836045, vstest.console.dll, MulticastDelegateUtilities.SafeInvoke: InternalTestLoggerEvents.SendTestRunStart: Invoking callback 1/1 for Microsoft.VisualStudio.TestPlatform.CommandLine.Internal.ConsoleLogger., took 0 ms.
TpTrace Verbose: 0 : 15944, 1, 2024/05/30, 17:04:17.487, 4698892841783, vstest.console.dll, ParallelProxyExecutionManager: Start execution. Total sources: 1
TpTrace Verbose: 0 : 15944, 1, 2024/05/30, 17:04:17.487, 4698892845171, vstest.console.dll, ParallelOperationManager.StartWork: Starting adding 1 workloads.
TpTrace Verbose: 0 : 15944, 1, 2024/05/30, 17:04:17.487, 4698892845910, vstest.console.dll, ParallelOperationManager.ClearSlots: Clearing all slots. Slots should accept more work: True
TpTrace Verbose: 0 : 15944, 1, 2024/05/30, 17:04:17.487, 4698892846568, vstest.console.dll, ParallelOperationManager.SetOccupiedSlotCount: Setting slot counts AvailableSlotCount = 1, OccupiedSlotCount = 0.
TpTrace Verbose: 0 : 15944, 1, 2024/05/30, 17:04:17.487, 4698892846907, vstest.console.dll, Occupied slots:

TpTrace Verbose: 0 : 15944, 1, 2024/05/30, 17:04:17.489, 4698892864577, vstest.console.dll, TestRequestSender is acting as server.
TpTrace Verbose: 0 : 15944, 1, 2024/05/30, 17:04:17.491, 4698892879438, vstest.console.dll, ParallelOperationManager.RunWorkInParallel: Adding 1 workload to slot, remaining workloads 0.
TpTrace Verbose: 0 : 15944, 1, 2024/05/30, 17:04:17.491, 4698892880110, vstest.console.dll, ParallelOperationManager.SetOccupiedSlotCount: Setting slot counts AvailableSlotCount = 0, OccupiedSlotCount = 1.
TpTrace Verbose: 0 : 15944, 1, 2024/05/30, 17:04:17.491, 4698892881064, vstest.console.dll, Occupied slots:
0: C:\MiniProject\HotelBookingSystemSolution\HotelBookingSystemAPIBLTests\bin\Debug\net6.0\fine-code-coverage\build-output\HotelBookingSystemAPIBLTests.dll
TpTrace Verbose: 0 : 15944, 1, 2024/05/30, 17:04:17.492, 4698892889802, vstest.console.dll, ParallelOperationManager.RunWorkInParallel: Started host in slot number 0 for work (source): C:\MiniProject\HotelBookingSystemSolution\HotelBookingSystemAPIBLTests\bin\Debug\net6.0\fine-code-coverage\build-output\HotelBookingSystemAPIBLTests.dll.
TpTrace Verbose: 0 : 15944, 1, 2024/05/30, 17:04:17.493, 4698892901081, vstest.console.dll, ParallelOperationManager.RunWorkInParallel: We started 1 work items, which is the max parallel level. Won't start more work.
TpTrace Verbose: 0 : 15944, 1, 2024/05/30, 17:04:17.493, 4698892901627, vstest.console.dll, ParallelOperationManager.RunWorkInParallel: We started 1 work items in here, returning True.
TpTrace Information: 0 : 15944, 1, 2024/05/30, 17:04:17.493, 4698892901938, vstest.console.dll, TestRunRequest.ExecuteAsync: Started.
TpTrace Verbose: 0 : 15944, 5, 2024/05/30, 17:04:17.493, 4698892904866, vstest.console.dll, ParallelProxyExecutionManager.StartTestRunOnConcurrentManager: Initializing uninitialized client. Started clients: 0
TpTrace Verbose: 0 : 15944, 5, 2024/05/30, 17:04:17.493, 4698892906493, vstest.console.dll, DataCollectionRequestSender.InitializeCommunication : Initialize communication. 
TpTrace Verbose: 0 : 15944, 1, 2024/05/30, 17:04:17.493, 4698892906721, vstest.console.dll, TestRunRequest.WaitForCompletion: Waiting with timeout -1.
TpTrace Information: 0 : 15944, 5, 2024/05/30, 17:04:17.501, 4698892982732, vstest.console.dll, Listening on Endpoint : 127.0.0.1:55134
TpTrace Verbose: 0 : 15944, 5, 2024/05/30, 17:04:17.506, 4698893038356, vstest.console.dll, DotnetDataCollectionLauncher: Adding  --runtimeconfig "C:\Program Files\dotnet\sdk\8.0.202\datacollector.runtimeconfig.json" in args
TpTrace Verbose: 0 : 15944, 5, 2024/05/30, 17:04:17.507, 4698893039610, vstest.console.dll, DotnetDataCollectionLauncher: Adding  --depsfile "C:\Program Files\dotnet\sdk\8.0.202\datacollector.deps.json" in args
TpTrace Verbose: 0 : 15944, 5, 2024/05/30, 17:04:17.507, 4698893045272, vstest.console.dll, DotnetDataCollectionLauncher: Full path of dotnet.exe is C:\Program Files\dotnet\dotnet.exe
TpTrace Information: 0 : 15944, 5, 2024/05/30, 17:04:17.515, 4698893123830, vstest.console.dll, ProxyDataCollectionManager.Initialize: Launched datacollector processId: 10820 port: 55134
TpTrace Information: 0 : 15944, 5, 2024/05/30, 17:04:17.515, 4698893126567, vstest.console.dll, ProxyDataCollectionManager.Initialize: waiting for connection with timeout: 90 seconds
TpTrace Verbose: 0 : 15944, 5, 2024/05/30, 17:04:17.515, 4698893127552, vstest.console.dll, DataCollectionRequestSender.WaitForRequestHandlerConnection : Waiting for connection with timeout: 90000
TpTrace Information: 0 : 15944, 7, 2024/05/30, 17:04:17.766, 4698895634841, vstest.console.dll, Using the buffer size of 16384 bytes
TpTrace Verbose: 0 : 15944, 5, 2024/05/30, 17:04:17.766, 4698895635360, vstest.console.dll, SocketCommunicationManager.WaitForClientConnection took: 250 ms, with 90000 ms timeout, and finished with True.
TpTrace Information: 0 : 15944, 7, 2024/05/30, 17:04:17.766, 4698895636699, vstest.console.dll, Accepted Client request and set the flag
TpTrace Verbose: 0 : 15944, 5, 2024/05/30, 17:04:17.766, 4698895638273, vstest.console.dll, ProxyDataCollectionManager.InvokeDataCollectionServiceAction: Starting.
TpTrace Information: 0 : 15944, 5, 2024/05/30, 17:04:17.767, 4698895639972, vstest.console.dll, ProxyDataCollectionManager.BeforeTestRunStart: Get environment variable and port for datacollector processId: 10820 port: 55134
TpTrace Verbose: 0 : 15944, 5, 2024/05/30, 17:04:17.767, 4698895641337, vstest.console.dll, DataCollectionRequestSender.SendBeforeTestRunStartAndGetResult: Send BeforeTestRunStart message with settingsXml <RunSettings><RunConfiguration><ResultsDirectory>C:\MiniProject\HotelBookingSystemSolution\HotelBookingSystemAPIBLTests\bin\Debug\net6.0\fine-code-coverage\coverage-tool-output</ResultsDirectory><TargetPlatform>X64</TargetPlatform><TargetFrameworkVersion>.NETCoreApp,Version=v6.0</TargetFrameworkVersion><DesignMode>False</DesignMode><CollectSourceInformation>False</CollectSourceInformation><TestAdaptersPaths>C:\Program Files\dotnet\sdk\8.0.202\Extensions</TestAdaptersPaths></RunConfiguration><LoggerRunSettings><Loggers><Logger friendlyName="blame" enabled="True" /><Logger friendlyName="Console" uri="logger://microsoft/TestPlatform/ConsoleLogger/v1" assemblyQualifiedName="Microsoft.VisualStudio.TestPlatform.CommandLine.Internal.ConsoleLogger, vstest.console, Version=15.0.0.0, Culture=neutral, PublicKeyToken=b03f5f7f11d50a3a" codeBase="C:\Program Files\dotnet\sdk\8.0.202\vstest.console.dll" enabled="True" /></Loggers></LoggerRunSettings><DataCollectionRunSettings><DataCollectors><DataCollector friendlyName="blame" enabled="True"><Configuration><ResultsDirectory>C:\MiniProject\HotelBookingSystemSolution\HotelBookingSystemAPIBLTests\bin\Debug\net6.0\fine-code-coverage\coverage-tool-output</ResultsDirectory></Configuration></DataCollector></DataCollectors></DataCollectionRunSettings></RunSettings> and sources System.Collections.Generic.List`1[System.String]: 
TpTrace Verbose: 0 : 15944, 5, 2024/05/30, 17:04:17.835, 4698896321608, vstest.console.dll, DataCollectionRequestSender.SendBeforeTestRunStartAndGetResult: Received message: (DataCollection.SendMessage) -> {"MessageType":"DataCollection.SendMessage","Payload":{"FriendlyName":null,"Uri":null,"TestCaseId":"00000000-0000-0000-0000-000000000000","Message":"Logging DataCollector Diagnostics in file: C:\\MiniProject\\HotelBookingSystemSolution\\HotelBookingSystemAPIBLTests\\bin\\Debug\\net6.0\\fine-code-coverage\\coverage-tool-output\\diagnostics.datacollector.24-05-30_17-04-17_50672_5.log","Level":0}}
TpTrace Verbose: 0 : 15944, 5, 2024/05/30, 17:04:17.932, 4698897291363, vstest.console.dll, DataCollectionRequestSender.SendBeforeTestRunStartAndGetResult: Received message: (DataCollection.BeforeTestRunStartResult) -> {"MessageType":"DataCollection.BeforeTestRunStartResult","Payload":{"EnvironmentVariables":{},"DataCollectionEventsPort":55136}}
TpTrace Information: 0 : 15944, 5, 2024/05/30, 17:04:17.937, 4698897347985, vstest.console.dll, ProxyDataCollectionManager.BeforeTestRunStart: SendBeforeTestRunStartAndGetResult successful, env variable from datacollector:   and testhost port: 55136
TpTrace Information: 0 : 15944, 5, 2024/05/30, 17:04:17.938, 4698897349461, vstest.console.dll, ProxyDataCollectionManager.InvokeDataCollectionServiceAction: Completed.
TpTrace Verbose: 0 : 15944, 5, 2024/05/30, 17:04:17.938, 4698897350973, vstest.console.dll, ParallelProxyExecutionManager.StartTestRunOnConcurrentManager: Initializing test run. Started clients: 0
TpTrace Verbose: 0 : 15944, 5, 2024/05/30, 17:04:17.938, 4698897352005, vstest.console.dll, ProxyExecutionManager: Test host is always Lazy initialize.
TpTrace Verbose: 0 : 15944, 5, 2024/05/30, 17:04:17.938, 4698897354532, vstest.console.dll, TestRequestSender.InitializeCommunication: initialize communication. 
TpTrace Information: 0 : 15944, 5, 2024/05/30, 17:04:17.939, 4698897359292, vstest.console.dll, SocketServer.Start: Listening on endpoint : 127.0.0.1:55137
TpTrace Verbose: 0 : 15944, 5, 2024/05/30, 17:04:17.940, 4698897374217, vstest.console.dll, DotnetTestHostmanager.GetTestHostProcessStartInfo: Platform environment 'X64' target architecture 'X64' framework '.NETCoreApp,Version=v6.0' OS 'Windows'
TpTrace Verbose: 0 : 15944, 5, 2024/05/30, 17:04:17.940, 4698897376445, vstest.console.dll, DotnetTestHostmanager: Adding  --runtimeconfig "C:\MiniProject\HotelBookingSystemSolution\HotelBookingSystemAPIBLTests\bin\Debug\net6.0\fine-code-coverage\build-output\HotelBookingSystemAPIBLTests.runtimeconfig.json" in args
TpTrace Verbose: 0 : 15944, 5, 2024/05/30, 17:04:17.940, 4698897377457, vstest.console.dll, DotnetTestHostmanager: Adding  --depsfile "C:\MiniProject\HotelBookingSystemSolution\HotelBookingSystemAPIBLTests\bin\Debug\net6.0\fine-code-coverage\build-output\HotelBookingSystemAPIBLTests.deps.json" in args
TpTrace Verbose: 0 : 15944, 5, 2024/05/30, 17:04:17.941, 4698897383324, vstest.console.dll, DotnetTestHostmanager.IsWinOnArm: Current PROCESSOR_ARCHITECTURE from environment variable 'AMD64'
TpTrace Verbose: 0 : 15944, 5, 2024/05/30, 17:04:17.941, 4698897384059, vstest.console.dll, DotnetTestHostmanager.IsWinOnArm: Is Windows on ARM 'False'
TpTrace Verbose: 0 : 15944, 5, 2024/05/30, 17:04:17.941, 4698897385051, vstest.console.dll, DotnetTestHostManager: testhost.exe found at path: C:\MiniProject\HotelBookingSystemSolution\HotelBookingSystemAPIBLTests\bin\Debug\net6.0\fine-code-coverage\build-output\testhost.exe
TpTrace Verbose: 0 : 15944, 5, 2024/05/30, 17:04:17.941, 4698897385531, vstest.console.dll, DotnetTestHostmanager: Full path of host exe is C:\MiniProject\HotelBookingSystemSolution\HotelBookingSystemAPIBLTests\bin\Debug\net6.0\fine-code-coverage\build-output\testhost.exe
TpTrace Verbose: 0 : 15944, 5, 2024/05/30, 17:04:17.941, 4698897386870, vstest.console.dll, DotnetTestHostmanager.LaunchTestHostAsync: Found 'VSTEST_WINAPPHOST_DOTNET_ROOT' in env variables, value 'C:\Program Files\dotnet', forwarding to 'DOTNET_ROOT'
TpTrace Verbose: 0 : 15944, 5, 2024/05/30, 17:04:17.941, 4698897388285, vstest.console.dll, DotnetTestHostManager: Starting process 'C:\MiniProject\HotelBookingSystemSolution\HotelBookingSystemAPIBLTests\bin\Debug\net6.0\fine-code-coverage\build-output\testhost.exe' with command line ' --runtimeconfig "C:\MiniProject\HotelBookingSystemSolution\HotelBookingSystemAPIBLTests\bin\Debug\net6.0\fine-code-coverage\build-output\HotelBookingSystemAPIBLTests.runtimeconfig.json" --depsfile "C:\MiniProject\HotelBookingSystemSolution\HotelBookingSystemAPIBLTests\bin\Debug\net6.0\fine-code-coverage\build-output\HotelBookingSystemAPIBLTests.deps.json" --port 55137 --endpoint 127.0.0.1:055137 --role client --parentprocessid 15944 --diag "C:\MiniProject\HotelBookingSystemSolution\HotelBookingSystemAPIBLTests\bin\Debug\net6.0\fine-code-coverage\coverage-tool-output\diagnostics.host.24-05-30_17-04-17_94021_5.log" --tracelevel 4 --datacollectionport 55136 --telemetryoptedin false'
TpTrace Verbose: 0 : 15944, 5, 2024/05/30, 17:04:17.948, 4698897452803, vstest.console.dll, MulticastDelegateUtilities.SafeInvoke: HostProviderEvents.OnHostLaunched: Invoking callback 1/2 for Microsoft.VisualStudio.TestPlatform.CrossPlatEngine.Client.ProxyExecutionManagerWithDataCollection., took 1 ms.
TpTrace Verbose: 0 : 15944, 5, 2024/05/30, 17:04:17.949, 4698897459296, vstest.console.dll, Test Runtime launched
TpTrace Verbose: 0 : 15944, 5, 2024/05/30, 17:04:17.949, 4698897461396, vstest.console.dll, MulticastDelegateUtilities.SafeInvoke: HostProviderEvents.OnHostLaunched: Invoking callback 2/2 for Microsoft.VisualStudio.TestPlatform.CrossPlatEngine.Client.ProxyOperationManager., took 0 ms.
TpTrace Verbose: 0 : 15944, 5, 2024/05/30, 17:04:17.949, 4698897465291, vstest.console.dll, TestRequestSender.WaitForRequestHandlerConnection: waiting for connection with timeout: 90000.
TpTrace Verbose: 0 : 15944, 7, 2024/05/30, 17:04:18.207, 4698900044420, vstest.console.dll, MulticastDelegateUtilities.SafeInvoke: SocketServer: ClientConnected: Invoking callback 1/1 for Microsoft.VisualStudio.TestPlatform.CommunicationUtilities.TestRequestSender., took 0 ms.
TpTrace Verbose: 0 : 15944, 5, 2024/05/30, 17:04:18.207, 4698900044420, vstest.console.dll, TestRequestSender.WaitForRequestHandlerConnection: waiting took 257 ms, with timeout 90000 ms, and result 0, which is success.
TpTrace Verbose: 0 : 15944, 7, 2024/05/30, 17:04:18.207, 4698900046328, vstest.console.dll, SocketServer.OnClientConnected: Client connected for endPoint: 127.0.0.1:55137, starting MessageLoopAsync:
TpTrace Verbose: 0 : 15944, 13, 2024/05/30, 17:04:18.208, 4698900055185, vstest.console.dll, TcpClientExtensions.MessageLoopAsync: Polling on remoteEndPoint: 127.0.0.1:55138 localEndPoint: 127.0.0.1:55137 after 0 ms
TpTrace Verbose: 0 : 15944, 5, 2024/05/30, 17:04:18.210, 4698900071933, vstest.console.dll, TestRequestSender.CheckVersionWithTestHost: Sending check version message: {"MessageType":"ProtocolVersion","Payload":7}
TpTrace Verbose: 0 : 15944, 13, 2024/05/30, 17:04:18.376, 4698901733975, vstest.console.dll, TcpClientExtensions.MessageLoopAsync: NotifyDataAvailable remoteEndPoint: 127.0.0.1:55138 localEndPoint: 127.0.0.1:55137
TpTrace Verbose: 0 : 15944, 13, 2024/05/30, 17:04:18.377, 4698901739679, vstest.console.dll, TestRequestSender.CheckVersionWithTestHost: onMessageReceived received message: (ProtocolVersion) -> {"MessageType":"ProtocolVersion","Payload":7}
TpTrace Verbose: 0 : 15944, 5, 2024/05/30, 17:04:18.379, 4698901758576, vstest.console.dll, TestPluginCache.GetExtensionPaths: Filtered extension paths: 
TpTrace Verbose: 0 : 15944, 13, 2024/05/30, 17:04:18.379, 4698901758886, vstest.console.dll, MulticastDelegateUtilities.SafeInvoke: LengthPrefixCommunicationChannel: MessageReceived: Invoking callback 1/1 for Microsoft.VisualStudio.TestPlatform.CommunicationUtilities.TestRequestSender+<>c__DisplayClass29_0., took 1 ms.
TpTrace Verbose: 0 : 15944, 5, 2024/05/30, 17:04:18.379, 4698901762215, vstest.console.dll, TestPluginCache.GetExtensionPaths: Added default extension paths: C:\Program Files\dotnet\sdk\8.0.202\Extensions\Microsoft.Diagnostics.NETCore.Client.dll
C:\Program Files\dotnet\sdk\8.0.202\Extensions\Microsoft.TestPlatform.Extensions.BlameDataCollector.dll
C:\Program Files\dotnet\sdk\8.0.202\Extensions\Microsoft.TestPlatform.Extensions.EventLogCollector.dll
C:\Program Files\dotnet\sdk\8.0.202\Extensions\Microsoft.TestPlatform.TestHostRuntimeProvider.dll
C:\Program Files\dotnet\sdk\8.0.202\Extensions\Microsoft.VisualStudio.TestPlatform.Extensions.Html.TestLogger.dll
C:\Program Files\dotnet\sdk\8.0.202\Extensions\Microsoft.VisualStudio.TestPlatform.Extensions.Trx.TestLogger.dll
TpTrace Verbose: 0 : 15944, 13, 2024/05/30, 17:04:18.379, 4698901764709, vstest.console.dll, TcpClientExtensions.MessageLoopAsync: Polling on remoteEndPoint: 127.0.0.1:55138 localEndPoint: 127.0.0.1:55137 after 170 ms
TpTrace Verbose: 0 : 15944, 5, 2024/05/30, 17:04:18.379, 4698901765151, vstest.console.dll, TestPluginCache.GetExtensionPaths: Added unfilterableExtensionPaths: 
TpTrace Verbose: 0 : 15944, 5, 2024/05/30, 17:04:18.386, 4698901829286, vstest.console.dll, TestRequestSender.InitializeExecution: Sending initialize execution with message: {"Version":7,"MessageType":"TestExecution.Initialize","Payload":["C:\\MiniProject\\HotelBookingSystemSolution\\HotelBookingSystemAPIBLTests\\bin\\Debug\\net6.0\\fine-code-coverage\\build-output\\NUnit3.TestAdapter.dll"]}
TpTrace Verbose: 0 : 15944, 5, 2024/05/30, 17:04:18.386, 4698901834295, vstest.console.dll, ParallelProxyExecutionManager.StartTestRunOnConcurrentManager: Execution starting. Started clients: 1
TpTrace Verbose: 0 : 15944, 5, 2024/05/30, 17:04:18.387, 4698901839025, vstest.console.dll, TestRunRequest:SendTestRunMessage: Starting.
TpTrace Verbose: 0 : 15944, 4, 2024/05/30, 17:04:18.387, 4698901842138, vstest.console.dll, MulticastDelegateUtilities.SafeInvoke: InternalTestLoggerEvents.SendTestRunMessage: Invoking callback 1/1 for Microsoft.VisualStudio.TestPlatform.CommandLine.Internal.ConsoleLogger., took 0 ms.
TpTrace Verbose: 0 : 15944, 5, 2024/05/30, 17:04:18.387, 4698901847165, vstest.console.dll, MulticastDelegateUtilities.SafeInvoke: TestRun.LogMessages: Invoking callback 1/1 for Microsoft.VisualStudio.TestPlatform.CommandLine.TestRunResultAggregator., took 0 ms.
TpTrace Information: 0 : 15944, 5, 2024/05/30, 17:04:18.388, 4698901848601, vstest.console.dll, TestRunRequest:SendTestRunMessage: Completed.
TpTrace Warning: 0 : 15944, 5, 2024/05/30, 17:04:18.388, 4698901857966, vstest.console.dll, InferRunSettingsHelper.MakeRunsettingsCompatible: Removing the following settings: TargetPlatform from RunSettings file. To use those settings please move to latest version of Microsoft.NET.Test.Sdk
TpTrace Verbose: 0 : 15944, 13, 2024/05/30, 17:04:18.389, 4698901862127, vstest.console.dll, TcpClientExtensions.MessageLoopAsync: NotifyDataAvailable remoteEndPoint: 127.0.0.1:55138 localEndPoint: 127.0.0.1:55137
TpTrace Verbose: 0 : 15944, 13, 2024/05/30, 17:04:18.390, 4698901871160, vstest.console.dll, TestRequestSender.OnExecutionMessageReceived: Received message: {"Version":7,"MessageType":"TestSession.Message","Payload":{"MessageLevel":0,"Message":"Logging TestHost Diagnostics in file: C:\\MiniProject\\HotelBookingSystemSolution\\HotelBookingSystemAPIBLTests\\bin\\Debug\\net6.0\\fine-code-coverage\\coverage-tool-output\\diagnostics.host.24-05-30_17-04-17_94021_5.log"}}
TpTrace Verbose: 0 : 15944, 13, 2024/05/30, 17:04:18.393, 4698901908533, vstest.console.dll, TestRunRequest:SendTestRunMessage: Starting.
TpTrace Verbose: 0 : 15944, 13, 2024/05/30, 17:04:18.394, 4698901911651, vstest.console.dll, MulticastDelegateUtilities.SafeInvoke: TestRun.LogMessages: Invoking callback 1/1 for Microsoft.VisualStudio.TestPlatform.CommandLine.TestRunResultAggregator., took 0 ms.
TpTrace Verbose: 0 : 15944, 4, 2024/05/30, 17:04:18.394, 4698901912003, vstest.console.dll, MulticastDelegateUtilities.SafeInvoke: InternalTestLoggerEvents.SendTestRunMessage: Invoking callback 1/1 for Microsoft.VisualStudio.TestPlatform.CommandLine.Internal.ConsoleLogger., took 0 ms.
TpTrace Information: 0 : 15944, 13, 2024/05/30, 17:04:18.394, 4698901912398, vstest.console.dll, TestRunRequest:SendTestRunMessage: Completed.
TpTrace Verbose: 0 : 15944, 13, 2024/05/30, 17:04:18.394, 4698901914646, vstest.console.dll, MulticastDelegateUtilities.SafeInvoke: LengthPrefixCommunicationChannel: MessageReceived: Invoking callback 1/1 for Microsoft.VisualStudio.TestPlatform.CommunicationUtilities.TestRequestSender+<>c__DisplayClass34_0., took 4 ms.
TpTrace Verbose: 0 : 15944, 13, 2024/05/30, 17:04:18.394, 4698901915421, vstest.console.dll, TcpClientExtensions.MessageLoopAsync: Polling on remoteEndPoint: 127.0.0.1:55138 localEndPoint: 127.0.0.1:55137 after 14 ms
TpTrace Verbose: 0 : 15944, 5, 2024/05/30, 17:04:18.401, 4698901979125, vstest.console.dll, TestRequestSender.StartTestRun: Sending test run with message: {"Version":7,"MessageType":"TestExecution.StartWithSources","Payload":{"AdapterSourceMap":{"_none_":["C:\\MiniProject\\HotelBookingSystemSolution\\HotelBookingSystemAPIBLTests\\bin\\Debug\\net6.0\\fine-code-coverage\\build-output\\HotelBookingSystemAPIBLTests.dll"]},"RunSettings":"<RunSettings>\r\n  <RunConfiguration>\r\n    <ResultsDirectory>C:\\MiniProject\\HotelBookingSystemSolution\\HotelBookingSystemAPIBLTests\\bin\\Debug\\net6.0\\fine-code-coverage\\coverage-tool-output</ResultsDirectory>\r\n    <TargetFrameworkVersion>.NETCoreApp,Version=v6.0</TargetFrameworkVersion>\r\n    <DesignMode>False</DesignMode>\r\n    <CollectSourceInformation>False</CollectSourceInformation>\r\n  </RunConfiguration>\r\n  <LoggerRunSettings>\r\n    <Loggers>\r\n      <Logger friendlyName=\"blame\" enabled=\"True\" />\r\n      <Logger friendlyName=\"Console\" uri=\"logger://microsoft/TestPlatform/ConsoleLogger/v1\" assemblyQualifiedName=\"Microsoft.VisualStudio.TestPlatform.CommandLine.Internal.ConsoleLogger, vstest.console, Version=15.0.0.0, Culture=neutral, PublicKeyToken=b03f5f7f11d50a3a\" codeBase=\"C:\\Program Files\\dotnet\\sdk\\8.0.202\\vstest.console.dll\" enabled=\"True\" />\r\n    </Loggers>\r\n  </LoggerRunSettings>\r\n  <DataCollectionRunSettings>\r\n    <DataCollectors>\r\n      <DataCollector friendlyName=\"blame\" enabled=\"True\">\r\n        <Configuration>\r\n          <ResultsDirectory>C:\\MiniProject\\HotelBookingSystemSolution\\HotelBookingSystemAPIBLTests\\bin\\Debug\\net6.0\\fine-code-coverage\\coverage-tool-output</ResultsDirectory>\r\n        </Configuration>\r\n      </DataCollector>\r\n    </DataCollectors>\r\n  </DataCollectionRunSettings>\r\n</RunSettings>","TestExecutionContext":{"FrequencyOfRunStatsChangeEvent":10,"RunStatsChangeEventTimeout":"00:00:01.5000000","InIsolation":false,"KeepAlive":false,"AreTestCaseLevelEventsRequired":false,"IsDebug":false,"TestCaseFilter":null,"FilterOptions":null},"Package":null}}
TpTrace Verbose: 0 : 15944, 5, 2024/05/30, 17:04:18.401, 4698901981978, vstest.console.dll, ParallelProxyExecutionManager.StartTestRunOnConcurrentManager: Execution started. Started clients: 1
TpTrace Verbose: 0 : 15944, 13, 2024/05/30, 17:04:18.652, 4698904495290, vstest.console.dll, TcpClientExtensions.MessageLoopAsync: NotifyDataAvailable remoteEndPoint: 127.0.0.1:55138 localEndPoint: 127.0.0.1:55137
TpTrace Verbose: 0 : 15944, 13, 2024/05/30, 17:04:18.652, 4698904498400, vstest.console.dll, TestRequestSender.OnExecutionMessageReceived: Received message: {"Version":7,"MessageType":"TestSession.Message","Payload":{"MessageLevel":0,"Message":"NUnit Adapter 4.4.0.0: Test execution started"}}
TpTrace Verbose: 0 : 15944, 13, 2024/05/30, 17:04:18.653, 4698904501518, vstest.console.dll, TestRunRequest:SendTestRunMessage: Starting.
TpTrace Verbose: 0 : 15944, 13, 2024/05/30, 17:04:18.653, 4698904502752, vstest.console.dll, MulticastDelegateUtilities.SafeInvoke: TestRun.LogMessages: Invoking callback 1/1 for Microsoft.VisualStudio.TestPlatform.CommandLine.TestRunResultAggregator., took 0 ms.
TpTrace Verbose: 0 : 15944, 4, 2024/05/30, 17:04:18.653, 4698904502833, vstest.console.dll, MulticastDelegateUtilities.SafeInvoke: InternalTestLoggerEvents.SendTestRunMessage: Invoking callback 1/1 for Microsoft.VisualStudio.TestPlatform.CommandLine.Internal.ConsoleLogger., took 0 ms.
TpTrace Information: 0 : 15944, 13, 2024/05/30, 17:04:18.653, 4698904503351, vstest.console.dll, TestRunRequest:SendTestRunMessage: Completed.
TpTrace Verbose: 0 : 15944, 13, 2024/05/30, 17:04:18.653, 4698904504881, vstest.console.dll, MulticastDelegateUtilities.SafeInvoke: LengthPrefixCommunicationChannel: MessageReceived: Invoking callback 1/1 for Microsoft.VisualStudio.TestPlatform.CommunicationUtilities.TestRequestSender+<>c__DisplayClass34_0., took 0 ms.
TpTrace Verbose: 0 : 15944, 13, 2024/05/30, 17:04:18.653, 4698904505950, vstest.console.dll, TcpClientExtensions.MessageLoopAsync: Polling on remoteEndPoint: 127.0.0.1:55138 localEndPoint: 127.0.0.1:55137 after 258 ms
TpTrace Verbose: 0 : 15944, 13, 2024/05/30, 17:04:18.691, 4698904883762, vstest.console.dll, TcpClientExtensions.MessageLoopAsync: NotifyDataAvailable remoteEndPoint: 127.0.0.1:55138 localEndPoint: 127.0.0.1:55137
TpTrace Verbose: 0 : 15944, 13, 2024/05/30, 17:04:18.691, 4698904885593, vstest.console.dll, TestRequestSender.OnExecutionMessageReceived: Received message: {"Version":7,"MessageType":"TestSession.Message","Payload":{"MessageLevel":0,"Message":"Running all tests in C:\\MiniProject\\HotelBookingSystemSolution\\HotelBookingSystemAPIBLTests\\bin\\Debug\\net6.0\\fine-code-coverage\\build-output\\HotelBookingSystemAPIBLTests.dll"}}
TpTrace Verbose: 0 : 15944, 13, 2024/05/30, 17:04:18.691, 4698904886958, vstest.console.dll, TestRunRequest:SendTestRunMessage: Starting.
TpTrace Verbose: 0 : 15944, 13, 2024/05/30, 17:04:18.691, 4698904887538, vstest.console.dll, MulticastDelegateUtilities.SafeInvoke: TestRun.LogMessages: Invoking callback 1/1 for Microsoft.VisualStudio.TestPlatform.CommandLine.TestRunResultAggregator., took 0 ms.
TpTrace Information: 0 : 15944, 13, 2024/05/30, 17:04:18.691, 4698904887828, vstest.console.dll, TestRunRequest:SendTestRunMessage: Completed.
TpTrace Verbose: 0 : 15944, 13, 2024/05/30, 17:04:18.691, 4698904888152, vstest.console.dll, MulticastDelegateUtilities.SafeInvoke: LengthPrefixCommunicationChannel: MessageReceived: Invoking callback 1/1 for Microsoft.VisualStudio.TestPlatform.CommunicationUtilities.TestRequestSender+<>c__DisplayClass34_0., took 0 ms.
TpTrace Verbose: 0 : 15944, 4, 2024/05/30, 17:04:18.691, 4698904888232, vstest.console.dll, MulticastDelegateUtilities.SafeInvoke: InternalTestLoggerEvents.SendTestRunMessage: Invoking callback 1/1 for Microsoft.VisualStudio.TestPlatform.CommandLine.Internal.ConsoleLogger., took 0 ms.
TpTrace Verbose: 0 : 15944, 13, 2024/05/30, 17:04:18.692, 4698904889183, vstest.console.dll, TcpClientExtensions.MessageLoopAsync: Polling on remoteEndPoint: 127.0.0.1:55138 localEndPoint: 127.0.0.1:55137 after 38 ms
TpTrace Verbose: 0 : 15944, 13, 2024/05/30, 17:04:18.854, 4698906510236, vstest.console.dll, TcpClientExtensions.MessageLoopAsync: NotifyDataAvailable remoteEndPoint: 127.0.0.1:55138 localEndPoint: 127.0.0.1:55137
TpTrace Verbose: 0 : 15944, 13, 2024/05/30, 17:04:18.854, 4698906512786, vstest.console.dll, TestRequestSender.OnExecutionMessageReceived: Received message: {"Version":7,"MessageType":"TestSession.Message","Payload":{"MessageLevel":0,"Message":"   NUnit3TestExecutor discovered 47 of 47 NUnit test cases using Current Discovery mode, Non-Explicit run"}}
TpTrace Verbose: 0 : 15944, 13, 2024/05/30, 17:04:18.854, 4698906514770, vstest.console.dll, TestRunRequest:SendTestRunMessage: Starting.
TpTrace Verbose: 0 : 15944, 13, 2024/05/30, 17:04:18.854, 4698906515867, vstest.console.dll, MulticastDelegateUtilities.SafeInvoke: TestRun.LogMessages: Invoking callback 1/1 for Microsoft.VisualStudio.TestPlatform.CommandLine.TestRunResultAggregator., took 0 ms.
TpTrace Verbose: 0 : 15944, 4, 2024/05/30, 17:04:18.854, 4698906516090, vstest.console.dll, MulticastDelegateUtilities.SafeInvoke: InternalTestLoggerEvents.SendTestRunMessage: Invoking callback 1/1 for Microsoft.VisualStudio.TestPlatform.CommandLine.Internal.ConsoleLogger., took 0 ms.
TpTrace Information: 0 : 15944, 13, 2024/05/30, 17:04:18.854, 4698906516607, vstest.console.dll, TestRunRequest:SendTestRunMessage: Completed.
TpTrace Verbose: 0 : 15944, 13, 2024/05/30, 17:04:18.855, 4698906519335, vstest.console.dll, MulticastDelegateUtilities.SafeInvoke: LengthPrefixCommunicationChannel: MessageReceived: Invoking callback 1/1 for Microsoft.VisualStudio.TestPlatform.CommunicationUtilities.TestRequestSender+<>c__DisplayClass34_0., took 0 ms.
TpTrace Verbose: 0 : 15944, 13, 2024/05/30, 17:04:18.855, 4698906520212, vstest.console.dll, TcpClientExtensions.MessageLoopAsync: Polling on remoteEndPoint: 127.0.0.1:55138 localEndPoint: 127.0.0.1:55137 after 163 ms
TpTrace Verbose: 0 : 15944, 13, 2024/05/30, 17:04:19.860, 4698916575185, vstest.console.dll, TcpClientExtensions.MessageLoopAsync: Polling on remoteEndPoint: 127.0.0.1:55138 localEndPoint: 127.0.0.1:55137 after 1005 ms
TpTrace Verbose: 0 : 15944, 13, 2024/05/30, 17:04:20.047, 4698918443255, vstest.console.dll, TcpClientExtensions.MessageLoopAsync: NotifyDataAvailable remoteEndPoint: 127.0.0.1:55138 localEndPoint: 127.0.0.1:55137
TpTrace Verbose: 0 : 15944, 13, 2024/05/30, 17:04:20.047, 4698918447850, vstest.console.dll, TestRequestSender.OnExecutionMessageReceived: Received message: {"Version":7,"MessageType":"TestExecution.StatsChange","Payload":{"NewTestResults":[{"TestCase":{"Id":"886382c7-c8b1-4097-cfc0-c85b95541908","FullyQualifiedName":"HotelBookingSystemAPIBLTests.AdminHotelServiceTests.GetAllHotelFailTest","DisplayName":"GetAllHotelFailTest","ExecutorUri":"executor://NUnit3TestExecutor","Source":"C:\\MiniProject\\HotelBookingSystemSolution\\HotelBookingSystemAPIBLTests\\bin\\Debug\\net6.0\\fine-code-coverage\\build-output\\HotelBookingSystemAPIBLTests.dll","CodeFilePath":null,"LineNumber":0,"Properties":[{"Key":{"Id":"NUnit.Seed","Label":"Seed","Category":"","Description":"","Attributes":0,"ValueType":"System.String"},"Value":"1493529889"}]},"Attachments":[],"Outcome":1,"ErrorMessage":null,"ErrorStackTrace":null,"DisplayName":"GetAllHotelFailTest","Messages":[],"ComputerName":"853CBX3","Duration":"00:00:00.1673860","StartTime":"2024-05-30T11:34:18.8871223+00:00","EndTime":"2024-05-30T11:34:19.0544441+00:00","Properties":[{"Key":{"Id":"NUnit.Seed","Label":"Seed","Category":"","Description":"","Attributes":0,"ValueType":"System.String"},"Value":"1493529889"}]},{"TestCase":{"Id":"e70cf7f0-5f32-8505-ca90-bea9d968e025","FullyQualifiedName":"HotelBookingSystemAPIBLTests.AdminHotelServiceTests.GetAllHotelPassTest","DisplayName":"GetAllHotelPassTest","ExecutorUri":"executor://NUnit3TestExecutor","Source":"C:\\MiniProject\\HotelBookingSystemSolution\\HotelBookingSystemAPIBLTests\\bin\\Debug\\net6.0\\fine-code-coverage\\build-output\\HotelBookingSystemAPIBLTests.dll","CodeFilePath":null,"LineNumber":0,"Properties":[{"Key":{"Id":"NUnit.Seed","Label":"Seed","Category":"","Description":"","Attributes":0,"ValueType":"System.String"},"Value":"751391160"}]},"Attachments":[],"Outcome":1,"ErrorMessage":null,"ErrorStackTrace":null,"DisplayName":"GetAllHotelPassTest","Messages":[],"ComputerName":"853CBX3","Duration":"00:00:00.0099640","StartTime":"2024-05-30T11:34:19.0561344+00:00","EndTime":"2024-05-30T11:34:19.0660993+00:00","Properties":[{"Key":{"Id":"NUnit.Seed","Label":"Seed","Category":"","Description":"","Attributes":0,"ValueType":"System.String"},"Value":"751391160"}]},{"TestCase":{"Id":"c51f6e88-8070-af41-5935-f11e03be1f33","FullyQualifiedName":"HotelBookingSystemAPIBLTests.AdminHotelServiceTests.GetHotelFailTest","DisplayName":"GetHotelFailTest","ExecutorUri":"executor://NUnit3TestExecutor","Source":"C:\\MiniProject\\HotelBookingSystemSolution\\HotelBookingSystemAPIBLTests\\bin\\Debug\\net6.0\\fine-code-coverage\\build-output\\HotelBookingSystemAPIBLTests.dll","CodeFilePath":null,"LineNumber":0,"Properties":[{"Key":{"Id":"NUnit.Seed","Label":"Seed","Category":"","Description":"","Attributes":0,"ValueType":"System.String"},"Value":"1791146421"}]},"Attachments":[],"Outcome":1,"ErrorMessage":null,"ErrorStackTrace":null,"DisplayName":"GetHotelFailTest","Messages":[],"ComputerName":"853CBX3","Duration":"00:00:00.7473010","StartTime":"2024-05-30T11:34:19.0661419+00:00","EndTime":"2024-05-30T11:34:19.8134422+00:00","Properties":[{"Key":{"Id":"NUnit.Seed","Label":"Seed","Category":"","Description":"","Attributes":0,"ValueType":"System.String"},"Value":"1791146421"}]},{"TestCase":{"Id":"fcc4096a-e033-73be-3936-fafff031963f","FullyQualifiedName":"HotelBookingSystemAPIBLTests.AdminHotelServiceTests.GetHotelPassTest","DisplayName":"GetHotelPassTest","ExecutorUri":"executor://NUnit3TestExecutor","Source":"C:\\MiniProject\\HotelBookingSystemSolution\\HotelBookingSystemAPIBLTests\\bin\\Debug\\net6.0\\fine-code-coverage\\build-output\\HotelBookingSystemAPIBLTests.dll","CodeFilePath":null,"LineNumber":0,"Properties":[{"Key":{"Id":"NUnit.Seed","Label":"Seed","Category":"","Description":"","Attributes":0,"ValueType":"System.String"},"Value":"130959343"}]},"Attachments":[],"Outcome":1,"ErrorMessage":null,"ErrorStackTrace":null,"DisplayName":"GetHotelPassTest","Messages":[],"ComputerName":"853CBX3","Duration":"00:00:00.0037430","StartTime":"2024-05-30T11:34:19.8134731+00:00","EndTime":"2024-05-30T11:34:19.8172154+00:00","Properties":[{"Key":{"Id":"NUnit.Seed","Label":"Seed","Category":"","Description":"","Attributes":0,"ValueType":"System.String"},"Value":"130959343"}]}],"TestRunStatistics":{"ExecutedTests":4,"Stats":{"Passed":4}},"ActiveTests":[{"Id":"5984adf0-3e40-5974-213c-168e80dd4259","FullyQualifiedName":"HotelBookingSystemAPIBLTests.AdminHotelServiceTests.RegisterHotelFailTest","DisplayName":"RegisterHotelFailTest","ExecutorUri":"executor://NUnit3TestExecutor","Source":"C:\\MiniProject\\HotelBookingSystemSolution\\HotelBookingSystemAPIBLTests\\bin\\Debug\\net6.0\\fine-code-coverage\\build-output\\HotelBookingSystemAPIBLTests.dll","CodeFilePath":null,"LineNumber":0,"Properties":[{"Key":{"Id":"NUnit.Seed","Label":"Seed","Category":"","Description":"","Attributes":0,"ValueType":"System.String"},"Value":"1722602286"}]}]}}
TpTrace Verbose: 0 : 15944, 13, 2024/05/30, 17:04:20.097, 4698918948139, vstest.console.dll, TestRunRequest:SendTestRunStatsChange: Starting.
TpTrace Verbose: 0 : 15944, 13, 2024/05/30, 17:04:20.098, 4698918949620, vstest.console.dll, InProgress is RegisterHotelFailTest
TpTrace Verbose: 0 : 15944, 13, 2024/05/30, 17:04:20.098, 4698918951941, vstest.console.dll, MulticastDelegateUtilities.SafeInvoke: TestRun.RunStatsChanged: Invoking callbacks was skipped because there are no subscribers.
TpTrace Information: 0 : 15944, 13, 2024/05/30, 17:04:20.098, 4698918952321, vstest.console.dll, TestRunRequest:SendTestRunStatsChange: Completed.
TpTrace Verbose: 0 : 15944, 13, 2024/05/30, 17:04:20.098, 4698918952684, vstest.console.dll, MulticastDelegateUtilities.SafeInvoke: LengthPrefixCommunicationChannel: MessageReceived: Invoking callback 1/1 for Microsoft.VisualStudio.TestPlatform.CommunicationUtilities.TestRequestSender+<>c__DisplayClass34_0., took 50 ms.
TpTrace Verbose: 0 : 15944, 13, 2024/05/30, 17:04:20.098, 4698918953214, vstest.console.dll, TcpClientExtensions.MessageLoopAsync: Polling on remoteEndPoint: 127.0.0.1:55138 localEndPoint: 127.0.0.1:55137 after 237 ms
TpTrace Verbose: 0 : 15944, 4, 2024/05/30, 17:04:20.101, 4698918978790, vstest.console.dll, MulticastDelegateUtilities.SafeInvoke: InternalTestLoggerEvents.SendTestResult: Invoking callback 1/1 for Microsoft.VisualStudio.TestPlatform.CommandLine.Internal.ConsoleLogger., took 2 ms.
TpTrace Verbose: 0 : 15944, 4, 2024/05/30, 17:04:20.101, 4698918983965, vstest.console.dll, MulticastDelegateUtilities.SafeInvoke: InternalTestLoggerEvents.SendTestResult: Invoking callback 1/1 for Microsoft.VisualStudio.TestPlatform.CommandLine.Internal.ConsoleLogger., took 0 ms.
TpTrace Verbose: 0 : 15944, 4, 2024/05/30, 17:04:20.101, 4698918985693, vstest.console.dll, MulticastDelegateUtilities.SafeInvoke: InternalTestLoggerEvents.SendTestResult: Invoking callback 1/1 for Microsoft.VisualStudio.TestPlatform.CommandLine.Internal.ConsoleLogger., took 0 ms.
TpTrace Verbose: 0 : 15944, 4, 2024/05/30, 17:04:20.101, 4698918986458, vstest.console.dll, MulticastDelegateUtilities.SafeInvoke: InternalTestLoggerEvents.SendTestResult: Invoking callback 1/1 for Microsoft.VisualStudio.TestPlatform.CommandLine.Internal.ConsoleLogger., took 0 ms.
TpTrace Verbose: 0 : 15944, 13, 2024/05/30, 17:04:20.105, 4698919023764, vstest.console.dll, TcpClientExtensions.MessageLoopAsync: NotifyDataAvailable remoteEndPoint: 127.0.0.1:55138 localEndPoint: 127.0.0.1:55137
TpTrace Verbose: 0 : 15944, 13, 2024/05/30, 17:04:20.105, 4698919027765, vstest.console.dll, TestRequestSender.OnExecutionMessageReceived: Received message: {"Version":7,"MessageType":"TestExecution.StatsChange","Payload":{"NewTestResults":[{"TestCase":{"Id":"5984adf0-3e40-5974-213c-168e80dd4259","FullyQualifiedName":"HotelBookingSystemAPIBLTests.AdminHotelServiceTests.RegisterHotelFailTest","DisplayName":"RegisterHotelFailTest","ExecutorUri":"executor://NUnit3TestExecutor","Source":"C:\\MiniProject\\HotelBookingSystemSolution\\HotelBookingSystemAPIBLTests\\bin\\Debug\\net6.0\\fine-code-coverage\\build-output\\HotelBookingSystemAPIBLTests.dll","CodeFilePath":null,"LineNumber":0,"Properties":[{"Key":{"Id":"NUnit.Seed","Label":"Seed","Category":"","Description":"","Attributes":0,"ValueType":"System.String"},"Value":"1722602286"}]},"Attachments":[],"Outcome":2,"ErrorMessage":"  Expected: <HotelBookingSystemAPI.CustomExceptions.ObjectAlreadyExistsException>\r\n  But was:  null\r\n","ErrorStackTrace":"   at HotelBookingSystemAPIBLTests.AdminHotelServiceTests.RegisterHotelFailTest() in C:\\MiniProject\\HotelBookingSystemSolution\\HotelBookingSystemAPIBLTests\\AdminHotelServiceTests.cs:line 53\r\n   at NUnit.Framework.Internal.TaskAwaitAdapter.GenericAdapter`1.GetResult()\r\n   at NUnit.Framework.Internal.AsyncToSyncAdapter.Await(Func`1 invoke)\r\n   at NUnit.Framework.Internal.Commands.TestMethodCommand.RunTestMethod(TestExecutionContext context)\r\n   at NUnit.Framework.Internal.Commands.TestMethodCommand.Execute(TestExecutionContext context)\r\n   at NUnit.Framework.Internal.Commands.BeforeAndAfterTestCommand.<>c__DisplayClass1_0.<Execute>b__0()\r\n   at NUnit.Framework.Internal.Commands.DelegatingTestCommand.RunTestMethodInThreadAbortSafeZone(TestExecutionContext context, Action action)\r\n\n1)    at HotelBookingSystemAPIBLTests.AdminHotelServiceTests.RegisterHotelFailTest() in C:\\MiniProject\\HotelBookingSystemSolution\\HotelBookingSystemAPIBLTests\\AdminHotelServiceTests.cs:line 53\r\n   at System.Runtime.CompilerServices.AsyncMethodBuilderCore.Start[TStateMachine](TStateMachine& stateMachine)\r\n   at HotelBookingSystemAPIBLTests.AdminHotelServiceTests.RegisterHotelFailTest()\r\n\n","DisplayName":"RegisterHotelFailTest","Messages":[],"ComputerName":"853CBX3","Duration":"00:00:00.1898729","StartTime":"2024-05-30T11:34:19.817236+00:00","EndTime":"2024-05-30T11:34:20.0071084+00:00","Properties":[{"Key":{"Id":"NUnit.Seed","Label":"Seed","Category":"","Description":"","Attributes":0,"ValueType":"System.String"},"Value":"1722602286"}]},{"TestCase":{"Id":"bab4a3e4-934d-78db-f1c0-750e73356a6f","FullyQualifiedName":"HotelBookingSystemAPIBLTests.AdminHotelServiceTests.RegisterHotelPassTest","DisplayName":"RegisterHotelPassTest","ExecutorUri":"executor://NUnit3TestExecutor","Source":"C:\\MiniProject\\HotelBookingSystemSolution\\HotelBookingSystemAPIBLTests\\bin\\Debug\\net6.0\\fine-code-coverage\\build-output\\HotelBookingSystemAPIBLTests.dll","CodeFilePath":null,"LineNumber":0,"Properties":[{"Key":{"Id":"NUnit.Seed","Label":"Seed","Category":"","Description":"","Attributes":0,"ValueType":"System.String"},"Value":"722368964"}]},"Attachments":[],"Outcome":1,"ErrorMessage":null,"ErrorStackTrace":null,"DisplayName":"RegisterHotelPassTest","Messages":[],"ComputerName":"853CBX3","Duration":"00:00:00.0050770","StartTime":"2024-05-30T11:34:20.0071889+00:00","EndTime":"2024-05-30T11:34:20.0122651+00:00","Properties":[{"Key":{"Id":"NUnit.Seed","Label":"Seed","Category":"","Description":"","Attributes":0,"ValueType":"System.String"},"Value":"722368964"}]},{"TestCase":{"Id":"128ad417-0da0-de35-547c-fe1d2e6cf397","FullyQualifiedName":"HotelBookingSystemAPIBLTests.AdminHotelServiceTests.RemoveHotelFailTest","DisplayName":"RemoveHotelFailTest","ExecutorUri":"executor://NUnit3TestExecutor","Source":"C:\\MiniProject\\HotelBookingSystemSolution\\HotelBookingSystemAPIBLTests\\bin\\Debug\\net6.0\\fine-code-coverage\\build-output\\HotelBookingSystemAPIBLTests.dll","CodeFilePath":null,"LineNumber":0,"Properties":[{"Key":{"Id":"NUnit.Seed","Label":"Seed","Category":"","Description":"","Attributes":0,"ValueType":"System.String"},"Value":"1664636725"}]},"Attachments":[],"Outcome":1,"ErrorMessage":null,"ErrorStackTrace":null,"DisplayName":"RemoveHotelFailTest","Messages":[],"ComputerName":"853CBX3","Duration":"00:00:00.0025020","StartTime":"2024-05-30T11:34:20.0122985+00:00","EndTime":"2024-05-30T11:34:20.0148002+00:00","Properties":[{"Key":{"Id":"NUnit.Seed","Label":"Seed","Category":"","Description":"","Attributes":0,"ValueType":"System.String"},"Value":"1664636725"}]},{"TestCase":{"Id":"306855de-ca65-0949-2212-47d4cd00cbe6","FullyQualifiedName":"HotelBookingSystemAPIBLTests.AdminHotelServiceTests.RemoveHotelPassTest","DisplayName":"RemoveHotelPassTest","ExecutorUri":"executor://NUnit3TestExecutor","Source":"C:\\MiniProject\\HotelBookingSystemSolution\\HotelBookingSystemAPIBLTests\\bin\\Debug\\net6.0\\fine-code-coverage\\build-output\\HotelBookingSystemAPIBLTests.dll","CodeFilePath":null,"LineNumber":0,"Properties":[{"Key":{"Id":"NUnit.Seed","Label":"Seed","Category":"","Description":"","Attributes":0,"ValueType":"System.String"},"Value":"327121818"}]},"Attachments":[],"Outcome":1,"ErrorMessage":null,"ErrorStackTrace":null,"DisplayName":"RemoveHotelPassTest","Messages":[],"ComputerName":"853CBX3","Duration":"00:00:00.0283870","StartTime":"2024-05-30T11:34:20.0148357+00:00","EndTime":"2024-05-30T11:34:20.0432221+00:00","Properties":[{"Key":{"Id":"NUnit.Seed","Label":"Seed","Category":"","Description":"","Attributes":0,"ValueType":"System.String"},"Value":"327121818"}]},{"TestCase":{"Id":"e5f8012c-0730-310f-993e-1b3ce897ea9f","FullyQualifiedName":"HotelBookingSystemAPIBLTests.AdminHotelServiceTests.UpdateHotelAvailabilityFailTest","DisplayName":"UpdateHotelAvailabilityFailTest","ExecutorUri":"executor://NUnit3TestExecutor","Source":"C:\\MiniProject\\HotelBookingSystemSolution\\HotelBookingSystemAPIBLTests\\bin\\Debug\\net6.0\\fine-code-coverage\\build-output\\HotelBookingSystemAPIBLTests.dll","CodeFilePath":null,"LineNumber":0,"Properties":[{"Key":{"Id":"NUnit.Seed","Label":"Seed","Category":"","Description":"","Attributes":0,"ValueType":"System.String"},"Value":"1189106254"}]},"Attachments":[],"Outcome":1,"ErrorMessage":null,"ErrorStackTrace":null,"DisplayName":"UpdateHotelAvailabilityFailTest","Messages":[],"ComputerName":"853CBX3","Duration":"00:00:00.0024530","StartTime":"2024-05-30T11:34:20.0432538+00:00","EndTime":"2024-05-30T11:34:20.045706+00:00","Properties":[{"Key":{"Id":"NUnit.Seed","Label":"Seed","Category":"","Description":"","Attributes":0,"ValueType":"System.String"},"Value":"1189106254"}]},{"TestCase":{"Id":"b24535ba-3d00-b0dc-78b6-66faa459fcf7","FullyQualifiedName":"HotelBookingSystemAPIBLTests.AdminHotelServiceTests.UpdateHotelAvailabilityPassTest","DisplayName":"UpdateHotelAvailabilityPassTest","ExecutorUri":"executor://NUnit3TestExecutor","Source":"C:\\MiniProject\\HotelBookingSystemSolution\\HotelBookingSystemAPIBLTests\\bin\\Debug\\net6.0\\fine-code-coverage\\build-output\\HotelBookingSystemAPIBLTests.dll","CodeFilePath":null,"LineNumber":0,"Properties":[{"Key":{"Id":"NUnit.Seed","Label":"Seed","Category":"","Description":"","Attributes":0,"ValueType":"System.String"},"Value":"1691502672"}]},"Attachments":[],"Outcome":2,"ErrorMessage":"HotelBookingSystemAPI.CustomExceptions.ObjectNotAvailableException : Hotel Not available!","ErrorStackTrace":"   at HotelBookingSystemAPI.Services.AdminHotelService.UpdateHotelAvailabilityService(UpdateHotelStatusDTO statusDTO) in C:\\MiniProject\\HotelBookingSystemSolution\\HotelBookingSystemAPI\\Services\\AdminHotelService.cs:line 117\r\n   at HotelBookingSystemAPIBLTests.AdminHotelServiceTests.UpdateHotelAvailabilityPassTest() in C:\\MiniProject\\HotelBookingSystemSolution\\HotelBookingSystemAPIBLTests\\AdminHotelServiceTests.cs:line 132\r\n   at NUnit.Framework.Internal.TaskAwaitAdapter.GenericAdapter`1.GetResult()\r\n   at NUnit.Framework.Internal.AsyncToSyncAdapter.Await(Func`1 invoke)\r\n   at NUnit.Framework.Internal.Commands.TestMethodCommand.RunTestMethod(TestExecutionContext context)\r\n   at NUnit.Framework.Internal.Commands.TestMethodCommand.Execute(TestExecutionContext context)\r\n   at NUnit.Framework.Internal.Commands.BeforeAndAfterTestCommand.<>c__DisplayClass1_0.<Execute>b__0()\r\n   at NUnit.Framework.Internal.Commands.DelegatingTestCommand.RunTestMethodInThreadAbortSafeZone(TestExecutionContext context, Action action)\n","DisplayName":"UpdateHotelAvailabilityPassTest","Messages":[],"ComputerName":"853CBX3","Duration":"00:00:00.0240580","StartTime":"2024-05-30T11:34:20.0457364+00:00","EndTime":"2024-05-30T11:34:20.0697942+00:00","Properties":[{"Key":{"Id":"NUnit.Seed","Label":"Seed","Category":"","Description":"","Attributes":0,"ValueType":"System.String"},"Value":"1691502672"}]},{"TestCase":{"Id":"b16b0210-0be0-f1c9-868e-302c5c4e4abd","FullyQualifiedName":"HotelBookingSystemAPIBLTests.AdminHotelServiceTests.UpdateHotelExceptionTest","DisplayName":"UpdateHotelExceptionTest","ExecutorUri":"executor://NUnit3TestExecutor","Source":"C:\\MiniProject\\HotelBookingSystemSolution\\HotelBookingSystemAPIBLTests\\bin\\Debug\\net6.0\\fine-code-coverage\\build-output\\HotelBookingSystemAPIBLTests.dll","CodeFilePath":null,"LineNumber":0,"Properties":[{"Key":{"Id":"NUnit.Seed","Label":"Seed","Category":"","Description":"","Attributes":0,"ValueType":"System.String"},"Value":"1012287408"}]},"Attachments":[],"Outcome":1,"ErrorMessage":null,"ErrorStackTrace":null,"DisplayName":"UpdateHotelExceptionTest","Messages":[],"ComputerName":"853CBX3","Duration":"00:00:00.0023010","StartTime":"2024-05-30T11:34:20.0698207+00:00","EndTime":"2024-05-30T11:34:20.0721218+00:00","Properties":[{"Key":{"Id":"NUnit.Seed","Label":"Seed","Category":"","Description":"","Attributes":0,"ValueType":"System.String"},"Value":"1012287408"}]},{"TestCase":{"Id":"8b2ca3db-8c78-9664-a7ce-990965f4ea4d","FullyQualifiedName":"HotelBookingSystemAPIBLTests.AdminHotelServiceTests.UpdateHotelFailTest","DisplayName":"UpdateHotelFailTest","ExecutorUri":"executor://NUnit3TestExecutor","Source":"C:\\MiniProject\\HotelBookingSystemSolution\\HotelBookingSystemAPIBLTests\\bin\\Debug\\net6.0\\fine-code-coverage\\build-output\\HotelBookingSystemAPIBLTests.dll","CodeFilePath":null,"LineNumber":0,"Properties":[{"Key":{"Id":"NUnit.Seed","Label":"Seed","Category":"","Description":"","Attributes":0,"ValueType":"System.String"},"Value":"68097297"}]},"Attachments":[],"Outcome":2,"ErrorMessage":"  Expected: <System.Exception>\r\n  But was:  <HotelBookingSystemAPI.CustomExceptions.ObjectNotAvailableException: Hotel Not available!\r\n   at HotelBookingSystemAPI.Repositories.HotelRepository.Get(Int32 key) in C:\\MiniProject\\HotelBookingSystemSolution\\HotelBookingSystemAPI\\Repositories\\HotelRepository.cs:line 45\r\n   at HotelBookingSystemAPI.Services.AdminHotelService.UpdateHotelAttribute(UpdateHotelDTO updateHotelDTO) in C:\\MiniProject\\HotelBookingSystemSolution\\HotelBookingSystemAPI\\Services\\AdminHotelService.cs:line 78\r\n   at NUnit.Framework.Internal.TaskAwaitAdapter.GenericAdapter`1.GetResult()\r\n   at NUnit.Framework.Internal.AsyncToSyncAdapter.Await(Func`1 invoke)\r\n   at NUnit.Framework.Assert.ThrowsAsync(IResolveConstraint expression, AsyncTestDelegate code, String message, Object[] args)>\r\n","ErrorStackTrace":"   at HotelBookingSystemAPIBLTests.AdminHotelServiceTests.UpdateHotelFailTest() in C:\\MiniProject\\HotelBookingSystemSolution\\HotelBookingSystemAPIBLTests\\AdminHotelServiceTests.cs:line 106\r\n   at NUnit.Framework.Internal.TaskAwaitAdapter.GenericAdapter`1.GetResult()\r\n   at NUnit.Framework.Internal.AsyncToSyncAdapter.Await(Func`1 invoke)\r\n   at NUnit.Framework.Internal.Commands.TestMethodCommand.RunTestMethod(TestExecutionContext context)\r\n   at NUnit.Framework.Internal.Commands.TestMethodCommand.Execute(TestExecutionContext context)\r\n   at NUnit.Framework.Internal.Commands.BeforeAndAfterTestCommand.<>c__DisplayClass1_0.<Execute>b__0()\r\n   at NUnit.Framework.Internal.Commands.DelegatingTestCommand.RunTestMethodInThreadAbortSafeZone(TestExecutionContext context, Action action)\r\n\n1)    at HotelBookingSystemAPIBLTests.AdminHotelServiceTests.UpdateHotelFailTest() in C:\\MiniProject\\HotelBookingSystemSolution\\HotelBookingSystemAPIBLTests\\AdminHotelServiceTests.cs:line 106\r\n   at System.Runtime.CompilerServices.AsyncMethodBuilderCore.Start[TStateMachine](TStateMachine& stateMachine)\r\n   at HotelBookingSystemAPIBLTests.AdminHotelServiceTests.UpdateHotelFailTest()\r\n\n","DisplayName":"UpdateHotelFailTest","Messages":[],"ComputerName":"853CBX3","Duration":"00:00:00.0100260","StartTime":"2024-05-30T11:34:20.0721416+00:00","EndTime":"2024-05-30T11:34:20.0821671+00:00","Properties":[{"Key":{"Id":"NUnit.Seed","Label":"Seed","Category":"","Description":"","Attributes":0,"ValueType":"System.String"},"Value":"68097297"}]},{"TestCase":{"Id":"be450cfb-ae02-3529-bba2-87fb4e150066","FullyQualifiedName":"HotelBookingSystemAPIBLTests.AdminHotelServiceTests.UpdateHotelPassTest","DisplayName":"UpdateHotelPassTest","ExecutorUri":"executor://NUnit3TestExecutor","Source":"C:\\MiniProject\\HotelBookingSystemSolution\\HotelBookingSystemAPIBLTests\\bin\\Debug\\net6.0\\fine-code-coverage\\build-output\\HotelBookingSystemAPIBLTests.dll","CodeFilePath":null,"LineNumber":0,"Properties":[{"Key":{"Id":"NUnit.Seed","Label":"Seed","Category":"","Description":"","Attributes":0,"ValueType":"System.String"},"Value":"1199258947"}]},"Attachments":[],"Outcome":1,"ErrorMessage":null,"ErrorStackTrace":null,"DisplayName":"UpdateHotelPassTest","Messages":[],"ComputerName":"853CBX3","Duration":"00:00:00.0021020","StartTime":"2024-05-30T11:34:20.0824412+00:00","EndTime":"2024-05-30T11:34:20.0845427+00:00","Properties":[{"Key":{"Id":"NUnit.Seed","Label":"Seed","Category":"","Description":"","Attributes":0,"ValueType":"System.String"},"Value":"1199258947"}]}],"TestRunStatistics":{"ExecutedTests":13,"Stats":{"Passed":10,"Failed":3}},"ActiveTests":[{"Id":"9da6a37e-7fd2-7a8f-c553-5f02a84af8cc","FullyQualifiedName":"HotelBookingSystemAPIBLTests.AdminRoomServiceTests.RegisterRoomPassTest","DisplayName":"RegisterRoomPassTest","ExecutorUri":"executor://NUnit3TestExecutor","Source":"C:\\MiniProject\\HotelBookingSystemSolution\\HotelBookingSystemAPIBLTests\\bin\\Debug\\net6.0\\fine-code-coverage\\build-output\\HotelBookingSystemAPIBLTests.dll","CodeFilePath":null,"LineNumber":0,"Properties":[{"Key":{"Id":"NUnit.Seed","Label":"Seed","Category":"","Description":"","Attributes":0,"ValueType":"System.String"},"Value":"254237992"}]}]}}
TpTrace Verbose: 0 : 15944, 13, 2024/05/30, 17:04:20.108, 4698919054233, vstest.console.dll, TestRunRequest:SendTestRunStatsChange: Starting.
TpTrace Verbose: 0 : 15944, 13, 2024/05/30, 17:04:20.108, 4698919056130, vstest.console.dll, InProgress is RegisterRoomPassTest
TpTrace Verbose: 0 : 15944, 13, 2024/05/30, 17:04:20.108, 4698919057466, vstest.console.dll, MulticastDelegateUtilities.SafeInvoke: TestRun.RunStatsChanged: Invoking callbacks was skipped because there are no subscribers.
TpTrace Information: 0 : 15944, 13, 2024/05/30, 17:04:20.108, 4698919057935, vstest.console.dll, TestRunRequest:SendTestRunStatsChange: Completed.
TpTrace Verbose: 0 : 15944, 13, 2024/05/30, 17:04:20.108, 4698919058374, vstest.console.dll, MulticastDelegateUtilities.SafeInvoke: LengthPrefixCommunicationChannel: MessageReceived: Invoking callback 1/1 for Microsoft.VisualStudio.TestPlatform.CommunicationUtilities.TestRequestSender+<>c__DisplayClass34_0., took 3 ms.
TpTrace Verbose: 0 : 15944, 13, 2024/05/30, 17:04:20.109, 4698919058827, vstest.console.dll, TcpClientExtensions.MessageLoopAsync: Polling on remoteEndPoint: 127.0.0.1:55138 localEndPoint: 127.0.0.1:55137 after 10 ms
TpTrace Verbose: 0 : 15944, 4, 2024/05/30, 17:04:20.110, 4698919072281, vstest.console.dll, MulticastDelegateUtilities.SafeInvoke: InternalTestLoggerEvents.SendTestResult: Invoking callback 1/1 for Microsoft.VisualStudio.TestPlatform.CommandLine.Internal.ConsoleLogger., took 1 ms.
TpTrace Verbose: 0 : 15944, 4, 2024/05/30, 17:04:20.110, 4698919074624, vstest.console.dll, MulticastDelegateUtilities.SafeInvoke: InternalTestLoggerEvents.SendTestResult: Invoking callback 1/1 for Microsoft.VisualStudio.TestPlatform.CommandLine.Internal.ConsoleLogger., took 0 ms.
TpTrace Verbose: 0 : 15944, 4, 2024/05/30, 17:04:20.110, 4698919075184, vstest.console.dll, MulticastDelegateUtilities.SafeInvoke: InternalTestLoggerEvents.SendTestResult: Invoking callback 1/1 for Microsoft.VisualStudio.TestPlatform.CommandLine.Internal.ConsoleLogger., took 0 ms.
TpTrace Verbose: 0 : 15944, 4, 2024/05/30, 17:04:20.110, 4698919075592, vstest.console.dll, MulticastDelegateUtilities.SafeInvoke: InternalTestLoggerEvents.SendTestResult: Invoking callback 1/1 for Microsoft.VisualStudio.TestPlatform.CommandLine.Internal.ConsoleLogger., took 0 ms.
TpTrace Verbose: 0 : 15944, 4, 2024/05/30, 17:04:20.110, 4698919075951, vstest.console.dll, MulticastDelegateUtilities.SafeInvoke: InternalTestLoggerEvents.SendTestResult: Invoking callback 1/1 for Microsoft.VisualStudio.TestPlatform.CommandLine.Internal.ConsoleLogger., took 0 ms.
TpTrace Verbose: 0 : 15944, 4, 2024/05/30, 17:04:20.110, 4698919078422, vstest.console.dll, MulticastDelegateUtilities.SafeInvoke: InternalTestLoggerEvents.SendTestResult: Invoking callback 1/1 for Microsoft.VisualStudio.TestPlatform.CommandLine.Internal.ConsoleLogger., took 0 ms.
TpTrace Verbose: 0 : 15944, 4, 2024/05/30, 17:04:20.111, 4698919079268, vstest.console.dll, MulticastDelegateUtilities.SafeInvoke: InternalTestLoggerEvents.SendTestResult: Invoking callback 1/1 for Microsoft.VisualStudio.TestPlatform.CommandLine.Internal.ConsoleLogger., took 0 ms.
TpTrace Verbose: 0 : 15944, 4, 2024/05/30, 17:04:20.111, 4698919081830, vstest.console.dll, MulticastDelegateUtilities.SafeInvoke: InternalTestLoggerEvents.SendTestResult: Invoking callback 1/1 for Microsoft.VisualStudio.TestPlatform.CommandLine.Internal.ConsoleLogger., took 0 ms.
TpTrace Verbose: 0 : 15944, 4, 2024/05/30, 17:04:20.111, 4698919082909, vstest.console.dll, MulticastDelegateUtilities.SafeInvoke: InternalTestLoggerEvents.SendTestResult: Invoking callback 1/1 for Microsoft.VisualStudio.TestPlatform.CommandLine.Internal.ConsoleLogger., took 0 ms.
TpTrace Verbose: 0 : 15944, 13, 2024/05/30, 17:04:20.231, 4698920282220, vstest.console.dll, TcpClientExtensions.MessageLoopAsync: NotifyDataAvailable remoteEndPoint: 127.0.0.1:55138 localEndPoint: 127.0.0.1:55137
TpTrace Verbose: 0 : 15944, 13, 2024/05/30, 17:04:20.231, 4698920288400, vstest.console.dll, TestRequestSender.OnExecutionMessageReceived: Received message: {"Version":7,"MessageType":"TestExecution.StatsChange","Payload":{"NewTestResults":[{"TestCase":{"Id":"9da6a37e-7fd2-7a8f-c553-5f02a84af8cc","FullyQualifiedName":"HotelBookingSystemAPIBLTests.AdminRoomServiceTests.RegisterRoomPassTest","DisplayName":"RegisterRoomPassTest","ExecutorUri":"executor://NUnit3TestExecutor","Source":"C:\\MiniProject\\HotelBookingSystemSolution\\HotelBookingSystemAPIBLTests\\bin\\Debug\\net6.0\\fine-code-coverage\\build-output\\HotelBookingSystemAPIBLTests.dll","CodeFilePath":null,"LineNumber":0,"Properties":[{"Key":{"Id":"NUnit.Seed","Label":"Seed","Category":"","Description":"","Attributes":0,"ValueType":"System.String"},"Value":"254237992"}]},"Attachments":[],"Outcome":1,"ErrorMessage":null,"ErrorStackTrace":null,"DisplayName":"RegisterRoomPassTest","Messages":[],"ComputerName":"853CBX3","Duration":"00:00:00.0423080","StartTime":"2024-05-30T11:34:20.0878651+00:00","EndTime":"2024-05-30T11:34:20.1301729+00:00","Properties":[{"Key":{"Id":"NUnit.Seed","Label":"Seed","Category":"","Description":"","Attributes":0,"ValueType":"System.String"},"Value":"254237992"}]},{"TestCase":{"Id":"abcf36d1-60d0-ccb5-cbe3-c7dd6b8f1fb2","FullyQualifiedName":"HotelBookingSystemAPIBLTests.AdminRoomServiceTests.RegisterRoomPassTest2","DisplayName":"RegisterRoomPassTest2","ExecutorUri":"executor://NUnit3TestExecutor","Source":"C:\\MiniProject\\HotelBookingSystemSolution\\HotelBookingSystemAPIBLTests\\bin\\Debug\\net6.0\\fine-code-coverage\\build-output\\HotelBookingSystemAPIBLTests.dll","CodeFilePath":null,"LineNumber":0,"Properties":[{"Key":{"Id":"NUnit.Seed","Label":"Seed","Category":"","Description":"","Attributes":0,"ValueType":"System.String"},"Value":"415922096"}]},"Attachments":[],"Outcome":1,"ErrorMessage":null,"ErrorStackTrace":null,"DisplayName":"RegisterRoomPassTest2","Messages":[],"ComputerName":"853CBX3","Duration":"00:00:00.0011360","StartTime":"2024-05-30T11:34:20.1302005+00:00","EndTime":"2024-05-30T11:34:20.1313364+00:00","Properties":[{"Key":{"Id":"NUnit.Seed","Label":"Seed","Category":"","Description":"","Attributes":0,"ValueType":"System.String"},"Value":"415922096"}]},{"TestCase":{"Id":"40bf4517-6f85-afc3-0665-f20891f5f9c2","FullyQualifiedName":"HotelBookingSystemAPIBLTests.AdminRoomServiceTests.RegisterRoomTypeFailTest","DisplayName":"RegisterRoomTypeFailTest","ExecutorUri":"executor://NUnit3TestExecutor","Source":"C:\\MiniProject\\HotelBookingSystemSolution\\HotelBookingSystemAPIBLTests\\bin\\Debug\\net6.0\\fine-code-coverage\\build-output\\HotelBookingSystemAPIBLTests.dll","CodeFilePath":null,"LineNumber":0,"Properties":[{"Key":{"Id":"NUnit.Seed","Label":"Seed","Category":"","Description":"","Attributes":0,"ValueType":"System.String"},"Value":"323268332"}]},"Attachments":[],"Outcome":1,"ErrorMessage":null,"ErrorStackTrace":null,"DisplayName":"RegisterRoomTypeFailTest","Messages":[],"ComputerName":"853CBX3","Duration":"00:00:00.0013300","StartTime":"2024-05-30T11:34:20.1313547+00:00","EndTime":"2024-05-30T11:34:20.1326846+00:00","Properties":[{"Key":{"Id":"NUnit.Seed","Label":"Seed","Category":"","Description":"","Attributes":0,"ValueType":"System.String"},"Value":"323268332"}]},{"TestCase":{"Id":"37c533fc-8256-4cbf-8881-e0a3cf903799","FullyQualifiedName":"HotelBookingSystemAPIBLTests.AdminRoomServiceTests.RegisterRoomTypePassTest","DisplayName":"RegisterRoomTypePassTest","ExecutorUri":"executor://NUnit3TestExecutor","Source":"C:\\MiniProject\\HotelBookingSystemSolution\\HotelBookingSystemAPIBLTests\\bin\\Debug\\net6.0\\fine-code-coverage\\build-output\\HotelBookingSystemAPIBLTests.dll","CodeFilePath":null,"LineNumber":0,"Properties":[{"Key":{"Id":"NUnit.Seed","Label":"Seed","Category":"","Description":"","Attributes":0,"ValueType":"System.String"},"Value":"1174363347"}]},"Attachments":[],"Outcome":1,"ErrorMessage":null,"ErrorStackTrace":null,"DisplayName":"RegisterRoomTypePassTest","Messages":[],"ComputerName":"853CBX3","Duration":"00:00:00.0011070","StartTime":"2024-05-30T11:34:20.132703+00:00","EndTime":"2024-05-30T11:34:20.13381+00:00","Properties":[{"Key":{"Id":"NUnit.Seed","Label":"Seed","Category":"","Description":"","Attributes":0,"ValueType":"System.String"},"Value":"1174363347"}]},{"TestCase":{"Id":"dae9e568-e993-4659-ee1c-b9b9703af52b","FullyQualifiedName":"HotelBookingSystemAPIBLTests.AdminRoomServiceTests.UpdateHotelExceptionTest","DisplayName":"UpdateHotelExceptionTest","ExecutorUri":"executor://NUnit3TestExecutor","Source":"C:\\MiniProject\\HotelBookingSystemSolution\\HotelBookingSystemAPIBLTests\\bin\\Debug\\net6.0\\fine-code-coverage\\build-output\\HotelBookingSystemAPIBLTests.dll","CodeFilePath":null,"LineNumber":0,"Properties":[{"Key":{"Id":"NUnit.Seed","Label":"Seed","Category":"","Description":"","Attributes":0,"ValueType":"System.String"},"Value":"398888087"}]},"Attachments":[],"Outcome":1,"ErrorMessage":null,"ErrorStackTrace":null,"DisplayName":"UpdateHotelExceptionTest","Messages":[],"ComputerName":"853CBX3","Duration":"00:00:00.0427940","StartTime":"2024-05-30T11:34:20.1338278+00:00","EndTime":"2024-05-30T11:34:20.1766212+00:00","Properties":[{"Key":{"Id":"NUnit.Seed","Label":"Seed","Category":"","Description":"","Attributes":0,"ValueType":"System.String"},"Value":"398888087"}]},{"TestCase":{"Id":"301b6332-406d-4624-a62a-324b28bd9171","FullyQualifiedName":"HotelBookingSystemAPIBLTests.AdminRoomServiceTests.UpdateRoomImagesFailTest","DisplayName":"UpdateRoomImagesFailTest","ExecutorUri":"executor://NUnit3TestExecutor","Source":"C:\\MiniProject\\HotelBookingSystemSolution\\HotelBookingSystemAPIBLTests\\bin\\Debug\\net6.0\\fine-code-coverage\\build-output\\HotelBookingSystemAPIBLTests.dll","CodeFilePath":null,"LineNumber":0,"Properties":[{"Key":{"Id":"NUnit.Seed","Label":"Seed","Category":"","Description":"","Attributes":0,"ValueType":"System.String"},"Value":"1784753170"}]},"Attachments":[],"Outcome":2,"ErrorMessage":"  Expected: <HotelBookingSystemAPI.CustomExceptions.ObjectNotAvailableException>\r\n  But was:  null\r\n","ErrorStackTrace":"   at HotelBookingSystemAPIBLTests.AdminRoomServiceTests.UpdateRoomImagesFailTest() in C:\\MiniProject\\HotelBookingSystemSolution\\HotelBookingSystemAPIBLTests\\AdminRoomServiceTests.cs:line 150\r\n   at NUnit.Framework.Internal.TaskAwaitAdapter.GenericAdapter`1.GetResult()\r\n   at NUnit.Framework.Internal.AsyncToSyncAdapter.Await(Func`1 invoke)\r\n   at NUnit.Framework.Internal.Commands.TestMethodCommand.RunTestMethod(TestExecutionContext context)\r\n   at NUnit.Framework.Internal.Commands.TestMethodCommand.Execute(TestExecutionContext context)\r\n   at NUnit.Framework.Internal.Commands.BeforeAndAfterTestCommand.<>c__DisplayClass1_0.<Execute>b__0()\r\n   at NUnit.Framework.Internal.Commands.DelegatingTestCommand.RunTestMethodInThreadAbortSafeZone(TestExecutionContext context, Action action)\r\n\n1)    at HotelBookingSystemAPIBLTests.AdminRoomServiceTests.UpdateRoomImagesFailTest() in C:\\MiniProject\\HotelBookingSystemSolution\\HotelBookingSystemAPIBLTests\\AdminRoomServiceTests.cs:line 150\r\n   at System.Runtime.CompilerServices.AsyncMethodBuilderCore.Start[TStateMachine](TStateMachine& stateMachine)\r\n   at HotelBookingSystemAPIBLTests.AdminRoomServiceTests.UpdateRoomImagesFailTest()\r\n\n","DisplayName":"UpdateRoomImagesFailTest","Messages":[],"ComputerName":"853CBX3","Duration":"00:00:00.0383260","StartTime":"2024-05-30T11:34:20.1766604+00:00","EndTime":"2024-05-30T11:34:20.2149862+00:00","Properties":[{"Key":{"Id":"NUnit.Seed","Label":"Seed","Category":"","Description":"","Attributes":0,"ValueType":"System.String"},"Value":"1784753170"}]},{"TestCase":{"Id":"e081c7f1-766a-246f-7d6e-46e357f75c50","FullyQualifiedName":"HotelBookingSystemAPIBLTests.AdminRoomServiceTests.UpdateRoomImagesPassTest","DisplayName":"UpdateRoomImagesPassTest","ExecutorUri":"executor://NUnit3TestExecutor","Source":"C:\\MiniProject\\HotelBookingSystemSolution\\HotelBookingSystemAPIBLTests\\bin\\Debug\\net6.0\\fine-code-coverage\\build-output\\HotelBookingSystemAPIBLTests.dll","CodeFilePath":null,"LineNumber":0,"Properties":[{"Key":{"Id":"NUnit.Seed","Label":"Seed","Category":"","Description":"","Attributes":0,"ValueType":"System.String"},"Value":"1175051083"}]},"Attachments":[],"Outcome":1,"ErrorMessage":null,"ErrorStackTrace":null,"DisplayName":"UpdateRoomImagesPassTest","Messages":[],"ComputerName":"853CBX3","Duration":"00:00:00.0029150","StartTime":"2024-05-30T11:34:20.2150175+00:00","EndTime":"2024-05-30T11:34:20.2179324+00:00","Properties":[{"Key":{"Id":"NUnit.Seed","Label":"Seed","Category":"","Description":"","Attributes":0,"ValueType":"System.String"},"Value":"1175051083"}]},{"TestCase":{"Id":"2b449125-da9e-eb5d-b317-eac5503517b5","FullyQualifiedName":"HotelBookingSystemAPIBLTests.AdminRoomServiceTests.UpdateRoomStatusFailTest","DisplayName":"UpdateRoomStatusFailTest","ExecutorUri":"executor://NUnit3TestExecutor","Source":"C:\\MiniProject\\HotelBookingSystemSolution\\HotelBookingSystemAPIBLTests\\bin\\Debug\\net6.0\\fine-code-coverage\\build-output\\HotelBookingSystemAPIBLTests.dll","CodeFilePath":null,"LineNumber":0,"Properties":[{"Key":{"Id":"NUnit.Seed","Label":"Seed","Category":"","Description":"","Attributes":0,"ValueType":"System.String"},"Value":"1372696081"}]},"Attachments":[],"Outcome":2,"ErrorMessage":"  Expected: <HotelBookingSystemAPI.CustomExceptions.ObjectNotAvailableException>\r\n  But was:  null\r\n","ErrorStackTrace":"   at HotelBookingSystemAPIBLTests.AdminRoomServiceTests.UpdateRoomStatusFailTest() in C:\\MiniProject\\HotelBookingSystemSolution\\HotelBookingSystemAPIBLTests\\AdminRoomServiceTests.cs:line 177\r\n   at NUnit.Framework.Internal.TaskAwaitAdapter.GenericAdapter`1.GetResult()\r\n   at NUnit.Framework.Internal.AsyncToSyncAdapter.Await(Func`1 invoke)\r\n   at NUnit.Framework.Internal.Commands.TestMethodCommand.RunTestMethod(TestExecutionContext context)\r\n   at NUnit.Framework.Internal.Commands.TestMethodCommand.Execute(TestExecutionContext context)\r\n   at NUnit.Framework.Internal.Commands.BeforeAndAfterTestCommand.<>c__DisplayClass1_0.<Execute>b__0()\r\n   at NUnit.Framework.Internal.Commands.DelegatingTestCommand.RunTestMethodInThreadAbortSafeZone(TestExecutionContext context, Action action)\r\n\n1)    at HotelBookingSystemAPIBLTests.AdminRoomServiceTests.UpdateRoomStatusFailTest() in C:\\MiniProject\\HotelBookingSystemSolution\\HotelBookingSystemAPIBLTests\\AdminRoomServiceTests.cs:line 177\r\n   at System.Runtime.CompilerServices.AsyncMethodBuilderCore.Start[TStateMachine](TStateMachine& stateMachine)\r\n   at HotelBookingSystemAPIBLTests.AdminRoomServiceTests.UpdateRoomStatusFailTest()\r\n\n","DisplayName":"UpdateRoomStatusFailTest","Messages":[],"ComputerName":"853CBX3","Duration":"00:00:00.0066310","StartTime":"2024-05-30T11:34:20.2179613+00:00","EndTime":"2024-05-30T11:34:20.2245915+00:00","Properties":[{"Key":{"Id":"NUnit.Seed","Label":"Seed","Category":"","Description":"","Attributes":0,"ValueType":"System.String"},"Value":"1372696081"}]},{"TestCase":{"Id":"ab9f952c-fec6-1548-a27a-04581d3c57a5","FullyQualifiedName":"HotelBookingSystemAPIBLTests.AdminRoomServiceTests.UpdateRoomStatusPassTest","DisplayName":"UpdateRoomStatusPassTest","ExecutorUri":"executor://NUnit3TestExecutor","Source":"C:\\MiniProject\\HotelBookingSystemSolution\\HotelBookingSystemAPIBLTests\\bin\\Debug\\net6.0\\fine-code-coverage\\build-output\\HotelBookingSystemAPIBLTests.dll","CodeFilePath":null,"LineNumber":0,"Properties":[{"Key":{"Id":"NUnit.Seed","Label":"Seed","Category":"","Description":"","Attributes":0,"ValueType":"System.String"},"Value":"1400191905"}]},"Attachments":[],"Outcome":1,"ErrorMessage":null,"ErrorStackTrace":null,"DisplayName":"UpdateRoomStatusPassTest","Messages":[],"ComputerName":"853CBX3","Duration":"00:00:00.0029979","StartTime":"2024-05-30T11:34:20.2246435+00:00","EndTime":"2024-05-30T11:34:20.2276413+00:00","Properties":[{"Key":{"Id":"NUnit.Seed","Label":"Seed","Category":"","Description":"","Attributes":0,"ValueType":"System.String"},"Value":"1400191905"}]}],"TestRunStatistics":{"ExecutedTests":22,"Stats":{"Passed":17,"Failed":5}},"ActiveTests":[{"Id":"85772b64-03b9-7994-b003-ed50600b8ed3","FullyQualifiedName":"HotelBookingSystemAPIBLTests.AdminRoomServiceTests.UpdateRoomTypeFailTest","DisplayName":"UpdateRoomTypeFailTest","ExecutorUri":"executor://NUnit3TestExecutor","Source":"C:\\MiniProject\\HotelBookingSystemSolution\\HotelBookingSystemAPIBLTests\\bin\\Debug\\net6.0\\fine-code-coverage\\build-output\\HotelBookingSystemAPIBLTests.dll","CodeFilePath":null,"LineNumber":0,"Properties":[{"Key":{"Id":"NUnit.Seed","Label":"Seed","Category":"","Description":"","Attributes":0,"ValueType":"System.String"},"Value":"768712539"}]}]}}
TpTrace Verbose: 0 : 15944, 13, 2024/05/30, 17:04:20.235, 4698920320970, vstest.console.dll, TestRunRequest:SendTestRunStatsChange: Starting.
TpTrace Verbose: 0 : 15944, 13, 2024/05/30, 17:04:20.235, 4698920322347, vstest.console.dll, InProgress is UpdateRoomTypeFailTest
TpTrace Verbose: 0 : 15944, 13, 2024/05/30, 17:04:20.235, 4698920323674, vstest.console.dll, MulticastDelegateUtilities.SafeInvoke: TestRun.RunStatsChanged: Invoking callbacks was skipped because there are no subscribers.
TpTrace Verbose: 0 : 15944, 4, 2024/05/30, 17:04:20.235, 4698920324351, vstest.console.dll, MulticastDelegateUtilities.SafeInvoke: InternalTestLoggerEvents.SendTestResult: Invoking callback 1/1 for Microsoft.VisualStudio.TestPlatform.CommandLine.Internal.ConsoleLogger., took 0 ms.
TpTrace Information: 0 : 15944, 13, 2024/05/30, 17:04:20.235, 4698920324567, vstest.console.dll, TestRunRequest:SendTestRunStatsChange: Completed.
TpTrace Verbose: 0 : 15944, 4, 2024/05/30, 17:04:20.235, 4698920325355, vstest.console.dll, MulticastDelegateUtilities.SafeInvoke: InternalTestLoggerEvents.SendTestResult: Invoking callback 1/1 for Microsoft.VisualStudio.TestPlatform.CommandLine.Internal.ConsoleLogger., took 0 ms.
TpTrace Verbose: 0 : 15944, 13, 2024/05/30, 17:04:20.235, 4698920327047, vstest.console.dll, MulticastDelegateUtilities.SafeInvoke: LengthPrefixCommunicationChannel: MessageReceived: Invoking callback 1/1 for Microsoft.VisualStudio.TestPlatform.CommunicationUtilities.TestRequestSender+<>c__DisplayClass34_0., took 3 ms.
TpTrace Verbose: 0 : 15944, 4, 2024/05/30, 17:04:20.235, 4698920327806, vstest.console.dll, MulticastDelegateUtilities.SafeInvoke: InternalTestLoggerEvents.SendTestResult: Invoking callback 1/1 for Microsoft.VisualStudio.TestPlatform.CommandLine.Internal.ConsoleLogger., took 0 ms.
TpTrace Verbose: 0 : 15944, 13, 2024/05/30, 17:04:20.235, 4698920328497, vstest.console.dll, TcpClientExtensions.MessageLoopAsync: Polling on remoteEndPoint: 127.0.0.1:55138 localEndPoint: 127.0.0.1:55137 after 126 ms
TpTrace Verbose: 0 : 15944, 4, 2024/05/30, 17:04:20.236, 4698920330050, vstest.console.dll, MulticastDelegateUtilities.SafeInvoke: InternalTestLoggerEvents.SendTestResult: Invoking callback 1/1 for Microsoft.VisualStudio.TestPlatform.CommandLine.Internal.ConsoleLogger., took 0 ms.
TpTrace Verbose: 0 : 15944, 4, 2024/05/30, 17:04:20.236, 4698920331048, vstest.console.dll, MulticastDelegateUtilities.SafeInvoke: InternalTestLoggerEvents.SendTestResult: Invoking callback 1/1 for Microsoft.VisualStudio.TestPlatform.CommandLine.Internal.ConsoleLogger., took 0 ms.
TpTrace Verbose: 0 : 15944, 4, 2024/05/30, 17:04:20.236, 4698920333404, vstest.console.dll, MulticastDelegateUtilities.SafeInvoke: InternalTestLoggerEvents.SendTestResult: Invoking callback 1/1 for Microsoft.VisualStudio.TestPlatform.CommandLine.Internal.ConsoleLogger., took 0 ms.
TpTrace Verbose: 0 : 15944, 4, 2024/05/30, 17:04:20.237, 4698920344546, vstest.console.dll, MulticastDelegateUtilities.SafeInvoke: InternalTestLoggerEvents.SendTestResult: Invoking callback 1/1 for Microsoft.VisualStudio.TestPlatform.CommandLine.Internal.ConsoleLogger., took 1 ms.
TpTrace Verbose: 0 : 15944, 4, 2024/05/30, 17:04:20.237, 4698920348299, vstest.console.dll, MulticastDelegateUtilities.SafeInvoke: InternalTestLoggerEvents.SendTestResult: Invoking callback 1/1 for Microsoft.VisualStudio.TestPlatform.CommandLine.Internal.ConsoleLogger., took 0 ms.
TpTrace Verbose: 0 : 15944, 4, 2024/05/30, 17:04:20.238, 4698920349362, vstest.console.dll, MulticastDelegateUtilities.SafeInvoke: InternalTestLoggerEvents.SendTestResult: Invoking callback 1/1 for Microsoft.VisualStudio.TestPlatform.CommandLine.Internal.ConsoleLogger., took 0 ms.
TpTrace Verbose: 0 : 15944, 13, 2024/05/30, 17:04:20.323, 4698921207358, vstest.console.dll, TcpClientExtensions.MessageLoopAsync: NotifyDataAvailable remoteEndPoint: 127.0.0.1:55138 localEndPoint: 127.0.0.1:55137
TpTrace Verbose: 0 : 15944, 13, 2024/05/30, 17:04:20.324, 4698921213653, vstest.console.dll, TestRequestSender.OnExecutionMessageReceived: Received message: {"Version":7,"MessageType":"TestExecution.StatsChange","Payload":{"NewTestResults":[{"TestCase":{"Id":"85772b64-03b9-7994-b003-ed50600b8ed3","FullyQualifiedName":"HotelBookingSystemAPIBLTests.AdminRoomServiceTests.UpdateRoomTypeFailTest","DisplayName":"UpdateRoomTypeFailTest","ExecutorUri":"executor://NUnit3TestExecutor","Source":"C:\\MiniProject\\HotelBookingSystemSolution\\HotelBookingSystemAPIBLTests\\bin\\Debug\\net6.0\\fine-code-coverage\\build-output\\HotelBookingSystemAPIBLTests.dll","CodeFilePath":null,"LineNumber":0,"Properties":[{"Key":{"Id":"NUnit.Seed","Label":"Seed","Category":"","Description":"","Attributes":0,"ValueType":"System.String"},"Value":"768712539"}]},"Attachments":[],"Outcome":2,"ErrorMessage":"  Expected: <System.Exception>\r\n  But was:  <HotelBookingSystemAPI.CustomExceptions.ObjectNotAvailableException: RoomType Not available!\r\n   at HotelBookingSystemAPI.Repositories.RoomTypeRepository.Get(Int32 key) in C:\\MiniProject\\HotelBookingSystemSolution\\HotelBookingSystemAPI\\Repositories\\RoomTypeRepository.cs:line 46\r\n   at HotelBookingSystemAPI.Services.AdminRoomService.UpdateRoomTypeByAttribute(UpdateRoomTypeDTO updateDTO) in C:\\MiniProject\\HotelBookingSystemSolution\\HotelBookingSystemAPI\\Services\\AdminRoomService.cs:line 86\r\n   at NUnit.Framework.Internal.TaskAwaitAdapter.GenericAdapter`1.GetResult()\r\n   at NUnit.Framework.Internal.AsyncToSyncAdapter.Await(Func`1 invoke)\r\n   at NUnit.Framework.Assert.ThrowsAsync(IResolveConstraint expression, AsyncTestDelegate code, String message, Object[] args)>\r\n","ErrorStackTrace":"   at HotelBookingSystemAPIBLTests.AdminRoomServiceTests.UpdateRoomTypeFailTest() in C:\\MiniProject\\HotelBookingSystemSolution\\HotelBookingSystemAPIBLTests\\AdminRoomServiceTests.cs:line 205\r\n   at NUnit.Framework.Internal.TaskAwaitAdapter.GenericAdapter`1.GetResult()\r\n   at NUnit.Framework.Internal.AsyncToSyncAdapter.Await(Func`1 invoke)\r\n   at NUnit.Framework.Internal.Commands.TestMethodCommand.RunTestMethod(TestExecutionContext context)\r\n   at NUnit.Framework.Internal.Commands.TestMethodCommand.Execute(TestExecutionContext context)\r\n   at NUnit.Framework.Internal.Commands.BeforeAndAfterTestCommand.<>c__DisplayClass1_0.<Execute>b__0()\r\n   at NUnit.Framework.Internal.Commands.DelegatingTestCommand.RunTestMethodInThreadAbortSafeZone(TestExecutionContext context, Action action)\r\n\n1)    at HotelBookingSystemAPIBLTests.AdminRoomServiceTests.UpdateRoomTypeFailTest() in C:\\MiniProject\\HotelBookingSystemSolution\\HotelBookingSystemAPIBLTests\\AdminRoomServiceTests.cs:line 205\r\n   at System.Runtime.CompilerServices.AsyncMethodBuilderCore.Start[TStateMachine](TStateMachine& stateMachine)\r\n   at HotelBookingSystemAPIBLTests.AdminRoomServiceTests.UpdateRoomTypeFailTest()\r\n\n","DisplayName":"UpdateRoomTypeFailTest","Messages":[],"ComputerName":"853CBX3","Duration":"00:00:00.0047630","StartTime":"2024-05-30T11:34:20.2276668+00:00","EndTime":"2024-05-30T11:34:20.2324292+00:00","Properties":[{"Key":{"Id":"NUnit.Seed","Label":"Seed","Category":"","Description":"","Attributes":0,"ValueType":"System.String"},"Value":"768712539"}]},{"TestCase":{"Id":"6e5e6674-16b8-14df-36ce-b86cec9e89ac","FullyQualifiedName":"HotelBookingSystemAPIBLTests.AdminRoomServiceTests.UpdateRoomTypePassTest","DisplayName":"UpdateRoomTypePassTest","ExecutorUri":"executor://NUnit3TestExecutor","Source":"C:\\MiniProject\\HotelBookingSystemSolution\\HotelBookingSystemAPIBLTests\\bin\\Debug\\net6.0\\fine-code-coverage\\build-output\\HotelBookingSystemAPIBLTests.dll","CodeFilePath":null,"LineNumber":0,"Properties":[{"Key":{"Id":"NUnit.Seed","Label":"Seed","Category":"","Description":"","Attributes":0,"ValueType":"System.String"},"Value":"610240401"}]},"Attachments":[],"Outcome":1,"ErrorMessage":null,"ErrorStackTrace":null,"DisplayName":"UpdateRoomTypePassTest","Messages":[],"ComputerName":"853CBX3","Duration":"00:00:00.0028180","StartTime":"2024-05-30T11:34:20.2324975+00:00","EndTime":"2024-05-30T11:34:20.2353155+00:00","Properties":[{"Key":{"Id":"NUnit.Seed","Label":"Seed","Category":"","Description":"","Attributes":0,"ValueType":"System.String"},"Value":"610240401"}]},{"TestCase":{"Id":"825def8e-3db0-a1ef-f8e1-7b7e454f7324","FullyQualifiedName":"HotelBookingSystemAPIBLTests.GuestBookingServiceTests.CalculateRefundPassTest","DisplayName":"CalculateRefundPassTest","ExecutorUri":"executor://NUnit3TestExecutor","Source":"C:\\MiniProject\\HotelBookingSystemSolution\\HotelBookingSystemAPIBLTests\\bin\\Debug\\net6.0\\fine-code-coverage\\build-output\\HotelBookingSystemAPIBLTests.dll","CodeFilePath":null,"LineNumber":0,"Properties":[{"Key":{"Id":"NUnit.Seed","Label":"Seed","Category":"","Description":"","Attributes":0,"ValueType":"System.String"},"Value":"244503233"}]},"Attachments":[],"Outcome":1,"ErrorMessage":null,"ErrorStackTrace":null,"DisplayName":"CalculateRefundPassTest","Messages":[],"ComputerName":"853CBX3","Duration":"00:00:00.0312610","StartTime":"2024-05-30T11:34:20.2487964+00:00","EndTime":"2024-05-30T11:34:20.2800548+00:00","Properties":[{"Key":{"Id":"NUnit.Seed","Label":"Seed","Category":"","Description":"","Attributes":0,"ValueType":"System.String"},"Value":"244503233"}]},{"TestCase":{"Id":"de55f0c6-ed4e-4a44-bbf7-69a8ca735480","FullyQualifiedName":"HotelBookingSystemAPIBLTests.GuestBookingServiceTests.GetMyBookingFailTest","DisplayName":"GetMyBookingFailTest","ExecutorUri":"executor://NUnit3TestExecutor","Source":"C:\\MiniProject\\HotelBookingSystemSolution\\HotelBookingSystemAPIBLTests\\bin\\Debug\\net6.0\\fine-code-coverage\\build-output\\HotelBookingSystemAPIBLTests.dll","CodeFilePath":null,"LineNumber":0,"Properties":[{"Key":{"Id":"NUnit.Seed","Label":"Seed","Category":"","Description":"","Attributes":0,"ValueType":"System.String"},"Value":"474984227"}]},"Attachments":[],"Outcome":2,"ErrorMessage":"HotelBookingSystemAPI.CustomExceptions.ObjectAlreadyExistsException : User Already Exists!","ErrorStackTrace":"   at HotelBookingSystemAPI.Repositories.GuestRepository.Add(Guest item) in C:\\MiniProject\\HotelBookingSystemSolution\\HotelBookingSystemAPI\\Repositories\\GuestRepository.cs:line 19\r\n   at HotelBookingSystemAPIBLTests.GuestBookingServiceTests.Setup() in C:\\MiniProject\\HotelBookingSystemSolution\\HotelBookingSystemAPIBLTests\\GuestBookingServiceTests.cs:line 56\n","DisplayName":"GetMyBookingFailTest","Messages":[],"ComputerName":"853CBX3","Duration":"00:00:00.0017810","StartTime":"2024-05-30T11:34:20.2801003+00:00","EndTime":"2024-05-30T11:34:20.2818809+00:00","Properties":[{"Key":{"Id":"NUnit.Seed","Label":"Seed","Category":"","Description":"","Attributes":0,"ValueType":"System.String"},"Value":"474984227"}]},{"TestCase":{"Id":"df9255bb-2933-bce8-7c92-d0c82550dad6","FullyQualifiedName":"HotelBookingSystemAPIBLTests.GuestBookingServiceTests.GetMyBookingPassTest","DisplayName":"GetMyBookingPassTest","ExecutorUri":"executor://NUnit3TestExecutor","Source":"C:\\MiniProject\\HotelBookingSystemSolution\\HotelBookingSystemAPIBLTests\\bin\\Debug\\net6.0\\fine-code-coverage\\build-output\\HotelBookingSystemAPIBLTests.dll","CodeFilePath":null,"LineNumber":0,"Properties":[{"Key":{"Id":"NUnit.Seed","Label":"Seed","Category":"","Description":"","Attributes":0,"ValueType":"System.String"},"Value":"723372342"}]},"Attachments":[],"Outcome":2,"ErrorMessage":"HotelBookingSystemAPI.CustomExceptions.ObjectAlreadyExistsException : User Already Exists!","ErrorStackTrace":"   at HotelBookingSystemAPI.Repositories.GuestRepository.Add(Guest item) in C:\\MiniProject\\HotelBookingSystemSolution\\HotelBookingSystemAPI\\Repositories\\GuestRepository.cs:line 19\r\n   at HotelBookingSystemAPIBLTests.GuestBookingServiceTests.Setup() in C:\\MiniProject\\HotelBookingSystemSolution\\HotelBookingSystemAPIBLTests\\GuestBookingServiceTests.cs:line 56\n","DisplayName":"GetMyBookingPassTest","Messages":[],"ComputerName":"853CBX3","Duration":"00:00:00.0009170","StartTime":"2024-05-30T11:34:20.2819037+00:00","EndTime":"2024-05-30T11:34:20.2828203+00:00","Properties":[{"Key":{"Id":"NUnit.Seed","Label":"Seed","Category":"","Description":"","Attributes":0,"ValueType":"System.String"},"Value":"723372342"}]},{"TestCase":{"Id":"53fb7f94-9a91-f148-bd6f-d4e759b1bb87","FullyQualifiedName":"HotelBookingSystemAPIBLTests.GuestRatingServiceTests.DeleteRatingExceptionTest","DisplayName":"DeleteRatingExceptionTest","ExecutorUri":"executor://NUnit3TestExecutor","Source":"C:\\MiniProject\\HotelBookingSystemSolution\\HotelBookingSystemAPIBLTests\\bin\\Debug\\net6.0\\fine-code-coverage\\build-output\\HotelBookingSystemAPIBLTests.dll","CodeFilePath":null,"LineNumber":0,"Properties":[{"Key":{"Id":"NUnit.Seed","Label":"Seed","Category":"","Description":"","Attributes":0,"ValueType":"System.String"},"Value":"1428307506"}]},"Attachments":[],"Outcome":2,"ErrorMessage":"  Expected string length 20 but was 21. Strings differ at index 20.\r\n  Expected: \"Rating Not available\"\r\n  But was:  \"Rating Not available!\"\r\n  -------------------------------^\r\n","ErrorStackTrace":"   at HotelBookingSystemAPIBLTests.GuestRatingServiceTests.DeleteRatingExceptionTest() in C:\\MiniProject\\HotelBookingSystemSolution\\HotelBookingSystemAPIBLTests\\GuestRatingServiceTests.cs:line 60\r\n   at NUnit.Framework.Internal.TaskAwaitAdapter.GenericAdapter`1.GetResult()\r\n   at NUnit.Framework.Internal.AsyncToSyncAdapter.Await(Func`1 invoke)\r\n   at NUnit.Framework.Internal.Commands.TestMethodCommand.RunTestMethod(TestExecutionContext context)\r\n   at NUnit.Framework.Internal.Commands.TestMethodCommand.Execute(TestExecutionContext context)\r\n   at NUnit.Framework.Internal.Commands.BeforeAndAfterTestCommand.<>c__DisplayClass1_0.<Execute>b__0()\r\n   at NUnit.Framework.Internal.Commands.DelegatingTestCommand.RunTestMethodInThreadAbortSafeZone(TestExecutionContext context, Action action)\r\n\n1)    at HotelBookingSystemAPIBLTests.GuestRatingServiceTests.DeleteRatingExceptionTest() in C:\\MiniProject\\HotelBookingSystemSolution\\HotelBookingSystemAPIBLTests\\GuestRatingServiceTests.cs:line 60\r\n   at System.Runtime.CompilerServices.AsyncMethodBuilderCore.Start[TStateMachine](TStateMachine& stateMachine)\r\n   at HotelBookingSystemAPIBLTests.GuestRatingServiceTests.DeleteRatingExceptionTest()\r\n\n","DisplayName":"DeleteRatingExceptionTest","Messages":[],"ComputerName":"853CBX3","Duration":"00:00:00.0104930","StartTime":"2024-05-30T11:34:20.2830323+00:00","EndTime":"2024-05-30T11:34:20.2935242+00:00","Properties":[{"Key":{"Id":"NUnit.Seed","Label":"Seed","Category":"","Description":"","Attributes":0,"ValueType":"System.String"},"Value":"1428307506"}]},{"TestCase":{"Id":"5cbaedf5-8612-ec77-7986-cbd7cc586d39","FullyQualifiedName":"HotelBookingSystemAPIBLTests.GuestRatingServiceTests.DeleteRatingPassTest","DisplayName":"DeleteRatingPassTest","ExecutorUri":"executor://NUnit3TestExecutor","Source":"C:\\MiniProject\\HotelBookingSystemSolution\\HotelBookingSystemAPIBLTests\\bin\\Debug\\net6.0\\fine-code-coverage\\build-output\\HotelBookingSystemAPIBLTests.dll","CodeFilePath":null,"LineNumber":0,"Properties":[{"Key":{"Id":"NUnit.Seed","Label":"Seed","Category":"","Description":"","Attributes":0,"ValueType":"System.String"},"Value":"1346319055"}]},"Attachments":[],"Outcome":1,"ErrorMessage":null,"ErrorStackTrace":null,"DisplayName":"DeleteRatingPassTest","Messages":[],"ComputerName":"853CBX3","Duration":"00:00:00.0017370","StartTime":"2024-05-30T11:34:20.2935712+00:00","EndTime":"2024-05-30T11:34:20.2953085+00:00","Properties":[{"Key":{"Id":"NUnit.Seed","Label":"Seed","Category":"","Description":"","Attributes":0,"ValueType":"System.String"},"Value":"1346319055"}]},{"TestCase":{"Id":"5eeaa5c6-ce2e-a169-f771-a29fbdf2b306","FullyQualifiedName":"HotelBookingSystemAPIBLTests.GuestRatingServiceTests.ProvideRatingExceptionTest","DisplayName":"ProvideRatingExceptionTest","ExecutorUri":"executor://NUnit3TestExecutor","Source":"C:\\MiniProject\\HotelBookingSystemSolution\\HotelBookingSystemAPIBLTests\\bin\\Debug\\net6.0\\fine-code-coverage\\build-output\\HotelBookingSystemAPIBLTests.dll","CodeFilePath":null,"LineNumber":0,"Properties":[{"Key":{"Id":"NUnit.Seed","Label":"Seed","Category":"","Description":"","Attributes":0,"ValueType":"System.String"},"Value":"401515767"}]},"Attachments":[],"Outcome":2,"ErrorMessage":"  Expected: <HotelBookingSystemAPI.CustomExceptions.ObjectNotAvailableException>\r\n  But was:  <System.AggregateException: One or more errors occurred. (Hotel Not available!)\r\n ---> HotelBookingSystemAPI.CustomExceptions.ObjectNotAvailableException: Hotel Not available!\r\n   at HotelBookingSystemAPI.Repositories.HotelRepository.Get(Int32 key) in C:\\MiniProject\\HotelBookingSystemSolution\\HotelBookingSystemAPI\\Repositories\\HotelRepository.cs:line 45\r\n   --- End of inner exception stack trace ---\r\n   at System.Threading.Tasks.Task.ThrowIfExceptional(Boolean includeTaskCanceledExceptions)\r\n   at System.Threading.Tasks.Task`1.GetResultCore(Boolean waitCompletionNotification)\r\n   at System.Threading.Tasks.Task`1.get_Result()\r\n   at HotelBookingSystemAPI.Services.GuestRatingService.UpdateOverAllRating(Rating rating, Boolean val) in C:\\MiniProject\\HotelBookingSystemSolution\\HotelBookingSystemAPI\\Services\\GuestRatingService.cs:line 61\r\n   at HotelBookingSystemAPI.Services.GuestRatingService.ProvideRating(AddRatingDTO ratingDTO, Int32 loggedUser) in C:\\MiniProject\\HotelBookingSystemSolution\\HotelBookingSystemAPI\\Services\\GuestRatingService.cs:line 47\r\n   at NUnit.Framework.Internal.TaskAwaitAdapter.GenericAdapter`1.GetResult()\r\n   at NUnit.Framework.Internal.AsyncToSyncAdapter.Await(Func`1 invoke)\r\n   at NUnit.Framework.Assert.ThrowsAsync(IResolveConstraint expression, AsyncTestDelegate code, String message, Object[] args)>\r\n","ErrorStackTrace":"   at HotelBookingSystemAPIBLTests.GuestRatingServiceTests.ProvideRatingExceptionTest() in C:\\MiniProject\\HotelBookingSystemSolution\\HotelBookingSystemAPIBLTests\\GuestRatingServiceTests.cs:line 45\r\n   at NUnit.Framework.Internal.TaskAwaitAdapter.GenericAdapter`1.GetResult()\r\n   at NUnit.Framework.Internal.AsyncToSyncAdapter.Await(Func`1 invoke)\r\n   at NUnit.Framework.Internal.Commands.TestMethodCommand.RunTestMethod(TestExecutionContext context)\r\n   at NUnit.Framework.Internal.Commands.TestMethodCommand.Execute(TestExecutionContext context)\r\n   at NUnit.Framework.Internal.Commands.BeforeAndAfterTestCommand.<>c__DisplayClass1_0.<Execute>b__0()\r\n   at NUnit.Framework.Internal.Commands.DelegatingTestCommand.RunTestMethodInThreadAbortSafeZone(TestExecutionContext context, Action action)\r\n\n1)    at HotelBookingSystemAPIBLTests.GuestRatingServiceTests.ProvideRatingExceptionTest() in C:\\MiniProject\\HotelBookingSystemSolution\\HotelBookingSystemAPIBLTests\\GuestRatingServiceTests.cs:line 45\r\n   at System.Runtime.CompilerServices.AsyncMethodBuilderCore.Start[TStateMachine](TStateMachine& stateMachine)\r\n   at HotelBookingSystemAPIBLTests.GuestRatingServiceTests.ProvideRatingExceptionTest()\r\n\n","DisplayName":"ProvideRatingExceptionTest","Messages":[],"ComputerName":"853CBX3","Duration":"00:00:00.0189620","StartTime":"2024-05-30T11:34:20.2953347+00:00","EndTime":"2024-05-30T11:34:20.3142963+00:00","Properties":[{"Key":{"Id":"NUnit.Seed","Label":"Seed","Category":"","Description":"","Attributes":0,"ValueType":"System.String"},"Value":"401515767"}]},{"TestCase":{"Id":"5cf7d2e2-a08a-27ab-1bfd-4889d7eaf67b","FullyQualifiedName":"HotelBookingSystemAPIBLTests.GuestRatingServiceTests.ProvideRatingPassTest","DisplayName":"ProvideRatingPassTest","ExecutorUri":"executor://NUnit3TestExecutor","Source":"C:\\MiniProject\\HotelBookingSystemSolution\\HotelBookingSystemAPIBLTests\\bin\\Debug\\net6.0\\fine-code-coverage\\build-output\\HotelBookingSystemAPIBLTests.dll","CodeFilePath":null,"LineNumber":0,"Properties":[{"Key":{"Id":"NUnit.Seed","Label":"Seed","Category":"","Description":"","Attributes":0,"ValueType":"System.String"},"Value":"1222967615"}]},"Attachments":[],"Outcome":1,"ErrorMessage":null,"ErrorStackTrace":null,"DisplayName":"ProvideRatingPassTest","Messages":[],"ComputerName":"853CBX3","Duration":"00:00:00.0069630","StartTime":"2024-05-30T11:34:20.3143235+00:00","EndTime":"2024-05-30T11:34:20.3212857+00:00","Properties":[{"Key":{"Id":"NUnit.Seed","Label":"Seed","Category":"","Description":"","Attributes":0,"ValueType":"System.String"},"Value":"1222967615"}]}],"TestRunStatistics":{"ExecutedTests":31,"Stats":{"Passed":21,"Failed":10}},"ActiveTests":[{"Id":"4fa97871-eb83-62c3-f0f1-a0845d748d7a","FullyQualifiedName":"HotelBookingSystemAPIBLTests.GuestSearchServiceTests.GetAvailableRoomTypeByHotelFailTest","DisplayName":"GetAvailableRoomTypeByHotelFailTest","ExecutorUri":"executor://NUnit3TestExecutor","Source":"C:\\MiniProject\\HotelBookingSystemSolution\\HotelBookingSystemAPIBLTests\\bin\\Debug\\net6.0\\fine-code-coverage\\build-output\\HotelBookingSystemAPIBLTests.dll","CodeFilePath":null,"LineNumber":0,"Properties":[{"Key":{"Id":"NUnit.Seed","Label":"Seed","Category":"","Description":"","Attributes":0,"ValueType":"System.String"},"Value":"1836377394"}]}]}}
TpTrace Verbose: 0 : 15944, 13, 2024/05/30, 17:04:20.326, 4698921237004, vstest.console.dll, TestRunRequest:SendTestRunStatsChange: Starting.
TpTrace Verbose: 0 : 15944, 13, 2024/05/30, 17:04:20.326, 4698921238363, vstest.console.dll, InProgress is GetAvailableRoomTypeByHotelFailTest
TpTrace Verbose: 0 : 15944, 13, 2024/05/30, 17:04:20.327, 4698921239413, vstest.console.dll, MulticastDelegateUtilities.SafeInvoke: TestRun.RunStatsChanged: Invoking callbacks was skipped because there are no subscribers.
TpTrace Information: 0 : 15944, 13, 2024/05/30, 17:04:20.327, 4698921240934, vstest.console.dll, TestRunRequest:SendTestRunStatsChange: Completed.
TpTrace Verbose: 0 : 15944, 13, 2024/05/30, 17:04:20.327, 4698921241528, vstest.console.dll, MulticastDelegateUtilities.SafeInvoke: LengthPrefixCommunicationChannel: MessageReceived: Invoking callback 1/1 for Microsoft.VisualStudio.TestPlatform.CommunicationUtilities.TestRequestSender+<>c__DisplayClass34_0., took 2 ms.
TpTrace Verbose: 0 : 15944, 13, 2024/05/30, 17:04:20.327, 4698921242044, vstest.console.dll, TcpClientExtensions.MessageLoopAsync: Polling on remoteEndPoint: 127.0.0.1:55138 localEndPoint: 127.0.0.1:55137 after 91 ms
TpTrace Verbose: 0 : 15944, 4, 2024/05/30, 17:04:20.327, 4698921243886, vstest.console.dll, MulticastDelegateUtilities.SafeInvoke: InternalTestLoggerEvents.SendTestResult: Invoking callback 1/1 for Microsoft.VisualStudio.TestPlatform.CommandLine.Internal.ConsoleLogger., took 0 ms.
TpTrace Verbose: 0 : 15944, 4, 2024/05/30, 17:04:20.327, 4698921245420, vstest.console.dll, MulticastDelegateUtilities.SafeInvoke: InternalTestLoggerEvents.SendTestResult: Invoking callback 1/1 for Microsoft.VisualStudio.TestPlatform.CommandLine.Internal.ConsoleLogger., took 0 ms.
TpTrace Verbose: 0 : 15944, 4, 2024/05/30, 17:04:20.327, 4698921246628, vstest.console.dll, MulticastDelegateUtilities.SafeInvoke: InternalTestLoggerEvents.SendTestResult: Invoking callback 1/1 for Microsoft.VisualStudio.TestPlatform.CommandLine.Internal.ConsoleLogger., took 0 ms.
TpTrace Verbose: 0 : 15944, 4, 2024/05/30, 17:04:20.328, 4698921249913, vstest.console.dll, MulticastDelegateUtilities.SafeInvoke: InternalTestLoggerEvents.SendTestResult: Invoking callback 1/1 for Microsoft.VisualStudio.TestPlatform.CommandLine.Internal.ConsoleLogger., took 0 ms.
TpTrace Verbose: 0 : 15944, 4, 2024/05/30, 17:04:20.328, 4698921253155, vstest.console.dll, MulticastDelegateUtilities.SafeInvoke: InternalTestLoggerEvents.SendTestResult: Invoking callback 1/1 for Microsoft.VisualStudio.TestPlatform.CommandLine.Internal.ConsoleLogger., took 0 ms.
TpTrace Verbose: 0 : 15944, 4, 2024/05/30, 17:04:20.328, 4698921257255, vstest.console.dll, MulticastDelegateUtilities.SafeInvoke: InternalTestLoggerEvents.SendTestResult: Invoking callback 1/1 for Microsoft.VisualStudio.TestPlatform.CommandLine.Internal.ConsoleLogger., took 0 ms.
TpTrace Verbose: 0 : 15944, 4, 2024/05/30, 17:04:20.329, 4698921259071, vstest.console.dll, MulticastDelegateUtilities.SafeInvoke: InternalTestLoggerEvents.SendTestResult: Invoking callback 1/1 for Microsoft.VisualStudio.TestPlatform.CommandLine.Internal.ConsoleLogger., took 0 ms.
TpTrace Verbose: 0 : 15944, 4, 2024/05/30, 17:04:20.329, 4698921264069, vstest.console.dll, MulticastDelegateUtilities.SafeInvoke: InternalTestLoggerEvents.SendTestResult: Invoking callback 1/1 for Microsoft.VisualStudio.TestPlatform.CommandLine.Internal.ConsoleLogger., took 0 ms.
TpTrace Verbose: 0 : 15944, 4, 2024/05/30, 17:04:20.329, 4698921265320, vstest.console.dll, MulticastDelegateUtilities.SafeInvoke: InternalTestLoggerEvents.SendTestResult: Invoking callback 1/1 for Microsoft.VisualStudio.TestPlatform.CommandLine.Internal.ConsoleLogger., took 0 ms.
TpTrace Verbose: 0 : 15944, 13, 2024/05/30, 17:04:20.414, 4698922110540, vstest.console.dll, TcpClientExtensions.MessageLoopAsync: NotifyDataAvailable remoteEndPoint: 127.0.0.1:55138 localEndPoint: 127.0.0.1:55137
TpTrace Verbose: 0 : 15944, 13, 2024/05/30, 17:04:20.414, 4698922116349, vstest.console.dll, TestRequestSender.OnExecutionMessageReceived: Received message: {"Version":7,"MessageType":"TestExecution.StatsChange","Payload":{"NewTestResults":[{"TestCase":{"Id":"4fa97871-eb83-62c3-f0f1-a0845d748d7a","FullyQualifiedName":"HotelBookingSystemAPIBLTests.GuestSearchServiceTests.GetAvailableRoomTypeByHotelFailTest","DisplayName":"GetAvailableRoomTypeByHotelFailTest","ExecutorUri":"executor://NUnit3TestExecutor","Source":"C:\\MiniProject\\HotelBookingSystemSolution\\HotelBookingSystemAPIBLTests\\bin\\Debug\\net6.0\\fine-code-coverage\\build-output\\HotelBookingSystemAPIBLTests.dll","CodeFilePath":null,"LineNumber":0,"Properties":[{"Key":{"Id":"NUnit.Seed","Label":"Seed","Category":"","Description":"","Attributes":0,"ValueType":"System.String"},"Value":"1836377394"}]},"Attachments":[],"Outcome":2,"ErrorMessage":"  Expected: <HotelBookingSystemAPI.CustomExceptions.ObjectNotAvailableException>\r\n  But was:  <System.AggregateException: One or more errors occurred. (Hotel Not available!)\r\n ---> HotelBookingSystemAPI.CustomExceptions.ObjectNotAvailableException: Hotel Not available!\r\n   at HotelBookingSystemAPI.Repositories.HotelRepository.Get(Int32 key) in C:\\MiniProject\\HotelBookingSystemSolution\\HotelBookingSystemAPI\\Repositories\\HotelRepository.cs:line 45\r\n   --- End of inner exception stack trace ---\r\n   at System.Threading.Tasks.Task.ThrowIfExceptional(Boolean includeTaskCanceledExceptions)\r\n   at System.Threading.Tasks.Task`1.GetResultCore(Boolean waitCompletionNotification)\r\n   at System.Threading.Tasks.Task`1.get_Result()\r\n   at HotelBookingSystemAPI.Services.GuestSearchService.GetAvailableRoomTypesByHotel(SearchRoomsDTO searchRoomDTO) in C:\\MiniProject\\HotelBookingSystemSolution\\HotelBookingSystemAPI\\Services\\GuestSearchService.cs:line 48\r\n   at NUnit.Framework.Internal.TaskAwaitAdapter.GenericAdapter`1.GetResult()\r\n   at NUnit.Framework.Internal.AsyncToSyncAdapter.Await(Func`1 invoke)\r\n   at NUnit.Framework.Assert.ThrowsAsync(IResolveConstraint expression, AsyncTestDelegate code, String message, Object[] args)>\r\n","ErrorStackTrace":"   at HotelBookingSystemAPIBLTests.GuestSearchServiceTests.GetAvailableRoomTypeByHotelFailTest() in C:\\MiniProject\\HotelBookingSystemSolution\\HotelBookingSystemAPIBLTests\\GuestSearchServiceTests.cs:line 118\r\n   at NUnit.Framework.Internal.TaskAwaitAdapter.GenericAdapter`1.GetResult()\r\n   at NUnit.Framework.Internal.AsyncToSyncAdapter.Await(Func`1 invoke)\r\n   at NUnit.Framework.Internal.Commands.TestMethodCommand.RunTestMethod(TestExecutionContext context)\r\n   at NUnit.Framework.Internal.Commands.TestMethodCommand.Execute(TestExecutionContext context)\r\n   at NUnit.Framework.Internal.Commands.BeforeAndAfterTestCommand.<>c__DisplayClass1_0.<Execute>b__0()\r\n   at NUnit.Framework.Internal.Commands.DelegatingTestCommand.RunTestMethodInThreadAbortSafeZone(TestExecutionContext context, Action action)\r\n\n1)    at HotelBookingSystemAPIBLTests.GuestSearchServiceTests.GetAvailableRoomTypeByHotelFailTest() in C:\\MiniProject\\HotelBookingSystemSolution\\HotelBookingSystemAPIBLTests\\GuestSearchServiceTests.cs:line 118\r\n   at System.Runtime.CompilerServices.AsyncMethodBuilderCore.Start[TStateMachine](TStateMachine& stateMachine)\r\n   at HotelBookingSystemAPIBLTests.GuestSearchServiceTests.GetAvailableRoomTypeByHotelFailTest()\r\n\n","DisplayName":"GetAvailableRoomTypeByHotelFailTest","Messages":[],"ComputerName":"853CBX3","Duration":"00:00:00.0036860","StartTime":"2024-05-30T11:34:20.3214093+00:00","EndTime":"2024-05-30T11:34:20.3250952+00:00","Properties":[{"Key":{"Id":"NUnit.Seed","Label":"Seed","Category":"","Description":"","Attributes":0,"ValueType":"System.String"},"Value":"1836377394"}]},{"TestCase":{"Id":"cfb5b174-97d2-fcc4-f0b4-0b958c577785","FullyQualifiedName":"HotelBookingSystemAPIBLTests.GuestSearchServiceTests.GetAvailableRoomTypeByHotelPassTest","DisplayName":"GetAvailableRoomTypeByHotelPassTest","ExecutorUri":"executor://NUnit3TestExecutor","Source":"C:\\MiniProject\\HotelBookingSystemSolution\\HotelBookingSystemAPIBLTests\\bin\\Debug\\net6.0\\fine-code-coverage\\build-output\\HotelBookingSystemAPIBLTests.dll","CodeFilePath":null,"LineNumber":0,"Properties":[{"Key":{"Id":"NUnit.Seed","Label":"Seed","Category":"","Description":"","Attributes":0,"ValueType":"System.String"},"Value":"295159567"}]},"Attachments":[],"Outcome":1,"ErrorMessage":null,"ErrorStackTrace":null,"DisplayName":"GetAvailableRoomTypeByHotelPassTest","Messages":[],"ComputerName":"853CBX3","Duration":"00:00:00.0258340","StartTime":"2024-05-30T11:34:20.3251193+00:00","EndTime":"2024-05-30T11:34:20.3509531+00:00","Properties":[{"Key":{"Id":"NUnit.Seed","Label":"Seed","Category":"","Description":"","Attributes":0,"ValueType":"System.String"},"Value":"295159567"}]},{"TestCase":{"Id":"614882f9-91c6-0577-52ab-8c3f1827fcc1","FullyQualifiedName":"HotelBookingSystemAPIBLTests.GuestSearchServiceTests.GetDetailsOfRoomTypeFailTest","DisplayName":"GetDetailsOfRoomTypeFailTest","ExecutorUri":"executor://NUnit3TestExecutor","Source":"C:\\MiniProject\\HotelBookingSystemSolution\\HotelBookingSystemAPIBLTests\\bin\\Debug\\net6.0\\fine-code-coverage\\build-output\\HotelBookingSystemAPIBLTests.dll","CodeFilePath":null,"LineNumber":0,"Properties":[{"Key":{"Id":"NUnit.Seed","Label":"Seed","Category":"","Description":"","Attributes":0,"ValueType":"System.String"},"Value":"1622532655"}]},"Attachments":[],"Outcome":2,"ErrorMessage":"  Expected: <HotelBookingSystemAPI.CustomExceptions.ObjectNotAvailableException>\r\n  But was:  <System.NullReferenceException: Object reference not set to an instance of an object.\r\n   at HotelBookingSystemAPI.Services.GuestSearchService.GetDetailedDescriptionOfRoomType(Int32 hotelId, String roomType) in C:\\MiniProject\\HotelBookingSystemSolution\\HotelBookingSystemAPI\\Services\\GuestSearchService.cs:line 97\r\n   at NUnit.Framework.Internal.TaskAwaitAdapter.GenericAdapter`1.GetResult()\r\n   at NUnit.Framework.Internal.AsyncToSyncAdapter.Await(Func`1 invoke)\r\n   at NUnit.Framework.Assert.ThrowsAsync(IResolveConstraint expression, AsyncTestDelegate code, String message, Object[] args)>\r\n","ErrorStackTrace":"   at HotelBookingSystemAPIBLTests.GuestSearchServiceTests.GetDetailsOfRoomTypeFailTest() in C:\\MiniProject\\HotelBookingSystemSolution\\HotelBookingSystemAPIBLTests\\GuestSearchServiceTests.cs:line 96\r\n   at NUnit.Framework.Internal.TaskAwaitAdapter.GenericAdapter`1.GetResult()\r\n   at NUnit.Framework.Internal.AsyncToSyncAdapter.Await(Func`1 invoke)\r\n   at NUnit.Framework.Internal.Commands.TestMethodCommand.RunTestMethod(TestExecutionContext context)\r\n   at NUnit.Framework.Internal.Commands.TestMethodCommand.Execute(TestExecutionContext context)\r\n   at NUnit.Framework.Internal.Commands.BeforeAndAfterTestCommand.<>c__DisplayClass1_0.<Execute>b__0()\r\n   at NUnit.Framework.Internal.Commands.DelegatingTestCommand.RunTestMethodInThreadAbortSafeZone(TestExecutionContext context, Action action)\r\n\n1)    at HotelBookingSystemAPIBLTests.GuestSearchServiceTests.GetDetailsOfRoomTypeFailTest() in C:\\MiniProject\\HotelBookingSystemSolution\\HotelBookingSystemAPIBLTests\\GuestSearchServiceTests.cs:line 96\r\n   at System.Runtime.CompilerServices.AsyncMethodBuilderCore.Start[TStateMachine](TStateMachine& stateMachine)\r\n   at HotelBookingSystemAPIBLTests.GuestSearchServiceTests.GetDetailsOfRoomTypeFailTest()\r\n\n","DisplayName":"GetDetailsOfRoomTypeFailTest","Messages":[],"ComputerName":"853CBX3","Duration":"00:00:00.0137520","StartTime":"2024-05-30T11:34:20.3509898+00:00","EndTime":"2024-05-30T11:34:20.3647419+00:00","Properties":[{"Key":{"Id":"NUnit.Seed","Label":"Seed","Category":"","Description":"","Attributes":0,"ValueType":"System.String"},"Value":"1622532655"}]},{"TestCase":{"Id":"bbff4835-8375-d1f2-1f58-92c3df6dd285","FullyQualifiedName":"HotelBookingSystemAPIBLTests.GuestSearchServiceTests.GetDetailsOfRoomTypePassTest","DisplayName":"GetDetailsOfRoomTypePassTest","ExecutorUri":"executor://NUnit3TestExecutor","Source":"C:\\MiniProject\\HotelBookingSystemSolution\\HotelBookingSystemAPIBLTests\\bin\\Debug\\net6.0\\fine-code-coverage\\build-output\\HotelBookingSystemAPIBLTests.dll","CodeFilePath":null,"LineNumber":0,"Properties":[{"Key":{"Id":"NUnit.Seed","Label":"Seed","Category":"","Description":"","Attributes":0,"ValueType":"System.String"},"Value":"863183803"}]},"Attachments":[],"Outcome":1,"ErrorMessage":null,"ErrorStackTrace":null,"DisplayName":"GetDetailsOfRoomTypePassTest","Messages":[],"ComputerName":"853CBX3","Duration":"00:00:00.0008930","StartTime":"2024-05-30T11:34:20.3647701+00:00","EndTime":"2024-05-30T11:34:20.3656631+00:00","Properties":[{"Key":{"Id":"NUnit.Seed","Label":"Seed","Category":"","Description":"","Attributes":0,"ValueType":"System.String"},"Value":"863183803"}]},{"TestCase":{"Id":"ec96ad67-098f-1e58-1013-68ea7992ac7c","FullyQualifiedName":"HotelBookingSystemAPIBLTests.GuestSearchServiceTests.GetHotelRecommendationPassTest","DisplayName":"GetHotelRecommendationPassTest","ExecutorUri":"executor://NUnit3TestExecutor","Source":"C:\\MiniProject\\HotelBookingSystemSolution\\HotelBookingSystemAPIBLTests\\bin\\Debug\\net6.0\\fine-code-coverage\\build-output\\HotelBookingSystemAPIBLTests.dll","CodeFilePath":null,"LineNumber":0,"Properties":[{"Key":{"Id":"NUnit.Seed","Label":"Seed","Category":"","Description":"","Attributes":0,"ValueType":"System.String"},"Value":"1873345785"}]},"Attachments":[],"Outcome":1,"ErrorMessage":null,"ErrorStackTrace":null,"DisplayName":"GetHotelRecommendationPassTest","Messages":[],"ComputerName":"853CBX3","Duration":"00:00:00.0123970","StartTime":"2024-05-30T11:34:20.3656774+00:00","EndTime":"2024-05-30T11:34:20.3780741+00:00","Properties":[{"Key":{"Id":"NUnit.Seed","Label":"Seed","Category":"","Description":"","Attributes":0,"ValueType":"System.String"},"Value":"1873345785"}]},{"TestCase":{"Id":"1992b20c-3b61-19ca-d733-f466f5dd1be6","FullyQualifiedName":"HotelBookingSystemAPIBLTests.GuestSearchServiceTests.GetHotelsByFeaturesFailTest","DisplayName":"GetHotelsByFeaturesFailTest","ExecutorUri":"executor://NUnit3TestExecutor","Source":"C:\\MiniProject\\HotelBookingSystemSolution\\HotelBookingSystemAPIBLTests\\bin\\Debug\\net6.0\\fine-code-coverage\\build-output\\HotelBookingSystemAPIBLTests.dll","CodeFilePath":null,"LineNumber":0,"Properties":[{"Key":{"Id":"NUnit.Seed","Label":"Seed","Category":"","Description":"","Attributes":0,"ValueType":"System.String"},"Value":"1981865334"}]},"Attachments":[],"Outcome":1,"ErrorMessage":null,"ErrorStackTrace":null,"DisplayName":"GetHotelsByFeaturesFailTest","Messages":[],"ComputerName":"853CBX3","Duration":"00:00:00.0227130","StartTime":"2024-05-30T11:34:20.3781019+00:00","EndTime":"2024-05-30T11:34:20.4008148+00:00","Properties":[{"Key":{"Id":"NUnit.Seed","Label":"Seed","Category":"","Description":"","Attributes":0,"ValueType":"System.String"},"Value":"1981865334"}]},{"TestCase":{"Id":"af2d0210-6b0a-898d-5576-fbfcfd0af816","FullyQualifiedName":"HotelBookingSystemAPIBLTests.GuestSearchServiceTests.GetHotelsByFeaturesPassTest","DisplayName":"GetHotelsByFeaturesPassTest","ExecutorUri":"executor://NUnit3TestExecutor","Source":"C:\\MiniProject\\HotelBookingSystemSolution\\HotelBookingSystemAPIBLTests\\bin\\Debug\\net6.0\\fine-code-coverage\\build-output\\HotelBookingSystemAPIBLTests.dll","CodeFilePath":null,"LineNumber":0,"Properties":[{"Key":{"Id":"NUnit.Seed","Label":"Seed","Category":"","Description":"","Attributes":0,"ValueType":"System.String"},"Value":"1005798211"}]},"Attachments":[],"Outcome":1,"ErrorMessage":null,"ErrorStackTrace":null,"DisplayName":"GetHotelsByFeaturesPassTest","Messages":[],"ComputerName":"853CBX3","Duration":"00:00:00.0020770","StartTime":"2024-05-30T11:34:20.4008475+00:00","EndTime":"2024-05-30T11:34:20.402924+00:00","Properties":[{"Key":{"Id":"NUnit.Seed","Label":"Seed","Category":"","Description":"","Attributes":0,"ValueType":"System.String"},"Value":"1005798211"}]},{"TestCase":{"Id":"be676e1a-b789-9038-e777-a44847d1900c","FullyQualifiedName":"HotelBookingSystemAPIBLTests.GuestSearchServiceTests.GetHotelsByLocationFailTests","DisplayName":"GetHotelsByLocationFailTests","ExecutorUri":"executor://NUnit3TestExecutor","Source":"C:\\MiniProject\\HotelBookingSystemSolution\\HotelBookingSystemAPIBLTests\\bin\\Debug\\net6.0\\fine-code-coverage\\build-output\\HotelBookingSystemAPIBLTests.dll","CodeFilePath":null,"LineNumber":0,"Properties":[{"Key":{"Id":"NUnit.Seed","Label":"Seed","Category":"","Description":"","Attributes":0,"ValueType":"System.String"},"Value":"114798646"}]},"Attachments":[],"Outcome":2,"ErrorMessage":"  Expected string length 23 but was 24. Strings differ at index 8.\r\n  Expected: \"No hotel are available!\"\r\n  But was:  \"No hotels are available!\"\r\n  -------------------^\r\n","ErrorStackTrace":"   at HotelBookingSystemAPIBLTests.GuestSearchServiceTests.GetHotelsByLocationFailTests() in C:\\MiniProject\\HotelBookingSystemSolution\\HotelBookingSystemAPIBLTests\\GuestSearchServiceTests.cs:line 55\r\n   at NUnit.Framework.Internal.TaskAwaitAdapter.GenericAdapter`1.GetResult()\r\n   at NUnit.Framework.Internal.AsyncToSyncAdapter.Await(Func`1 invoke)\r\n   at NUnit.Framework.Internal.Commands.TestMethodCommand.RunTestMethod(TestExecutionContext context)\r\n   at NUnit.Framework.Internal.Commands.TestMethodCommand.Execute(TestExecutionContext context)\r\n   at NUnit.Framework.Internal.Commands.BeforeAndAfterTestCommand.<>c__DisplayClass1_0.<Execute>b__0()\r\n   at NUnit.Framework.Internal.Commands.DelegatingTestCommand.RunTestMethodInThreadAbortSafeZone(TestExecutionContext context, Action action)\r\n\n1)    at HotelBookingSystemAPIBLTests.GuestSearchServiceTests.GetHotelsByLocationFailTests() in C:\\MiniProject\\HotelBookingSystemSolution\\HotelBookingSystemAPIBLTests\\GuestSearchServiceTests.cs:line 55\r\n   at System.Runtime.CompilerServices.AsyncMethodBuilderCore.Start[TStateMachine](TStateMachine& stateMachine)\r\n   at HotelBookingSystemAPIBLTests.GuestSearchServiceTests.GetHotelsByLocationFailTests()\r\n\n","DisplayName":"GetHotelsByLocationFailTests","Messages":[],"ComputerName":"853CBX3","Duration":"00:00:00.0042180","StartTime":"2024-05-30T11:34:20.402958+00:00","EndTime":"2024-05-30T11:34:20.4071758+00:00","Properties":[{"Key":{"Id":"NUnit.Seed","Label":"Seed","Category":"","Description":"","Attributes":0,"ValueType":"System.String"},"Value":"114798646"}]},{"TestCase":{"Id":"b3e312c9-1acc-7474-0c7c-91ddc72750e7","FullyQualifiedName":"HotelBookingSystemAPIBLTests.GuestSearchServiceTests.GetHotelsByLocationPassTests","DisplayName":"GetHotelsByLocationPassTests","ExecutorUri":"executor://NUnit3TestExecutor","Source":"C:\\MiniProject\\HotelBookingSystemSolution\\HotelBookingSystemAPIBLTests\\bin\\Debug\\net6.0\\fine-code-coverage\\build-output\\HotelBookingSystemAPIBLTests.dll","CodeFilePath":null,"LineNumber":0,"Properties":[{"Key":{"Id":"NUnit.Seed","Label":"Seed","Category":"","Description":"","Attributes":0,"ValueType":"System.String"},"Value":"1103347329"}]},"Attachments":[],"Outcome":1,"ErrorMessage":null,"ErrorStackTrace":null,"DisplayName":"GetHotelsByLocationPassTests","Messages":[],"ComputerName":"853CBX3","Duration":"00:00:00.0020790","StartTime":"2024-05-30T11:34:20.4072051+00:00","EndTime":"2024-05-30T11:34:20.4092841+00:00","Properties":[{"Key":{"Id":"NUnit.Seed","Label":"Seed","Category":"","Description":"","Attributes":0,"ValueType":"System.String"},"Value":"1103347329"}]}],"TestRunStatistics":{"ExecutedTests":40,"Stats":{"Passed":27,"Failed":13}},"ActiveTests":[{"Id":"56babf30-6265-d705-23b8-6fc2882d99a4","FullyQualifiedName":"HotelBookingSystemAPIBLTests.GuestSearchServiceTests.GetHotelsByRatingFailTest","DisplayName":"GetHotelsByRatingFailTest","ExecutorUri":"executor://NUnit3TestExecutor","Source":"C:\\MiniProject\\HotelBookingSystemSolution\\HotelBookingSystemAPIBLTests\\bin\\Debug\\net6.0\\fine-code-coverage\\build-output\\HotelBookingSystemAPIBLTests.dll","CodeFilePath":null,"LineNumber":0,"Properties":[{"Key":{"Id":"NUnit.Seed","Label":"Seed","Category":"","Description":"","Attributes":0,"ValueType":"System.String"},"Value":"69897718"}]}]}}
TpTrace Verbose: 0 : 15944, 13, 2024/05/30, 17:04:20.416, 4698922132663, vstest.console.dll, TestRunRequest:SendTestRunStatsChange: Starting.
TpTrace Verbose: 0 : 15944, 13, 2024/05/30, 17:04:20.416, 4698922133493, vstest.console.dll, InProgress is GetHotelsByRatingFailTest
TpTrace Verbose: 0 : 15944, 13, 2024/05/30, 17:04:20.416, 4698922134125, vstest.console.dll, MulticastDelegateUtilities.SafeInvoke: TestRun.RunStatsChanged: Invoking callbacks was skipped because there are no subscribers.
TpTrace Information: 0 : 15944, 13, 2024/05/30, 17:04:20.416, 4698922134435, vstest.console.dll, TestRunRequest:SendTestRunStatsChange: Completed.
TpTrace Verbose: 0 : 15944, 13, 2024/05/30, 17:04:20.416, 4698922135763, vstest.console.dll, MulticastDelegateUtilities.SafeInvoke: LengthPrefixCommunicationChannel: MessageReceived: Invoking callback 1/1 for Microsoft.VisualStudio.TestPlatform.CommunicationUtilities.TestRequestSender+<>c__DisplayClass34_0., took 1 ms.
TpTrace Verbose: 0 : 15944, 13, 2024/05/30, 17:04:20.416, 4698922136867, vstest.console.dll, TcpClientExtensions.MessageLoopAsync: Polling on remoteEndPoint: 127.0.0.1:55138 localEndPoint: 127.0.0.1:55137 after 89 ms
TpTrace Verbose: 0 : 15944, 4, 2024/05/30, 17:04:20.417, 4698922139181, vstest.console.dll, MulticastDelegateUtilities.SafeInvoke: InternalTestLoggerEvents.SendTestResult: Invoking callback 1/1 for Microsoft.VisualStudio.TestPlatform.CommandLine.Internal.ConsoleLogger., took 0 ms.
TpTrace Verbose: 0 : 15944, 4, 2024/05/30, 17:04:20.417, 4698922140254, vstest.console.dll, MulticastDelegateUtilities.SafeInvoke: InternalTestLoggerEvents.SendTestResult: Invoking callback 1/1 for Microsoft.VisualStudio.TestPlatform.CommandLine.Internal.ConsoleLogger., took 0 ms.
TpTrace Verbose: 0 : 15944, 4, 2024/05/30, 17:04:20.417, 4698922143945, vstest.console.dll, MulticastDelegateUtilities.SafeInvoke: InternalTestLoggerEvents.SendTestResult: Invoking callback 1/1 for Microsoft.VisualStudio.TestPlatform.CommandLine.Internal.ConsoleLogger., took 0 ms.
TpTrace Verbose: 0 : 15944, 4, 2024/05/30, 17:04:20.417, 4698922145103, vstest.console.dll, MulticastDelegateUtilities.SafeInvoke: InternalTestLoggerEvents.SendTestResult: Invoking callback 1/1 for Microsoft.VisualStudio.TestPlatform.CommandLine.Internal.ConsoleLogger., took 0 ms.
TpTrace Verbose: 0 : 15944, 4, 2024/05/30, 17:04:20.417, 4698922145718, vstest.console.dll, MulticastDelegateUtilities.SafeInvoke: InternalTestLoggerEvents.SendTestResult: Invoking callback 1/1 for Microsoft.VisualStudio.TestPlatform.CommandLine.Internal.ConsoleLogger., took 0 ms.
TpTrace Verbose: 0 : 15944, 4, 2024/05/30, 17:04:20.417, 4698922146266, vstest.console.dll, MulticastDelegateUtilities.SafeInvoke: InternalTestLoggerEvents.SendTestResult: Invoking callback 1/1 for Microsoft.VisualStudio.TestPlatform.CommandLine.Internal.ConsoleLogger., took 0 ms.
TpTrace Verbose: 0 : 15944, 4, 2024/05/30, 17:04:20.417, 4698922146948, vstest.console.dll, MulticastDelegateUtilities.SafeInvoke: InternalTestLoggerEvents.SendTestResult: Invoking callback 1/1 for Microsoft.VisualStudio.TestPlatform.CommandLine.Internal.ConsoleLogger., took 0 ms.
TpTrace Verbose: 0 : 15944, 4, 2024/05/30, 17:04:20.418, 4698922149435, vstest.console.dll, MulticastDelegateUtilities.SafeInvoke: InternalTestLoggerEvents.SendTestResult: Invoking callback 1/1 for Microsoft.VisualStudio.TestPlatform.CommandLine.Internal.ConsoleLogger., took 0 ms.
TpTrace Verbose: 0 : 15944, 4, 2024/05/30, 17:04:20.418, 4698922150233, vstest.console.dll, MulticastDelegateUtilities.SafeInvoke: InternalTestLoggerEvents.SendTestResult: Invoking callback 1/1 for Microsoft.VisualStudio.TestPlatform.CommandLine.Internal.ConsoleLogger., took 0 ms.
TpTrace Verbose: 0 : 15944, 13, 2024/05/30, 17:04:20.458, 4698922552202, vstest.console.dll, TcpClientExtensions.MessageLoopAsync: NotifyDataAvailable remoteEndPoint: 127.0.0.1:55138 localEndPoint: 127.0.0.1:55137
TpTrace Verbose: 0 : 15944, 13, 2024/05/30, 17:04:20.458, 4698922554014, vstest.console.dll, TestRequestSender.OnExecutionMessageReceived: Received message: {"Version":7,"MessageType":"TestSession.Message","Payload":{"MessageLevel":0,"Message":"NUnit Adapter 4.4.0.0: Test execution complete"}}
TpTrace Verbose: 0 : 15944, 13, 2024/05/30, 17:04:20.458, 4698922555415, vstest.console.dll, TestRunRequest:SendTestRunMessage: Starting.
TpTrace Verbose: 0 : 15944, 13, 2024/05/30, 17:04:20.458, 4698922556020, vstest.console.dll, MulticastDelegateUtilities.SafeInvoke: TestRun.LogMessages: Invoking callback 1/1 for Microsoft.VisualStudio.TestPlatform.CommandLine.TestRunResultAggregator., took 0 ms.
TpTrace Verbose: 0 : 15944, 4, 2024/05/30, 17:04:20.458, 4698922556273, vstest.console.dll, MulticastDelegateUtilities.SafeInvoke: InternalTestLoggerEvents.SendTestRunMessage: Invoking callback 1/1 for Microsoft.VisualStudio.TestPlatform.CommandLine.Internal.ConsoleLogger., took 0 ms.
TpTrace Information: 0 : 15944, 13, 2024/05/30, 17:04:20.458, 4698922557798, vstest.console.dll, TestRunRequest:SendTestRunMessage: Completed.
TpTrace Verbose: 0 : 15944, 13, 2024/05/30, 17:04:20.459, 4698922558631, vstest.console.dll, MulticastDelegateUtilities.SafeInvoke: LengthPrefixCommunicationChannel: MessageReceived: Invoking callback 1/1 for Microsoft.VisualStudio.TestPlatform.CommunicationUtilities.TestRequestSender+<>c__DisplayClass34_0., took 0 ms.
TpTrace Verbose: 0 : 15944, 13, 2024/05/30, 17:04:20.459, 4698922559235, vstest.console.dll, TcpClientExtensions.MessageLoopAsync: Polling on remoteEndPoint: 127.0.0.1:55138 localEndPoint: 127.0.0.1:55137 after 42 ms
TpTrace Verbose: 0 : 15944, 13, 2024/05/30, 17:04:20.479, 4698922760110, vstest.console.dll, TcpClientExtensions.MessageLoopAsync: NotifyDataAvailable remoteEndPoint: 127.0.0.1:55138 localEndPoint: 127.0.0.1:55137
TpTrace Verbose: 0 : 15944, 13, 2024/05/30, 17:04:20.479, 4698922764526, vstest.console.dll, TestRequestSender.OnExecutionMessageReceived: Received message: {"Version":7,"MessageType":"TestExecution.Completed","Payload":{"TestRunCompleteArgs":{"TestRunStatistics":{"ExecutedTests":47,"Stats":{"Passed":32,"Failed":15}},"IsCanceled":false,"IsAborted":false,"Error":null,"AttachmentSets":[],"InvokedDataCollectors":[],"ElapsedTimeInRunningTests":"00:00:01.8620757","Metrics":{},"DiscoveredExtensions":{"TestDiscoverers":["NUnit.VisualStudio.TestAdapter.NUnit3TestDiscoverer, NUnit3.TestAdapter, Version=4.4.0.0, Culture=neutral, PublicKeyToken=4cb40d35494691ac"],"TestExecutors":["executor://NUnit3TestExecutor"],"TestExecutors2":[],"TestSettingsProviders":[]}},"LastRunTests":{"NewTestResults":[{"TestCase":{"Id":"56babf30-6265-d705-23b8-6fc2882d99a4","FullyQualifiedName":"HotelBookingSystemAPIBLTests.GuestSearchServiceTests.GetHotelsByRatingFailTest","DisplayName":"GetHotelsByRatingFailTest","ExecutorUri":"executor://NUnit3TestExecutor","Source":"C:\\MiniProject\\HotelBookingSystemSolution\\HotelBookingSystemAPIBLTests\\bin\\Debug\\net6.0\\fine-code-coverage\\build-output\\HotelBookingSystemAPIBLTests.dll","CodeFilePath":null,"LineNumber":0,"Properties":[{"Key":{"Id":"NUnit.Seed","Label":"Seed","Category":"","Description":"","Attributes":0,"ValueType":"System.String"},"Value":"69897718"}]},"Attachments":[],"Outcome":2,"ErrorMessage":"  Expected: <HotelBookingSystemAPI.CustomExceptions.ObjectsNotAvailableException>\r\n  But was:  null\r\n","ErrorStackTrace":"   at HotelBookingSystemAPIBLTests.GuestSearchServiceTests.GetHotelsByRatingFailTest() in C:\\MiniProject\\HotelBookingSystemSolution\\HotelBookingSystemAPIBLTests\\GuestSearchServiceTests.cs:line 68\r\n   at NUnit.Framework.Internal.TaskAwaitAdapter.GenericAdapter`1.GetResult()\r\n   at NUnit.Framework.Internal.AsyncToSyncAdapter.Await(Func`1 invoke)\r\n   at NUnit.Framework.Internal.Commands.TestMethodCommand.RunTestMethod(TestExecutionContext context)\r\n   at NUnit.Framework.Internal.Commands.TestMethodCommand.Execute(TestExecutionContext context)\r\n   at NUnit.Framework.Internal.Commands.BeforeAndAfterTestCommand.<>c__DisplayClass1_0.<Execute>b__0()\r\n   at NUnit.Framework.Internal.Commands.DelegatingTestCommand.RunTestMethodInThreadAbortSafeZone(TestExecutionContext context, Action action)\r\n\n1)    at HotelBookingSystemAPIBLTests.GuestSearchServiceTests.GetHotelsByRatingFailTest() in C:\\MiniProject\\HotelBookingSystemSolution\\HotelBookingSystemAPIBLTests\\GuestSearchServiceTests.cs:line 68\r\n   at System.Runtime.CompilerServices.AsyncMethodBuilderCore.Start[TStateMachine](TStateMachine& stateMachine)\r\n   at HotelBookingSystemAPIBLTests.GuestSearchServiceTests.GetHotelsByRatingFailTest()\r\n\n","DisplayName":"GetHotelsByRatingFailTest","Messages":[],"ComputerName":"853CBX3","Duration":"00:00:00.0143390","StartTime":"2024-05-30T11:34:20.4093163+00:00","EndTime":"2024-05-30T11:34:20.423655+00:00","Properties":[{"Key":{"Id":"NUnit.Seed","Label":"Seed","Category":"","Description":"","Attributes":0,"ValueType":"System.String"},"Value":"69897718"}]},{"TestCase":{"Id":"e3e3e89a-8c3a-1217-2a13-711735445a06","FullyQualifiedName":"HotelBookingSystemAPIBLTests.GuestSearchServiceTests.GetHotelsByRatingPassTest","DisplayName":"GetHotelsByRatingPassTest","ExecutorUri":"executor://NUnit3TestExecutor","Source":"C:\\MiniProject\\HotelBookingSystemSolution\\HotelBookingSystemAPIBLTests\\bin\\Debug\\net6.0\\fine-code-coverage\\build-output\\HotelBookingSystemAPIBLTests.dll","CodeFilePath":null,"LineNumber":0,"Properties":[{"Key":{"Id":"NUnit.Seed","Label":"Seed","Category":"","Description":"","Attributes":0,"ValueType":"System.String"},"Value":"1758010062"}]},"Attachments":[],"Outcome":1,"ErrorMessage":null,"ErrorStackTrace":null,"DisplayName":"GetHotelsByRatingPassTest","Messages":[],"ComputerName":"853CBX3","Duration":"00:00:00.0015910","StartTime":"2024-05-30T11:34:20.4236961+00:00","EndTime":"2024-05-30T11:34:20.4252866+00:00","Properties":[{"Key":{"Id":"NUnit.Seed","Label":"Seed","Category":"","Description":"","Attributes":0,"ValueType":"System.String"},"Value":"1758010062"}]},{"TestCase":{"Id":"cd8901c9-a241-f1fd-dad6-481c9bbd0a50","FullyQualifiedName":"HotelBookingSystemAPIBLTests.HotelEmployeeServiceTests.GetAllBookingDoneTodayExceptionTest","DisplayName":"GetAllBookingDoneTodayExceptionTest","ExecutorUri":"executor://NUnit3TestExecutor","Source":"C:\\MiniProject\\HotelBookingSystemSolution\\HotelBookingSystemAPIBLTests\\bin\\Debug\\net6.0\\fine-code-coverage\\build-output\\HotelBookingSystemAPIBLTests.dll","CodeFilePath":null,"LineNumber":0,"Properties":[{"Key":{"Id":"NUnit.Seed","Label":"Seed","Category":"","Description":"","Attributes":0,"ValueType":"System.String"},"Value":"2088132186"}]},"Attachments":[],"Outcome":2,"ErrorMessage":"  Expected: <HotelBookingSystemAPI.CustomExceptions.ObjectNotAvailableException>\r\n  But was:  null\r\n","ErrorStackTrace":"   at HotelBookingSystemAPIBLTests.HotelEmployeeServiceTests.GetAllBookingDoneTodayExceptionTest() in C:\\MiniProject\\HotelBookingSystemSolution\\HotelBookingSystemAPIBLTests\\HotelEmployeeServiceTests.cs:line 68\r\n   at NUnit.Framework.Internal.TaskAwaitAdapter.GenericAdapter`1.GetResult()\r\n   at NUnit.Framework.Internal.AsyncToSyncAdapter.Await(Func`1 invoke)\r\n   at NUnit.Framework.Internal.Commands.TestMethodCommand.RunTestMethod(TestExecutionContext context)\r\n   at NUnit.Framework.Internal.Commands.TestMethodCommand.Execute(TestExecutionContext context)\r\n   at NUnit.Framework.Internal.Commands.BeforeAndAfterTestCommand.<>c__DisplayClass1_0.<Execute>b__0()\r\n   at NUnit.Framework.Internal.Commands.DelegatingTestCommand.RunTestMethodInThreadAbortSafeZone(TestExecutionContext context, Action action)\r\n\n1)    at HotelBookingSystemAPIBLTests.HotelEmployeeServiceTests.GetAllBookingDoneTodayExceptionTest() in C:\\MiniProject\\HotelBookingSystemSolution\\HotelBookingSystemAPIBLTests\\HotelEmployeeServiceTests.cs:line 68\r\n   at System.Runtime.CompilerServices.AsyncMethodBuilderCore.Start[TStateMachine](TStateMachine& stateMachine)\r\n   at HotelBookingSystemAPIBLTests.HotelEmployeeServiceTests.GetAllBookingDoneTodayExceptionTest()\r\n\n","DisplayName":"GetAllBookingDoneTodayExceptionTest","Messages":[],"ComputerName":"853CBX3","Duration":"00:00:00.0043830","StartTime":"2024-05-30T11:34:20.4254912+00:00","EndTime":"2024-05-30T11:34:20.4298736+00:00","Properties":[{"Key":{"Id":"NUnit.Seed","Label":"Seed","Category":"","Description":"","Attributes":0,"ValueType":"System.String"},"Value":"2088132186"}]},{"TestCase":{"Id":"532308f0-134a-1a41-8eca-ae02da504b23","FullyQualifiedName":"HotelBookingSystemAPIBLTests.HotelEmployeeServiceTests.GetAllBookingDoneTodayFailTest","DisplayName":"GetAllBookingDoneTodayFailTest","ExecutorUri":"executor://NUnit3TestExecutor","Source":"C:\\MiniProject\\HotelBookingSystemSolution\\HotelBookingSystemAPIBLTests\\bin\\Debug\\net6.0\\fine-code-coverage\\build-output\\HotelBookingSystemAPIBLTests.dll","CodeFilePath":null,"LineNumber":0,"Properties":[{"Key":{"Id":"NUnit.Seed","Label":"Seed","Category":"","Description":"","Attributes":0,"ValueType":"System.String"},"Value":"1453147458"}]},"Attachments":[],"Outcome":1,"ErrorMessage":null,"ErrorStackTrace":null,"DisplayName":"GetAllBookingDoneTodayFailTest","Messages":[],"ComputerName":"853CBX3","Duration":"00:00:00.0022390","StartTime":"2024-05-30T11:34:20.4299002+00:00","EndTime":"2024-05-30T11:34:20.4321386+00:00","Properties":[{"Key":{"Id":"NUnit.Seed","Label":"Seed","Category":"","Description":"","Attributes":0,"ValueType":"System.String"},"Value":"1453147458"}]},{"TestCase":{"Id":"24ee7e2d-0cf9-face-7703-7328738e8eb3","FullyQualifiedName":"HotelBookingSystemAPIBLTests.HotelEmployeeServiceTests.GetAllBookingDoneTodayPassTest","DisplayName":"GetAllBookingDoneTodayPassTest","ExecutorUri":"executor://NUnit3TestExecutor","Source":"C:\\MiniProject\\HotelBookingSystemSolution\\HotelBookingSystemAPIBLTests\\bin\\Debug\\net6.0\\fine-code-coverage\\build-output\\HotelBookingSystemAPIBLTests.dll","CodeFilePath":null,"LineNumber":0,"Properties":[{"Key":{"Id":"NUnit.Seed","Label":"Seed","Category":"","Description":"","Attributes":0,"ValueType":"System.String"},"Value":"1846163556"}]},"Attachments":[],"Outcome":1,"ErrorMessage":null,"ErrorStackTrace":null,"DisplayName":"GetAllBookingDoneTodayPassTest","Messages":[],"ComputerName":"853CBX3","Duration":"00:00:00.0013290","StartTime":"2024-05-30T11:34:20.4321697+00:00","EndTime":"2024-05-30T11:34:20.4334984+00:00","Properties":[{"Key":{"Id":"NUnit.Seed","Label":"Seed","Category":"","Description":"","Attributes":0,"ValueType":"System.String"},"Value":"1846163556"}]},{"TestCase":{"Id":"0c8f126f-9be9-8ea0-8efa-e428743001aa","FullyQualifiedName":"HotelBookingSystemAPIBLTests.HotelEmployeeServiceTests.GetAllCheckInTodayFailTest","DisplayName":"GetAllCheckInTodayFailTest","ExecutorUri":"executor://NUnit3TestExecutor","Source":"C:\\MiniProject\\HotelBookingSystemSolution\\HotelBookingSystemAPIBLTests\\bin\\Debug\\net6.0\\fine-code-coverage\\build-output\\HotelBookingSystemAPIBLTests.dll","CodeFilePath":null,"LineNumber":0,"Properties":[{"Key":{"Id":"NUnit.Seed","Label":"Seed","Category":"","Description":"","Attributes":0,"ValueType":"System.String"},"Value":"1535534101"}]},"Attachments":[],"Outcome":1,"ErrorMessage":null,"ErrorStackTrace":null,"DisplayName":"GetAllCheckInTodayFailTest","Messages":[],"ComputerName":"853CBX3","Duration":"00:00:00.0025400","StartTime":"2024-05-30T11:34:20.4335248+00:00","EndTime":"2024-05-30T11:34:20.4360649+00:00","Properties":[{"Key":{"Id":"NUnit.Seed","Label":"Seed","Category":"","Description":"","Attributes":0,"ValueType":"System.String"},"Value":"1535534101"}]},{"TestCase":{"Id":"222341f0-c890-1622-6597-b2f165838ae8","FullyQualifiedName":"HotelBookingSystemAPIBLTests.HotelEmployeeServiceTests.GetAllCheckInTodayPassTest","DisplayName":"GetAllCheckInTodayPassTest","ExecutorUri":"executor://NUnit3TestExecutor","Source":"C:\\MiniProject\\HotelBookingSystemSolution\\HotelBookingSystemAPIBLTests\\bin\\Debug\\net6.0\\fine-code-coverage\\build-output\\HotelBookingSystemAPIBLTests.dll","CodeFilePath":null,"LineNumber":0,"Properties":[{"Key":{"Id":"NUnit.Seed","Label":"Seed","Category":"","Description":"","Attributes":0,"ValueType":"System.String"},"Value":"1290812912"}]},"Attachments":[],"Outcome":1,"ErrorMessage":null,"ErrorStackTrace":null,"DisplayName":"GetAllCheckInTodayPassTest","Messages":[],"ComputerName":"853CBX3","Duration":"00:00:00.0010430","StartTime":"2024-05-30T11:34:20.4360856+00:00","EndTime":"2024-05-30T11:34:20.4371287+00:00","Properties":[{"Key":{"Id":"NUnit.Seed","Label":"Seed","Category":"","Description":"","Attributes":0,"ValueType":"System.String"},"Value":"1290812912"}]}],"TestRunStatistics":{"ExecutedTests":47,"Stats":{"Passed":32,"Failed":15}},"ActiveTests":[]},"RunAttachments":[],"ExecutorUris":["executor://nunit3testexecutor/"]}}
TpTrace Verbose: 0 : 15944, 13, 2024/05/30, 17:04:20.479, 4698922768337, vstest.console.dll, TestRequestSender.EndSession: Sending end session.
TpTrace Verbose: 0 : 15944, 13, 2024/05/30, 17:04:20.480, 4698922770974, vstest.console.dll, ProxyOperationManager.Close: waiting for test host to exit for 100 ms
TpTrace Verbose: 0 : 15944, 12, 2024/05/30, 17:04:20.515, 4698923126488, vstest.console.dll, TestHostManagerCallbacks.ctor: Experimental forwarding output is disabled.
TpTrace Warning: 0 : 15944, 12, 2024/05/30, 17:04:20.516, 4698923128964, vstest.console.dll, TestHostManagerCallbacks.ErrorReceivedCallback Test host standard error line: 
TpTrace Verbose: 0 : 15944, 12, 2024/05/30, 17:04:20.532, 4698923296789, vstest.console.dll, TestHostProvider.ExitCallBack: Host exited starting callback.
TpTrace Information: 0 : 15944, 12, 2024/05/30, 17:04:20.533, 4698923299620, vstest.console.dll, TestHostManagerCallbacks.ExitCallBack: Testhost processId: 10588 exited with exitcode: 0 error: ''
TpTrace Verbose: 0 : 15944, 12, 2024/05/30, 17:04:20.533, 4698923300407, vstest.console.dll, DotnetTestHostManager.OnHostExited: invoking OnHostExited callback
TpTrace Verbose: 0 : 15944, 12, 2024/05/30, 17:04:20.533, 4698923301789, vstest.console.dll, CrossPlatEngine.TestHostManagerHostExited: calling on client process exit callback.
TpTrace Information: 0 : 15944, 12, 2024/05/30, 17:04:20.533, 4698923302658, vstest.console.dll, TestRequestSender.OnClientProcessExit: Test host process exited. Standard error: 
TpTrace Information: 0 : 15944, 12, 2024/05/30, 17:04:20.533, 4698923303381, vstest.console.dll, SocketServer.Stop: Stop server endPoint: 127.0.0.1:55137
TpTrace Information: 0 : 15944, 12, 2024/05/30, 17:04:20.533, 4698923303944, vstest.console.dll, SocketServer.Stop: Cancellation requested. Stopping message loop.
TpTrace Information: 0 : 15944, 13, 2024/05/30, 17:04:20.533, 4698923303878, vstest.console.dll, SocketServer.Stop: Stop server endPoint: 127.0.0.1:55137
TpTrace Verbose: 0 : 15944, 12, 2024/05/30, 17:04:20.533, 4698923306847, vstest.console.dll, MulticastDelegateUtilities.SafeInvoke: HostProviderEvents.OnHostExited: Invoking callback 1/1 for Microsoft.VisualStudio.TestPlatform.CrossPlatEngine.Client.ProxyOperationManager., took 0 ms.
TpTrace Information: 0 : 15944, 13, 2024/05/30, 17:04:20.533, 4698923307368, vstest.console.dll, SocketServer.Stop: Cancellation requested. Stopping message loop.
TpTrace Information: 0 : 15944, 13, 2024/05/30, 17:04:20.534, 4698923311018, vstest.console.dll, Closing the connection
TpTrace Verbose: 0 : 15944, 13, 2024/05/30, 17:04:20.534, 4698923314525, vstest.console.dll, ProxyDataCollectionManager.InvokeDataCollectionServiceAction: Starting.
TpTrace Information: 0 : 15944, 13, 2024/05/30, 17:04:20.534, 4698923315529, vstest.console.dll, ProxyDataCollectionManager.AfterTestRunEnd: Get attachment set and invoked data collectors processId: 10820 port: 55134
TpTrace Verbose: 0 : 15944, 13, 2024/05/30, 17:04:20.534, 4698923316696, vstest.console.dll, DataCollectionRequestSender.SendAfterTestRunStartAndGetResult: Send AfterTestRunEnd message with isCancelled: False
TpTrace Verbose: 0 : 15944, 13, 2024/05/30, 17:04:20.552, 4698923492716, vstest.console.dll, DataCollectionRequestSender.SendAfterTestRunStartAndGetResult: Received message: (DataCollection.AfterTestRunEndResult) -> {"MessageType":"DataCollection.AfterTestRunEndResult","Payload":{"AttachmentSets":[],"InvokedDataCollectors":[{"Uri":"datacollector://Microsoft/TestPlatform/Extensions/Blame/v1","FriendlyName":"Blame","AssemblyQualifiedName":"Microsoft.TestPlatform.Extensions.BlameDataCollector.BlameCollector, Microsoft.TestPlatform.Extensions.BlameDataCollector, Version=15.0.0.0, Culture=neutral, PublicKeyToken=b03f5f7f11d50a3a","FilePath":"C:\\Program Files\\dotnet\\sdk\\8.0.202\\Extensions\\Microsoft.TestPlatform.Extensions.BlameDataCollector.dll","HasAttachmentProcessor":false}],"Metrics":{}}}
TpTrace Information: 0 : 15944, 13, 2024/05/30, 17:04:20.560, 4698923569155, vstest.console.dll, ProxyDataCollectionManager.InvokeDataCollectionServiceAction: Completed.
TpTrace Warning: 0 : 15944, 10, 2024/05/30, 17:04:20.575, 4698923725255, vstest.console.dll, DataCollectionLauncher.ErrorReceivedCallback datacollector standard error line: 
TpTrace Information: 0 : 15944, 10, 2024/05/30, 17:04:20.588, 4698923850224, vstest.console.dll, DataCollectionLauncher.ExitCallBack: Data collector exited with exitcode: 0 error: ''
TpTrace Verbose: 0 : 15944, 13, 2024/05/30, 17:04:20.616, 4698924133994, vstest.console.dll, TestRunRequest:SendTestRunStatsChange: Starting.
TpTrace Verbose: 0 : 15944, 13, 2024/05/30, 17:04:20.616, 4698924135430, vstest.console.dll, MulticastDelegateUtilities.SafeInvoke: TestRun.RunStatsChanged: Invoking callbacks was skipped because there are no subscribers.
TpTrace Information: 0 : 15944, 13, 2024/05/30, 17:04:20.616, 4698924135716, vstest.console.dll, TestRunRequest:SendTestRunStatsChange: Completed.
TpTrace Verbose: 0 : 15944, 13, 2024/05/30, 17:04:20.617, 4698924138949, vstest.console.dll, ParallelProxyExecutionManager: HandlePartialRunComplete: Total workloads = 1, Total started clients = 1 Total completed clients = 1, Run complete = True, Run canceled: False.
TpTrace Verbose: 0 : 15944, 13, 2024/05/30, 17:04:20.617, 4698924139470, vstest.console.dll, ParallelProxyExecutionManager: HandlePartialRunComplete: All runs completed stopping all managers.
TpTrace Verbose: 0 : 15944, 4, 2024/05/30, 17:04:20.617, 4698924139785, vstest.console.dll, MulticastDelegateUtilities.SafeInvoke: InternalTestLoggerEvents.SendTestResult: Invoking callback 1/1 for Microsoft.VisualStudio.TestPlatform.CommandLine.Internal.ConsoleLogger., took 0 ms.
TpTrace Verbose: 0 : 15944, 13, 2024/05/30, 17:04:20.617, 4698924141385, vstest.console.dll, ParallelOperationManager.StopAllManagers: Stopping all managers.
TpTrace Verbose: 0 : 15944, 4, 2024/05/30, 17:04:20.617, 4698924144044, vstest.console.dll, MulticastDelegateUtilities.SafeInvoke: InternalTestLoggerEvents.SendTestResult: Invoking callback 1/1 for Microsoft.VisualStudio.TestPlatform.CommandLine.Internal.ConsoleLogger., took 0 ms.
TpTrace Verbose: 0 : 15944, 13, 2024/05/30, 17:04:20.617, 4698924144837, vstest.console.dll, ParallelOperationManager.ClearSlots: Clearing all slots. Slots should accept more work: False
TpTrace Verbose: 0 : 15944, 13, 2024/05/30, 17:04:20.617, 4698924146123, vstest.console.dll, ParallelOperationManager.SetOccupiedSlotCount: Setting slot counts AvailableSlotCount = 1, OccupiedSlotCount = 0.
TpTrace Verbose: 0 : 15944, 13, 2024/05/30, 17:04:20.617, 4698924146871, vstest.console.dll, Occupied slots:

TpTrace Verbose: 0 : 15944, 4, 2024/05/30, 17:04:20.617, 4698924147577, vstest.console.dll, MulticastDelegateUtilities.SafeInvoke: InternalTestLoggerEvents.SendTestResult: Invoking callback 1/1 for Microsoft.VisualStudio.TestPlatform.CommandLine.Internal.ConsoleLogger., took 0 ms.
TpTrace Verbose: 0 : 15944, 4, 2024/05/30, 17:04:20.617, 4698924148330, vstest.console.dll, MulticastDelegateUtilities.SafeInvoke: InternalTestLoggerEvents.SendTestResult: Invoking callback 1/1 for Microsoft.VisualStudio.TestPlatform.CommandLine.Internal.ConsoleLogger., took 0 ms.
TpTrace Verbose: 0 : 15944, 4, 2024/05/30, 17:04:20.618, 4698924148896, vstest.console.dll, MulticastDelegateUtilities.SafeInvoke: InternalTestLoggerEvents.SendTestResult: Invoking callback 1/1 for Microsoft.VisualStudio.TestPlatform.CommandLine.Internal.ConsoleLogger., took 0 ms.
TpTrace Verbose: 0 : 15944, 4, 2024/05/30, 17:04:20.618, 4698924149417, vstest.console.dll, MulticastDelegateUtilities.SafeInvoke: InternalTestLoggerEvents.SendTestResult: Invoking callback 1/1 for Microsoft.VisualStudio.TestPlatform.CommandLine.Internal.ConsoleLogger., took 0 ms.
TpTrace Verbose: 0 : 15944, 4, 2024/05/30, 17:04:20.618, 4698924149949, vstest.console.dll, MulticastDelegateUtilities.SafeInvoke: InternalTestLoggerEvents.SendTestResult: Invoking callback 1/1 for Microsoft.VisualStudio.TestPlatform.CommandLine.Internal.ConsoleLogger., took 0 ms.
TpTrace Verbose: 0 : 15944, 4, 2024/05/30, 17:04:20.626, 4698924234596, vstest.console.dll, MulticastDelegateUtilities.SafeInvoke: InternalTestLoggerEvents.SendTestRunComplete: Invoking callback 1/2 for Microsoft.TestPlatform.Extensions.BlameDataCollector.BlameLogger., took 0 ms.
TpTrace Verbose: 0 : 15944, 4, 2024/05/30, 17:04:20.632, 4698924289468, vstest.console.dll, MulticastDelegateUtilities.SafeInvoke: InternalTestLoggerEvents.SendTestRunComplete: Invoking callback 2/2 for Microsoft.VisualStudio.TestPlatform.CommandLine.Internal.ConsoleLogger., took 5 ms.
TpTrace Verbose: 0 : 15944, 13, 2024/05/30, 17:04:20.632, 4698924296970, vstest.console.dll, TestRunRequest:TestRunComplete: Starting. IsAborted:False IsCanceled:False.
TpTrace Verbose: 0 : 15944, 13, 2024/05/30, 17:04:20.633, 4698924298875, vstest.console.dll, ParallelOperationManager.DoActionOnAllManagers: Calling an action on all managers.
TpTrace Verbose: 0 : 15944, 13, 2024/05/30, 17:04:20.634, 4698924309483, vstest.console.dll, TestLoggerManager.HandleTestRunComplete: Ignoring as the object is disposed.
TpTrace Verbose: 0 : 15944, 13, 2024/05/30, 17:04:20.634, 4698924312418, vstest.console.dll, MulticastDelegateUtilities.SafeInvoke: TestRun.TestRunComplete: Invoking callback 1/2 for Microsoft.VisualStudio.TestPlatform.CommandLine.TestRunResultAggregator., took 0 ms.
TpTrace Verbose: 0 : 15944, 13, 2024/05/30, 17:04:20.634, 4698924313610, vstest.console.dll, MulticastDelegateUtilities.SafeInvoke: TestRun.TestRunComplete: Invoking callback 2/2 for Microsoft.VisualStudio.TestPlatform.CommandLine.Processors.RunTestsArgumentExecutor+TestRunRequestEventsRegistrar., took 0 ms.
TpTrace Information: 0 : 15944, 13, 2024/05/30, 17:04:20.634, 4698924314668, vstest.console.dll, TestRunRequest:TestRunComplete: Completed.
TpTrace Verbose: 0 : 15944, 13, 2024/05/30, 17:04:20.634, 4698924315134, vstest.console.dll, TestRequestSender.SetOperationComplete: Setting operation complete.
TpTrace Information: 0 : 15944, 13, 2024/05/30, 17:04:20.634, 4698924315455, vstest.console.dll, SocketServer.Stop: Stop server endPoint: 127.0.0.1:55137
TpTrace Verbose: 0 : 15944, 1, 2024/05/30, 17:04:20.634, 4698924315643, vstest.console.dll, TestRunRequest.Dispose: Starting.
TpTrace Information: 0 : 15944, 1, 2024/05/30, 17:04:20.634, 4698924316471, vstest.console.dll, TestRunRequest.Dispose: Completed.
TpTrace Information: 0 : 15944, 13, 2024/05/30, 17:04:20.634, 4698924315744, vstest.console.dll, SocketServer.Stop: Cancellation requested. Stopping message loop.
TpTrace Verbose: 0 : 15944, 13, 2024/05/30, 17:04:20.634, 4698924317510, vstest.console.dll, MulticastDelegateUtilities.SafeInvoke: LengthPrefixCommunicationChannel: MessageReceived: Invoking callback 1/1 for Microsoft.VisualStudio.TestPlatform.CommunicationUtilities.TestRequestSender+<>c__DisplayClass34_0., took 155 ms.
TpTrace Information: 0 : 15944, 1, 2024/05/30, 17:04:20.634, 4698924316913, vstest.console.dll, TestRequestManager.RunTests: run tests completed.
TpTrace Information: 0 : 15944, 13, 2024/05/30, 17:04:20.634, 4698924318042, vstest.console.dll, SocketServer.PrivateStop: Stopping server endPoint: 127.0.0.1:55137 error: 
TpTrace Information: 0 : 15944, 1, 2024/05/30, 17:04:20.635, 4698924318852, vstest.console.dll, RunTestsArgumentProcessor:Execute: Test run is completed.
TpTrace Verbose: 0 : 15944, 1, 2024/05/30, 17:04:20.635, 4698924321223, vstest.console.dll, Executor.Execute: Exiting with exit code of 1
TpTrace Verbose: 0 : 15944, 13, 2024/05/30, 17:04:20.635, 4698924322961, vstest.console.dll, LengthPrefixCommunicationChannel.Dispose: Dispose reader and writer.
TpTrace Information: 0 : 15944, 13, 2024/05/30, 17:04:20.635, 4698924323735, vstest.console.dll, SocketServer.Stop: Raise disconnected event endPoint: 127.0.0.1:55137 error: 
TpTrace Verbose: 0 : 15944, 13, 2024/05/30, 17:04:20.635, 4698924325084, vstest.console.dll, TestRequestSender: OnTestRunAbort: Operation is already complete. Skip error message.
TpTrace Verbose: 0 : 15944, 13, 2024/05/30, 17:04:20.635, 4698924325628, vstest.console.dll, MulticastDelegateUtilities.SafeInvoke: SocketServer: ClientDisconnected: Invoking callback 1/1 for Microsoft.VisualStudio.TestPlatform.CommunicationUtilities.TestRequestSender., took 0 ms.
TpTrace Verbose: 0 : 15944, 13, 2024/05/30, 17:04:20.635, 4698924325950, vstest.console.dll, TcpClientExtensions.MessageLoopAsync: exiting MessageLoopAsync remoteEndPoint: 127.0.0.1:55138 localEndPoint: 127.0.0.1:55137
