TpTrace Verbose: 0 : 10588, 1, 2024/05/30, 17:04:18.162, 4698899594216, testhost.dll, Version: 17.5.0 Current process architecture: X64
TpTrace Verbose: 0 : 10588, 1, 2024/05/30, 17:04:18.165, 4698899620796, testhost.dll, Runtime location: C:\Program Files\dotnet\shared\Microsoft.NETCore.App\6.0.30
TpTrace Information: 0 : 10588, 1, 2024/05/30, 17:04:18.168, 4698899650258, testhost.dll, DefaultEngineInvoker.Invoke: Testhost process started with args :[--port, 55137],[--endpoint, 127.0.0.1:055137],[--role, client],[--parentprocessid, 15944],[--diag, C:\MiniProject\HotelBookingSystemSolution\HotelBookingSystemAPIBLTests\bin\Debug\net6.0\fine-code-coverage\coverage-tool-output\diagnostics.host.24-05-30_17-04-17_94021_5.log],[--tracelevel, 4],[--datacollectionport, 55136],[--telemetryoptedin, false]
TpTrace Information: 0 : 10588, 1, 2024/05/30, 17:04:18.170, 4698899678536, testhost.dll, Setting up debug trace listener.
TpTrace Verbose: 0 : 10588, 1, 2024/05/30, 17:04:18.171, 4698899682436, testhost.dll, TestPlatformTraceListener.Setup: Replacing listener System.Diagnostics.DefaultTraceListener with TestHostTraceListener.
TpTrace Verbose: 0 : 10588, 1, 2024/05/30, 17:04:18.171, 4698899682954, testhost.dll, TestPlatformTraceListener.Setup: Added test platform trace listener.
TpTrace Information: 0 : 10588, 1, 2024/05/30, 17:04:18.171, 4698899687069, testhost.dll, DefaultEngineInvoker.SetParentProcessExitCallback: Monitoring parent process with id: '15944'
TpTrace Information: 0 : 10588, 1, 2024/05/30, 17:04:18.178, 4698899752933, testhost.dll, DefaultEngineInvoker.GetConnectionInfo: Initialize communication on endpoint address: '127.0.0.1:055137'
TpTrace Information: 0 : 10588, 1, 2024/05/30, 17:04:18.198, 4698899952719, testhost.dll, SocketClient.Start: connecting to server endpoint: 127.0.0.1:055137
TpTrace Information: 0 : 10588, 1, 2024/05/30, 17:04:18.210, 4698900078071, testhost.dll, DefaultEngineInvoker.ConnectToDatacollector: Connecting to datacollector, port: 55136
TpTrace Information: 0 : 10588, 10, 2024/05/30, 17:04:18.212, 4698900098036, testhost.dll, SocketClient.OnServerConnected: connected to server endpoint: 127.0.0.1:055137
TpTrace Information: 0 : 10588, 1, 2024/05/30, 17:04:18.215, 4698900122882, testhost.dll, Trying to connect to server on socket : 127.0.0.1:55136 
TpTrace Verbose: 0 : 10588, 1, 2024/05/30, 17:04:18.215, 4698900127564, testhost.dll, SocketCommunicationManager : SetupClientAsync : Attempting to connect to the server.
TpTrace Verbose: 0 : 10588, 10, 2024/05/30, 17:04:18.217, 4698900139002, testhost.dll, MulticastDelegateUtilities.SafeInvoke: SocketClient: ServerConnected: Invoking callback 1/1 for Microsoft.VisualStudio.TestPlatform.CommunicationUtilities.TestRequestHandler., took 0 ms.
TpTrace Verbose: 0 : 10588, 10, 2024/05/30, 17:04:18.217, 4698900139902, testhost.dll, Connected to server, and starting MessageLoopAsync
TpTrace Information: 0 : 10588, 11, 2024/05/30, 17:04:18.217, 4698900142664, testhost.dll, Connected to the server successfully 
TpTrace Information: 0 : 10588, 11, 2024/05/30, 17:04:18.217, 4698900143462, testhost.dll, Using the buffer size of 16384 bytes
TpTrace Verbose: 0 : 10588, 1, 2024/05/30, 17:04:18.217, 4698900145078, testhost.dll, SocketCommunicationManager.WaitForServerConnection took: 0 ms, with 90000 ms timeout, and finished with True.
TpTrace Information: 0 : 10588, 1, 2024/05/30, 17:04:18.217, 4698900146125, testhost.dll, DefaultEngineInvoker.Invoke: Start Request Processing.
TpTrace Information: 0 : 10588, 13, 2024/05/30, 17:04:18.219, 4698900159184, testhost.dll, DefaultEngineInvoker.StartProcessingAsync: Connected to vstest.console, Starting process requests.
TpTrace Verbose: 0 : 10588, 10, 2024/05/30, 17:04:18.221, 4698900183022, testhost.dll, TcpClientExtensions.MessageLoopAsync: Polling on remoteEndPoint: [::ffff:127.0.0.1]:55137 localEndPoint: [::ffff:127.0.0.1]:55138
TpTrace Verbose: 0 : 10588, 10, 2024/05/30, 17:04:18.221, 4698900186710, testhost.dll, TcpClientExtensions.MessageLoopAsync: NotifyDataAvailable remoteEndPoint: [::ffff:127.0.0.1]:55137 localEndPoint: [::ffff:127.0.0.1]:55138
TpTrace Information: 0 : 10588, 10, 2024/05/30, 17:04:18.224, 4698900216727, testhost.dll, TestRequestHandler.OnMessageReceived: received message: (ProtocolVersion) -> {"MessageType":"ProtocolVersion","Payload":7}
TpTrace Verbose: 0 : 10588, 10, 2024/05/30, 17:04:18.389, 4698901859606, testhost.dll, TestRequestHandler.SendData: sending data from testhost: {"Version":7,"MessageType":"TestSession.Message","Payload":{"MessageLevel":0,"Message":"Logging TestHost Diagnostics in file: C:\\MiniProject\\HotelBookingSystemSolution\\HotelBookingSystemAPIBLTests\\bin\\Debug\\net6.0\\fine-code-coverage\\coverage-tool-output\\diagnostics.host.24-05-30_17-04-17_94021_5.log"}}
TpTrace Verbose: 0 : 10588, 10, 2024/05/30, 17:04:18.389, 4698901862197, testhost.dll, MulticastDelegateUtilities.SafeInvoke: LengthPrefixCommunicationChannel: MessageReceived: Invoking callback 1/1 for Microsoft.VisualStudio.TestPlatform.CommunicationUtilities.TestRequestHandler., took 166 ms.
TpTrace Verbose: 0 : 10588, 10, 2024/05/30, 17:04:18.389, 4698901862858, testhost.dll, TcpClientExtensions.MessageLoopAsync: Polling on remoteEndPoint: [::ffff:127.0.0.1]:55137 localEndPoint: [::ffff:127.0.0.1]:55138
TpTrace Verbose: 0 : 10588, 10, 2024/05/30, 17:04:18.389, 4698901863364, testhost.dll, TcpClientExtensions.MessageLoopAsync: NotifyDataAvailable remoteEndPoint: [::ffff:127.0.0.1]:55137 localEndPoint: [::ffff:127.0.0.1]:55138
TpTrace Information: 0 : 10588, 10, 2024/05/30, 17:04:18.389, 4698901864500, testhost.dll, TestRequestHandler.OnMessageReceived: received message: (TestExecution.Initialize) -> {"Version":7,"MessageType":"TestExecution.Initialize","Payload":["C:\\MiniProject\\HotelBookingSystemSolution\\HotelBookingSystemAPIBLTests\\bin\\Debug\\net6.0\\fine-code-coverage\\build-output\\NUnit3.TestAdapter.dll"]}
TpTrace Verbose: 0 : 10588, 10, 2024/05/30, 17:04:18.397, 4698901939142, testhost.dll, MulticastDelegateUtilities.SafeInvoke: LengthPrefixCommunicationChannel: MessageReceived: Invoking callback 1/1 for Microsoft.VisualStudio.TestPlatform.CommunicationUtilities.TestRequestHandler., took 7 ms.
TpTrace Verbose: 0 : 10588, 10, 2024/05/30, 17:04:18.397, 4698901940311, testhost.dll, TcpClientExtensions.MessageLoopAsync: Polling on remoteEndPoint: [::ffff:127.0.0.1]:55137 localEndPoint: [::ffff:127.0.0.1]:55138
TpTrace Information: 0 : 10588, 4, 2024/05/30, 17:04:18.397, 4698901944347, testhost.dll, TestRequestHandler.OnMessageReceived: Running job 'TestExecution.Initialize'.
TpTrace Verbose: 0 : 10588, 4, 2024/05/30, 17:04:18.400, 4698901974813, testhost.dll, TestExecutorService: Loading the extensions
TpTrace Verbose: 0 : 10588, 10, 2024/05/30, 17:04:18.401, 4698901982034, testhost.dll, TcpClientExtensions.MessageLoopAsync: NotifyDataAvailable remoteEndPoint: [::ffff:127.0.0.1]:55137 localEndPoint: [::ffff:127.0.0.1]:55138
TpTrace Information: 0 : 10588, 10, 2024/05/30, 17:04:18.401, 4698901984526, testhost.dll, TestRequestHandler.OnMessageReceived: received message: (TestExecution.StartWithSources) -> {"Version":7,"MessageType":"TestExecution.StartWithSources","Payload":{"AdapterSourceMap":{"_none_":["C:\\MiniProject\\HotelBookingSystemSolution\\HotelBookingSystemAPIBLTests\\bin\\Debug\\net6.0\\fine-code-coverage\\build-output\\HotelBookingSystemAPIBLTests.dll"]},"RunSettings":"<RunSettings>\r\n  <RunConfiguration>\r\n    <ResultsDirectory>C:\\MiniProject\\HotelBookingSystemSolution\\HotelBookingSystemAPIBLTests\\bin\\Debug\\net6.0\\fine-code-coverage\\coverage-tool-output</ResultsDirectory>\r\n    <TargetFrameworkVersion>.NETCoreApp,Version=v6.0</TargetFrameworkVersion>\r\n    <DesignMode>False</DesignMode>\r\n    <CollectSourceInformation>False</CollectSourceInformation>\r\n  </RunConfiguration>\r\n  <LoggerRunSettings>\r\n    <Loggers>\r\n      <Logger friendlyName=\"blame\" enabled=\"True\" />\r\n      <Logger friendlyName=\"Console\" uri=\"logger://microsoft/TestPlatform/ConsoleLogger/v1\" assemblyQualifiedName=\"Microsoft.VisualStudio.TestPlatform.CommandLine.Internal.ConsoleLogger, vstest.console, Version=15.0.0.0, Culture=neutral, PublicKeyToken=b03f5f7f11d50a3a\" codeBase=\"C:\\Program Files\\dotnet\\sdk\\8.0.202\\vstest.console.dll\" enabled=\"True\" />\r\n    </Loggers>\r\n  </LoggerRunSettings>\r\n  <DataCollectionRunSettings>\r\n    <DataCollectors>\r\n      <DataCollector friendlyName=\"blame\" enabled=\"True\">\r\n        <Configuration>\r\n          <ResultsDirectory>C:\\MiniProject\\HotelBookingSystemSolution\\HotelBookingSystemAPIBLTests\\bin\\Debug\\net6.0\\fine-code-coverage\\coverage-tool-output</ResultsDirectory>\r\n        </Configuration>\r\n      </DataCollector>\r\n    </DataCollectors>\r\n  </DataCollectionRunSettings>\r\n</RunSettings>","TestExecutionContext":{"FrequencyOfRunStatsChangeEvent":10,"RunStatsChangeEventTimeout":"00:00:01.5000000","InIsolation":false,"KeepAlive":false,"AreTestCaseLevelEventsRequired":false,"IsDebug":false,"TestCaseFilter":null,"FilterOptions":null},"Package":null}}
TpTrace Verbose: 0 : 10588, 4, 2024/05/30, 17:04:18.403, 4698902000330, testhost.dll, TestPluginCache.DiscoverTestExtensions: finding test extensions in assemblies ends with: TestAdapter.dll TPluginInfo: Microsoft.VisualStudio.TestPlatform.Common.ExtensionFramework.Utilities.TestExecutorPluginInformation TExtension: Microsoft.VisualStudio.TestPlatform.ObjectModel.Adapter.ITestExecutor
TpTrace Verbose: 0 : 10588, 4, 2024/05/30, 17:04:18.405, 4698902023590, testhost.dll, TestPluginCache.GetExtensionPaths: Filtered extension paths: 
TpTrace Verbose: 0 : 10588, 4, 2024/05/30, 17:04:18.405, 4698902028100, testhost.dll, TestPluginCache.GetExtensionPaths: Added default extension paths: C:\MiniProject\HotelBookingSystemSolution\HotelBookingSystemAPIBLTests\bin\Debug\net6.0\fine-code-coverage\build-output\NUnit3.TestAdapter.dll
TpTrace Verbose: 0 : 10588, 4, 2024/05/30, 17:04:18.406, 4698902028858, testhost.dll, TestPluginCache.GetExtensionPaths: Added unfilterableExtensionPaths: 
TpTrace Information: 0 : 10588, 4, 2024/05/30, 17:04:18.407, 4698902046804, testhost.dll, AssemblyResolver.ctor: Creating AssemblyResolver with searchDirectories C:\MiniProject\HotelBookingSystemSolution\HotelBookingSystemAPIBLTests\bin\Debug\net6.0\fine-code-coverage\build-output
TpTrace Verbose: 0 : 10588, 4, 2024/05/30, 17:04:18.410, 4698902077165, testhost.dll, TestPluginCache.DiscoverTestExtensions: Discovering the extensions using extension path.
TpTrace Verbose: 0 : 10588, 4, 2024/05/30, 17:04:18.411, 4698902079728, testhost.dll, TestPluginCache.GetExtensionPaths: Filtered extension paths: 
TpTrace Verbose: 0 : 10588, 4, 2024/05/30, 17:04:18.411, 4698902080248, testhost.dll, TestPluginCache.GetExtensionPaths: Added default extension paths: C:\MiniProject\HotelBookingSystemSolution\HotelBookingSystemAPIBLTests\bin\Debug\net6.0\fine-code-coverage\build-output\NUnit3.TestAdapter.dll
TpTrace Verbose: 0 : 10588, 4, 2024/05/30, 17:04:18.411, 4698902080611, testhost.dll, TestPluginCache.GetExtensionPaths: Added unfilterableExtensionPaths: 
TpTrace Verbose: 0 : 10588, 4, 2024/05/30, 17:04:18.411, 4698902081193, testhost.dll, TestPluginCache.DiscoverTestExtensions: Discovering the extensions using allExtensionPaths: C:\MiniProject\HotelBookingSystemSolution\HotelBookingSystemAPIBLTests\bin\Debug\net6.0\fine-code-coverage\build-output\NUnit3.TestAdapter.dll
TpTrace Information: 0 : 10588, 4, 2024/05/30, 17:04:18.412, 4698902091848, testhost.dll, AssemblyResolver.AddSearchDirectories: Adding more searchDirectories C:\MiniProject\HotelBookingSystemSolution\HotelBookingSystemAPIBLTests\bin\Debug\net6.0\fine-code-coverage\build-output
TpTrace Information: 0 : 10588, 4, 2024/05/30, 17:04:18.418, 4698902155758, testhost.dll, AssemblyResolver.OnResolve: NUnit3.TestAdapter: Resolving assembly.
TpTrace Information: 0 : 10588, 4, 2024/05/30, 17:04:18.418, 4698902157075, testhost.dll, AssemblyResolver.OnResolve: NUnit3.TestAdapter: Searching in: 'C:\MiniProject\HotelBookingSystemSolution\HotelBookingSystemAPIBLTests\bin\Debug\net6.0\fine-code-coverage\build-output'.
TpTrace Information: 0 : 10588, 4, 2024/05/30, 17:04:18.420, 4698902176897, testhost.dll, AssemblyResolver.OnResolve: NUnit3.TestAdapter: Loading assembly 'C:\MiniProject\HotelBookingSystemSolution\HotelBookingSystemAPIBLTests\bin\Debug\net6.0\fine-code-coverage\build-output\NUnit3.TestAdapter.dll'.
TpTrace Information: 0 : 10588, 4, 2024/05/30, 17:04:18.422, 4698902190705, testhost.dll, AssemblyResolver.OnResolve: Resolved assembly: NUnit3.TestAdapter, from path: C:\MiniProject\HotelBookingSystemSolution\HotelBookingSystemAPIBLTests\bin\Debug\net6.0\fine-code-coverage\build-output\NUnit3.TestAdapter.dll
TpTrace Verbose: 0 : 10588, 10, 2024/05/30, 17:04:18.437, 4698902346886, testhost.dll, MulticastDelegateUtilities.SafeInvoke: LengthPrefixCommunicationChannel: MessageReceived: Invoking callback 1/1 for Microsoft.VisualStudio.TestPlatform.CommunicationUtilities.TestRequestHandler., took 36 ms.
TpTrace Verbose: 0 : 10588, 10, 2024/05/30, 17:04:18.437, 4698902348151, testhost.dll, TcpClientExtensions.MessageLoopAsync: Polling on remoteEndPoint: [::ffff:127.0.0.1]:55137 localEndPoint: [::ffff:127.0.0.1]:55138
TpTrace Verbose: 0 : 10588, 4, 2024/05/30, 17:04:18.453, 4698902499948, testhost.dll, MetadataReaderExtensionsHelper: Discovering extensions inside assembly 'NUnit3.TestAdapter, Version=4.4.0.0, Culture=neutral, PublicKeyToken=4cb40d35494691ac' file path 'C:\MiniProject\HotelBookingSystemSolution\HotelBookingSystemAPIBLTests\bin\Debug\net6.0\fine-code-coverage\build-output\NUnit3.TestAdapter.dll'
TpTrace Information: 0 : 10588, 4, 2024/05/30, 17:04:18.461, 4698902586378, testhost.dll, AssemblyResolver.OnResolve: nunit.engine.api: Resolving assembly.
TpTrace Information: 0 : 10588, 4, 2024/05/30, 17:04:18.461, 4698902587750, testhost.dll, AssemblyResolver.OnResolve: nunit.engine.api: Searching in: 'C:\MiniProject\HotelBookingSystemSolution\HotelBookingSystemAPIBLTests\bin\Debug\net6.0\fine-code-coverage\build-output'.
TpTrace Information: 0 : 10588, 4, 2024/05/30, 17:04:18.462, 4698902590930, testhost.dll, AssemblyResolver.OnResolve: nunit.engine.api: Loading assembly 'C:\MiniProject\HotelBookingSystemSolution\HotelBookingSystemAPIBLTests\bin\Debug\net6.0\fine-code-coverage\build-output\nunit.engine.api.dll'.
TpTrace Information: 0 : 10588, 4, 2024/05/30, 17:04:18.462, 4698902596677, testhost.dll, AssemblyResolver.OnResolve: Resolved assembly: nunit.engine.api, from path: C:\MiniProject\HotelBookingSystemSolution\HotelBookingSystemAPIBLTests\bin\Debug\net6.0\fine-code-coverage\build-output\nunit.engine.api.dll
TpTrace Information: 0 : 10588, 4, 2024/05/30, 17:04:18.465, 4698902627181, testhost.dll, GetTestExtensionFromType: Register extension with identifier data 'executor://NUnit3TestExecutor' and type 'NUnit.VisualStudio.TestAdapter.NUnit3TestExecutor, NUnit3.TestAdapter, Version=4.4.0.0, Culture=neutral, PublicKeyToken=4cb40d35494691ac' inside file 'C:\MiniProject\HotelBookingSystemSolution\HotelBookingSystemAPIBLTests\bin\Debug\net6.0\fine-code-coverage\build-output\NUnit3.TestAdapter.dll'
TpTrace Verbose: 0 : 10588, 4, 2024/05/30, 17:04:18.468, 4698902650543, testhost.dll, TestPluginCache: Discovered the extensions using extension path ''.
TpTrace Verbose: 0 : 10588, 4, 2024/05/30, 17:04:18.468, 4698902655418, testhost.dll, TestPluginCache: Discoverers are ''.
TpTrace Verbose: 0 : 10588, 4, 2024/05/30, 17:04:18.468, 4698902656420, testhost.dll, TestPluginCache: Executors are 'executor://NUnit3TestExecutor'.
TpTrace Verbose: 0 : 10588, 4, 2024/05/30, 17:04:18.468, 4698902657306, testhost.dll, TestPluginCache: Executors2 are ''.
TpTrace Verbose: 0 : 10588, 4, 2024/05/30, 17:04:18.468, 4698902658068, testhost.dll, TestPluginCache: Setting providers are ''.
TpTrace Verbose: 0 : 10588, 4, 2024/05/30, 17:04:18.469, 4698902658689, testhost.dll, TestPluginCache: Loggers are ''.
TpTrace Verbose: 0 : 10588, 4, 2024/05/30, 17:04:18.469, 4698902659251, testhost.dll, TestPluginCache: TestHosts are ''.
TpTrace Verbose: 0 : 10588, 4, 2024/05/30, 17:04:18.469, 4698902659860, testhost.dll, TestPluginCache: DataCollectors are ''.
TpTrace Verbose: 0 : 10588, 4, 2024/05/30, 17:04:18.471, 4698902687841, testhost.dll, TestPluginCache.DiscoverTestExtensions: finding test extensions in assemblies ends with: TestAdapter.dll TPluginInfo: Microsoft.VisualStudio.TestPlatform.Common.ExtensionFramework.Utilities.TestExecutorPluginInformation2 TExtension: Microsoft.VisualStudio.TestPlatform.ObjectModel.Adapter.ITestExecutor2
TpTrace Verbose: 0 : 10588, 4, 2024/05/30, 17:04:18.472, 4698902691067, testhost.dll, TestPluginCache.GetExtensionPaths: Filtered extension paths: 
TpTrace Verbose: 0 : 10588, 4, 2024/05/30, 17:04:18.472, 4698902691586, testhost.dll, TestPluginCache.GetExtensionPaths: Added default extension paths: C:\MiniProject\HotelBookingSystemSolution\HotelBookingSystemAPIBLTests\bin\Debug\net6.0\fine-code-coverage\build-output\NUnit3.TestAdapter.dll
TpTrace Verbose: 0 : 10588, 4, 2024/05/30, 17:04:18.472, 4698902691836, testhost.dll, TestPluginCache.GetExtensionPaths: Added unfilterableExtensionPaths: 
TpTrace Information: 0 : 10588, 4, 2024/05/30, 17:04:18.472, 4698902693577, testhost.dll, AssemblyResolver.AddSearchDirectories: Adding more searchDirectories C:\MiniProject\HotelBookingSystemSolution\HotelBookingSystemAPIBLTests\bin\Debug\net6.0\fine-code-coverage\build-output
TpTrace Verbose: 0 : 10588, 4, 2024/05/30, 17:04:18.472, 4698902693992, testhost.dll, TestPluginCache.DiscoverTestExtensions: Discovering the extensions using extension path.
TpTrace Verbose: 0 : 10588, 4, 2024/05/30, 17:04:18.472, 4698902694255, testhost.dll, TestPluginCache.GetExtensionPaths: Filtered extension paths: 
TpTrace Verbose: 0 : 10588, 4, 2024/05/30, 17:04:18.472, 4698902694490, testhost.dll, TestPluginCache.GetExtensionPaths: Added default extension paths: C:\MiniProject\HotelBookingSystemSolution\HotelBookingSystemAPIBLTests\bin\Debug\net6.0\fine-code-coverage\build-output\NUnit3.TestAdapter.dll
TpTrace Verbose: 0 : 10588, 4, 2024/05/30, 17:04:18.472, 4698902694770, testhost.dll, TestPluginCache.GetExtensionPaths: Added unfilterableExtensionPaths: 
TpTrace Verbose: 0 : 10588, 4, 2024/05/30, 17:04:18.472, 4698902695018, testhost.dll, TestPluginCache.DiscoverTestExtensions: Discovering the extensions using allExtensionPaths: C:\MiniProject\HotelBookingSystemSolution\HotelBookingSystemAPIBLTests\bin\Debug\net6.0\fine-code-coverage\build-output\NUnit3.TestAdapter.dll
TpTrace Information: 0 : 10588, 4, 2024/05/30, 17:04:18.472, 4698902695376, testhost.dll, AssemblyResolver.AddSearchDirectories: Adding more searchDirectories C:\MiniProject\HotelBookingSystemSolution\HotelBookingSystemAPIBLTests\bin\Debug\net6.0\fine-code-coverage\build-output
TpTrace Verbose: 0 : 10588, 4, 2024/05/30, 17:04:18.472, 4698902695996, testhost.dll, MetadataReaderExtensionsHelper: Discovering extensions inside assembly 'NUnit3.TestAdapter, Version=4.4.0.0, Culture=neutral, PublicKeyToken=4cb40d35494691ac' file path 'C:\MiniProject\HotelBookingSystemSolution\HotelBookingSystemAPIBLTests\bin\Debug\net6.0\fine-code-coverage\build-output\NUnit3.TestAdapter.dll'
TpTrace Verbose: 0 : 10588, 4, 2024/05/30, 17:04:18.473, 4698902702305, testhost.dll, TestPluginCache: Discovered the extensions using extension path ''.
TpTrace Verbose: 0 : 10588, 4, 2024/05/30, 17:04:18.473, 4698902703019, testhost.dll, TestPluginCache: Discoverers are ''.
TpTrace Verbose: 0 : 10588, 4, 2024/05/30, 17:04:18.473, 4698902703356, testhost.dll, TestPluginCache: Executors are 'executor://NUnit3TestExecutor'.
TpTrace Verbose: 0 : 10588, 4, 2024/05/30, 17:04:18.473, 4698902703843, testhost.dll, TestPluginCache: Executors2 are ''.
TpTrace Verbose: 0 : 10588, 4, 2024/05/30, 17:04:18.473, 4698902704144, testhost.dll, TestPluginCache: Setting providers are ''.
TpTrace Verbose: 0 : 10588, 4, 2024/05/30, 17:04:18.473, 4698902704365, testhost.dll, TestPluginCache: Loggers are ''.
TpTrace Verbose: 0 : 10588, 4, 2024/05/30, 17:04:18.473, 4698902704587, testhost.dll, TestPluginCache: TestHosts are ''.
TpTrace Verbose: 0 : 10588, 4, 2024/05/30, 17:04:18.473, 4698902704803, testhost.dll, TestPluginCache: DataCollectors are ''.
TpTrace Information: 0 : 10588, 4, 2024/05/30, 17:04:18.477, 4698902739786, testhost.dll, TestPluginManager.CreateTestExtension: Attempting to load test extension: NUnit.VisualStudio.TestAdapter.NUnit3TestExecutor
TpTrace Verbose: 0 : 10588, 4, 2024/05/30, 17:04:18.477, 4698902745607, testhost.dll, TestExecutorExtensionManager: Loading executor Microsoft.VisualStudio.TestPlatform.Common.ExtensionDecorators.SerialTestRunDecorator
TpTrace Verbose: 0 : 10588, 4, 2024/05/30, 17:04:18.477, 4698902746299, testhost.dll, TestExecutorService: Loaded the executors
TpTrace Verbose: 0 : 10588, 4, 2024/05/30, 17:04:18.478, 4698902754188, testhost.dll, TestPluginCache.DiscoverTestExtensions: finding test extensions in assemblies ends with: TestAdapter.dll TPluginInfo: Microsoft.VisualStudio.TestPlatform.Common.ExtensionFramework.Utilities.TestSettingsProviderPluginInformation TExtension: Microsoft.VisualStudio.TestPlatform.ObjectModel.Adapter.ISettingsProvider
TpTrace Verbose: 0 : 10588, 4, 2024/05/30, 17:04:18.478, 4698902755055, testhost.dll, TestPluginCache.GetExtensionPaths: Filtered extension paths: 
TpTrace Verbose: 0 : 10588, 4, 2024/05/30, 17:04:18.478, 4698902755426, testhost.dll, TestPluginCache.GetExtensionPaths: Added default extension paths: C:\MiniProject\HotelBookingSystemSolution\HotelBookingSystemAPIBLTests\bin\Debug\net6.0\fine-code-coverage\build-output\NUnit3.TestAdapter.dll
TpTrace Verbose: 0 : 10588, 4, 2024/05/30, 17:04:18.478, 4698902755666, testhost.dll, TestPluginCache.GetExtensionPaths: Added unfilterableExtensionPaths: 
TpTrace Information: 0 : 10588, 4, 2024/05/30, 17:04:18.478, 4698902757010, testhost.dll, AssemblyResolver.AddSearchDirectories: Adding more searchDirectories C:\MiniProject\HotelBookingSystemSolution\HotelBookingSystemAPIBLTests\bin\Debug\net6.0\fine-code-coverage\build-output
TpTrace Verbose: 0 : 10588, 4, 2024/05/30, 17:04:18.478, 4698902757407, testhost.dll, TestPluginCache.DiscoverTestExtensions: Discovering the extensions using extension path.
TpTrace Verbose: 0 : 10588, 4, 2024/05/30, 17:04:18.478, 4698902757662, testhost.dll, TestPluginCache.GetExtensionPaths: Filtered extension paths: 
TpTrace Verbose: 0 : 10588, 4, 2024/05/30, 17:04:18.478, 4698902757885, testhost.dll, TestPluginCache.GetExtensionPaths: Added default extension paths: C:\MiniProject\HotelBookingSystemSolution\HotelBookingSystemAPIBLTests\bin\Debug\net6.0\fine-code-coverage\build-output\NUnit3.TestAdapter.dll
TpTrace Verbose: 0 : 10588, 4, 2024/05/30, 17:04:18.478, 4698902758139, testhost.dll, TestPluginCache.GetExtensionPaths: Added unfilterableExtensionPaths: 
TpTrace Verbose: 0 : 10588, 4, 2024/05/30, 17:04:18.478, 4698902758407, testhost.dll, TestPluginCache.DiscoverTestExtensions: Discovering the extensions using allExtensionPaths: C:\MiniProject\HotelBookingSystemSolution\HotelBookingSystemAPIBLTests\bin\Debug\net6.0\fine-code-coverage\build-output\NUnit3.TestAdapter.dll
TpTrace Information: 0 : 10588, 4, 2024/05/30, 17:04:18.479, 4698902758793, testhost.dll, AssemblyResolver.AddSearchDirectories: Adding more searchDirectories C:\MiniProject\HotelBookingSystemSolution\HotelBookingSystemAPIBLTests\bin\Debug\net6.0\fine-code-coverage\build-output
TpTrace Verbose: 0 : 10588, 4, 2024/05/30, 17:04:18.479, 4698902759339, testhost.dll, MetadataReaderExtensionsHelper: Discovering extensions inside assembly 'NUnit3.TestAdapter, Version=4.4.0.0, Culture=neutral, PublicKeyToken=4cb40d35494691ac' file path 'C:\MiniProject\HotelBookingSystemSolution\HotelBookingSystemAPIBLTests\bin\Debug\net6.0\fine-code-coverage\build-output\NUnit3.TestAdapter.dll'
TpTrace Verbose: 0 : 10588, 4, 2024/05/30, 17:04:18.479, 4698902763987, testhost.dll, TestPluginCache: Discovered the extensions using extension path ''.
TpTrace Verbose: 0 : 10588, 4, 2024/05/30, 17:04:18.479, 4698902764418, testhost.dll, TestPluginCache: Discoverers are ''.
TpTrace Verbose: 0 : 10588, 4, 2024/05/30, 17:04:18.479, 4698902764683, testhost.dll, TestPluginCache: Executors are 'executor://NUnit3TestExecutor'.
TpTrace Verbose: 0 : 10588, 4, 2024/05/30, 17:04:18.479, 4698902764938, testhost.dll, TestPluginCache: Executors2 are ''.
TpTrace Verbose: 0 : 10588, 4, 2024/05/30, 17:04:18.479, 4698902765398, testhost.dll, TestPluginCache: Setting providers are ''.
TpTrace Verbose: 0 : 10588, 4, 2024/05/30, 17:04:18.479, 4698902765653, testhost.dll, TestPluginCache: Loggers are ''.
TpTrace Verbose: 0 : 10588, 4, 2024/05/30, 17:04:18.479, 4698902765875, testhost.dll, TestPluginCache: TestHosts are ''.
TpTrace Verbose: 0 : 10588, 4, 2024/05/30, 17:04:18.479, 4698902766141, testhost.dll, TestPluginCache: DataCollectors are ''.
TpTrace Verbose: 0 : 10588, 4, 2024/05/30, 17:04:18.480, 4698902772935, testhost.dll, TestExecutorService: Loaded the settings providers
TpTrace Information: 0 : 10588, 4, 2024/05/30, 17:04:18.480, 4698902773362, testhost.dll, TestExecutorService: Loaded the extensions
TpTrace Information: 0 : 10588, 4, 2024/05/30, 17:04:18.480, 4698902777318, testhost.dll, TestRequestHandler.OnMessageReceived: Running job 'TestExecution.StartWithSources'.
TpTrace Verbose: 0 : 10588, 4, 2024/05/30, 17:04:18.562, 4698903595432, testhost.dll, MulticastDelegateUtilities.SafeInvoke: TestCaseEventsHandler.RaiseSessionStart: Invoking callbacks was skipped because there are no subscribers.
TpTrace Information: 0 : 10588, 4, 2024/05/30, 17:04:18.568, 4698903657264, testhost.dll, TestDiscoveryManager: Discovering tests from sources C:\MiniProject\HotelBookingSystemSolution\HotelBookingSystemAPIBLTests\bin\Debug\net6.0\fine-code-coverage\build-output\HotelBookingSystemAPIBLTests.dll
TpTrace Verbose: 0 : 10588, 4, 2024/05/30, 17:04:18.576, 4698903733919, testhost.dll, TestPluginCache.DiscoverTestExtensions: finding test extensions in assemblies ends with: TestAdapter.dll TPluginInfo: Microsoft.VisualStudio.TestPlatform.Common.ExtensionFramework.Utilities.TestDiscovererPluginInformation TExtension: Microsoft.VisualStudio.TestPlatform.ObjectModel.Adapter.ITestDiscoverer
TpTrace Verbose: 0 : 10588, 4, 2024/05/30, 17:04:18.576, 4698903737026, testhost.dll, TestPluginCache.GetExtensionPaths: Filtered extension paths: 
TpTrace Verbose: 0 : 10588, 4, 2024/05/30, 17:04:18.576, 4698903737818, testhost.dll, TestPluginCache.GetExtensionPaths: Added default extension paths: C:\MiniProject\HotelBookingSystemSolution\HotelBookingSystemAPIBLTests\bin\Debug\net6.0\fine-code-coverage\build-output\NUnit3.TestAdapter.dll
TpTrace Verbose: 0 : 10588, 4, 2024/05/30, 17:04:18.576, 4698903738444, testhost.dll, TestPluginCache.GetExtensionPaths: Added unfilterableExtensionPaths: 
TpTrace Information: 0 : 10588, 4, 2024/05/30, 17:04:18.577, 4698903741456, testhost.dll, AssemblyResolver.AddSearchDirectories: Adding more searchDirectories C:\MiniProject\HotelBookingSystemSolution\HotelBookingSystemAPIBLTests\bin\Debug\net6.0\fine-code-coverage\build-output
TpTrace Verbose: 0 : 10588, 4, 2024/05/30, 17:04:18.577, 4698903742437, testhost.dll, TestPluginCache.DiscoverTestExtensions: Discovering the extensions using extension path.
TpTrace Verbose: 0 : 10588, 4, 2024/05/30, 17:04:18.577, 4698903743173, testhost.dll, TestPluginCache.GetExtensionPaths: Filtered extension paths: 
TpTrace Verbose: 0 : 10588, 4, 2024/05/30, 17:04:18.577, 4698903743629, testhost.dll, TestPluginCache.GetExtensionPaths: Added default extension paths: C:\MiniProject\HotelBookingSystemSolution\HotelBookingSystemAPIBLTests\bin\Debug\net6.0\fine-code-coverage\build-output\NUnit3.TestAdapter.dll
TpTrace Verbose: 0 : 10588, 4, 2024/05/30, 17:04:18.577, 4698903744068, testhost.dll, TestPluginCache.GetExtensionPaths: Added unfilterableExtensionPaths: 
TpTrace Verbose: 0 : 10588, 4, 2024/05/30, 17:04:18.577, 4698903745184, testhost.dll, TestPluginCache.DiscoverTestExtensions: Discovering the extensions using allExtensionPaths: C:\MiniProject\HotelBookingSystemSolution\HotelBookingSystemAPIBLTests\bin\Debug\net6.0\fine-code-coverage\build-output\NUnit3.TestAdapter.dll
TpTrace Information: 0 : 10588, 4, 2024/05/30, 17:04:18.577, 4698903745875, testhost.dll, AssemblyResolver.AddSearchDirectories: Adding more searchDirectories C:\MiniProject\HotelBookingSystemSolution\HotelBookingSystemAPIBLTests\bin\Debug\net6.0\fine-code-coverage\build-output
TpTrace Verbose: 0 : 10588, 4, 2024/05/30, 17:04:18.578, 4698903748645, testhost.dll, MetadataReaderExtensionsHelper: Discovering extensions inside assembly 'NUnit3.TestAdapter, Version=4.4.0.0, Culture=neutral, PublicKeyToken=4cb40d35494691ac' file path 'C:\MiniProject\HotelBookingSystemSolution\HotelBookingSystemAPIBLTests\bin\Debug\net6.0\fine-code-coverage\build-output\NUnit3.TestAdapter.dll'
TpTrace Information: 0 : 10588, 4, 2024/05/30, 17:04:18.584, 4698903815958, testhost.dll, GetTestExtensionFromType: Register extension with identifier data 'NUnit.VisualStudio.TestAdapter.NUnit3TestDiscoverer, NUnit3.TestAdapter, Version=4.4.0.0, Culture=neutral, PublicKeyToken=4cb40d35494691ac' and type 'NUnit.VisualStudio.TestAdapter.NUnit3TestDiscoverer, NUnit3.TestAdapter, Version=4.4.0.0, Culture=neutral, PublicKeyToken=4cb40d35494691ac' inside file 'C:\MiniProject\HotelBookingSystemSolution\HotelBookingSystemAPIBLTests\bin\Debug\net6.0\fine-code-coverage\build-output\NUnit3.TestAdapter.dll'
TpTrace Verbose: 0 : 10588, 4, 2024/05/30, 17:04:18.585, 4698903824181, testhost.dll, TestPluginCache: Discovered the extensions using extension path ''.
TpTrace Verbose: 0 : 10588, 4, 2024/05/30, 17:04:18.585, 4698903825378, testhost.dll, TestPluginCache: Discoverers are 'NUnit.VisualStudio.TestAdapter.NUnit3TestDiscoverer, NUnit3.TestAdapter, Version=4.4.0.0, Culture=neutral, PublicKeyToken=4cb40d35494691ac'.
TpTrace Verbose: 0 : 10588, 4, 2024/05/30, 17:04:18.585, 4698903825846, testhost.dll, TestPluginCache: Executors are 'executor://NUnit3TestExecutor'.
TpTrace Verbose: 0 : 10588, 4, 2024/05/30, 17:04:18.585, 4698903826556, testhost.dll, TestPluginCache: Executors2 are ''.
TpTrace Verbose: 0 : 10588, 4, 2024/05/30, 17:04:18.585, 4698903827299, testhost.dll, TestPluginCache: Setting providers are ''.
TpTrace Verbose: 0 : 10588, 4, 2024/05/30, 17:04:18.585, 4698903827947, testhost.dll, TestPluginCache: Loggers are ''.
TpTrace Verbose: 0 : 10588, 4, 2024/05/30, 17:04:18.586, 4698903828621, testhost.dll, TestPluginCache: TestHosts are ''.
TpTrace Verbose: 0 : 10588, 4, 2024/05/30, 17:04:18.586, 4698903829202, testhost.dll, TestPluginCache: DataCollectors are ''.
TpTrace Information: 0 : 10588, 4, 2024/05/30, 17:04:18.598, 4698903958567, testhost.dll, PEReaderHelper.GetAssemblyType: Determined assemblyType:'Managed' for source: 'C:\MiniProject\HotelBookingSystemSolution\HotelBookingSystemAPIBLTests\bin\Debug\net6.0\fine-code-coverage\build-output\HotelBookingSystemAPIBLTests.dll'
TpTrace Verbose: 0 : 10588, 4, 2024/05/30, 17:04:18.614, 4698904117862, testhost.dll, BaseRunTests.RunTestInternalWithExecutors: Running tests for executor://NUnit3TestExecutor
TpTrace Information: 0 : 10588, 4, 2024/05/30, 17:04:18.629, 4698904262217, testhost.dll, AssemblyResolver.OnResolve: nunit.engine: Resolving assembly.
TpTrace Information: 0 : 10588, 4, 2024/05/30, 17:04:18.629, 4698904267883, testhost.dll, AssemblyResolver.OnResolve: nunit.engine: Searching in: 'C:\MiniProject\HotelBookingSystemSolution\HotelBookingSystemAPIBLTests\bin\Debug\net6.0\fine-code-coverage\build-output'.
TpTrace Information: 0 : 10588, 4, 2024/05/30, 17:04:18.630, 4698904276085, testhost.dll, AssemblyResolver.OnResolve: nunit.engine: Loading assembly 'C:\MiniProject\HotelBookingSystemSolution\HotelBookingSystemAPIBLTests\bin\Debug\net6.0\fine-code-coverage\build-output\nunit.engine.dll'.
TpTrace Information: 0 : 10588, 4, 2024/05/30, 17:04:18.631, 4698904285899, testhost.dll, AssemblyResolver.OnResolve: Resolved assembly: nunit.engine, from path: C:\MiniProject\HotelBookingSystemSolution\HotelBookingSystemAPIBLTests\bin\Debug\net6.0\fine-code-coverage\build-output\nunit.engine.dll
TpTrace Information: 0 : 10588, 4, 2024/05/30, 17:04:18.631, 4698904287831, testhost.dll, AssemblyResolver.OnResolve: nunit.engine.core: Resolving assembly.
TpTrace Information: 0 : 10588, 4, 2024/05/30, 17:04:18.631, 4698904288497, testhost.dll, AssemblyResolver.OnResolve: nunit.engine.core: Searching in: 'C:\MiniProject\HotelBookingSystemSolution\HotelBookingSystemAPIBLTests\bin\Debug\net6.0\fine-code-coverage\build-output'.
TpTrace Information: 0 : 10588, 4, 2024/05/30, 17:04:18.632, 4698904293415, testhost.dll, AssemblyResolver.OnResolve: nunit.engine.core: Loading assembly 'C:\MiniProject\HotelBookingSystemSolution\HotelBookingSystemAPIBLTests\bin\Debug\net6.0\fine-code-coverage\build-output\nunit.engine.core.dll'.
TpTrace Information: 0 : 10588, 4, 2024/05/30, 17:04:18.633, 4698904305988, testhost.dll, AssemblyResolver.OnResolve: Resolved assembly: nunit.engine.core, from path: C:\MiniProject\HotelBookingSystemSolution\HotelBookingSystemAPIBLTests\bin\Debug\net6.0\fine-code-coverage\build-output\nunit.engine.core.dll
TpTrace Information: 0 : 10588, 4, 2024/05/30, 17:04:18.652, 4698904489362, testhost.dll, NUnit Adapter 4.4.0.0: Test execution started
TpTrace Verbose: 0 : 10588, 4, 2024/05/30, 17:04:18.652, 4698904492557, testhost.dll, TestRequestHandler.SendData: sending data from testhost: {"Version":7,"MessageType":"TestSession.Message","Payload":{"MessageLevel":0,"Message":"NUnit Adapter 4.4.0.0: Test execution started"}}
TpTrace Verbose: 0 : 10588, 4, 2024/05/30, 17:04:18.652, 4698904496071, testhost.dll, MulticastDelegateUtilities.SafeInvoke: TestRunMessageLoggerProxy.SendMessage: Invoking callback 1/1 for Microsoft.VisualStudio.TestPlatform.CrossPlatEngine.Execution.RunTestsWithSources., took 1 ms.
TpTrace Information: 0 : 10588, 4, 2024/05/30, 17:04:18.691, 4698904880985, testhost.dll, Running all tests in C:\MiniProject\HotelBookingSystemSolution\HotelBookingSystemAPIBLTests\bin\Debug\net6.0\fine-code-coverage\build-output\HotelBookingSystemAPIBLTests.dll
TpTrace Verbose: 0 : 10588, 4, 2024/05/30, 17:04:18.691, 4698904882478, testhost.dll, TestRequestHandler.SendData: sending data from testhost: {"Version":7,"MessageType":"TestSession.Message","Payload":{"MessageLevel":0,"Message":"Running all tests in C:\\MiniProject\\HotelBookingSystemSolution\\HotelBookingSystemAPIBLTests\\bin\\Debug\\net6.0\\fine-code-coverage\\build-output\\HotelBookingSystemAPIBLTests.dll"}}
TpTrace Verbose: 0 : 10588, 4, 2024/05/30, 17:04:18.691, 4698904883595, testhost.dll, MulticastDelegateUtilities.SafeInvoke: TestRunMessageLoggerProxy.SendMessage: Invoking callback 1/1 for Microsoft.VisualStudio.TestPlatform.CrossPlatEngine.Execution.RunTestsWithSources., took 0 ms.
TpTrace Information: 0 : 10588, 4, 2024/05/30, 17:04:18.698, 4698904952846, testhost.dll, AssemblyResolver.OnResolve: testcentric.engine.metadata: Resolving assembly.
TpTrace Information: 0 : 10588, 4, 2024/05/30, 17:04:18.698, 4698904954233, testhost.dll, AssemblyResolver.OnResolve: testcentric.engine.metadata: Searching in: 'C:\MiniProject\HotelBookingSystemSolution\HotelBookingSystemAPIBLTests\bin\Debug\net6.0\fine-code-coverage\build-output'.
TpTrace Information: 0 : 10588, 4, 2024/05/30, 17:04:18.698, 4698904957516, testhost.dll, AssemblyResolver.OnResolve: testcentric.engine.metadata: Loading assembly 'C:\MiniProject\HotelBookingSystemSolution\HotelBookingSystemAPIBLTests\bin\Debug\net6.0\fine-code-coverage\build-output\testcentric.engine.metadata.dll'.
TpTrace Information: 0 : 10588, 4, 2024/05/30, 17:04:18.699, 4698904965797, testhost.dll, AssemblyResolver.OnResolve: Resolved assembly: testcentric.engine.metadata, from path: C:\MiniProject\HotelBookingSystemSolution\HotelBookingSystemAPIBLTests\bin\Debug\net6.0\fine-code-coverage\build-output\testcentric.engine.metadata.dll
TpTrace Information: 0 : 10588, 4, 2024/05/30, 17:04:18.853, 4698906506503, testhost.dll,    NUnit3TestExecutor discovered 47 of 47 NUnit test cases using Current Discovery mode, Non-Explicit run
TpTrace Verbose: 0 : 10588, 4, 2024/05/30, 17:04:18.853, 4698906508372, testhost.dll, TestRequestHandler.SendData: sending data from testhost: {"Version":7,"MessageType":"TestSession.Message","Payload":{"MessageLevel":0,"Message":"   NUnit3TestExecutor discovered 47 of 47 NUnit test cases using Current Discovery mode, Non-Explicit run"}}
TpTrace Verbose: 0 : 10588, 4, 2024/05/30, 17:04:18.854, 4698906509713, testhost.dll, MulticastDelegateUtilities.SafeInvoke: TestRunMessageLoggerProxy.SendMessage: Invoking callback 1/1 for Microsoft.VisualStudio.TestPlatform.CrossPlatEngine.Execution.RunTestsWithSources., took 0 ms.
TpTrace Verbose: 0 : 10588, 15, 2024/05/30, 17:04:18.892, 4698906895390, testhost.dll, TestExecutionRecorder.RecordStart: Starting test: HotelBookingSystemAPIBLTests.AdminHotelServiceTests.GetAllHotelFailTest.
TpTrace Verbose: 0 : 10588, 15, 2024/05/30, 17:04:18.943, 4698907406536, testhost.dll, MulticastDelegateUtilities.SafeInvoke: TestCaseEventsHandler.RaiseTestCaseStart: Invoking callback 1/1 for Microsoft.VisualStudio.TestPlatform.CrossPlatEngine.DataCollection.ProxyOutOfProcDataCollectionManager., took 42 ms.
TpTrace Verbose: 0 : 10588, 15, 2024/05/30, 17:04:19.068, 4698908652125, testhost.dll, TestExecutionRecorder.RecordEnd: test: HotelBookingSystemAPIBLTests.AdminHotelServiceTests.GetAllHotelFailTest execution completed.
TpTrace Verbose: 0 : 10588, 15, 2024/05/30, 17:04:19.080, 4698908770191, testhost.dll, MulticastDelegateUtilities.SafeInvoke: TestCaseEventsHandler.RaiseTestCaseEnd: Invoking callback 1/1 for Microsoft.VisualStudio.TestPlatform.CrossPlatEngine.DataCollection.ProxyOutOfProcDataCollectionManager., took 11 ms.
TpTrace Verbose: 0 : 10588, 15, 2024/05/30, 17:04:19.081, 4698908783338, testhost.dll, TestExecutionRecorder.RecordResult: Received result for test: HotelBookingSystemAPIBLTests.AdminHotelServiceTests.GetAllHotelFailTest.
TpTrace Verbose: 0 : 10588, 15, 2024/05/30, 17:04:19.083, 4698908805315, testhost.dll, MulticastDelegateUtilities.SafeInvoke: TestCaseEventsHandler.RaiseTestCaseEnd: Invoking callback 1/1 for Microsoft.VisualStudio.TestPlatform.CrossPlatEngine.DataCollection.ProxyOutOfProcDataCollectionManager., took 1 ms.
TpTrace Warning: 0 : 10588, 15, 2024/05/30, 17:04:19.087, 4698908841369, testhost.dll, TestRunCache: InProgressTests is null
TpTrace Warning: 0 : 10588, 15, 2024/05/30, 17:04:19.087, 4698908843293, testhost.dll, TestRunCache: No test found corresponding to testResult 'GetAllHotelFailTest' in inProgress list.
TpTrace Verbose: 0 : 10588, 15, 2024/05/30, 17:04:19.087, 4698908844973, testhost.dll, TestExecutionRecorder.RecordStart: Starting test: HotelBookingSystemAPIBLTests.AdminHotelServiceTests.GetAllHotelPassTest.
TpTrace Verbose: 0 : 10588, 15, 2024/05/30, 17:04:19.089, 4698908867709, testhost.dll, MulticastDelegateUtilities.SafeInvoke: TestCaseEventsHandler.RaiseTestCaseStart: Invoking callback 1/1 for Microsoft.VisualStudio.TestPlatform.CrossPlatEngine.DataCollection.ProxyOutOfProcDataCollectionManager., took 2 ms.
TpTrace Verbose: 0 : 10588, 15, 2024/05/30, 17:04:19.090, 4698908872864, testhost.dll, TestExecutionRecorder.RecordEnd: test: HotelBookingSystemAPIBLTests.AdminHotelServiceTests.GetAllHotelPassTest execution completed.
TpTrace Verbose: 0 : 10588, 15, 2024/05/30, 17:04:19.092, 4698908893998, testhost.dll, MulticastDelegateUtilities.SafeInvoke: TestCaseEventsHandler.RaiseTestCaseEnd: Invoking callback 1/1 for Microsoft.VisualStudio.TestPlatform.CrossPlatEngine.DataCollection.ProxyOutOfProcDataCollectionManager., took 2 ms.
TpTrace Verbose: 0 : 10588, 15, 2024/05/30, 17:04:19.092, 4698908895234, testhost.dll, TestExecutionRecorder.RecordResult: Received result for test: HotelBookingSystemAPIBLTests.AdminHotelServiceTests.GetAllHotelPassTest.
TpTrace Verbose: 0 : 10588, 15, 2024/05/30, 17:04:19.092, 4698908895962, testhost.dll, MulticastDelegateUtilities.SafeInvoke: TestCaseEventsHandler.RaiseTestCaseEnd: Invoking callback 1/1 for Microsoft.VisualStudio.TestPlatform.CrossPlatEngine.DataCollection.ProxyOutOfProcDataCollectionManager., took 0 ms.
TpTrace Warning: 0 : 10588, 15, 2024/05/30, 17:04:19.092, 4698908896557, testhost.dll, TestRunCache: InProgressTests is null
TpTrace Warning: 0 : 10588, 15, 2024/05/30, 17:04:19.092, 4698908896988, testhost.dll, TestRunCache: No test found corresponding to testResult 'GetAllHotelPassTest' in inProgress list.
TpTrace Verbose: 0 : 10588, 15, 2024/05/30, 17:04:19.093, 4698908898662, testhost.dll, TestExecutionRecorder.RecordStart: Starting test: HotelBookingSystemAPIBLTests.AdminHotelServiceTests.GetHotelFailTest.
TpTrace Verbose: 0 : 10588, 15, 2024/05/30, 17:04:19.094, 4698908917554, testhost.dll, MulticastDelegateUtilities.SafeInvoke: TestCaseEventsHandler.RaiseTestCaseStart: Invoking callback 1/1 for Microsoft.VisualStudio.TestPlatform.CrossPlatEngine.DataCollection.ProxyOutOfProcDataCollectionManager., took 1 ms.
TpTrace Verbose: 0 : 10588, 10, 2024/05/30, 17:04:19.439, 4698912361981, testhost.dll, TcpClientExtensions.MessageLoopAsync: Polling on remoteEndPoint: [::ffff:127.0.0.1]:55137 localEndPoint: [::ffff:127.0.0.1]:55138
TpTrace Verbose: 0 : 10588, 15, 2024/05/30, 17:04:19.813, 4698916106163, testhost.dll, TestExecutionRecorder.RecordEnd: test: HotelBookingSystemAPIBLTests.AdminHotelServiceTests.GetHotelFailTest execution completed.
TpTrace Verbose: 0 : 10588, 15, 2024/05/30, 17:04:19.816, 4698916133137, testhost.dll, MulticastDelegateUtilities.SafeInvoke: TestCaseEventsHandler.RaiseTestCaseEnd: Invoking callback 1/1 for Microsoft.VisualStudio.TestPlatform.CrossPlatEngine.DataCollection.ProxyOutOfProcDataCollectionManager., took 2 ms.
TpTrace Verbose: 0 : 10588, 15, 2024/05/30, 17:04:19.816, 4698916134157, testhost.dll, TestExecutionRecorder.RecordResult: Received result for test: HotelBookingSystemAPIBLTests.AdminHotelServiceTests.GetHotelFailTest.
TpTrace Verbose: 0 : 10588, 15, 2024/05/30, 17:04:19.816, 4698916134722, testhost.dll, MulticastDelegateUtilities.SafeInvoke: TestCaseEventsHandler.RaiseTestCaseEnd: Invoking callback 1/1 for Microsoft.VisualStudio.TestPlatform.CrossPlatEngine.DataCollection.ProxyOutOfProcDataCollectionManager., took 0 ms.
TpTrace Warning: 0 : 10588, 15, 2024/05/30, 17:04:19.816, 4698916135137, testhost.dll, TestRunCache: InProgressTests is null
TpTrace Warning: 0 : 10588, 15, 2024/05/30, 17:04:19.816, 4698916135486, testhost.dll, TestRunCache: No test found corresponding to testResult 'GetHotelFailTest' in inProgress list.
TpTrace Verbose: 0 : 10588, 15, 2024/05/30, 17:04:19.816, 4698916137277, testhost.dll, TestExecutionRecorder.RecordStart: Starting test: HotelBookingSystemAPIBLTests.AdminHotelServiceTests.GetHotelPassTest.
TpTrace Verbose: 0 : 10588, 15, 2024/05/30, 17:04:19.818, 4698916154759, testhost.dll, MulticastDelegateUtilities.SafeInvoke: TestCaseEventsHandler.RaiseTestCaseStart: Invoking callback 1/1 for Microsoft.VisualStudio.TestPlatform.CrossPlatEngine.DataCollection.ProxyOutOfProcDataCollectionManager., took 1 ms.
TpTrace Verbose: 0 : 10588, 15, 2024/05/30, 17:04:19.818, 4698916158184, testhost.dll, TestExecutionRecorder.RecordEnd: test: HotelBookingSystemAPIBLTests.AdminHotelServiceTests.GetHotelPassTest execution completed.
TpTrace Verbose: 0 : 10588, 15, 2024/05/30, 17:04:19.820, 4698916173213, testhost.dll, MulticastDelegateUtilities.SafeInvoke: TestCaseEventsHandler.RaiseTestCaseEnd: Invoking callback 1/1 for Microsoft.VisualStudio.TestPlatform.CrossPlatEngine.DataCollection.ProxyOutOfProcDataCollectionManager., took 1 ms.
TpTrace Verbose: 0 : 10588, 15, 2024/05/30, 17:04:19.820, 4698916173920, testhost.dll, TestExecutionRecorder.RecordResult: Received result for test: HotelBookingSystemAPIBLTests.AdminHotelServiceTests.GetHotelPassTest.
TpTrace Verbose: 0 : 10588, 15, 2024/05/30, 17:04:19.820, 4698916174398, testhost.dll, MulticastDelegateUtilities.SafeInvoke: TestCaseEventsHandler.RaiseTestCaseEnd: Invoking callback 1/1 for Microsoft.VisualStudio.TestPlatform.CrossPlatEngine.DataCollection.ProxyOutOfProcDataCollectionManager., took 0 ms.
TpTrace Warning: 0 : 10588, 15, 2024/05/30, 17:04:19.820, 4698916174785, testhost.dll, TestRunCache: InProgressTests is null
TpTrace Warning: 0 : 10588, 15, 2024/05/30, 17:04:19.820, 4698916175087, testhost.dll, TestRunCache: No test found corresponding to testResult 'GetHotelPassTest' in inProgress list.
TpTrace Verbose: 0 : 10588, 15, 2024/05/30, 17:04:19.820, 4698916176033, testhost.dll, TestExecutionRecorder.RecordStart: Starting test: HotelBookingSystemAPIBLTests.AdminHotelServiceTests.RegisterHotelFailTest.
TpTrace Verbose: 0 : 10588, 15, 2024/05/30, 17:04:19.821, 4698916188317, testhost.dll, MulticastDelegateUtilities.SafeInvoke: TestCaseEventsHandler.RaiseTestCaseStart: Invoking callback 1/1 for Microsoft.VisualStudio.TestPlatform.CrossPlatEngine.DataCollection.ProxyOutOfProcDataCollectionManager., took 1 ms.
TpTrace Information: 0 : 10588, 11, 2024/05/30, 17:04:20.018, 4698918155163, testhost.dll, Sending test run statistics
TpTrace Verbose: 0 : 10588, 15, 2024/05/30, 17:04:20.026, 4698918231782, testhost.dll, TestExecutionRecorder.RecordEnd: test: HotelBookingSystemAPIBLTests.AdminHotelServiceTests.RegisterHotelFailTest execution completed.
TpTrace Verbose: 0 : 10588, 11, 2024/05/30, 17:04:20.046, 4698918438414, testhost.dll, TestRequestHandler.SendData: sending data from testhost: {"Version":7,"MessageType":"TestExecution.StatsChange","Payload":{"NewTestResults":[{"TestCase":{"Id":"886382c7-c8b1-4097-cfc0-c85b95541908","FullyQualifiedName":"HotelBookingSystemAPIBLTests.AdminHotelServiceTests.GetAllHotelFailTest","DisplayName":"GetAllHotelFailTest","ExecutorUri":"executor://NUnit3TestExecutor","Source":"C:\\MiniProject\\HotelBookingSystemSolution\\HotelBookingSystemAPIBLTests\\bin\\Debug\\net6.0\\fine-code-coverage\\build-output\\HotelBookingSystemAPIBLTests.dll","CodeFilePath":null,"LineNumber":0,"Properties":[{"Key":{"Id":"NUnit.Seed","Label":"Seed","Category":"","Description":"","Attributes":0,"ValueType":"System.String"},"Value":"1493529889"}]},"Attachments":[],"Outcome":1,"ErrorMessage":null,"ErrorStackTrace":null,"DisplayName":"GetAllHotelFailTest","Messages":[],"ComputerName":"853CBX3","Duration":"00:00:00.1673860","StartTime":"2024-05-30T11:34:18.8871223+00:00","EndTime":"2024-05-30T11:34:19.0544441+00:00","Properties":[{"Key":{"Id":"NUnit.Seed","Label":"Seed","Category":"","Description":"","Attributes":0,"ValueType":"System.String"},"Value":"1493529889"}]},{"TestCase":{"Id":"e70cf7f0-5f32-8505-ca90-bea9d968e025","FullyQualifiedName":"HotelBookingSystemAPIBLTests.AdminHotelServiceTests.GetAllHotelPassTest","DisplayName":"GetAllHotelPassTest","ExecutorUri":"executor://NUnit3TestExecutor","Source":"C:\\MiniProject\\HotelBookingSystemSolution\\HotelBookingSystemAPIBLTests\\bin\\Debug\\net6.0\\fine-code-coverage\\build-output\\HotelBookingSystemAPIBLTests.dll","CodeFilePath":null,"LineNumber":0,"Properties":[{"Key":{"Id":"NUnit.Seed","Label":"Seed","Category":"","Description":"","Attributes":0,"ValueType":"System.String"},"Value":"751391160"}]},"Attachments":[],"Outcome":1,"ErrorMessage":null,"ErrorStackTrace":null,"DisplayName":"GetAllHotelPassTest","Messages":[],"ComputerName":"853CBX3","Duration":"00:00:00.0099640","StartTime":"2024-05-30T11:34:19.0561344+00:00","EndTime":"2024-05-30T11:34:19.0660993+00:00","Properties":[{"Key":{"Id":"NUnit.Seed","Label":"Seed","Category":"","Description":"","Attributes":0,"ValueType":"System.String"},"Value":"751391160"}]},{"TestCase":{"Id":"c51f6e88-8070-af41-5935-f11e03be1f33","FullyQualifiedName":"HotelBookingSystemAPIBLTests.AdminHotelServiceTests.GetHotelFailTest","DisplayName":"GetHotelFailTest","ExecutorUri":"executor://NUnit3TestExecutor","Source":"C:\\MiniProject\\HotelBookingSystemSolution\\HotelBookingSystemAPIBLTests\\bin\\Debug\\net6.0\\fine-code-coverage\\build-output\\HotelBookingSystemAPIBLTests.dll","CodeFilePath":null,"LineNumber":0,"Properties":[{"Key":{"Id":"NUnit.Seed","Label":"Seed","Category":"","Description":"","Attributes":0,"ValueType":"System.String"},"Value":"1791146421"}]},"Attachments":[],"Outcome":1,"ErrorMessage":null,"ErrorStackTrace":null,"DisplayName":"GetHotelFailTest","Messages":[],"ComputerName":"853CBX3","Duration":"00:00:00.7473010","StartTime":"2024-05-30T11:34:19.0661419+00:00","EndTime":"2024-05-30T11:34:19.8134422+00:00","Properties":[{"Key":{"Id":"NUnit.Seed","Label":"Seed","Category":"","Description":"","Attributes":0,"ValueType":"System.String"},"Value":"1791146421"}]},{"TestCase":{"Id":"fcc4096a-e033-73be-3936-fafff031963f","FullyQualifiedName":"HotelBookingSystemAPIBLTests.AdminHotelServiceTests.GetHotelPassTest","DisplayName":"GetHotelPassTest","ExecutorUri":"executor://NUnit3TestExecutor","Source":"C:\\MiniProject\\HotelBookingSystemSolution\\HotelBookingSystemAPIBLTests\\bin\\Debug\\net6.0\\fine-code-coverage\\build-output\\HotelBookingSystemAPIBLTests.dll","CodeFilePath":null,"LineNumber":0,"Properties":[{"Key":{"Id":"NUnit.Seed","Label":"Seed","Category":"","Description":"","Attributes":0,"ValueType":"System.String"},"Value":"130959343"}]},"Attachments":[],"Outcome":1,"ErrorMessage":null,"ErrorStackTrace":null,"DisplayName":"GetHotelPassTest","Messages":[],"ComputerName":"853CBX3","Duration":"00:00:00.0037430","StartTime":"2024-05-30T11:34:19.8134731+00:00","EndTime":"2024-05-30T11:34:19.8172154+00:00","Properties":[{"Key":{"Id":"NUnit.Seed","Label":"Seed","Category":"","Description":"","Attributes":0,"ValueType":"System.String"},"Value":"130959343"}]}],"TestRunStatistics":{"ExecutedTests":4,"Stats":{"Passed":4}},"ActiveTests":[{"Id":"5984adf0-3e40-5974-213c-168e80dd4259","FullyQualifiedName":"HotelBookingSystemAPIBLTests.AdminHotelServiceTests.RegisterHotelFailTest","DisplayName":"RegisterHotelFailTest","ExecutorUri":"executor://NUnit3TestExecutor","Source":"C:\\MiniProject\\HotelBookingSystemSolution\\HotelBookingSystemAPIBLTests\\bin\\Debug\\net6.0\\fine-code-coverage\\build-output\\HotelBookingSystemAPIBLTests.dll","CodeFilePath":null,"LineNumber":0,"Properties":[{"Key":{"Id":"NUnit.Seed","Label":"Seed","Category":"","Description":"","Attributes":0,"ValueType":"System.String"},"Value":"1722602286"}]}]}}
TpTrace Verbose: 0 : 10588, 11, 2024/05/30, 17:04:20.047, 4698918443276, testhost.dll, TestRunCache: OnNewTestResult: Notified the onCacheHit callback.
TpTrace Warning: 0 : 10588, 15, 2024/05/30, 17:04:20.047, 4698918444269, testhost.dll, TestRunCache: InProgressTests is null
TpTrace Verbose: 0 : 10588, 15, 2024/05/30, 17:04:20.050, 4698918473150, testhost.dll, MulticastDelegateUtilities.SafeInvoke: TestCaseEventsHandler.RaiseTestCaseEnd: Invoking callback 1/1 for Microsoft.VisualStudio.TestPlatform.CrossPlatEngine.DataCollection.ProxyOutOfProcDataCollectionManager., took 2 ms.
TpTrace Verbose: 0 : 10588, 15, 2024/05/30, 17:04:20.050, 4698918474230, testhost.dll, TestExecutionRecorder.RecordResult: Received result for test: HotelBookingSystemAPIBLTests.AdminHotelServiceTests.RegisterHotelFailTest.
TpTrace Verbose: 0 : 10588, 15, 2024/05/30, 17:04:20.050, 4698918474776, testhost.dll, MulticastDelegateUtilities.SafeInvoke: TestCaseEventsHandler.RaiseTestCaseEnd: Invoking callback 1/1 for Microsoft.VisualStudio.TestPlatform.CrossPlatEngine.DataCollection.ProxyOutOfProcDataCollectionManager., took 0 ms.
TpTrace Warning: 0 : 10588, 15, 2024/05/30, 17:04:20.050, 4698918475183, testhost.dll, TestRunCache: InProgressTests is null
TpTrace Warning: 0 : 10588, 15, 2024/05/30, 17:04:20.050, 4698918475444, testhost.dll, TestRunCache: No test found corresponding to testResult 'RegisterHotelFailTest' in inProgress list.
TpTrace Verbose: 0 : 10588, 15, 2024/05/30, 17:04:20.051, 4698918478849, testhost.dll, TestExecutionRecorder.RecordStart: Starting test: HotelBookingSystemAPIBLTests.AdminHotelServiceTests.RegisterHotelPassTest.
TpTrace Verbose: 0 : 10588, 15, 2024/05/30, 17:04:20.052, 4698918492958, testhost.dll, MulticastDelegateUtilities.SafeInvoke: TestCaseEventsHandler.RaiseTestCaseStart: Invoking callback 1/1 for Microsoft.VisualStudio.TestPlatform.CrossPlatEngine.DataCollection.ProxyOutOfProcDataCollectionManager., took 1 ms.
TpTrace Verbose: 0 : 10588, 15, 2024/05/30, 17:04:20.052, 4698918496155, testhost.dll, TestExecutionRecorder.RecordEnd: test: HotelBookingSystemAPIBLTests.AdminHotelServiceTests.RegisterHotelPassTest execution completed.
TpTrace Verbose: 0 : 10588, 15, 2024/05/30, 17:04:20.054, 4698918509738, testhost.dll, MulticastDelegateUtilities.SafeInvoke: TestCaseEventsHandler.RaiseTestCaseEnd: Invoking callback 1/1 for Microsoft.VisualStudio.TestPlatform.CrossPlatEngine.DataCollection.ProxyOutOfProcDataCollectionManager., took 1 ms.
TpTrace Verbose: 0 : 10588, 15, 2024/05/30, 17:04:20.054, 4698918510626, testhost.dll, TestExecutionRecorder.RecordResult: Received result for test: HotelBookingSystemAPIBLTests.AdminHotelServiceTests.RegisterHotelPassTest.
TpTrace Verbose: 0 : 10588, 15, 2024/05/30, 17:04:20.054, 4698918511758, testhost.dll, MulticastDelegateUtilities.SafeInvoke: TestCaseEventsHandler.RaiseTestCaseEnd: Invoking callback 1/1 for Microsoft.VisualStudio.TestPlatform.CrossPlatEngine.DataCollection.ProxyOutOfProcDataCollectionManager., took 0 ms.
TpTrace Warning: 0 : 10588, 15, 2024/05/30, 17:04:20.054, 4698918512191, testhost.dll, TestRunCache: InProgressTests is null
TpTrace Warning: 0 : 10588, 15, 2024/05/30, 17:04:20.054, 4698918512419, testhost.dll, TestRunCache: No test found corresponding to testResult 'RegisterHotelPassTest' in inProgress list.
TpTrace Verbose: 0 : 10588, 15, 2024/05/30, 17:04:20.054, 4698918513769, testhost.dll, TestExecutionRecorder.RecordStart: Starting test: HotelBookingSystemAPIBLTests.AdminHotelServiceTests.RemoveHotelFailTest.
TpTrace Verbose: 0 : 10588, 15, 2024/05/30, 17:04:20.056, 4698918537446, testhost.dll, MulticastDelegateUtilities.SafeInvoke: TestCaseEventsHandler.RaiseTestCaseStart: Invoking callback 1/1 for Microsoft.VisualStudio.TestPlatform.CrossPlatEngine.DataCollection.ProxyOutOfProcDataCollectionManager., took 2 ms.
TpTrace Verbose: 0 : 10588, 15, 2024/05/30, 17:04:20.058, 4698918550955, testhost.dll, TestExecutionRecorder.RecordEnd: test: HotelBookingSystemAPIBLTests.AdminHotelServiceTests.RemoveHotelFailTest execution completed.
TpTrace Verbose: 0 : 10588, 15, 2024/05/30, 17:04:20.061, 4698918583710, testhost.dll, MulticastDelegateUtilities.SafeInvoke: TestCaseEventsHandler.RaiseTestCaseEnd: Invoking callback 1/1 for Microsoft.VisualStudio.TestPlatform.CrossPlatEngine.DataCollection.ProxyOutOfProcDataCollectionManager., took 2 ms.
TpTrace Verbose: 0 : 10588, 15, 2024/05/30, 17:04:20.061, 4698918586440, testhost.dll, TestExecutionRecorder.RecordResult: Received result for test: HotelBookingSystemAPIBLTests.AdminHotelServiceTests.RemoveHotelFailTest.
TpTrace Verbose: 0 : 10588, 15, 2024/05/30, 17:04:20.062, 4698918588609, testhost.dll, MulticastDelegateUtilities.SafeInvoke: TestCaseEventsHandler.RaiseTestCaseEnd: Invoking callback 1/1 for Microsoft.VisualStudio.TestPlatform.CrossPlatEngine.DataCollection.ProxyOutOfProcDataCollectionManager., took 0 ms.
TpTrace Warning: 0 : 10588, 15, 2024/05/30, 17:04:20.062, 4698918592250, testhost.dll, TestRunCache: InProgressTests is null
TpTrace Warning: 0 : 10588, 15, 2024/05/30, 17:04:20.062, 4698918592888, testhost.dll, TestRunCache: No test found corresponding to testResult 'RemoveHotelFailTest' in inProgress list.
TpTrace Verbose: 0 : 10588, 15, 2024/05/30, 17:04:20.062, 4698918597785, testhost.dll, TestExecutionRecorder.RecordStart: Starting test: HotelBookingSystemAPIBLTests.AdminHotelServiceTests.RemoveHotelPassTest.
TpTrace Verbose: 0 : 10588, 15, 2024/05/30, 17:04:20.064, 4698918617231, testhost.dll, MulticastDelegateUtilities.SafeInvoke: TestCaseEventsHandler.RaiseTestCaseStart: Invoking callback 1/1 for Microsoft.VisualStudio.TestPlatform.CrossPlatEngine.DataCollection.ProxyOutOfProcDataCollectionManager., took 1 ms.
TpTrace Verbose: 0 : 10588, 15, 2024/05/30, 17:04:20.065, 4698918622122, testhost.dll, TestExecutionRecorder.RecordEnd: test: HotelBookingSystemAPIBLTests.AdminHotelServiceTests.RemoveHotelPassTest execution completed.
TpTrace Verbose: 0 : 10588, 15, 2024/05/30, 17:04:20.067, 4698918640389, testhost.dll, MulticastDelegateUtilities.SafeInvoke: TestCaseEventsHandler.RaiseTestCaseEnd: Invoking callback 1/1 for Microsoft.VisualStudio.TestPlatform.CrossPlatEngine.DataCollection.ProxyOutOfProcDataCollectionManager., took 1 ms.
TpTrace Verbose: 0 : 10588, 15, 2024/05/30, 17:04:20.067, 4698918642320, testhost.dll, TestExecutionRecorder.RecordResult: Received result for test: HotelBookingSystemAPIBLTests.AdminHotelServiceTests.RemoveHotelPassTest.
TpTrace Verbose: 0 : 10588, 15, 2024/05/30, 17:04:20.067, 4698918642957, testhost.dll, MulticastDelegateUtilities.SafeInvoke: TestCaseEventsHandler.RaiseTestCaseEnd: Invoking callback 1/1 for Microsoft.VisualStudio.TestPlatform.CrossPlatEngine.DataCollection.ProxyOutOfProcDataCollectionManager., took 0 ms.
TpTrace Warning: 0 : 10588, 15, 2024/05/30, 17:04:20.067, 4698918643513, testhost.dll, TestRunCache: InProgressTests is null
TpTrace Warning: 0 : 10588, 15, 2024/05/30, 17:04:20.067, 4698918643862, testhost.dll, TestRunCache: No test found corresponding to testResult 'RemoveHotelPassTest' in inProgress list.
TpTrace Verbose: 0 : 10588, 15, 2024/05/30, 17:04:20.067, 4698918645486, testhost.dll, TestExecutionRecorder.RecordStart: Starting test: HotelBookingSystemAPIBLTests.AdminHotelServiceTests.UpdateHotelAvailabilityFailTest.
TpTrace Verbose: 0 : 10588, 15, 2024/05/30, 17:04:20.069, 4698918662318, testhost.dll, MulticastDelegateUtilities.SafeInvoke: TestCaseEventsHandler.RaiseTestCaseStart: Invoking callback 1/1 for Microsoft.VisualStudio.TestPlatform.CrossPlatEngine.DataCollection.ProxyOutOfProcDataCollectionManager., took 1 ms.
TpTrace Verbose: 0 : 10588, 15, 2024/05/30, 17:04:20.069, 4698918667144, testhost.dll, TestExecutionRecorder.RecordEnd: test: HotelBookingSystemAPIBLTests.AdminHotelServiceTests.UpdateHotelAvailabilityFailTest execution completed.
TpTrace Verbose: 0 : 10588, 15, 2024/05/30, 17:04:20.071, 4698918682898, testhost.dll, MulticastDelegateUtilities.SafeInvoke: TestCaseEventsHandler.RaiseTestCaseEnd: Invoking callback 1/1 for Microsoft.VisualStudio.TestPlatform.CrossPlatEngine.DataCollection.ProxyOutOfProcDataCollectionManager., took 1 ms.
TpTrace Verbose: 0 : 10588, 15, 2024/05/30, 17:04:20.071, 4698918683786, testhost.dll, TestExecutionRecorder.RecordResult: Received result for test: HotelBookingSystemAPIBLTests.AdminHotelServiceTests.UpdateHotelAvailabilityFailTest.
TpTrace Verbose: 0 : 10588, 15, 2024/05/30, 17:04:20.071, 4698918684390, testhost.dll, MulticastDelegateUtilities.SafeInvoke: TestCaseEventsHandler.RaiseTestCaseEnd: Invoking callback 1/1 for Microsoft.VisualStudio.TestPlatform.CrossPlatEngine.DataCollection.ProxyOutOfProcDataCollectionManager., took 0 ms.
TpTrace Warning: 0 : 10588, 15, 2024/05/30, 17:04:20.071, 4698918684820, testhost.dll, TestRunCache: InProgressTests is null
TpTrace Warning: 0 : 10588, 15, 2024/05/30, 17:04:20.071, 4698918685128, testhost.dll, TestRunCache: No test found corresponding to testResult 'UpdateHotelAvailabilityFailTest' in inProgress list.
TpTrace Verbose: 0 : 10588, 15, 2024/05/30, 17:04:20.071, 4698918686619, testhost.dll, TestExecutionRecorder.RecordStart: Starting test: HotelBookingSystemAPIBLTests.AdminHotelServiceTests.UpdateHotelAvailabilityPassTest.
TpTrace Verbose: 0 : 10588, 15, 2024/05/30, 17:04:20.073, 4698918704278, testhost.dll, MulticastDelegateUtilities.SafeInvoke: TestCaseEventsHandler.RaiseTestCaseStart: Invoking callback 1/1 for Microsoft.VisualStudio.TestPlatform.CrossPlatEngine.DataCollection.ProxyOutOfProcDataCollectionManager., took 1 ms.
TpTrace Verbose: 0 : 10588, 15, 2024/05/30, 17:04:20.081, 4698918785695, testhost.dll, TestExecutionRecorder.RecordEnd: test: HotelBookingSystemAPIBLTests.AdminHotelServiceTests.UpdateHotelAvailabilityPassTest execution completed.
TpTrace Verbose: 0 : 10588, 15, 2024/05/30, 17:04:20.083, 4698918808316, testhost.dll, MulticastDelegateUtilities.SafeInvoke: TestCaseEventsHandler.RaiseTestCaseEnd: Invoking callback 1/1 for Microsoft.VisualStudio.TestPlatform.CrossPlatEngine.DataCollection.ProxyOutOfProcDataCollectionManager., took 2 ms.
TpTrace Verbose: 0 : 10588, 15, 2024/05/30, 17:04:20.084, 4698918809730, testhost.dll, TestExecutionRecorder.RecordResult: Received result for test: HotelBookingSystemAPIBLTests.AdminHotelServiceTests.UpdateHotelAvailabilityPassTest.
TpTrace Verbose: 0 : 10588, 15, 2024/05/30, 17:04:20.084, 4698918810609, testhost.dll, MulticastDelegateUtilities.SafeInvoke: TestCaseEventsHandler.RaiseTestCaseEnd: Invoking callback 1/1 for Microsoft.VisualStudio.TestPlatform.CrossPlatEngine.DataCollection.ProxyOutOfProcDataCollectionManager., took 0 ms.
TpTrace Warning: 0 : 10588, 15, 2024/05/30, 17:04:20.084, 4698918811271, testhost.dll, TestRunCache: InProgressTests is null
TpTrace Warning: 0 : 10588, 15, 2024/05/30, 17:04:20.084, 4698918811822, testhost.dll, TestRunCache: No test found corresponding to testResult 'UpdateHotelAvailabilityPassTest' in inProgress list.
TpTrace Verbose: 0 : 10588, 15, 2024/05/30, 17:04:20.084, 4698918813704, testhost.dll, TestExecutionRecorder.RecordStart: Starting test: HotelBookingSystemAPIBLTests.AdminHotelServiceTests.UpdateHotelExceptionTest.
TpTrace Verbose: 0 : 10588, 15, 2024/05/30, 17:04:20.086, 4698918834413, testhost.dll, MulticastDelegateUtilities.SafeInvoke: TestCaseEventsHandler.RaiseTestCaseStart: Invoking callback 1/1 for Microsoft.VisualStudio.TestPlatform.CrossPlatEngine.DataCollection.ProxyOutOfProcDataCollectionManager., took 1 ms.
TpTrace Verbose: 0 : 10588, 15, 2024/05/30, 17:04:20.086, 4698918837328, testhost.dll, TestExecutionRecorder.RecordEnd: test: HotelBookingSystemAPIBLTests.AdminHotelServiceTests.UpdateHotelExceptionTest execution completed.
TpTrace Verbose: 0 : 10588, 15, 2024/05/30, 17:04:20.088, 4698918858467, testhost.dll, MulticastDelegateUtilities.SafeInvoke: TestCaseEventsHandler.RaiseTestCaseEnd: Invoking callback 1/1 for Microsoft.VisualStudio.TestPlatform.CrossPlatEngine.DataCollection.ProxyOutOfProcDataCollectionManager., took 2 ms.
TpTrace Verbose: 0 : 10588, 15, 2024/05/30, 17:04:20.089, 4698918860841, testhost.dll, TestExecutionRecorder.RecordResult: Received result for test: HotelBookingSystemAPIBLTests.AdminHotelServiceTests.UpdateHotelExceptionTest.
TpTrace Verbose: 0 : 10588, 15, 2024/05/30, 17:04:20.089, 4698918861768, testhost.dll, MulticastDelegateUtilities.SafeInvoke: TestCaseEventsHandler.RaiseTestCaseEnd: Invoking callback 1/1 for Microsoft.VisualStudio.TestPlatform.CrossPlatEngine.DataCollection.ProxyOutOfProcDataCollectionManager., took 0 ms.
TpTrace Warning: 0 : 10588, 15, 2024/05/30, 17:04:20.089, 4698918862428, testhost.dll, TestRunCache: InProgressTests is null
TpTrace Warning: 0 : 10588, 15, 2024/05/30, 17:04:20.089, 4698918862886, testhost.dll, TestRunCache: No test found corresponding to testResult 'UpdateHotelExceptionTest' in inProgress list.
TpTrace Verbose: 0 : 10588, 15, 2024/05/30, 17:04:20.089, 4698918864817, testhost.dll, TestExecutionRecorder.RecordStart: Starting test: HotelBookingSystemAPIBLTests.AdminHotelServiceTests.UpdateHotelFailTest.
TpTrace Verbose: 0 : 10588, 15, 2024/05/30, 17:04:20.091, 4698918887266, testhost.dll, MulticastDelegateUtilities.SafeInvoke: TestCaseEventsHandler.RaiseTestCaseStart: Invoking callback 1/1 for Microsoft.VisualStudio.TestPlatform.CrossPlatEngine.DataCollection.ProxyOutOfProcDataCollectionManager., took 2 ms.
TpTrace Verbose: 0 : 10588, 15, 2024/05/30, 17:04:20.093, 4698918901074, testhost.dll, TestExecutionRecorder.RecordEnd: test: HotelBookingSystemAPIBLTests.AdminHotelServiceTests.UpdateHotelFailTest execution completed.
TpTrace Verbose: 0 : 10588, 15, 2024/05/30, 17:04:20.096, 4698918930658, testhost.dll, MulticastDelegateUtilities.SafeInvoke: TestCaseEventsHandler.RaiseTestCaseEnd: Invoking callback 1/1 for Microsoft.VisualStudio.TestPlatform.CrossPlatEngine.DataCollection.ProxyOutOfProcDataCollectionManager., took 2 ms.
TpTrace Verbose: 0 : 10588, 15, 2024/05/30, 17:04:20.096, 4698918931811, testhost.dll, TestExecutionRecorder.RecordResult: Received result for test: HotelBookingSystemAPIBLTests.AdminHotelServiceTests.UpdateHotelFailTest.
TpTrace Verbose: 0 : 10588, 15, 2024/05/30, 17:04:20.096, 4698918932323, testhost.dll, MulticastDelegateUtilities.SafeInvoke: TestCaseEventsHandler.RaiseTestCaseEnd: Invoking callback 1/1 for Microsoft.VisualStudio.TestPlatform.CrossPlatEngine.DataCollection.ProxyOutOfProcDataCollectionManager., took 0 ms.
TpTrace Warning: 0 : 10588, 15, 2024/05/30, 17:04:20.096, 4698918932725, testhost.dll, TestRunCache: InProgressTests is null
TpTrace Warning: 0 : 10588, 15, 2024/05/30, 17:04:20.096, 4698918933004, testhost.dll, TestRunCache: No test found corresponding to testResult 'UpdateHotelFailTest' in inProgress list.
TpTrace Verbose: 0 : 10588, 15, 2024/05/30, 17:04:20.096, 4698918934996, testhost.dll, TestExecutionRecorder.RecordStart: Starting test: HotelBookingSystemAPIBLTests.AdminHotelServiceTests.UpdateHotelPassTest.
TpTrace Verbose: 0 : 10588, 15, 2024/05/30, 17:04:20.101, 4698918980777, testhost.dll, MulticastDelegateUtilities.SafeInvoke: TestCaseEventsHandler.RaiseTestCaseStart: Invoking callback 1/1 for Microsoft.VisualStudio.TestPlatform.CrossPlatEngine.DataCollection.ProxyOutOfProcDataCollectionManager., took 4 ms.
TpTrace Verbose: 0 : 10588, 15, 2024/05/30, 17:04:20.101, 4698918983237, testhost.dll, TestExecutionRecorder.RecordEnd: test: HotelBookingSystemAPIBLTests.AdminHotelServiceTests.UpdateHotelPassTest execution completed.
TpTrace Verbose: 0 : 10588, 15, 2024/05/30, 17:04:20.102, 4698918995413, testhost.dll, MulticastDelegateUtilities.SafeInvoke: TestCaseEventsHandler.RaiseTestCaseEnd: Invoking callback 1/1 for Microsoft.VisualStudio.TestPlatform.CrossPlatEngine.DataCollection.ProxyOutOfProcDataCollectionManager., took 1 ms.
TpTrace Verbose: 0 : 10588, 15, 2024/05/30, 17:04:20.102, 4698918996595, testhost.dll, TestExecutionRecorder.RecordResult: Received result for test: HotelBookingSystemAPIBLTests.AdminHotelServiceTests.UpdateHotelPassTest.
TpTrace Verbose: 0 : 10588, 15, 2024/05/30, 17:04:20.102, 4698918997117, testhost.dll, MulticastDelegateUtilities.SafeInvoke: TestCaseEventsHandler.RaiseTestCaseEnd: Invoking callback 1/1 for Microsoft.VisualStudio.TestPlatform.CrossPlatEngine.DataCollection.ProxyOutOfProcDataCollectionManager., took 0 ms.
TpTrace Warning: 0 : 10588, 15, 2024/05/30, 17:04:20.102, 4698918997568, testhost.dll, TestRunCache: InProgressTests is null
TpTrace Warning: 0 : 10588, 15, 2024/05/30, 17:04:20.102, 4698918997920, testhost.dll, TestRunCache: No test found corresponding to testResult 'UpdateHotelPassTest' in inProgress list.
TpTrace Verbose: 0 : 10588, 15, 2024/05/30, 17:04:20.103, 4698919006312, testhost.dll, TestExecutionRecorder.RecordStart: Starting test: HotelBookingSystemAPIBLTests.AdminRoomServiceTests.RegisterRoomPassTest.
TpTrace Information: 0 : 10588, 15, 2024/05/30, 17:04:20.103, 4698919007096, testhost.dll, Sending test run statistics
TpTrace Verbose: 0 : 10588, 15, 2024/05/30, 17:04:20.105, 4698919019655, testhost.dll, TestRequestHandler.SendData: sending data from testhost: {"Version":7,"MessageType":"TestExecution.StatsChange","Payload":{"NewTestResults":[{"TestCase":{"Id":"5984adf0-3e40-5974-213c-168e80dd4259","FullyQualifiedName":"HotelBookingSystemAPIBLTests.AdminHotelServiceTests.RegisterHotelFailTest","DisplayName":"RegisterHotelFailTest","ExecutorUri":"executor://NUnit3TestExecutor","Source":"C:\\MiniProject\\HotelBookingSystemSolution\\HotelBookingSystemAPIBLTests\\bin\\Debug\\net6.0\\fine-code-coverage\\build-output\\HotelBookingSystemAPIBLTests.dll","CodeFilePath":null,"LineNumber":0,"Properties":[{"Key":{"Id":"NUnit.Seed","Label":"Seed","Category":"","Description":"","Attributes":0,"ValueType":"System.String"},"Value":"1722602286"}]},"Attachments":[],"Outcome":2,"ErrorMessage":"  Expected: <HotelBookingSystemAPI.CustomExceptions.ObjectAlreadyExistsException>\r\n  But was:  null\r\n","ErrorStackTrace":"   at HotelBookingSystemAPIBLTests.AdminHotelServiceTests.RegisterHotelFailTest() in C:\\MiniProject\\HotelBookingSystemSolution\\HotelBookingSystemAPIBLTests\\AdminHotelServiceTests.cs:line 53\r\n   at NUnit.Framework.Internal.TaskAwaitAdapter.GenericAdapter`1.GetResult()\r\n   at NUnit.Framework.Internal.AsyncToSyncAdapter.Await(Func`1 invoke)\r\n   at NUnit.Framework.Internal.Commands.TestMethodCommand.RunTestMethod(TestExecutionContext context)\r\n   at NUnit.Framework.Internal.Commands.TestMethodCommand.Execute(TestExecutionContext context)\r\n   at NUnit.Framework.Internal.Commands.BeforeAndAfterTestCommand.<>c__DisplayClass1_0.<Execute>b__0()\r\n   at NUnit.Framework.Internal.Commands.DelegatingTestCommand.RunTestMethodInThreadAbortSafeZone(TestExecutionContext context, Action action)\r\n\n1)    at HotelBookingSystemAPIBLTests.AdminHotelServiceTests.RegisterHotelFailTest() in C:\\MiniProject\\HotelBookingSystemSolution\\HotelBookingSystemAPIBLTests\\AdminHotelServiceTests.cs:line 53\r\n   at System.Runtime.CompilerServices.AsyncMethodBuilderCore.Start[TStateMachine](TStateMachine& stateMachine)\r\n   at HotelBookingSystemAPIBLTests.AdminHotelServiceTests.RegisterHotelFailTest()\r\n\n","DisplayName":"RegisterHotelFailTest","Messages":[],"ComputerName":"853CBX3","Duration":"00:00:00.1898729","StartTime":"2024-05-30T11:34:19.817236+00:00","EndTime":"2024-05-30T11:34:20.0071084+00:00","Properties":[{"Key":{"Id":"NUnit.Seed","Label":"Seed","Category":"","Description":"","Attributes":0,"ValueType":"System.String"},"Value":"1722602286"}]},{"TestCase":{"Id":"bab4a3e4-934d-78db-f1c0-750e73356a6f","FullyQualifiedName":"HotelBookingSystemAPIBLTests.AdminHotelServiceTests.RegisterHotelPassTest","DisplayName":"RegisterHotelPassTest","ExecutorUri":"executor://NUnit3TestExecutor","Source":"C:\\MiniProject\\HotelBookingSystemSolution\\HotelBookingSystemAPIBLTests\\bin\\Debug\\net6.0\\fine-code-coverage\\build-output\\HotelBookingSystemAPIBLTests.dll","CodeFilePath":null,"LineNumber":0,"Properties":[{"Key":{"Id":"NUnit.Seed","Label":"Seed","Category":"","Description":"","Attributes":0,"ValueType":"System.String"},"Value":"722368964"}]},"Attachments":[],"Outcome":1,"ErrorMessage":null,"ErrorStackTrace":null,"DisplayName":"RegisterHotelPassTest","Messages":[],"ComputerName":"853CBX3","Duration":"00:00:00.0050770","StartTime":"2024-05-30T11:34:20.0071889+00:00","EndTime":"2024-05-30T11:34:20.0122651+00:00","Properties":[{"Key":{"Id":"NUnit.Seed","Label":"Seed","Category":"","Description":"","Attributes":0,"ValueType":"System.String"},"Value":"722368964"}]},{"TestCase":{"Id":"128ad417-0da0-de35-547c-fe1d2e6cf397","FullyQualifiedName":"HotelBookingSystemAPIBLTests.AdminHotelServiceTests.RemoveHotelFailTest","DisplayName":"RemoveHotelFailTest","ExecutorUri":"executor://NUnit3TestExecutor","Source":"C:\\MiniProject\\HotelBookingSystemSolution\\HotelBookingSystemAPIBLTests\\bin\\Debug\\net6.0\\fine-code-coverage\\build-output\\HotelBookingSystemAPIBLTests.dll","CodeFilePath":null,"LineNumber":0,"Properties":[{"Key":{"Id":"NUnit.Seed","Label":"Seed","Category":"","Description":"","Attributes":0,"ValueType":"System.String"},"Value":"1664636725"}]},"Attachments":[],"Outcome":1,"ErrorMessage":null,"ErrorStackTrace":null,"DisplayName":"RemoveHotelFailTest","Messages":[],"ComputerName":"853CBX3","Duration":"00:00:00.0025020","StartTime":"2024-05-30T11:34:20.0122985+00:00","EndTime":"2024-05-30T11:34:20.0148002+00:00","Properties":[{"Key":{"Id":"NUnit.Seed","Label":"Seed","Category":"","Description":"","Attributes":0,"ValueType":"System.String"},"Value":"1664636725"}]},{"TestCase":{"Id":"306855de-ca65-0949-2212-47d4cd00cbe6","FullyQualifiedName":"HotelBookingSystemAPIBLTests.AdminHotelServiceTests.RemoveHotelPassTest","DisplayName":"RemoveHotelPassTest","ExecutorUri":"executor://NUnit3TestExecutor","Source":"C:\\MiniProject\\HotelBookingSystemSolution\\HotelBookingSystemAPIBLTests\\bin\\Debug\\net6.0\\fine-code-coverage\\build-output\\HotelBookingSystemAPIBLTests.dll","CodeFilePath":null,"LineNumber":0,"Properties":[{"Key":{"Id":"NUnit.Seed","Label":"Seed","Category":"","Description":"","Attributes":0,"ValueType":"System.String"},"Value":"327121818"}]},"Attachments":[],"Outcome":1,"ErrorMessage":null,"ErrorStackTrace":null,"DisplayName":"RemoveHotelPassTest","Messages":[],"ComputerName":"853CBX3","Duration":"00:00:00.0283870","StartTime":"2024-05-30T11:34:20.0148357+00:00","EndTime":"2024-05-30T11:34:20.0432221+00:00","Properties":[{"Key":{"Id":"NUnit.Seed","Label":"Seed","Category":"","Description":"","Attributes":0,"ValueType":"System.String"},"Value":"327121818"}]},{"TestCase":{"Id":"e5f8012c-0730-310f-993e-1b3ce897ea9f","FullyQualifiedName":"HotelBookingSystemAPIBLTests.AdminHotelServiceTests.UpdateHotelAvailabilityFailTest","DisplayName":"UpdateHotelAvailabilityFailTest","ExecutorUri":"executor://NUnit3TestExecutor","Source":"C:\\MiniProject\\HotelBookingSystemSolution\\HotelBookingSystemAPIBLTests\\bin\\Debug\\net6.0\\fine-code-coverage\\build-output\\HotelBookingSystemAPIBLTests.dll","CodeFilePath":null,"LineNumber":0,"Properties":[{"Key":{"Id":"NUnit.Seed","Label":"Seed","Category":"","Description":"","Attributes":0,"ValueType":"System.String"},"Value":"1189106254"}]},"Attachments":[],"Outcome":1,"ErrorMessage":null,"ErrorStackTrace":null,"DisplayName":"UpdateHotelAvailabilityFailTest","Messages":[],"ComputerName":"853CBX3","Duration":"00:00:00.0024530","StartTime":"2024-05-30T11:34:20.0432538+00:00","EndTime":"2024-05-30T11:34:20.045706+00:00","Properties":[{"Key":{"Id":"NUnit.Seed","Label":"Seed","Category":"","Description":"","Attributes":0,"ValueType":"System.String"},"Value":"1189106254"}]},{"TestCase":{"Id":"b24535ba-3d00-b0dc-78b6-66faa459fcf7","FullyQualifiedName":"HotelBookingSystemAPIBLTests.AdminHotelServiceTests.UpdateHotelAvailabilityPassTest","DisplayName":"UpdateHotelAvailabilityPassTest","ExecutorUri":"executor://NUnit3TestExecutor","Source":"C:\\MiniProject\\HotelBookingSystemSolution\\HotelBookingSystemAPIBLTests\\bin\\Debug\\net6.0\\fine-code-coverage\\build-output\\HotelBookingSystemAPIBLTests.dll","CodeFilePath":null,"LineNumber":0,"Properties":[{"Key":{"Id":"NUnit.Seed","Label":"Seed","Category":"","Description":"","Attributes":0,"ValueType":"System.String"},"Value":"1691502672"}]},"Attachments":[],"Outcome":2,"ErrorMessage":"HotelBookingSystemAPI.CustomExceptions.ObjectNotAvailableException : Hotel Not available!","ErrorStackTrace":"   at HotelBookingSystemAPI.Services.AdminHotelService.UpdateHotelAvailabilityService(UpdateHotelStatusDTO statusDTO) in C:\\MiniProject\\HotelBookingSystemSolution\\HotelBookingSystemAPI\\Services\\AdminHotelService.cs:line 117\r\n   at HotelBookingSystemAPIBLTests.AdminHotelServiceTests.UpdateHotelAvailabilityPassTest() in C:\\MiniProject\\HotelBookingSystemSolution\\HotelBookingSystemAPIBLTests\\AdminHotelServiceTests.cs:line 132\r\n   at NUnit.Framework.Internal.TaskAwaitAdapter.GenericAdapter`1.GetResult()\r\n   at NUnit.Framework.Internal.AsyncToSyncAdapter.Await(Func`1 invoke)\r\n   at NUnit.Framework.Internal.Commands.TestMethodCommand.RunTestMethod(TestExecutionContext context)\r\n   at NUnit.Framework.Internal.Commands.TestMethodCommand.Execute(TestExecutionContext context)\r\n   at NUnit.Framework.Internal.Commands.BeforeAndAfterTestCommand.<>c__DisplayClass1_0.<Execute>b__0()\r\n   at NUnit.Framework.Internal.Commands.DelegatingTestCommand.RunTestMethodInThreadAbortSafeZone(TestExecutionContext context, Action action)\n","DisplayName":"UpdateHotelAvailabilityPassTest","Messages":[],"ComputerName":"853CBX3","Duration":"00:00:00.0240580","StartTime":"2024-05-30T11:34:20.0457364+00:00","EndTime":"2024-05-30T11:34:20.0697942+00:00","Properties":[{"Key":{"Id":"NUnit.Seed","Label":"Seed","Category":"","Description":"","Attributes":0,"ValueType":"System.String"},"Value":"1691502672"}]},{"TestCase":{"Id":"b16b0210-0be0-f1c9-868e-302c5c4e4abd","FullyQualifiedName":"HotelBookingSystemAPIBLTests.AdminHotelServiceTests.UpdateHotelExceptionTest","DisplayName":"UpdateHotelExceptionTest","ExecutorUri":"executor://NUnit3TestExecutor","Source":"C:\\MiniProject\\HotelBookingSystemSolution\\HotelBookingSystemAPIBLTests\\bin\\Debug\\net6.0\\fine-code-coverage\\build-output\\HotelBookingSystemAPIBLTests.dll","CodeFilePath":null,"LineNumber":0,"Properties":[{"Key":{"Id":"NUnit.Seed","Label":"Seed","Category":"","Description":"","Attributes":0,"ValueType":"System.String"},"Value":"1012287408"}]},"Attachments":[],"Outcome":1,"ErrorMessage":null,"ErrorStackTrace":null,"DisplayName":"UpdateHotelExceptionTest","Messages":[],"ComputerName":"853CBX3","Duration":"00:00:00.0023010","StartTime":"2024-05-30T11:34:20.0698207+00:00","EndTime":"2024-05-30T11:34:20.0721218+00:00","Properties":[{"Key":{"Id":"NUnit.Seed","Label":"Seed","Category":"","Description":"","Attributes":0,"ValueType":"System.String"},"Value":"1012287408"}]},{"TestCase":{"Id":"8b2ca3db-8c78-9664-a7ce-990965f4ea4d","FullyQualifiedName":"HotelBookingSystemAPIBLTests.AdminHotelServiceTests.UpdateHotelFailTest","DisplayName":"UpdateHotelFailTest","ExecutorUri":"executor://NUnit3TestExecutor","Source":"C:\\MiniProject\\HotelBookingSystemSolution\\HotelBookingSystemAPIBLTests\\bin\\Debug\\net6.0\\fine-code-coverage\\build-output\\HotelBookingSystemAPIBLTests.dll","CodeFilePath":null,"LineNumber":0,"Properties":[{"Key":{"Id":"NUnit.Seed","Label":"Seed","Category":"","Description":"","Attributes":0,"ValueType":"System.String"},"Value":"68097297"}]},"Attachments":[],"Outcome":2,"ErrorMessage":"  Expected: <System.Exception>\r\n  But was:  <HotelBookingSystemAPI.CustomExceptions.ObjectNotAvailableException: Hotel Not available!\r\n   at HotelBookingSystemAPI.Repositories.HotelRepository.Get(Int32 key) in C:\\MiniProject\\HotelBookingSystemSolution\\HotelBookingSystemAPI\\Repositories\\HotelRepository.cs:line 45\r\n   at HotelBookingSystemAPI.Services.AdminHotelService.UpdateHotelAttribute(UpdateHotelDTO updateHotelDTO) in C:\\MiniProject\\HotelBookingSystemSolution\\HotelBookingSystemAPI\\Services\\AdminHotelService.cs:line 78\r\n   at NUnit.Framework.Internal.TaskAwaitAdapter.GenericAdapter`1.GetResult()\r\n   at NUnit.Framework.Internal.AsyncToSyncAdapter.Await(Func`1 invoke)\r\n   at NUnit.Framework.Assert.ThrowsAsync(IResolveConstraint expression, AsyncTestDelegate code, String message, Object[] args)>\r\n","ErrorStackTrace":"   at HotelBookingSystemAPIBLTests.AdminHotelServiceTests.UpdateHotelFailTest() in C:\\MiniProject\\HotelBookingSystemSolution\\HotelBookingSystemAPIBLTests\\AdminHotelServiceTests.cs:line 106\r\n   at NUnit.Framework.Internal.TaskAwaitAdapter.GenericAdapter`1.GetResult()\r\n   at NUnit.Framework.Internal.AsyncToSyncAdapter.Await(Func`1 invoke)\r\n   at NUnit.Framework.Internal.Commands.TestMethodCommand.RunTestMethod(TestExecutionContext context)\r\n   at NUnit.Framework.Internal.Commands.TestMethodCommand.Execute(TestExecutionContext context)\r\n   at NUnit.Framework.Internal.Commands.BeforeAndAfterTestCommand.<>c__DisplayClass1_0.<Execute>b__0()\r\n   at NUnit.Framework.Internal.Commands.DelegatingTestCommand.RunTestMethodInThreadAbortSafeZone(TestExecutionContext context, Action action)\r\n\n1)    at HotelBookingSystemAPIBLTests.AdminHotelServiceTests.UpdateHotelFailTest() in C:\\MiniProject\\HotelBookingSystemSolution\\HotelBookingSystemAPIBLTests\\AdminHotelServiceTests.cs:line 106\r\n   at System.Runtime.CompilerServices.AsyncMethodBuilderCore.Start[TStateMachine](TStateMachine& stateMachine)\r\n   at HotelBookingSystemAPIBLTests.AdminHotelServiceTests.UpdateHotelFailTest()\r\n\n","DisplayName":"UpdateHotelFailTest","Messages":[],"ComputerName":"853CBX3","Duration":"00:00:00.0100260","StartTime":"2024-05-30T11:34:20.0721416+00:00","EndTime":"2024-05-30T11:34:20.0821671+00:00","Properties":[{"Key":{"Id":"NUnit.Seed","Label":"Seed","Category":"","Description":"","Attributes":0,"ValueType":"System.String"},"Value":"68097297"}]},{"TestCase":{"Id":"be450cfb-ae02-3529-bba2-87fb4e150066","FullyQualifiedName":"HotelBookingSystemAPIBLTests.AdminHotelServiceTests.UpdateHotelPassTest","DisplayName":"UpdateHotelPassTest","ExecutorUri":"executor://NUnit3TestExecutor","Source":"C:\\MiniProject\\HotelBookingSystemSolution\\HotelBookingSystemAPIBLTests\\bin\\Debug\\net6.0\\fine-code-coverage\\build-output\\HotelBookingSystemAPIBLTests.dll","CodeFilePath":null,"LineNumber":0,"Properties":[{"Key":{"Id":"NUnit.Seed","Label":"Seed","Category":"","Description":"","Attributes":0,"ValueType":"System.String"},"Value":"1199258947"}]},"Attachments":[],"Outcome":1,"ErrorMessage":null,"ErrorStackTrace":null,"DisplayName":"UpdateHotelPassTest","Messages":[],"ComputerName":"853CBX3","Duration":"00:00:00.0021020","StartTime":"2024-05-30T11:34:20.0824412+00:00","EndTime":"2024-05-30T11:34:20.0845427+00:00","Properties":[{"Key":{"Id":"NUnit.Seed","Label":"Seed","Category":"","Description":"","Attributes":0,"ValueType":"System.String"},"Value":"1199258947"}]}],"TestRunStatistics":{"ExecutedTests":13,"Stats":{"Passed":10,"Failed":3}},"ActiveTests":[{"Id":"9da6a37e-7fd2-7a8f-c553-5f02a84af8cc","FullyQualifiedName":"HotelBookingSystemAPIBLTests.AdminRoomServiceTests.RegisterRoomPassTest","DisplayName":"RegisterRoomPassTest","ExecutorUri":"executor://NUnit3TestExecutor","Source":"C:\\MiniProject\\HotelBookingSystemSolution\\HotelBookingSystemAPIBLTests\\bin\\Debug\\net6.0\\fine-code-coverage\\build-output\\HotelBookingSystemAPIBLTests.dll","CodeFilePath":null,"LineNumber":0,"Properties":[{"Key":{"Id":"NUnit.Seed","Label":"Seed","Category":"","Description":"","Attributes":0,"ValueType":"System.String"},"Value":"254237992"}]}]}}
TpTrace Verbose: 0 : 10588, 15, 2024/05/30, 17:04:20.105, 4698919022722, testhost.dll, TestRunCache: OnNewTestResult: Notified the onCacheHit callback.
TpTrace Verbose: 0 : 10588, 15, 2024/05/30, 17:04:20.106, 4698919035239, testhost.dll, MulticastDelegateUtilities.SafeInvoke: TestCaseEventsHandler.RaiseTestCaseStart: Invoking callback 1/1 for Microsoft.VisualStudio.TestPlatform.CrossPlatEngine.DataCollection.ProxyOutOfProcDataCollectionManager., took 1 ms.
TpTrace Verbose: 0 : 10588, 15, 2024/05/30, 17:04:20.130, 4698919272315, testhost.dll, TestExecutionRecorder.RecordEnd: test: HotelBookingSystemAPIBLTests.AdminRoomServiceTests.RegisterRoomPassTest execution completed.
TpTrace Warning: 0 : 10588, 15, 2024/05/30, 17:04:20.130, 4698919273436, testhost.dll, TestRunCache: InProgressTests is null
TpTrace Verbose: 0 : 10588, 15, 2024/05/30, 17:04:20.131, 4698919285431, testhost.dll, MulticastDelegateUtilities.SafeInvoke: TestCaseEventsHandler.RaiseTestCaseEnd: Invoking callback 1/1 for Microsoft.VisualStudio.TestPlatform.CrossPlatEngine.DataCollection.ProxyOutOfProcDataCollectionManager., took 1 ms.
TpTrace Verbose: 0 : 10588, 15, 2024/05/30, 17:04:20.131, 4698919286252, testhost.dll, TestExecutionRecorder.RecordResult: Received result for test: HotelBookingSystemAPIBLTests.AdminRoomServiceTests.RegisterRoomPassTest.
TpTrace Verbose: 0 : 10588, 15, 2024/05/30, 17:04:20.131, 4698919286752, testhost.dll, MulticastDelegateUtilities.SafeInvoke: TestCaseEventsHandler.RaiseTestCaseEnd: Invoking callback 1/1 for Microsoft.VisualStudio.TestPlatform.CrossPlatEngine.DataCollection.ProxyOutOfProcDataCollectionManager., took 0 ms.
TpTrace Warning: 0 : 10588, 15, 2024/05/30, 17:04:20.131, 4698919287204, testhost.dll, TestRunCache: InProgressTests is null
TpTrace Warning: 0 : 10588, 15, 2024/05/30, 17:04:20.131, 4698919287552, testhost.dll, TestRunCache: No test found corresponding to testResult 'RegisterRoomPassTest' in inProgress list.
TpTrace Verbose: 0 : 10588, 15, 2024/05/30, 17:04:20.132, 4698919288767, testhost.dll, TestExecutionRecorder.RecordStart: Starting test: HotelBookingSystemAPIBLTests.AdminRoomServiceTests.RegisterRoomPassTest2.
TpTrace Verbose: 0 : 10588, 15, 2024/05/30, 17:04:20.133, 4698919300138, testhost.dll, MulticastDelegateUtilities.SafeInvoke: TestCaseEventsHandler.RaiseTestCaseStart: Invoking callback 1/1 for Microsoft.VisualStudio.TestPlatform.CrossPlatEngine.DataCollection.ProxyOutOfProcDataCollectionManager., took 1 ms.
TpTrace Verbose: 0 : 10588, 15, 2024/05/30, 17:04:20.133, 4698919303006, testhost.dll, TestExecutionRecorder.RecordEnd: test: HotelBookingSystemAPIBLTests.AdminRoomServiceTests.RegisterRoomPassTest2 execution completed.
TpTrace Verbose: 0 : 10588, 15, 2024/05/30, 17:04:20.134, 4698919313891, testhost.dll, MulticastDelegateUtilities.SafeInvoke: TestCaseEventsHandler.RaiseTestCaseEnd: Invoking callback 1/1 for Microsoft.VisualStudio.TestPlatform.CrossPlatEngine.DataCollection.ProxyOutOfProcDataCollectionManager., took 1 ms.
TpTrace Verbose: 0 : 10588, 15, 2024/05/30, 17:04:20.134, 4698919314688, testhost.dll, TestExecutionRecorder.RecordResult: Received result for test: HotelBookingSystemAPIBLTests.AdminRoomServiceTests.RegisterRoomPassTest2.
TpTrace Verbose: 0 : 10588, 15, 2024/05/30, 17:04:20.134, 4698919315140, testhost.dll, MulticastDelegateUtilities.SafeInvoke: TestCaseEventsHandler.RaiseTestCaseEnd: Invoking callback 1/1 for Microsoft.VisualStudio.TestPlatform.CrossPlatEngine.DataCollection.ProxyOutOfProcDataCollectionManager., took 0 ms.
TpTrace Warning: 0 : 10588, 15, 2024/05/30, 17:04:20.134, 4698919315522, testhost.dll, TestRunCache: InProgressTests is null
TpTrace Warning: 0 : 10588, 15, 2024/05/30, 17:04:20.134, 4698919315872, testhost.dll, TestRunCache: No test found corresponding to testResult 'RegisterRoomPassTest2' in inProgress list.
TpTrace Verbose: 0 : 10588, 15, 2024/05/30, 17:04:20.134, 4698919316943, testhost.dll, TestExecutionRecorder.RecordStart: Starting test: HotelBookingSystemAPIBLTests.AdminRoomServiceTests.RegisterRoomTypeFailTest.
TpTrace Verbose: 0 : 10588, 15, 2024/05/30, 17:04:20.135, 4698919326938, testhost.dll, MulticastDelegateUtilities.SafeInvoke: TestCaseEventsHandler.RaiseTestCaseStart: Invoking callback 1/1 for Microsoft.VisualStudio.TestPlatform.CrossPlatEngine.DataCollection.ProxyOutOfProcDataCollectionManager., took 0 ms.
TpTrace Verbose: 0 : 10588, 15, 2024/05/30, 17:04:20.136, 4698919329571, testhost.dll, TestExecutionRecorder.RecordEnd: test: HotelBookingSystemAPIBLTests.AdminRoomServiceTests.RegisterRoomTypeFailTest execution completed.
TpTrace Verbose: 0 : 10588, 15, 2024/05/30, 17:04:20.137, 4698919339212, testhost.dll, MulticastDelegateUtilities.SafeInvoke: TestCaseEventsHandler.RaiseTestCaseEnd: Invoking callback 1/1 for Microsoft.VisualStudio.TestPlatform.CrossPlatEngine.DataCollection.ProxyOutOfProcDataCollectionManager., took 0 ms.
TpTrace Verbose: 0 : 10588, 15, 2024/05/30, 17:04:20.137, 4698919339840, testhost.dll, TestExecutionRecorder.RecordResult: Received result for test: HotelBookingSystemAPIBLTests.AdminRoomServiceTests.RegisterRoomTypeFailTest.
TpTrace Verbose: 0 : 10588, 15, 2024/05/30, 17:04:20.137, 4698919340247, testhost.dll, MulticastDelegateUtilities.SafeInvoke: TestCaseEventsHandler.RaiseTestCaseEnd: Invoking callback 1/1 for Microsoft.VisualStudio.TestPlatform.CrossPlatEngine.DataCollection.ProxyOutOfProcDataCollectionManager., took 0 ms.
TpTrace Warning: 0 : 10588, 15, 2024/05/30, 17:04:20.137, 4698919340610, testhost.dll, TestRunCache: InProgressTests is null
TpTrace Warning: 0 : 10588, 15, 2024/05/30, 17:04:20.137, 4698919340896, testhost.dll, TestRunCache: No test found corresponding to testResult 'RegisterRoomTypeFailTest' in inProgress list.
TpTrace Verbose: 0 : 10588, 15, 2024/05/30, 17:04:20.137, 4698919341758, testhost.dll, TestExecutionRecorder.RecordStart: Starting test: HotelBookingSystemAPIBLTests.AdminRoomServiceTests.RegisterRoomTypePassTest.
TpTrace Verbose: 0 : 10588, 15, 2024/05/30, 17:04:20.138, 4698919349529, testhost.dll, MulticastDelegateUtilities.SafeInvoke: TestCaseEventsHandler.RaiseTestCaseStart: Invoking callback 1/1 for Microsoft.VisualStudio.TestPlatform.CrossPlatEngine.DataCollection.ProxyOutOfProcDataCollectionManager., took 0 ms.
TpTrace Verbose: 0 : 10588, 15, 2024/05/30, 17:04:20.138, 4698919351390, testhost.dll, TestExecutionRecorder.RecordEnd: test: HotelBookingSystemAPIBLTests.AdminRoomServiceTests.RegisterRoomTypePassTest execution completed.
TpTrace Verbose: 0 : 10588, 15, 2024/05/30, 17:04:20.139, 4698919364238, testhost.dll, MulticastDelegateUtilities.SafeInvoke: TestCaseEventsHandler.RaiseTestCaseEnd: Invoking callback 1/1 for Microsoft.VisualStudio.TestPlatform.CrossPlatEngine.DataCollection.ProxyOutOfProcDataCollectionManager., took 1 ms.
TpTrace Verbose: 0 : 10588, 15, 2024/05/30, 17:04:20.139, 4698919365390, testhost.dll, TestExecutionRecorder.RecordResult: Received result for test: HotelBookingSystemAPIBLTests.AdminRoomServiceTests.RegisterRoomTypePassTest.
TpTrace Verbose: 0 : 10588, 15, 2024/05/30, 17:04:20.139, 4698919366583, testhost.dll, MulticastDelegateUtilities.SafeInvoke: TestCaseEventsHandler.RaiseTestCaseEnd: Invoking callback 1/1 for Microsoft.VisualStudio.TestPlatform.CrossPlatEngine.DataCollection.ProxyOutOfProcDataCollectionManager., took 0 ms.
TpTrace Warning: 0 : 10588, 15, 2024/05/30, 17:04:20.139, 4698919367262, testhost.dll, TestRunCache: InProgressTests is null
TpTrace Warning: 0 : 10588, 15, 2024/05/30, 17:04:20.139, 4698919368062, testhost.dll, TestRunCache: No test found corresponding to testResult 'RegisterRoomTypePassTest' in inProgress list.
TpTrace Verbose: 0 : 10588, 15, 2024/05/30, 17:04:20.140, 4698919369198, testhost.dll, TestExecutionRecorder.RecordStart: Starting test: HotelBookingSystemAPIBLTests.AdminRoomServiceTests.UpdateHotelExceptionTest.
TpTrace Verbose: 0 : 10588, 15, 2024/05/30, 17:04:20.141, 4698919380125, testhost.dll, MulticastDelegateUtilities.SafeInvoke: TestCaseEventsHandler.RaiseTestCaseStart: Invoking callback 1/1 for Microsoft.VisualStudio.TestPlatform.CrossPlatEngine.DataCollection.ProxyOutOfProcDataCollectionManager., took 1 ms.
TpTrace Verbose: 0 : 10588, 15, 2024/05/30, 17:04:20.176, 4698919737420, testhost.dll, TestExecutionRecorder.RecordEnd: test: HotelBookingSystemAPIBLTests.AdminRoomServiceTests.UpdateHotelExceptionTest execution completed.
TpTrace Verbose: 0 : 10588, 15, 2024/05/30, 17:04:20.178, 4698919752593, testhost.dll, MulticastDelegateUtilities.SafeInvoke: TestCaseEventsHandler.RaiseTestCaseEnd: Invoking callback 1/1 for Microsoft.VisualStudio.TestPlatform.CrossPlatEngine.DataCollection.ProxyOutOfProcDataCollectionManager., took 1 ms.
TpTrace Verbose: 0 : 10588, 15, 2024/05/30, 17:04:20.178, 4698919753463, testhost.dll, TestExecutionRecorder.RecordResult: Received result for test: HotelBookingSystemAPIBLTests.AdminRoomServiceTests.UpdateHotelExceptionTest.
TpTrace Verbose: 0 : 10588, 15, 2024/05/30, 17:04:20.178, 4698919753991, testhost.dll, MulticastDelegateUtilities.SafeInvoke: TestCaseEventsHandler.RaiseTestCaseEnd: Invoking callback 1/1 for Microsoft.VisualStudio.TestPlatform.CrossPlatEngine.DataCollection.ProxyOutOfProcDataCollectionManager., took 0 ms.
TpTrace Warning: 0 : 10588, 15, 2024/05/30, 17:04:20.178, 4698919755016, testhost.dll, TestRunCache: InProgressTests is null
TpTrace Warning: 0 : 10588, 15, 2024/05/30, 17:04:20.178, 4698919755429, testhost.dll, TestRunCache: No test found corresponding to testResult 'UpdateHotelExceptionTest' in inProgress list.
TpTrace Verbose: 0 : 10588, 15, 2024/05/30, 17:04:20.178, 4698919757022, testhost.dll, TestExecutionRecorder.RecordStart: Starting test: HotelBookingSystemAPIBLTests.AdminRoomServiceTests.UpdateRoomImagesFailTest.
TpTrace Verbose: 0 : 10588, 15, 2024/05/30, 17:04:20.180, 4698919768883, testhost.dll, MulticastDelegateUtilities.SafeInvoke: TestCaseEventsHandler.RaiseTestCaseStart: Invoking callback 1/1 for Microsoft.VisualStudio.TestPlatform.CrossPlatEngine.DataCollection.ProxyOutOfProcDataCollectionManager., took 1 ms.
TpTrace Verbose: 0 : 10588, 15, 2024/05/30, 17:04:20.215, 4698920123528, testhost.dll, TestExecutionRecorder.RecordEnd: test: HotelBookingSystemAPIBLTests.AdminRoomServiceTests.UpdateRoomImagesFailTest execution completed.
TpTrace Verbose: 0 : 10588, 15, 2024/05/30, 17:04:20.217, 4698920140663, testhost.dll, MulticastDelegateUtilities.SafeInvoke: TestCaseEventsHandler.RaiseTestCaseEnd: Invoking callback 1/1 for Microsoft.VisualStudio.TestPlatform.CrossPlatEngine.DataCollection.ProxyOutOfProcDataCollectionManager., took 1 ms.
TpTrace Verbose: 0 : 10588, 15, 2024/05/30, 17:04:20.217, 4698920142707, testhost.dll, TestExecutionRecorder.RecordResult: Received result for test: HotelBookingSystemAPIBLTests.AdminRoomServiceTests.UpdateRoomImagesFailTest.
TpTrace Verbose: 0 : 10588, 15, 2024/05/30, 17:04:20.217, 4698920143607, testhost.dll, MulticastDelegateUtilities.SafeInvoke: TestCaseEventsHandler.RaiseTestCaseEnd: Invoking callback 1/1 for Microsoft.VisualStudio.TestPlatform.CrossPlatEngine.DataCollection.ProxyOutOfProcDataCollectionManager., took 0 ms.
TpTrace Warning: 0 : 10588, 15, 2024/05/30, 17:04:20.217, 4698920144014, testhost.dll, TestRunCache: InProgressTests is null
TpTrace Warning: 0 : 10588, 15, 2024/05/30, 17:04:20.217, 4698920144317, testhost.dll, TestRunCache: No test found corresponding to testResult 'UpdateRoomImagesFailTest' in inProgress list.
TpTrace Verbose: 0 : 10588, 15, 2024/05/30, 17:04:20.217, 4698920145867, testhost.dll, TestExecutionRecorder.RecordStart: Starting test: HotelBookingSystemAPIBLTests.AdminRoomServiceTests.UpdateRoomImagesPassTest.
TpTrace Verbose: 0 : 10588, 15, 2024/05/30, 17:04:20.219, 4698920162141, testhost.dll, MulticastDelegateUtilities.SafeInvoke: TestCaseEventsHandler.RaiseTestCaseStart: Invoking callback 1/1 for Microsoft.VisualStudio.TestPlatform.CrossPlatEngine.DataCollection.ProxyOutOfProcDataCollectionManager., took 1 ms.
TpTrace Verbose: 0 : 10588, 15, 2024/05/30, 17:04:20.219, 4698920166715, testhost.dll, TestExecutionRecorder.RecordEnd: test: HotelBookingSystemAPIBLTests.AdminRoomServiceTests.UpdateRoomImagesPassTest execution completed.
TpTrace Verbose: 0 : 10588, 15, 2024/05/30, 17:04:20.221, 4698920183486, testhost.dll, MulticastDelegateUtilities.SafeInvoke: TestCaseEventsHandler.RaiseTestCaseEnd: Invoking callback 1/1 for Microsoft.VisualStudio.TestPlatform.CrossPlatEngine.DataCollection.ProxyOutOfProcDataCollectionManager., took 1 ms.
TpTrace Verbose: 0 : 10588, 15, 2024/05/30, 17:04:20.221, 4698920184532, testhost.dll, TestExecutionRecorder.RecordResult: Received result for test: HotelBookingSystemAPIBLTests.AdminRoomServiceTests.UpdateRoomImagesPassTest.
TpTrace Verbose: 0 : 10588, 15, 2024/05/30, 17:04:20.221, 4698920185074, testhost.dll, MulticastDelegateUtilities.SafeInvoke: TestCaseEventsHandler.RaiseTestCaseEnd: Invoking callback 1/1 for Microsoft.VisualStudio.TestPlatform.CrossPlatEngine.DataCollection.ProxyOutOfProcDataCollectionManager., took 0 ms.
TpTrace Warning: 0 : 10588, 15, 2024/05/30, 17:04:20.221, 4698920185483, testhost.dll, TestRunCache: InProgressTests is null
TpTrace Warning: 0 : 10588, 15, 2024/05/30, 17:04:20.221, 4698920185803, testhost.dll, TestRunCache: No test found corresponding to testResult 'UpdateRoomImagesPassTest' in inProgress list.
TpTrace Verbose: 0 : 10588, 15, 2024/05/30, 17:04:20.221, 4698920187021, testhost.dll, TestExecutionRecorder.RecordStart: Starting test: HotelBookingSystemAPIBLTests.AdminRoomServiceTests.UpdateRoomStatusFailTest.
TpTrace Verbose: 0 : 10588, 15, 2024/05/30, 17:04:20.223, 4698920202473, testhost.dll, MulticastDelegateUtilities.SafeInvoke: TestCaseEventsHandler.RaiseTestCaseStart: Invoking callback 1/1 for Microsoft.VisualStudio.TestPlatform.CrossPlatEngine.DataCollection.ProxyOutOfProcDataCollectionManager., took 1 ms.
TpTrace Verbose: 0 : 10588, 15, 2024/05/30, 17:04:20.225, 4698920222430, testhost.dll, TestExecutionRecorder.RecordEnd: test: HotelBookingSystemAPIBLTests.AdminRoomServiceTests.UpdateRoomStatusFailTest execution completed.
TpTrace Verbose: 0 : 10588, 15, 2024/05/30, 17:04:20.226, 4698920236494, testhost.dll, MulticastDelegateUtilities.SafeInvoke: TestCaseEventsHandler.RaiseTestCaseEnd: Invoking callback 1/1 for Microsoft.VisualStudio.TestPlatform.CrossPlatEngine.DataCollection.ProxyOutOfProcDataCollectionManager., took 1 ms.
TpTrace Verbose: 0 : 10588, 15, 2024/05/30, 17:04:20.226, 4698920237671, testhost.dll, TestExecutionRecorder.RecordResult: Received result for test: HotelBookingSystemAPIBLTests.AdminRoomServiceTests.UpdateRoomStatusFailTest.
TpTrace Verbose: 0 : 10588, 15, 2024/05/30, 17:04:20.226, 4698920238027, testhost.dll, MulticastDelegateUtilities.SafeInvoke: TestCaseEventsHandler.RaiseTestCaseEnd: Invoking callback 1/1 for Microsoft.VisualStudio.TestPlatform.CrossPlatEngine.DataCollection.ProxyOutOfProcDataCollectionManager., took 0 ms.
TpTrace Warning: 0 : 10588, 15, 2024/05/30, 17:04:20.226, 4698920238398, testhost.dll, TestRunCache: InProgressTests is null
TpTrace Warning: 0 : 10588, 15, 2024/05/30, 17:04:20.227, 4698920238630, testhost.dll, TestRunCache: No test found corresponding to testResult 'UpdateRoomStatusFailTest' in inProgress list.
TpTrace Verbose: 0 : 10588, 15, 2024/05/30, 17:04:20.227, 4698920239849, testhost.dll, TestExecutionRecorder.RecordStart: Starting test: HotelBookingSystemAPIBLTests.AdminRoomServiceTests.UpdateRoomStatusPassTest.
TpTrace Verbose: 0 : 10588, 15, 2024/05/30, 17:04:20.228, 4698920249220, testhost.dll, MulticastDelegateUtilities.SafeInvoke: TestCaseEventsHandler.RaiseTestCaseStart: Invoking callback 1/1 for Microsoft.VisualStudio.TestPlatform.CrossPlatEngine.DataCollection.ProxyOutOfProcDataCollectionManager., took 0 ms.
TpTrace Verbose: 0 : 10588, 15, 2024/05/30, 17:04:20.228, 4698920252002, testhost.dll, TestExecutionRecorder.RecordEnd: test: HotelBookingSystemAPIBLTests.AdminRoomServiceTests.UpdateRoomStatusPassTest execution completed.
TpTrace Verbose: 0 : 10588, 15, 2024/05/30, 17:04:20.229, 4698920263221, testhost.dll, MulticastDelegateUtilities.SafeInvoke: TestCaseEventsHandler.RaiseTestCaseEnd: Invoking callback 1/1 for Microsoft.VisualStudio.TestPlatform.CrossPlatEngine.DataCollection.ProxyOutOfProcDataCollectionManager., took 1 ms.
TpTrace Verbose: 0 : 10588, 15, 2024/05/30, 17:04:20.229, 4698920264556, testhost.dll, TestExecutionRecorder.RecordResult: Received result for test: HotelBookingSystemAPIBLTests.AdminRoomServiceTests.UpdateRoomStatusPassTest.
TpTrace Verbose: 0 : 10588, 15, 2024/05/30, 17:04:20.229, 4698920265343, testhost.dll, MulticastDelegateUtilities.SafeInvoke: TestCaseEventsHandler.RaiseTestCaseEnd: Invoking callback 1/1 for Microsoft.VisualStudio.TestPlatform.CrossPlatEngine.DataCollection.ProxyOutOfProcDataCollectionManager., took 0 ms.
TpTrace Warning: 0 : 10588, 15, 2024/05/30, 17:04:20.229, 4698920266011, testhost.dll, TestRunCache: InProgressTests is null
TpTrace Warning: 0 : 10588, 15, 2024/05/30, 17:04:20.229, 4698920266499, testhost.dll, TestRunCache: No test found corresponding to testResult 'UpdateRoomStatusPassTest' in inProgress list.
TpTrace Verbose: 0 : 10588, 15, 2024/05/30, 17:04:20.230, 4698920269215, testhost.dll, TestExecutionRecorder.RecordStart: Starting test: HotelBookingSystemAPIBLTests.AdminRoomServiceTests.UpdateRoomTypeFailTest.
TpTrace Information: 0 : 10588, 15, 2024/05/30, 17:04:20.230, 4698920270402, testhost.dll, Sending test run statistics
TpTrace Verbose: 0 : 10588, 15, 2024/05/30, 17:04:20.230, 4698920277360, testhost.dll, TestRequestHandler.SendData: sending data from testhost: {"Version":7,"MessageType":"TestExecution.StatsChange","Payload":{"NewTestResults":[{"TestCase":{"Id":"9da6a37e-7fd2-7a8f-c553-5f02a84af8cc","FullyQualifiedName":"HotelBookingSystemAPIBLTests.AdminRoomServiceTests.RegisterRoomPassTest","DisplayName":"RegisterRoomPassTest","ExecutorUri":"executor://NUnit3TestExecutor","Source":"C:\\MiniProject\\HotelBookingSystemSolution\\HotelBookingSystemAPIBLTests\\bin\\Debug\\net6.0\\fine-code-coverage\\build-output\\HotelBookingSystemAPIBLTests.dll","CodeFilePath":null,"LineNumber":0,"Properties":[{"Key":{"Id":"NUnit.Seed","Label":"Seed","Category":"","Description":"","Attributes":0,"ValueType":"System.String"},"Value":"254237992"}]},"Attachments":[],"Outcome":1,"ErrorMessage":null,"ErrorStackTrace":null,"DisplayName":"RegisterRoomPassTest","Messages":[],"ComputerName":"853CBX3","Duration":"00:00:00.0423080","StartTime":"2024-05-30T11:34:20.0878651+00:00","EndTime":"2024-05-30T11:34:20.1301729+00:00","Properties":[{"Key":{"Id":"NUnit.Seed","Label":"Seed","Category":"","Description":"","Attributes":0,"ValueType":"System.String"},"Value":"254237992"}]},{"TestCase":{"Id":"abcf36d1-60d0-ccb5-cbe3-c7dd6b8f1fb2","FullyQualifiedName":"HotelBookingSystemAPIBLTests.AdminRoomServiceTests.RegisterRoomPassTest2","DisplayName":"RegisterRoomPassTest2","ExecutorUri":"executor://NUnit3TestExecutor","Source":"C:\\MiniProject\\HotelBookingSystemSolution\\HotelBookingSystemAPIBLTests\\bin\\Debug\\net6.0\\fine-code-coverage\\build-output\\HotelBookingSystemAPIBLTests.dll","CodeFilePath":null,"LineNumber":0,"Properties":[{"Key":{"Id":"NUnit.Seed","Label":"Seed","Category":"","Description":"","Attributes":0,"ValueType":"System.String"},"Value":"415922096"}]},"Attachments":[],"Outcome":1,"ErrorMessage":null,"ErrorStackTrace":null,"DisplayName":"RegisterRoomPassTest2","Messages":[],"ComputerName":"853CBX3","Duration":"00:00:00.0011360","StartTime":"2024-05-30T11:34:20.1302005+00:00","EndTime":"2024-05-30T11:34:20.1313364+00:00","Properties":[{"Key":{"Id":"NUnit.Seed","Label":"Seed","Category":"","Description":"","Attributes":0,"ValueType":"System.String"},"Value":"415922096"}]},{"TestCase":{"Id":"40bf4517-6f85-afc3-0665-f20891f5f9c2","FullyQualifiedName":"HotelBookingSystemAPIBLTests.AdminRoomServiceTests.RegisterRoomTypeFailTest","DisplayName":"RegisterRoomTypeFailTest","ExecutorUri":"executor://NUnit3TestExecutor","Source":"C:\\MiniProject\\HotelBookingSystemSolution\\HotelBookingSystemAPIBLTests\\bin\\Debug\\net6.0\\fine-code-coverage\\build-output\\HotelBookingSystemAPIBLTests.dll","CodeFilePath":null,"LineNumber":0,"Properties":[{"Key":{"Id":"NUnit.Seed","Label":"Seed","Category":"","Description":"","Attributes":0,"ValueType":"System.String"},"Value":"323268332"}]},"Attachments":[],"Outcome":1,"ErrorMessage":null,"ErrorStackTrace":null,"DisplayName":"RegisterRoomTypeFailTest","Messages":[],"ComputerName":"853CBX3","Duration":"00:00:00.0013300","StartTime":"2024-05-30T11:34:20.1313547+00:00","EndTime":"2024-05-30T11:34:20.1326846+00:00","Properties":[{"Key":{"Id":"NUnit.Seed","Label":"Seed","Category":"","Description":"","Attributes":0,"ValueType":"System.String"},"Value":"323268332"}]},{"TestCase":{"Id":"37c533fc-8256-4cbf-8881-e0a3cf903799","FullyQualifiedName":"HotelBookingSystemAPIBLTests.AdminRoomServiceTests.RegisterRoomTypePassTest","DisplayName":"RegisterRoomTypePassTest","ExecutorUri":"executor://NUnit3TestExecutor","Source":"C:\\MiniProject\\HotelBookingSystemSolution\\HotelBookingSystemAPIBLTests\\bin\\Debug\\net6.0\\fine-code-coverage\\build-output\\HotelBookingSystemAPIBLTests.dll","CodeFilePath":null,"LineNumber":0,"Properties":[{"Key":{"Id":"NUnit.Seed","Label":"Seed","Category":"","Description":"","Attributes":0,"ValueType":"System.String"},"Value":"1174363347"}]},"Attachments":[],"Outcome":1,"ErrorMessage":null,"ErrorStackTrace":null,"DisplayName":"RegisterRoomTypePassTest","Messages":[],"ComputerName":"853CBX3","Duration":"00:00:00.0011070","StartTime":"2024-05-30T11:34:20.132703+00:00","EndTime":"2024-05-30T11:34:20.13381+00:00","Properties":[{"Key":{"Id":"NUnit.Seed","Label":"Seed","Category":"","Description":"","Attributes":0,"ValueType":"System.String"},"Value":"1174363347"}]},{"TestCase":{"Id":"dae9e568-e993-4659-ee1c-b9b9703af52b","FullyQualifiedName":"HotelBookingSystemAPIBLTests.AdminRoomServiceTests.UpdateHotelExceptionTest","DisplayName":"UpdateHotelExceptionTest","ExecutorUri":"executor://NUnit3TestExecutor","Source":"C:\\MiniProject\\HotelBookingSystemSolution\\HotelBookingSystemAPIBLTests\\bin\\Debug\\net6.0\\fine-code-coverage\\build-output\\HotelBookingSystemAPIBLTests.dll","CodeFilePath":null,"LineNumber":0,"Properties":[{"Key":{"Id":"NUnit.Seed","Label":"Seed","Category":"","Description":"","Attributes":0,"ValueType":"System.String"},"Value":"398888087"}]},"Attachments":[],"Outcome":1,"ErrorMessage":null,"ErrorStackTrace":null,"DisplayName":"UpdateHotelExceptionTest","Messages":[],"ComputerName":"853CBX3","Duration":"00:00:00.0427940","StartTime":"2024-05-30T11:34:20.1338278+00:00","EndTime":"2024-05-30T11:34:20.1766212+00:00","Properties":[{"Key":{"Id":"NUnit.Seed","Label":"Seed","Category":"","Description":"","Attributes":0,"ValueType":"System.String"},"Value":"398888087"}]},{"TestCase":{"Id":"301b6332-406d-4624-a62a-324b28bd9171","FullyQualifiedName":"HotelBookingSystemAPIBLTests.AdminRoomServiceTests.UpdateRoomImagesFailTest","DisplayName":"UpdateRoomImagesFailTest","ExecutorUri":"executor://NUnit3TestExecutor","Source":"C:\\MiniProject\\HotelBookingSystemSolution\\HotelBookingSystemAPIBLTests\\bin\\Debug\\net6.0\\fine-code-coverage\\build-output\\HotelBookingSystemAPIBLTests.dll","CodeFilePath":null,"LineNumber":0,"Properties":[{"Key":{"Id":"NUnit.Seed","Label":"Seed","Category":"","Description":"","Attributes":0,"ValueType":"System.String"},"Value":"1784753170"}]},"Attachments":[],"Outcome":2,"ErrorMessage":"  Expected: <HotelBookingSystemAPI.CustomExceptions.ObjectNotAvailableException>\r\n  But was:  null\r\n","ErrorStackTrace":"   at HotelBookingSystemAPIBLTests.AdminRoomServiceTests.UpdateRoomImagesFailTest() in C:\\MiniProject\\HotelBookingSystemSolution\\HotelBookingSystemAPIBLTests\\AdminRoomServiceTests.cs:line 150\r\n   at NUnit.Framework.Internal.TaskAwaitAdapter.GenericAdapter`1.GetResult()\r\n   at NUnit.Framework.Internal.AsyncToSyncAdapter.Await(Func`1 invoke)\r\n   at NUnit.Framework.Internal.Commands.TestMethodCommand.RunTestMethod(TestExecutionContext context)\r\n   at NUnit.Framework.Internal.Commands.TestMethodCommand.Execute(TestExecutionContext context)\r\n   at NUnit.Framework.Internal.Commands.BeforeAndAfterTestCommand.<>c__DisplayClass1_0.<Execute>b__0()\r\n   at NUnit.Framework.Internal.Commands.DelegatingTestCommand.RunTestMethodInThreadAbortSafeZone(TestExecutionContext context, Action action)\r\n\n1)    at HotelBookingSystemAPIBLTests.AdminRoomServiceTests.UpdateRoomImagesFailTest() in C:\\MiniProject\\HotelBookingSystemSolution\\HotelBookingSystemAPIBLTests\\AdminRoomServiceTests.cs:line 150\r\n   at System.Runtime.CompilerServices.AsyncMethodBuilderCore.Start[TStateMachine](TStateMachine& stateMachine)\r\n   at HotelBookingSystemAPIBLTests.AdminRoomServiceTests.UpdateRoomImagesFailTest()\r\n\n","DisplayName":"UpdateRoomImagesFailTest","Messages":[],"ComputerName":"853CBX3","Duration":"00:00:00.0383260","StartTime":"2024-05-30T11:34:20.1766604+00:00","EndTime":"2024-05-30T11:34:20.2149862+00:00","Properties":[{"Key":{"Id":"NUnit.Seed","Label":"Seed","Category":"","Description":"","Attributes":0,"ValueType":"System.String"},"Value":"1784753170"}]},{"TestCase":{"Id":"e081c7f1-766a-246f-7d6e-46e357f75c50","FullyQualifiedName":"HotelBookingSystemAPIBLTests.AdminRoomServiceTests.UpdateRoomImagesPassTest","DisplayName":"UpdateRoomImagesPassTest","ExecutorUri":"executor://NUnit3TestExecutor","Source":"C:\\MiniProject\\HotelBookingSystemSolution\\HotelBookingSystemAPIBLTests\\bin\\Debug\\net6.0\\fine-code-coverage\\build-output\\HotelBookingSystemAPIBLTests.dll","CodeFilePath":null,"LineNumber":0,"Properties":[{"Key":{"Id":"NUnit.Seed","Label":"Seed","Category":"","Description":"","Attributes":0,"ValueType":"System.String"},"Value":"1175051083"}]},"Attachments":[],"Outcome":1,"ErrorMessage":null,"ErrorStackTrace":null,"DisplayName":"UpdateRoomImagesPassTest","Messages":[],"ComputerName":"853CBX3","Duration":"00:00:00.0029150","StartTime":"2024-05-30T11:34:20.2150175+00:00","EndTime":"2024-05-30T11:34:20.2179324+00:00","Properties":[{"Key":{"Id":"NUnit.Seed","Label":"Seed","Category":"","Description":"","Attributes":0,"ValueType":"System.String"},"Value":"1175051083"}]},{"TestCase":{"Id":"2b449125-da9e-eb5d-b317-eac5503517b5","FullyQualifiedName":"HotelBookingSystemAPIBLTests.AdminRoomServiceTests.UpdateRoomStatusFailTest","DisplayName":"UpdateRoomStatusFailTest","ExecutorUri":"executor://NUnit3TestExecutor","Source":"C:\\MiniProject\\HotelBookingSystemSolution\\HotelBookingSystemAPIBLTests\\bin\\Debug\\net6.0\\fine-code-coverage\\build-output\\HotelBookingSystemAPIBLTests.dll","CodeFilePath":null,"LineNumber":0,"Properties":[{"Key":{"Id":"NUnit.Seed","Label":"Seed","Category":"","Description":"","Attributes":0,"ValueType":"System.String"},"Value":"1372696081"}]},"Attachments":[],"Outcome":2,"ErrorMessage":"  Expected: <HotelBookingSystemAPI.CustomExceptions.ObjectNotAvailableException>\r\n  But was:  null\r\n","ErrorStackTrace":"   at HotelBookingSystemAPIBLTests.AdminRoomServiceTests.UpdateRoomStatusFailTest() in C:\\MiniProject\\HotelBookingSystemSolution\\HotelBookingSystemAPIBLTests\\AdminRoomServiceTests.cs:line 177\r\n   at NUnit.Framework.Internal.TaskAwaitAdapter.GenericAdapter`1.GetResult()\r\n   at NUnit.Framework.Internal.AsyncToSyncAdapter.Await(Func`1 invoke)\r\n   at NUnit.Framework.Internal.Commands.TestMethodCommand.RunTestMethod(TestExecutionContext context)\r\n   at NUnit.Framework.Internal.Commands.TestMethodCommand.Execute(TestExecutionContext context)\r\n   at NUnit.Framework.Internal.Commands.BeforeAndAfterTestCommand.<>c__DisplayClass1_0.<Execute>b__0()\r\n   at NUnit.Framework.Internal.Commands.DelegatingTestCommand.RunTestMethodInThreadAbortSafeZone(TestExecutionContext context, Action action)\r\n\n1)    at HotelBookingSystemAPIBLTests.AdminRoomServiceTests.UpdateRoomStatusFailTest() in C:\\MiniProject\\HotelBookingSystemSolution\\HotelBookingSystemAPIBLTests\\AdminRoomServiceTests.cs:line 177\r\n   at System.Runtime.CompilerServices.AsyncMethodBuilderCore.Start[TStateMachine](TStateMachine& stateMachine)\r\n   at HotelBookingSystemAPIBLTests.AdminRoomServiceTests.UpdateRoomStatusFailTest()\r\n\n","DisplayName":"UpdateRoomStatusFailTest","Messages":[],"ComputerName":"853CBX3","Duration":"00:00:00.0066310","StartTime":"2024-05-30T11:34:20.2179613+00:00","EndTime":"2024-05-30T11:34:20.2245915+00:00","Properties":[{"Key":{"Id":"NUnit.Seed","Label":"Seed","Category":"","Description":"","Attributes":0,"ValueType":"System.String"},"Value":"1372696081"}]},{"TestCase":{"Id":"ab9f952c-fec6-1548-a27a-04581d3c57a5","FullyQualifiedName":"HotelBookingSystemAPIBLTests.AdminRoomServiceTests.UpdateRoomStatusPassTest","DisplayName":"UpdateRoomStatusPassTest","ExecutorUri":"executor://NUnit3TestExecutor","Source":"C:\\MiniProject\\HotelBookingSystemSolution\\HotelBookingSystemAPIBLTests\\bin\\Debug\\net6.0\\fine-code-coverage\\build-output\\HotelBookingSystemAPIBLTests.dll","CodeFilePath":null,"LineNumber":0,"Properties":[{"Key":{"Id":"NUnit.Seed","Label":"Seed","Category":"","Description":"","Attributes":0,"ValueType":"System.String"},"Value":"1400191905"}]},"Attachments":[],"Outcome":1,"ErrorMessage":null,"ErrorStackTrace":null,"DisplayName":"UpdateRoomStatusPassTest","Messages":[],"ComputerName":"853CBX3","Duration":"00:00:00.0029979","StartTime":"2024-05-30T11:34:20.2246435+00:00","EndTime":"2024-05-30T11:34:20.2276413+00:00","Properties":[{"Key":{"Id":"NUnit.Seed","Label":"Seed","Category":"","Description":"","Attributes":0,"ValueType":"System.String"},"Value":"1400191905"}]}],"TestRunStatistics":{"ExecutedTests":22,"Stats":{"Passed":17,"Failed":5}},"ActiveTests":[{"Id":"85772b64-03b9-7994-b003-ed50600b8ed3","FullyQualifiedName":"HotelBookingSystemAPIBLTests.AdminRoomServiceTests.UpdateRoomTypeFailTest","DisplayName":"UpdateRoomTypeFailTest","ExecutorUri":"executor://NUnit3TestExecutor","Source":"C:\\MiniProject\\HotelBookingSystemSolution\\HotelBookingSystemAPIBLTests\\bin\\Debug\\net6.0\\fine-code-coverage\\build-output\\HotelBookingSystemAPIBLTests.dll","CodeFilePath":null,"LineNumber":0,"Properties":[{"Key":{"Id":"NUnit.Seed","Label":"Seed","Category":"","Description":"","Attributes":0,"ValueType":"System.String"},"Value":"768712539"}]}]}}
TpTrace Verbose: 0 : 10588, 15, 2024/05/30, 17:04:20.231, 4698920281862, testhost.dll, TestRunCache: OnNewTestResult: Notified the onCacheHit callback.
TpTrace Verbose: 0 : 10588, 15, 2024/05/30, 17:04:20.232, 4698920296263, testhost.dll, MulticastDelegateUtilities.SafeInvoke: TestCaseEventsHandler.RaiseTestCaseStart: Invoking callback 1/1 for Microsoft.VisualStudio.TestPlatform.CrossPlatEngine.DataCollection.ProxyOutOfProcDataCollectionManager., took 1 ms.
TpTrace Verbose: 0 : 10588, 15, 2024/05/30, 17:04:20.233, 4698920306660, testhost.dll, TestExecutionRecorder.RecordEnd: test: HotelBookingSystemAPIBLTests.AdminRoomServiceTests.UpdateRoomTypeFailTest execution completed.
TpTrace Warning: 0 : 10588, 15, 2024/05/30, 17:04:20.233, 4698920307821, testhost.dll, TestRunCache: InProgressTests is null
TpTrace Verbose: 0 : 10588, 15, 2024/05/30, 17:04:20.248, 4698920452915, testhost.dll, MulticastDelegateUtilities.SafeInvoke: TestCaseEventsHandler.RaiseTestCaseEnd: Invoking callback 1/1 for Microsoft.VisualStudio.TestPlatform.CrossPlatEngine.DataCollection.ProxyOutOfProcDataCollectionManager., took 14 ms.
TpTrace Verbose: 0 : 10588, 15, 2024/05/30, 17:04:20.248, 4698920454877, testhost.dll, TestExecutionRecorder.RecordResult: Received result for test: HotelBookingSystemAPIBLTests.AdminRoomServiceTests.UpdateRoomTypeFailTest.
TpTrace Verbose: 0 : 10588, 15, 2024/05/30, 17:04:20.248, 4698920455750, testhost.dll, MulticastDelegateUtilities.SafeInvoke: TestCaseEventsHandler.RaiseTestCaseEnd: Invoking callback 1/1 for Microsoft.VisualStudio.TestPlatform.CrossPlatEngine.DataCollection.ProxyOutOfProcDataCollectionManager., took 0 ms.
TpTrace Warning: 0 : 10588, 15, 2024/05/30, 17:04:20.248, 4698920456374, testhost.dll, TestRunCache: InProgressTests is null
TpTrace Warning: 0 : 10588, 15, 2024/05/30, 17:04:20.248, 4698920456794, testhost.dll, TestRunCache: No test found corresponding to testResult 'UpdateRoomTypeFailTest' in inProgress list.
TpTrace Verbose: 0 : 10588, 15, 2024/05/30, 17:04:20.249, 4698920458828, testhost.dll, TestExecutionRecorder.RecordStart: Starting test: HotelBookingSystemAPIBLTests.AdminRoomServiceTests.UpdateRoomTypePassTest.
TpTrace Verbose: 0 : 10588, 15, 2024/05/30, 17:04:20.250, 4698920476340, testhost.dll, MulticastDelegateUtilities.SafeInvoke: TestCaseEventsHandler.RaiseTestCaseStart: Invoking callback 1/1 for Microsoft.VisualStudio.TestPlatform.CrossPlatEngine.DataCollection.ProxyOutOfProcDataCollectionManager., took 1 ms.
TpTrace Verbose: 0 : 10588, 15, 2024/05/30, 17:04:20.251, 4698920482239, testhost.dll, TestExecutionRecorder.RecordEnd: test: HotelBookingSystemAPIBLTests.AdminRoomServiceTests.UpdateRoomTypePassTest execution completed.
TpTrace Verbose: 0 : 10588, 15, 2024/05/30, 17:04:20.252, 4698920496221, testhost.dll, MulticastDelegateUtilities.SafeInvoke: TestCaseEventsHandler.RaiseTestCaseEnd: Invoking callback 1/1 for Microsoft.VisualStudio.TestPlatform.CrossPlatEngine.DataCollection.ProxyOutOfProcDataCollectionManager., took 1 ms.
TpTrace Verbose: 0 : 10588, 15, 2024/05/30, 17:04:20.252, 4698920497005, testhost.dll, TestExecutionRecorder.RecordResult: Received result for test: HotelBookingSystemAPIBLTests.AdminRoomServiceTests.UpdateRoomTypePassTest.
TpTrace Verbose: 0 : 10588, 15, 2024/05/30, 17:04:20.252, 4698920497407, testhost.dll, MulticastDelegateUtilities.SafeInvoke: TestCaseEventsHandler.RaiseTestCaseEnd: Invoking callback 1/1 for Microsoft.VisualStudio.TestPlatform.CrossPlatEngine.DataCollection.ProxyOutOfProcDataCollectionManager., took 0 ms.
TpTrace Warning: 0 : 10588, 15, 2024/05/30, 17:04:20.252, 4698920497774, testhost.dll, TestRunCache: InProgressTests is null
TpTrace Warning: 0 : 10588, 15, 2024/05/30, 17:04:20.252, 4698920498011, testhost.dll, TestRunCache: No test found corresponding to testResult 'UpdateRoomTypePassTest' in inProgress list.
TpTrace Verbose: 0 : 10588, 15, 2024/05/30, 17:04:20.253, 4698920502199, testhost.dll, TestExecutionRecorder.RecordStart: Starting test: HotelBookingSystemAPIBLTests.GuestBookingServiceTests.CalculateRefundPassTest.
TpTrace Verbose: 0 : 10588, 15, 2024/05/30, 17:04:20.254, 4698920514190, testhost.dll, MulticastDelegateUtilities.SafeInvoke: TestCaseEventsHandler.RaiseTestCaseStart: Invoking callback 1/1 for Microsoft.VisualStudio.TestPlatform.CrossPlatEngine.DataCollection.ProxyOutOfProcDataCollectionManager., took 1 ms.
TpTrace Verbose: 0 : 10588, 15, 2024/05/30, 17:04:20.280, 4698920772610, testhost.dll, TestExecutionRecorder.RecordEnd: test: HotelBookingSystemAPIBLTests.GuestBookingServiceTests.CalculateRefundPassTest execution completed.
TpTrace Verbose: 0 : 10588, 15, 2024/05/30, 17:04:20.281, 4698920785795, testhost.dll, MulticastDelegateUtilities.SafeInvoke: TestCaseEventsHandler.RaiseTestCaseEnd: Invoking callback 1/1 for Microsoft.VisualStudio.TestPlatform.CrossPlatEngine.DataCollection.ProxyOutOfProcDataCollectionManager., took 1 ms.
TpTrace Verbose: 0 : 10588, 15, 2024/05/30, 17:04:20.281, 4698920787049, testhost.dll, TestExecutionRecorder.RecordResult: Received result for test: HotelBookingSystemAPIBLTests.GuestBookingServiceTests.CalculateRefundPassTest.
TpTrace Verbose: 0 : 10588, 15, 2024/05/30, 17:04:20.281, 4698920787790, testhost.dll, MulticastDelegateUtilities.SafeInvoke: TestCaseEventsHandler.RaiseTestCaseEnd: Invoking callback 1/1 for Microsoft.VisualStudio.TestPlatform.CrossPlatEngine.DataCollection.ProxyOutOfProcDataCollectionManager., took 0 ms.
TpTrace Warning: 0 : 10588, 15, 2024/05/30, 17:04:20.281, 4698920788467, testhost.dll, TestRunCache: InProgressTests is null
TpTrace Warning: 0 : 10588, 15, 2024/05/30, 17:04:20.282, 4698920788939, testhost.dll, TestRunCache: No test found corresponding to testResult 'CalculateRefundPassTest' in inProgress list.
TpTrace Verbose: 0 : 10588, 15, 2024/05/30, 17:04:20.282, 4698920790630, testhost.dll, TestExecutionRecorder.RecordStart: Starting test: HotelBookingSystemAPIBLTests.GuestBookingServiceTests.GetMyBookingFailTest.
TpTrace Verbose: 0 : 10588, 15, 2024/05/30, 17:04:20.283, 4698920802401, testhost.dll, MulticastDelegateUtilities.SafeInvoke: TestCaseEventsHandler.RaiseTestCaseStart: Invoking callback 1/1 for Microsoft.VisualStudio.TestPlatform.CrossPlatEngine.DataCollection.ProxyOutOfProcDataCollectionManager., took 1 ms.
TpTrace Verbose: 0 : 10588, 15, 2024/05/30, 17:04:20.283, 4698920807192, testhost.dll, TestExecutionRecorder.RecordEnd: test: HotelBookingSystemAPIBLTests.GuestBookingServiceTests.GetMyBookingFailTest execution completed.
TpTrace Verbose: 0 : 10588, 15, 2024/05/30, 17:04:20.284, 4698920818009, testhost.dll, MulticastDelegateUtilities.SafeInvoke: TestCaseEventsHandler.RaiseTestCaseEnd: Invoking callback 1/1 for Microsoft.VisualStudio.TestPlatform.CrossPlatEngine.DataCollection.ProxyOutOfProcDataCollectionManager., took 0 ms.
TpTrace Verbose: 0 : 10588, 15, 2024/05/30, 17:04:20.285, 4698920818941, testhost.dll, TestExecutionRecorder.RecordResult: Received result for test: HotelBookingSystemAPIBLTests.GuestBookingServiceTests.GetMyBookingFailTest.
TpTrace Verbose: 0 : 10588, 15, 2024/05/30, 17:04:20.285, 4698920819605, testhost.dll, MulticastDelegateUtilities.SafeInvoke: TestCaseEventsHandler.RaiseTestCaseEnd: Invoking callback 1/1 for Microsoft.VisualStudio.TestPlatform.CrossPlatEngine.DataCollection.ProxyOutOfProcDataCollectionManager., took 0 ms.
TpTrace Warning: 0 : 10588, 15, 2024/05/30, 17:04:20.285, 4698920820200, testhost.dll, TestRunCache: InProgressTests is null
TpTrace Warning: 0 : 10588, 15, 2024/05/30, 17:04:20.285, 4698920820667, testhost.dll, TestRunCache: No test found corresponding to testResult 'GetMyBookingFailTest' in inProgress list.
TpTrace Verbose: 0 : 10588, 15, 2024/05/30, 17:04:20.285, 4698920821992, testhost.dll, TestExecutionRecorder.RecordStart: Starting test: HotelBookingSystemAPIBLTests.GuestBookingServiceTests.GetMyBookingPassTest.
TpTrace Verbose: 0 : 10588, 15, 2024/05/30, 17:04:20.286, 4698920832457, testhost.dll, MulticastDelegateUtilities.SafeInvoke: TestCaseEventsHandler.RaiseTestCaseStart: Invoking callback 1/1 for Microsoft.VisualStudio.TestPlatform.CrossPlatEngine.DataCollection.ProxyOutOfProcDataCollectionManager., took 0 ms.
TpTrace Verbose: 0 : 10588, 15, 2024/05/30, 17:04:20.286, 4698920836893, testhost.dll, TestExecutionRecorder.RecordEnd: test: HotelBookingSystemAPIBLTests.GuestBookingServiceTests.GetMyBookingPassTest execution completed.
TpTrace Verbose: 0 : 10588, 15, 2024/05/30, 17:04:20.287, 4698920847061, testhost.dll, MulticastDelegateUtilities.SafeInvoke: TestCaseEventsHandler.RaiseTestCaseEnd: Invoking callback 1/1 for Microsoft.VisualStudio.TestPlatform.CrossPlatEngine.DataCollection.ProxyOutOfProcDataCollectionManager., took 0 ms.
TpTrace Verbose: 0 : 10588, 15, 2024/05/30, 17:04:20.287, 4698920847787, testhost.dll, TestExecutionRecorder.RecordResult: Received result for test: HotelBookingSystemAPIBLTests.GuestBookingServiceTests.GetMyBookingPassTest.
TpTrace Verbose: 0 : 10588, 15, 2024/05/30, 17:04:20.287, 4698920848256, testhost.dll, MulticastDelegateUtilities.SafeInvoke: TestCaseEventsHandler.RaiseTestCaseEnd: Invoking callback 1/1 for Microsoft.VisualStudio.TestPlatform.CrossPlatEngine.DataCollection.ProxyOutOfProcDataCollectionManager., took 0 ms.
TpTrace Warning: 0 : 10588, 15, 2024/05/30, 17:04:20.288, 4698920848670, testhost.dll, TestRunCache: InProgressTests is null
TpTrace Warning: 0 : 10588, 15, 2024/05/30, 17:04:20.288, 4698920848999, testhost.dll, TestRunCache: No test found corresponding to testResult 'GetMyBookingPassTest' in inProgress list.
TpTrace Verbose: 0 : 10588, 15, 2024/05/30, 17:04:20.288, 4698920851327, testhost.dll, TestExecutionRecorder.RecordStart: Starting test: HotelBookingSystemAPIBLTests.GuestRatingServiceTests.DeleteRatingExceptionTest.
TpTrace Verbose: 0 : 10588, 15, 2024/05/30, 17:04:20.289, 4698920861391, testhost.dll, MulticastDelegateUtilities.SafeInvoke: TestCaseEventsHandler.RaiseTestCaseStart: Invoking callback 1/1 for Microsoft.VisualStudio.TestPlatform.CrossPlatEngine.DataCollection.ProxyOutOfProcDataCollectionManager., took 0 ms.
TpTrace Verbose: 0 : 10588, 15, 2024/05/30, 17:04:20.294, 4698920909245, testhost.dll, TestExecutionRecorder.RecordEnd: test: HotelBookingSystemAPIBLTests.GuestRatingServiceTests.DeleteRatingExceptionTest execution completed.
TpTrace Verbose: 0 : 10588, 15, 2024/05/30, 17:04:20.295, 4698920920846, testhost.dll, MulticastDelegateUtilities.SafeInvoke: TestCaseEventsHandler.RaiseTestCaseEnd: Invoking callback 1/1 for Microsoft.VisualStudio.TestPlatform.CrossPlatEngine.DataCollection.ProxyOutOfProcDataCollectionManager., took 0 ms.
TpTrace Verbose: 0 : 10588, 15, 2024/05/30, 17:04:20.295, 4698920921567, testhost.dll, TestExecutionRecorder.RecordResult: Received result for test: HotelBookingSystemAPIBLTests.GuestRatingServiceTests.DeleteRatingExceptionTest.
TpTrace Verbose: 0 : 10588, 15, 2024/05/30, 17:04:20.295, 4698920921948, testhost.dll, MulticastDelegateUtilities.SafeInvoke: TestCaseEventsHandler.RaiseTestCaseEnd: Invoking callback 1/1 for Microsoft.VisualStudio.TestPlatform.CrossPlatEngine.DataCollection.ProxyOutOfProcDataCollectionManager., took 0 ms.
TpTrace Warning: 0 : 10588, 15, 2024/05/30, 17:04:20.295, 4698920922298, testhost.dll, TestRunCache: InProgressTests is null
TpTrace Warning: 0 : 10588, 15, 2024/05/30, 17:04:20.295, 4698920922562, testhost.dll, TestRunCache: No test found corresponding to testResult 'DeleteRatingExceptionTest' in inProgress list.
TpTrace Verbose: 0 : 10588, 15, 2024/05/30, 17:04:20.295, 4698920923481, testhost.dll, TestExecutionRecorder.RecordStart: Starting test: HotelBookingSystemAPIBLTests.GuestRatingServiceTests.DeleteRatingPassTest.
TpTrace Verbose: 0 : 10588, 15, 2024/05/30, 17:04:20.296, 4698920930332, testhost.dll, MulticastDelegateUtilities.SafeInvoke: TestCaseEventsHandler.RaiseTestCaseStart: Invoking callback 1/1 for Microsoft.VisualStudio.TestPlatform.CrossPlatEngine.DataCollection.ProxyOutOfProcDataCollectionManager., took 0 ms.
TpTrace Verbose: 0 : 10588, 15, 2024/05/30, 17:04:20.296, 4698920932694, testhost.dll, TestExecutionRecorder.RecordEnd: test: HotelBookingSystemAPIBLTests.GuestRatingServiceTests.DeleteRatingPassTest execution completed.
TpTrace Verbose: 0 : 10588, 15, 2024/05/30, 17:04:20.297, 4698920940842, testhost.dll, MulticastDelegateUtilities.SafeInvoke: TestCaseEventsHandler.RaiseTestCaseEnd: Invoking callback 1/1 for Microsoft.VisualStudio.TestPlatform.CrossPlatEngine.DataCollection.ProxyOutOfProcDataCollectionManager., took 0 ms.
TpTrace Verbose: 0 : 10588, 15, 2024/05/30, 17:04:20.297, 4698920941405, testhost.dll, TestExecutionRecorder.RecordResult: Received result for test: HotelBookingSystemAPIBLTests.GuestRatingServiceTests.DeleteRatingPassTest.
TpTrace Verbose: 0 : 10588, 15, 2024/05/30, 17:04:20.297, 4698920941857, testhost.dll, MulticastDelegateUtilities.SafeInvoke: TestCaseEventsHandler.RaiseTestCaseEnd: Invoking callback 1/1 for Microsoft.VisualStudio.TestPlatform.CrossPlatEngine.DataCollection.ProxyOutOfProcDataCollectionManager., took 0 ms.
TpTrace Warning: 0 : 10588, 15, 2024/05/30, 17:04:20.297, 4698920942233, testhost.dll, TestRunCache: InProgressTests is null
TpTrace Warning: 0 : 10588, 15, 2024/05/30, 17:04:20.297, 4698920942680, testhost.dll, TestRunCache: No test found corresponding to testResult 'DeleteRatingPassTest' in inProgress list.
TpTrace Verbose: 0 : 10588, 15, 2024/05/30, 17:04:20.297, 4698920943674, testhost.dll, TestExecutionRecorder.RecordStart: Starting test: HotelBookingSystemAPIBLTests.GuestRatingServiceTests.ProvideRatingExceptionTest.
TpTrace Verbose: 0 : 10588, 15, 2024/05/30, 17:04:20.298, 4698920952890, testhost.dll, MulticastDelegateUtilities.SafeInvoke: TestCaseEventsHandler.RaiseTestCaseStart: Invoking callback 1/1 for Microsoft.VisualStudio.TestPlatform.CrossPlatEngine.DataCollection.ProxyOutOfProcDataCollectionManager., took 0 ms.
TpTrace Verbose: 0 : 10588, 15, 2024/05/30, 17:04:20.314, 4698921118536, testhost.dll, TestExecutionRecorder.RecordEnd: test: HotelBookingSystemAPIBLTests.GuestRatingServiceTests.ProvideRatingExceptionTest execution completed.
TpTrace Verbose: 0 : 10588, 15, 2024/05/30, 17:04:20.316, 4698921135657, testhost.dll, MulticastDelegateUtilities.SafeInvoke: TestCaseEventsHandler.RaiseTestCaseEnd: Invoking callback 1/1 for Microsoft.VisualStudio.TestPlatform.CrossPlatEngine.DataCollection.ProxyOutOfProcDataCollectionManager., took 1 ms.
TpTrace Verbose: 0 : 10588, 15, 2024/05/30, 17:04:20.316, 4698921136854, testhost.dll, TestExecutionRecorder.RecordResult: Received result for test: HotelBookingSystemAPIBLTests.GuestRatingServiceTests.ProvideRatingExceptionTest.
TpTrace Verbose: 0 : 10588, 15, 2024/05/30, 17:04:20.316, 4698921137364, testhost.dll, MulticastDelegateUtilities.SafeInvoke: TestCaseEventsHandler.RaiseTestCaseEnd: Invoking callback 1/1 for Microsoft.VisualStudio.TestPlatform.CrossPlatEngine.DataCollection.ProxyOutOfProcDataCollectionManager., took 0 ms.
TpTrace Warning: 0 : 10588, 15, 2024/05/30, 17:04:20.316, 4698921137779, testhost.dll, TestRunCache: InProgressTests is null
TpTrace Warning: 0 : 10588, 15, 2024/05/30, 17:04:20.316, 4698921138085, testhost.dll, TestRunCache: No test found corresponding to testResult 'ProvideRatingExceptionTest' in inProgress list.
TpTrace Verbose: 0 : 10588, 15, 2024/05/30, 17:04:20.317, 4698921139291, testhost.dll, TestExecutionRecorder.RecordStart: Starting test: HotelBookingSystemAPIBLTests.GuestRatingServiceTests.ProvideRatingPassTest.
TpTrace Verbose: 0 : 10588, 15, 2024/05/30, 17:04:20.317, 4698921147109, testhost.dll, MulticastDelegateUtilities.SafeInvoke: TestCaseEventsHandler.RaiseTestCaseStart: Invoking callback 1/1 for Microsoft.VisualStudio.TestPlatform.CrossPlatEngine.DataCollection.ProxyOutOfProcDataCollectionManager., took 0 ms.
TpTrace Verbose: 0 : 10588, 15, 2024/05/30, 17:04:20.321, 4698921183777, testhost.dll, TestExecutionRecorder.RecordEnd: test: HotelBookingSystemAPIBLTests.GuestRatingServiceTests.ProvideRatingPassTest execution completed.
TpTrace Verbose: 0 : 10588, 15, 2024/05/30, 17:04:20.322, 4698921193852, testhost.dll, MulticastDelegateUtilities.SafeInvoke: TestCaseEventsHandler.RaiseTestCaseEnd: Invoking callback 1/1 for Microsoft.VisualStudio.TestPlatform.CrossPlatEngine.DataCollection.ProxyOutOfProcDataCollectionManager., took 0 ms.
TpTrace Verbose: 0 : 10588, 15, 2024/05/30, 17:04:20.322, 4698921194785, testhost.dll, TestExecutionRecorder.RecordResult: Received result for test: HotelBookingSystemAPIBLTests.GuestRatingServiceTests.ProvideRatingPassTest.
TpTrace Verbose: 0 : 10588, 15, 2024/05/30, 17:04:20.322, 4698921195442, testhost.dll, MulticastDelegateUtilities.SafeInvoke: TestCaseEventsHandler.RaiseTestCaseEnd: Invoking callback 1/1 for Microsoft.VisualStudio.TestPlatform.CrossPlatEngine.DataCollection.ProxyOutOfProcDataCollectionManager., took 0 ms.
TpTrace Warning: 0 : 10588, 15, 2024/05/30, 17:04:20.322, 4698921196027, testhost.dll, TestRunCache: InProgressTests is null
TpTrace Warning: 0 : 10588, 15, 2024/05/30, 17:04:20.322, 4698921196496, testhost.dll, TestRunCache: No test found corresponding to testResult 'ProvideRatingPassTest' in inProgress list.
TpTrace Verbose: 0 : 10588, 15, 2024/05/30, 17:04:20.323, 4698921200019, testhost.dll, TestExecutionRecorder.RecordStart: Starting test: HotelBookingSystemAPIBLTests.GuestSearchServiceTests.GetAvailableRoomTypeByHotelFailTest.
TpTrace Information: 0 : 10588, 15, 2024/05/30, 17:04:20.323, 4698921200662, testhost.dll, Sending test run statistics
TpTrace Verbose: 0 : 10588, 15, 2024/05/30, 17:04:20.323, 4698921204070, testhost.dll, TestRequestHandler.SendData: sending data from testhost: {"Version":7,"MessageType":"TestExecution.StatsChange","Payload":{"NewTestResults":[{"TestCase":{"Id":"85772b64-03b9-7994-b003-ed50600b8ed3","FullyQualifiedName":"HotelBookingSystemAPIBLTests.AdminRoomServiceTests.UpdateRoomTypeFailTest","DisplayName":"UpdateRoomTypeFailTest","ExecutorUri":"executor://NUnit3TestExecutor","Source":"C:\\MiniProject\\HotelBookingSystemSolution\\HotelBookingSystemAPIBLTests\\bin\\Debug\\net6.0\\fine-code-coverage\\build-output\\HotelBookingSystemAPIBLTests.dll","CodeFilePath":null,"LineNumber":0,"Properties":[{"Key":{"Id":"NUnit.Seed","Label":"Seed","Category":"","Description":"","Attributes":0,"ValueType":"System.String"},"Value":"768712539"}]},"Attachments":[],"Outcome":2,"ErrorMessage":"  Expected: <System.Exception>\r\n  But was:  <HotelBookingSystemAPI.CustomExceptions.ObjectNotAvailableException: RoomType Not available!\r\n   at HotelBookingSystemAPI.Repositories.RoomTypeRepository.Get(Int32 key) in C:\\MiniProject\\HotelBookingSystemSolution\\HotelBookingSystemAPI\\Repositories\\RoomTypeRepository.cs:line 46\r\n   at HotelBookingSystemAPI.Services.AdminRoomService.UpdateRoomTypeByAttribute(UpdateRoomTypeDTO updateDTO) in C:\\MiniProject\\HotelBookingSystemSolution\\HotelBookingSystemAPI\\Services\\AdminRoomService.cs:line 86\r\n   at NUnit.Framework.Internal.TaskAwaitAdapter.GenericAdapter`1.GetResult()\r\n   at NUnit.Framework.Internal.AsyncToSyncAdapter.Await(Func`1 invoke)\r\n   at NUnit.Framework.Assert.ThrowsAsync(IResolveConstraint expression, AsyncTestDelegate code, String message, Object[] args)>\r\n","ErrorStackTrace":"   at HotelBookingSystemAPIBLTests.AdminRoomServiceTests.UpdateRoomTypeFailTest() in C:\\MiniProject\\HotelBookingSystemSolution\\HotelBookingSystemAPIBLTests\\AdminRoomServiceTests.cs:line 205\r\n   at NUnit.Framework.Internal.TaskAwaitAdapter.GenericAdapter`1.GetResult()\r\n   at NUnit.Framework.Internal.AsyncToSyncAdapter.Await(Func`1 invoke)\r\n   at NUnit.Framework.Internal.Commands.TestMethodCommand.RunTestMethod(TestExecutionContext context)\r\n   at NUnit.Framework.Internal.Commands.TestMethodCommand.Execute(TestExecutionContext context)\r\n   at NUnit.Framework.Internal.Commands.BeforeAndAfterTestCommand.<>c__DisplayClass1_0.<Execute>b__0()\r\n   at NUnit.Framework.Internal.Commands.DelegatingTestCommand.RunTestMethodInThreadAbortSafeZone(TestExecutionContext context, Action action)\r\n\n1)    at HotelBookingSystemAPIBLTests.AdminRoomServiceTests.UpdateRoomTypeFailTest() in C:\\MiniProject\\HotelBookingSystemSolution\\HotelBookingSystemAPIBLTests\\AdminRoomServiceTests.cs:line 205\r\n   at System.Runtime.CompilerServices.AsyncMethodBuilderCore.Start[TStateMachine](TStateMachine& stateMachine)\r\n   at HotelBookingSystemAPIBLTests.AdminRoomServiceTests.UpdateRoomTypeFailTest()\r\n\n","DisplayName":"UpdateRoomTypeFailTest","Messages":[],"ComputerName":"853CBX3","Duration":"00:00:00.0047630","StartTime":"2024-05-30T11:34:20.2276668+00:00","EndTime":"2024-05-30T11:34:20.2324292+00:00","Properties":[{"Key":{"Id":"NUnit.Seed","Label":"Seed","Category":"","Description":"","Attributes":0,"ValueType":"System.String"},"Value":"768712539"}]},{"TestCase":{"Id":"6e5e6674-16b8-14df-36ce-b86cec9e89ac","FullyQualifiedName":"HotelBookingSystemAPIBLTests.AdminRoomServiceTests.UpdateRoomTypePassTest","DisplayName":"UpdateRoomTypePassTest","ExecutorUri":"executor://NUnit3TestExecutor","Source":"C:\\MiniProject\\HotelBookingSystemSolution\\HotelBookingSystemAPIBLTests\\bin\\Debug\\net6.0\\fine-code-coverage\\build-output\\HotelBookingSystemAPIBLTests.dll","CodeFilePath":null,"LineNumber":0,"Properties":[{"Key":{"Id":"NUnit.Seed","Label":"Seed","Category":"","Description":"","Attributes":0,"ValueType":"System.String"},"Value":"610240401"}]},"Attachments":[],"Outcome":1,"ErrorMessage":null,"ErrorStackTrace":null,"DisplayName":"UpdateRoomTypePassTest","Messages":[],"ComputerName":"853CBX3","Duration":"00:00:00.0028180","StartTime":"2024-05-30T11:34:20.2324975+00:00","EndTime":"2024-05-30T11:34:20.2353155+00:00","Properties":[{"Key":{"Id":"NUnit.Seed","Label":"Seed","Category":"","Description":"","Attributes":0,"ValueType":"System.String"},"Value":"610240401"}]},{"TestCase":{"Id":"825def8e-3db0-a1ef-f8e1-7b7e454f7324","FullyQualifiedName":"HotelBookingSystemAPIBLTests.GuestBookingServiceTests.CalculateRefundPassTest","DisplayName":"CalculateRefundPassTest","ExecutorUri":"executor://NUnit3TestExecutor","Source":"C:\\MiniProject\\HotelBookingSystemSolution\\HotelBookingSystemAPIBLTests\\bin\\Debug\\net6.0\\fine-code-coverage\\build-output\\HotelBookingSystemAPIBLTests.dll","CodeFilePath":null,"LineNumber":0,"Properties":[{"Key":{"Id":"NUnit.Seed","Label":"Seed","Category":"","Description":"","Attributes":0,"ValueType":"System.String"},"Value":"244503233"}]},"Attachments":[],"Outcome":1,"ErrorMessage":null,"ErrorStackTrace":null,"DisplayName":"CalculateRefundPassTest","Messages":[],"ComputerName":"853CBX3","Duration":"00:00:00.0312610","StartTime":"2024-05-30T11:34:20.2487964+00:00","EndTime":"2024-05-30T11:34:20.2800548+00:00","Properties":[{"Key":{"Id":"NUnit.Seed","Label":"Seed","Category":"","Description":"","Attributes":0,"ValueType":"System.String"},"Value":"244503233"}]},{"TestCase":{"Id":"de55f0c6-ed4e-4a44-bbf7-69a8ca735480","FullyQualifiedName":"HotelBookingSystemAPIBLTests.GuestBookingServiceTests.GetMyBookingFailTest","DisplayName":"GetMyBookingFailTest","ExecutorUri":"executor://NUnit3TestExecutor","Source":"C:\\MiniProject\\HotelBookingSystemSolution\\HotelBookingSystemAPIBLTests\\bin\\Debug\\net6.0\\fine-code-coverage\\build-output\\HotelBookingSystemAPIBLTests.dll","CodeFilePath":null,"LineNumber":0,"Properties":[{"Key":{"Id":"NUnit.Seed","Label":"Seed","Category":"","Description":"","Attributes":0,"ValueType":"System.String"},"Value":"474984227"}]},"Attachments":[],"Outcome":2,"ErrorMessage":"HotelBookingSystemAPI.CustomExceptions.ObjectAlreadyExistsException : User Already Exists!","ErrorStackTrace":"   at HotelBookingSystemAPI.Repositories.GuestRepository.Add(Guest item) in C:\\MiniProject\\HotelBookingSystemSolution\\HotelBookingSystemAPI\\Repositories\\GuestRepository.cs:line 19\r\n   at HotelBookingSystemAPIBLTests.GuestBookingServiceTests.Setup() in C:\\MiniProject\\HotelBookingSystemSolution\\HotelBookingSystemAPIBLTests\\GuestBookingServiceTests.cs:line 56\n","DisplayName":"GetMyBookingFailTest","Messages":[],"ComputerName":"853CBX3","Duration":"00:00:00.0017810","StartTime":"2024-05-30T11:34:20.2801003+00:00","EndTime":"2024-05-30T11:34:20.2818809+00:00","Properties":[{"Key":{"Id":"NUnit.Seed","Label":"Seed","Category":"","Description":"","Attributes":0,"ValueType":"System.String"},"Value":"474984227"}]},{"TestCase":{"Id":"df9255bb-2933-bce8-7c92-d0c82550dad6","FullyQualifiedName":"HotelBookingSystemAPIBLTests.GuestBookingServiceTests.GetMyBookingPassTest","DisplayName":"GetMyBookingPassTest","ExecutorUri":"executor://NUnit3TestExecutor","Source":"C:\\MiniProject\\HotelBookingSystemSolution\\HotelBookingSystemAPIBLTests\\bin\\Debug\\net6.0\\fine-code-coverage\\build-output\\HotelBookingSystemAPIBLTests.dll","CodeFilePath":null,"LineNumber":0,"Properties":[{"Key":{"Id":"NUnit.Seed","Label":"Seed","Category":"","Description":"","Attributes":0,"ValueType":"System.String"},"Value":"723372342"}]},"Attachments":[],"Outcome":2,"ErrorMessage":"HotelBookingSystemAPI.CustomExceptions.ObjectAlreadyExistsException : User Already Exists!","ErrorStackTrace":"   at HotelBookingSystemAPI.Repositories.GuestRepository.Add(Guest item) in C:\\MiniProject\\HotelBookingSystemSolution\\HotelBookingSystemAPI\\Repositories\\GuestRepository.cs:line 19\r\n   at HotelBookingSystemAPIBLTests.GuestBookingServiceTests.Setup() in C:\\MiniProject\\HotelBookingSystemSolution\\HotelBookingSystemAPIBLTests\\GuestBookingServiceTests.cs:line 56\n","DisplayName":"GetMyBookingPassTest","Messages":[],"ComputerName":"853CBX3","Duration":"00:00:00.0009170","StartTime":"2024-05-30T11:34:20.2819037+00:00","EndTime":"2024-05-30T11:34:20.2828203+00:00","Properties":[{"Key":{"Id":"NUnit.Seed","Label":"Seed","Category":"","Description":"","Attributes":0,"ValueType":"System.String"},"Value":"723372342"}]},{"TestCase":{"Id":"53fb7f94-9a91-f148-bd6f-d4e759b1bb87","FullyQualifiedName":"HotelBookingSystemAPIBLTests.GuestRatingServiceTests.DeleteRatingExceptionTest","DisplayName":"DeleteRatingExceptionTest","ExecutorUri":"executor://NUnit3TestExecutor","Source":"C:\\MiniProject\\HotelBookingSystemSolution\\HotelBookingSystemAPIBLTests\\bin\\Debug\\net6.0\\fine-code-coverage\\build-output\\HotelBookingSystemAPIBLTests.dll","CodeFilePath":null,"LineNumber":0,"Properties":[{"Key":{"Id":"NUnit.Seed","Label":"Seed","Category":"","Description":"","Attributes":0,"ValueType":"System.String"},"Value":"1428307506"}]},"Attachments":[],"Outcome":2,"ErrorMessage":"  Expected string length 20 but was 21. Strings differ at index 20.\r\n  Expected: \"Rating Not available\"\r\n  But was:  \"Rating Not available!\"\r\n  -------------------------------^\r\n","ErrorStackTrace":"   at HotelBookingSystemAPIBLTests.GuestRatingServiceTests.DeleteRatingExceptionTest() in C:\\MiniProject\\HotelBookingSystemSolution\\HotelBookingSystemAPIBLTests\\GuestRatingServiceTests.cs:line 60\r\n   at NUnit.Framework.Internal.TaskAwaitAdapter.GenericAdapter`1.GetResult()\r\n   at NUnit.Framework.Internal.AsyncToSyncAdapter.Await(Func`1 invoke)\r\n   at NUnit.Framework.Internal.Commands.TestMethodCommand.RunTestMethod(TestExecutionContext context)\r\n   at NUnit.Framework.Internal.Commands.TestMethodCommand.Execute(TestExecutionContext context)\r\n   at NUnit.Framework.Internal.Commands.BeforeAndAfterTestCommand.<>c__DisplayClass1_0.<Execute>b__0()\r\n   at NUnit.Framework.Internal.Commands.DelegatingTestCommand.RunTestMethodInThreadAbortSafeZone(TestExecutionContext context, Action action)\r\n\n1)    at HotelBookingSystemAPIBLTests.GuestRatingServiceTests.DeleteRatingExceptionTest() in C:\\MiniProject\\HotelBookingSystemSolution\\HotelBookingSystemAPIBLTests\\GuestRatingServiceTests.cs:line 60\r\n   at System.Runtime.CompilerServices.AsyncMethodBuilderCore.Start[TStateMachine](TStateMachine& stateMachine)\r\n   at HotelBookingSystemAPIBLTests.GuestRatingServiceTests.DeleteRatingExceptionTest()\r\n\n","DisplayName":"DeleteRatingExceptionTest","Messages":[],"ComputerName":"853CBX3","Duration":"00:00:00.0104930","StartTime":"2024-05-30T11:34:20.2830323+00:00","EndTime":"2024-05-30T11:34:20.2935242+00:00","Properties":[{"Key":{"Id":"NUnit.Seed","Label":"Seed","Category":"","Description":"","Attributes":0,"ValueType":"System.String"},"Value":"1428307506"}]},{"TestCase":{"Id":"5cbaedf5-8612-ec77-7986-cbd7cc586d39","FullyQualifiedName":"HotelBookingSystemAPIBLTests.GuestRatingServiceTests.DeleteRatingPassTest","DisplayName":"DeleteRatingPassTest","ExecutorUri":"executor://NUnit3TestExecutor","Source":"C:\\MiniProject\\HotelBookingSystemSolution\\HotelBookingSystemAPIBLTests\\bin\\Debug\\net6.0\\fine-code-coverage\\build-output\\HotelBookingSystemAPIBLTests.dll","CodeFilePath":null,"LineNumber":0,"Properties":[{"Key":{"Id":"NUnit.Seed","Label":"Seed","Category":"","Description":"","Attributes":0,"ValueType":"System.String"},"Value":"1346319055"}]},"Attachments":[],"Outcome":1,"ErrorMessage":null,"ErrorStackTrace":null,"DisplayName":"DeleteRatingPassTest","Messages":[],"ComputerName":"853CBX3","Duration":"00:00:00.0017370","StartTime":"2024-05-30T11:34:20.2935712+00:00","EndTime":"2024-05-30T11:34:20.2953085+00:00","Properties":[{"Key":{"Id":"NUnit.Seed","Label":"Seed","Category":"","Description":"","Attributes":0,"ValueType":"System.String"},"Value":"1346319055"}]},{"TestCase":{"Id":"5eeaa5c6-ce2e-a169-f771-a29fbdf2b306","FullyQualifiedName":"HotelBookingSystemAPIBLTests.GuestRatingServiceTests.ProvideRatingExceptionTest","DisplayName":"ProvideRatingExceptionTest","ExecutorUri":"executor://NUnit3TestExecutor","Source":"C:\\MiniProject\\HotelBookingSystemSolution\\HotelBookingSystemAPIBLTests\\bin\\Debug\\net6.0\\fine-code-coverage\\build-output\\HotelBookingSystemAPIBLTests.dll","CodeFilePath":null,"LineNumber":0,"Properties":[{"Key":{"Id":"NUnit.Seed","Label":"Seed","Category":"","Description":"","Attributes":0,"ValueType":"System.String"},"Value":"401515767"}]},"Attachments":[],"Outcome":2,"ErrorMessage":"  Expected: <HotelBookingSystemAPI.CustomExceptions.ObjectNotAvailableException>\r\n  But was:  <System.AggregateException: One or more errors occurred. (Hotel Not available!)\r\n ---> HotelBookingSystemAPI.CustomExceptions.ObjectNotAvailableException: Hotel Not available!\r\n   at HotelBookingSystemAPI.Repositories.HotelRepository.Get(Int32 key) in C:\\MiniProject\\HotelBookingSystemSolution\\HotelBookingSystemAPI\\Repositories\\HotelRepository.cs:line 45\r\n   --- End of inner exception stack trace ---\r\n   at System.Threading.Tasks.Task.ThrowIfExceptional(Boolean includeTaskCanceledExceptions)\r\n   at System.Threading.Tasks.Task`1.GetResultCore(Boolean waitCompletionNotification)\r\n   at System.Threading.Tasks.Task`1.get_Result()\r\n   at HotelBookingSystemAPI.Services.GuestRatingService.UpdateOverAllRating(Rating rating, Boolean val) in C:\\MiniProject\\HotelBookingSystemSolution\\HotelBookingSystemAPI\\Services\\GuestRatingService.cs:line 61\r\n   at HotelBookingSystemAPI.Services.GuestRatingService.ProvideRating(AddRatingDTO ratingDTO, Int32 loggedUser) in C:\\MiniProject\\HotelBookingSystemSolution\\HotelBookingSystemAPI\\Services\\GuestRatingService.cs:line 47\r\n   at NUnit.Framework.Internal.TaskAwaitAdapter.GenericAdapter`1.GetResult()\r\n   at NUnit.Framework.Internal.AsyncToSyncAdapter.Await(Func`1 invoke)\r\n   at NUnit.Framework.Assert.ThrowsAsync(IResolveConstraint expression, AsyncTestDelegate code, String message, Object[] args)>\r\n","ErrorStackTrace":"   at HotelBookingSystemAPIBLTests.GuestRatingServiceTests.ProvideRatingExceptionTest() in C:\\MiniProject\\HotelBookingSystemSolution\\HotelBookingSystemAPIBLTests\\GuestRatingServiceTests.cs:line 45\r\n   at NUnit.Framework.Internal.TaskAwaitAdapter.GenericAdapter`1.GetResult()\r\n   at NUnit.Framework.Internal.AsyncToSyncAdapter.Await(Func`1 invoke)\r\n   at NUnit.Framework.Internal.Commands.TestMethodCommand.RunTestMethod(TestExecutionContext context)\r\n   at NUnit.Framework.Internal.Commands.TestMethodCommand.Execute(TestExecutionContext context)\r\n   at NUnit.Framework.Internal.Commands.BeforeAndAfterTestCommand.<>c__DisplayClass1_0.<Execute>b__0()\r\n   at NUnit.Framework.Internal.Commands.DelegatingTestCommand.RunTestMethodInThreadAbortSafeZone(TestExecutionContext context, Action action)\r\n\n1)    at HotelBookingSystemAPIBLTests.GuestRatingServiceTests.ProvideRatingExceptionTest() in C:\\MiniProject\\HotelBookingSystemSolution\\HotelBookingSystemAPIBLTests\\GuestRatingServiceTests.cs:line 45\r\n   at System.Runtime.CompilerServices.AsyncMethodBuilderCore.Start[TStateMachine](TStateMachine& stateMachine)\r\n   at HotelBookingSystemAPIBLTests.GuestRatingServiceTests.ProvideRatingExceptionTest()\r\n\n","DisplayName":"ProvideRatingExceptionTest","Messages":[],"ComputerName":"853CBX3","Duration":"00:00:00.0189620","StartTime":"2024-05-30T11:34:20.2953347+00:00","EndTime":"2024-05-30T11:34:20.3142963+00:00","Properties":[{"Key":{"Id":"NUnit.Seed","Label":"Seed","Category":"","Description":"","Attributes":0,"ValueType":"System.String"},"Value":"401515767"}]},{"TestCase":{"Id":"5cf7d2e2-a08a-27ab-1bfd-4889d7eaf67b","FullyQualifiedName":"HotelBookingSystemAPIBLTests.GuestRatingServiceTests.ProvideRatingPassTest","DisplayName":"ProvideRatingPassTest","ExecutorUri":"executor://NUnit3TestExecutor","Source":"C:\\MiniProject\\HotelBookingSystemSolution\\HotelBookingSystemAPIBLTests\\bin\\Debug\\net6.0\\fine-code-coverage\\build-output\\HotelBookingSystemAPIBLTests.dll","CodeFilePath":null,"LineNumber":0,"Properties":[{"Key":{"Id":"NUnit.Seed","Label":"Seed","Category":"","Description":"","Attributes":0,"ValueType":"System.String"},"Value":"1222967615"}]},"Attachments":[],"Outcome":1,"ErrorMessage":null,"ErrorStackTrace":null,"DisplayName":"ProvideRatingPassTest","Messages":[],"ComputerName":"853CBX3","Duration":"00:00:00.0069630","StartTime":"2024-05-30T11:34:20.3143235+00:00","EndTime":"2024-05-30T11:34:20.3212857+00:00","Properties":[{"Key":{"Id":"NUnit.Seed","Label":"Seed","Category":"","Description":"","Attributes":0,"ValueType":"System.String"},"Value":"1222967615"}]}],"TestRunStatistics":{"ExecutedTests":31,"Stats":{"Passed":21,"Failed":10}},"ActiveTests":[{"Id":"4fa97871-eb83-62c3-f0f1-a0845d748d7a","FullyQualifiedName":"HotelBookingSystemAPIBLTests.GuestSearchServiceTests.GetAvailableRoomTypeByHotelFailTest","DisplayName":"GetAvailableRoomTypeByHotelFailTest","ExecutorUri":"executor://NUnit3TestExecutor","Source":"C:\\MiniProject\\HotelBookingSystemSolution\\HotelBookingSystemAPIBLTests\\bin\\Debug\\net6.0\\fine-code-coverage\\build-output\\HotelBookingSystemAPIBLTests.dll","CodeFilePath":null,"LineNumber":0,"Properties":[{"Key":{"Id":"NUnit.Seed","Label":"Seed","Category":"","Description":"","Attributes":0,"ValueType":"System.String"},"Value":"1836377394"}]}]}}
TpTrace Verbose: 0 : 10588, 15, 2024/05/30, 17:04:20.323, 4698921206927, testhost.dll, TestRunCache: OnNewTestResult: Notified the onCacheHit callback.
TpTrace Verbose: 0 : 10588, 15, 2024/05/30, 17:04:20.324, 4698921217351, testhost.dll, MulticastDelegateUtilities.SafeInvoke: TestCaseEventsHandler.RaiseTestCaseStart: Invoking callback 1/1 for Microsoft.VisualStudio.TestPlatform.CrossPlatEngine.DataCollection.ProxyOutOfProcDataCollectionManager., took 0 ms.
TpTrace Verbose: 0 : 10588, 15, 2024/05/30, 17:04:20.325, 4698921225328, testhost.dll, TestExecutionRecorder.RecordEnd: test: HotelBookingSystemAPIBLTests.GuestSearchServiceTests.GetAvailableRoomTypeByHotelFailTest execution completed.
TpTrace Warning: 0 : 10588, 15, 2024/05/30, 17:04:20.325, 4698921226097, testhost.dll, TestRunCache: InProgressTests is null
TpTrace Verbose: 0 : 10588, 15, 2024/05/30, 17:04:20.326, 4698921237199, testhost.dll, MulticastDelegateUtilities.SafeInvoke: TestCaseEventsHandler.RaiseTestCaseEnd: Invoking callback 1/1 for Microsoft.VisualStudio.TestPlatform.CrossPlatEngine.DataCollection.ProxyOutOfProcDataCollectionManager., took 1 ms.
TpTrace Verbose: 0 : 10588, 15, 2024/05/30, 17:04:20.326, 4698921238328, testhost.dll, TestExecutionRecorder.RecordResult: Received result for test: HotelBookingSystemAPIBLTests.GuestSearchServiceTests.GetAvailableRoomTypeByHotelFailTest.
TpTrace Verbose: 0 : 10588, 15, 2024/05/30, 17:04:20.327, 4698921238968, testhost.dll, MulticastDelegateUtilities.SafeInvoke: TestCaseEventsHandler.RaiseTestCaseEnd: Invoking callback 1/1 for Microsoft.VisualStudio.TestPlatform.CrossPlatEngine.DataCollection.ProxyOutOfProcDataCollectionManager., took 0 ms.
TpTrace Warning: 0 : 10588, 15, 2024/05/30, 17:04:20.327, 4698921239566, testhost.dll, TestRunCache: InProgressTests is null
TpTrace Warning: 0 : 10588, 15, 2024/05/30, 17:04:20.327, 4698921240212, testhost.dll, TestRunCache: No test found corresponding to testResult 'GetAvailableRoomTypeByHotelFailTest' in inProgress list.
TpTrace Verbose: 0 : 10588, 15, 2024/05/30, 17:04:20.327, 4698921241859, testhost.dll, TestExecutionRecorder.RecordStart: Starting test: HotelBookingSystemAPIBLTests.GuestSearchServiceTests.GetAvailableRoomTypeByHotelPassTest.
TpTrace Verbose: 0 : 10588, 15, 2024/05/30, 17:04:20.328, 4698921256785, testhost.dll, MulticastDelegateUtilities.SafeInvoke: TestCaseEventsHandler.RaiseTestCaseStart: Invoking callback 1/1 for Microsoft.VisualStudio.TestPlatform.CrossPlatEngine.DataCollection.ProxyOutOfProcDataCollectionManager., took 1 ms.
TpTrace Verbose: 0 : 10588, 15, 2024/05/30, 17:04:20.351, 4698921480918, testhost.dll, TestExecutionRecorder.RecordEnd: test: HotelBookingSystemAPIBLTests.GuestSearchServiceTests.GetAvailableRoomTypeByHotelPassTest execution completed.
TpTrace Verbose: 0 : 10588, 15, 2024/05/30, 17:04:20.352, 4698921492291, testhost.dll, MulticastDelegateUtilities.SafeInvoke: TestCaseEventsHandler.RaiseTestCaseEnd: Invoking callback 1/1 for Microsoft.VisualStudio.TestPlatform.CrossPlatEngine.DataCollection.ProxyOutOfProcDataCollectionManager., took 0 ms.
TpTrace Verbose: 0 : 10588, 15, 2024/05/30, 17:04:20.352, 4698921493212, testhost.dll, TestExecutionRecorder.RecordResult: Received result for test: HotelBookingSystemAPIBLTests.GuestSearchServiceTests.GetAvailableRoomTypeByHotelPassTest.
TpTrace Verbose: 0 : 10588, 15, 2024/05/30, 17:04:20.352, 4698921493777, testhost.dll, MulticastDelegateUtilities.SafeInvoke: TestCaseEventsHandler.RaiseTestCaseEnd: Invoking callback 1/1 for Microsoft.VisualStudio.TestPlatform.CrossPlatEngine.DataCollection.ProxyOutOfProcDataCollectionManager., took 0 ms.
TpTrace Warning: 0 : 10588, 15, 2024/05/30, 17:04:20.352, 4698921494253, testhost.dll, TestRunCache: InProgressTests is null
TpTrace Warning: 0 : 10588, 15, 2024/05/30, 17:04:20.352, 4698921494624, testhost.dll, TestRunCache: No test found corresponding to testResult 'GetAvailableRoomTypeByHotelPassTest' in inProgress list.
TpTrace Verbose: 0 : 10588, 15, 2024/05/30, 17:04:20.352, 4698921495812, testhost.dll, TestExecutionRecorder.RecordStart: Starting test: HotelBookingSystemAPIBLTests.GuestSearchServiceTests.GetDetailsOfRoomTypeFailTest.
TpTrace Verbose: 0 : 10588, 15, 2024/05/30, 17:04:20.353, 4698921506367, testhost.dll, MulticastDelegateUtilities.SafeInvoke: TestCaseEventsHandler.RaiseTestCaseStart: Invoking callback 1/1 for Microsoft.VisualStudio.TestPlatform.CrossPlatEngine.DataCollection.ProxyOutOfProcDataCollectionManager., took 0 ms.
TpTrace Verbose: 0 : 10588, 15, 2024/05/30, 17:04:20.365, 4698921621238, testhost.dll, TestExecutionRecorder.RecordEnd: test: HotelBookingSystemAPIBLTests.GuestSearchServiceTests.GetDetailsOfRoomTypeFailTest execution completed.
TpTrace Verbose: 0 : 10588, 15, 2024/05/30, 17:04:20.366, 4698921633725, testhost.dll, MulticastDelegateUtilities.SafeInvoke: TestCaseEventsHandler.RaiseTestCaseEnd: Invoking callback 1/1 for Microsoft.VisualStudio.TestPlatform.CrossPlatEngine.DataCollection.ProxyOutOfProcDataCollectionManager., took 1 ms.
TpTrace Verbose: 0 : 10588, 15, 2024/05/30, 17:04:20.366, 4698921634483, testhost.dll, TestExecutionRecorder.RecordResult: Received result for test: HotelBookingSystemAPIBLTests.GuestSearchServiceTests.GetDetailsOfRoomTypeFailTest.
TpTrace Verbose: 0 : 10588, 15, 2024/05/30, 17:04:20.366, 4698921634917, testhost.dll, MulticastDelegateUtilities.SafeInvoke: TestCaseEventsHandler.RaiseTestCaseEnd: Invoking callback 1/1 for Microsoft.VisualStudio.TestPlatform.CrossPlatEngine.DataCollection.ProxyOutOfProcDataCollectionManager., took 0 ms.
TpTrace Warning: 0 : 10588, 15, 2024/05/30, 17:04:20.366, 4698921635312, testhost.dll, TestRunCache: InProgressTests is null
TpTrace Warning: 0 : 10588, 15, 2024/05/30, 17:04:20.366, 4698921635619, testhost.dll, TestRunCache: No test found corresponding to testResult 'GetDetailsOfRoomTypeFailTest' in inProgress list.
TpTrace Verbose: 0 : 10588, 15, 2024/05/30, 17:04:20.366, 4698921636870, testhost.dll, TestExecutionRecorder.RecordStart: Starting test: HotelBookingSystemAPIBLTests.GuestSearchServiceTests.GetDetailsOfRoomTypePassTest.
TpTrace Verbose: 0 : 10588, 15, 2024/05/30, 17:04:20.367, 4698921645582, testhost.dll, MulticastDelegateUtilities.SafeInvoke: TestCaseEventsHandler.RaiseTestCaseStart: Invoking callback 1/1 for Microsoft.VisualStudio.TestPlatform.CrossPlatEngine.DataCollection.ProxyOutOfProcDataCollectionManager., took 0 ms.
TpTrace Verbose: 0 : 10588, 15, 2024/05/30, 17:04:20.370, 4698921674506, testhost.dll, TestExecutionRecorder.RecordEnd: test: HotelBookingSystemAPIBLTests.GuestSearchServiceTests.GetDetailsOfRoomTypePassTest execution completed.
TpTrace Verbose: 0 : 10588, 15, 2024/05/30, 17:04:20.371, 4698921688178, testhost.dll, MulticastDelegateUtilities.SafeInvoke: TestCaseEventsHandler.RaiseTestCaseEnd: Invoking callback 1/1 for Microsoft.VisualStudio.TestPlatform.CrossPlatEngine.DataCollection.ProxyOutOfProcDataCollectionManager., took 1 ms.
TpTrace Verbose: 0 : 10588, 15, 2024/05/30, 17:04:20.372, 4698921690301, testhost.dll, TestExecutionRecorder.RecordResult: Received result for test: HotelBookingSystemAPIBLTests.GuestSearchServiceTests.GetDetailsOfRoomTypePassTest.
TpTrace Verbose: 0 : 10588, 15, 2024/05/30, 17:04:20.372, 4698921690827, testhost.dll, MulticastDelegateUtilities.SafeInvoke: TestCaseEventsHandler.RaiseTestCaseEnd: Invoking callback 1/1 for Microsoft.VisualStudio.TestPlatform.CrossPlatEngine.DataCollection.ProxyOutOfProcDataCollectionManager., took 0 ms.
TpTrace Warning: 0 : 10588, 15, 2024/05/30, 17:04:20.372, 4698921691235, testhost.dll, TestRunCache: InProgressTests is null
TpTrace Warning: 0 : 10588, 15, 2024/05/30, 17:04:20.372, 4698921691543, testhost.dll, TestRunCache: No test found corresponding to testResult 'GetDetailsOfRoomTypePassTest' in inProgress list.
TpTrace Verbose: 0 : 10588, 15, 2024/05/30, 17:04:20.372, 4698921692670, testhost.dll, TestExecutionRecorder.RecordStart: Starting test: HotelBookingSystemAPIBLTests.GuestSearchServiceTests.GetHotelRecommendationPassTest.
TpTrace Verbose: 0 : 10588, 15, 2024/05/30, 17:04:20.373, 4698921701696, testhost.dll, MulticastDelegateUtilities.SafeInvoke: TestCaseEventsHandler.RaiseTestCaseStart: Invoking callback 1/1 for Microsoft.VisualStudio.TestPlatform.CrossPlatEngine.DataCollection.ProxyOutOfProcDataCollectionManager., took 0 ms.
TpTrace Verbose: 0 : 10588, 15, 2024/05/30, 17:04:20.378, 4698921751473, testhost.dll, TestExecutionRecorder.RecordEnd: test: HotelBookingSystemAPIBLTests.GuestSearchServiceTests.GetHotelRecommendationPassTest execution completed.
TpTrace Verbose: 0 : 10588, 15, 2024/05/30, 17:04:20.379, 4698921763876, testhost.dll, MulticastDelegateUtilities.SafeInvoke: TestCaseEventsHandler.RaiseTestCaseEnd: Invoking callback 1/1 for Microsoft.VisualStudio.TestPlatform.CrossPlatEngine.DataCollection.ProxyOutOfProcDataCollectionManager., took 1 ms.
TpTrace Verbose: 0 : 10588, 15, 2024/05/30, 17:04:20.379, 4698921765007, testhost.dll, TestExecutionRecorder.RecordResult: Received result for test: HotelBookingSystemAPIBLTests.GuestSearchServiceTests.GetHotelRecommendationPassTest.
TpTrace Verbose: 0 : 10588, 15, 2024/05/30, 17:04:20.379, 4698921765613, testhost.dll, MulticastDelegateUtilities.SafeInvoke: TestCaseEventsHandler.RaiseTestCaseEnd: Invoking callback 1/1 for Microsoft.VisualStudio.TestPlatform.CrossPlatEngine.DataCollection.ProxyOutOfProcDataCollectionManager., took 0 ms.
TpTrace Warning: 0 : 10588, 15, 2024/05/30, 17:04:20.379, 4698921766120, testhost.dll, TestRunCache: InProgressTests is null
TpTrace Warning: 0 : 10588, 15, 2024/05/30, 17:04:20.379, 4698921766477, testhost.dll, TestRunCache: No test found corresponding to testResult 'GetHotelRecommendationPassTest' in inProgress list.
TpTrace Verbose: 0 : 10588, 15, 2024/05/30, 17:04:20.379, 4698921767955, testhost.dll, TestExecutionRecorder.RecordStart: Starting test: HotelBookingSystemAPIBLTests.GuestSearchServiceTests.GetHotelsByFeaturesFailTest.
TpTrace Verbose: 0 : 10588, 15, 2024/05/30, 17:04:20.380, 4698921777015, testhost.dll, MulticastDelegateUtilities.SafeInvoke: TestCaseEventsHandler.RaiseTestCaseStart: Invoking callback 1/1 for Microsoft.VisualStudio.TestPlatform.CrossPlatEngine.DataCollection.ProxyOutOfProcDataCollectionManager., took 0 ms.
TpTrace Verbose: 0 : 10588, 15, 2024/05/30, 17:04:20.401, 4698921979232, testhost.dll, TestExecutionRecorder.RecordEnd: test: HotelBookingSystemAPIBLTests.GuestSearchServiceTests.GetHotelsByFeaturesFailTest execution completed.
TpTrace Verbose: 0 : 10588, 15, 2024/05/30, 17:04:20.402, 4698921997505, testhost.dll, MulticastDelegateUtilities.SafeInvoke: TestCaseEventsHandler.RaiseTestCaseEnd: Invoking callback 1/1 for Microsoft.VisualStudio.TestPlatform.CrossPlatEngine.DataCollection.ProxyOutOfProcDataCollectionManager., took 1 ms.
TpTrace Verbose: 0 : 10588, 15, 2024/05/30, 17:04:20.403, 4698921998642, testhost.dll, TestExecutionRecorder.RecordResult: Received result for test: HotelBookingSystemAPIBLTests.GuestSearchServiceTests.GetHotelsByFeaturesFailTest.
TpTrace Verbose: 0 : 10588, 15, 2024/05/30, 17:04:20.403, 4698921999281, testhost.dll, MulticastDelegateUtilities.SafeInvoke: TestCaseEventsHandler.RaiseTestCaseEnd: Invoking callback 1/1 for Microsoft.VisualStudio.TestPlatform.CrossPlatEngine.DataCollection.ProxyOutOfProcDataCollectionManager., took 0 ms.
TpTrace Warning: 0 : 10588, 15, 2024/05/30, 17:04:20.403, 4698921999851, testhost.dll, TestRunCache: InProgressTests is null
TpTrace Warning: 0 : 10588, 15, 2024/05/30, 17:04:20.403, 4698922000295, testhost.dll, TestRunCache: No test found corresponding to testResult 'GetHotelsByFeaturesFailTest' in inProgress list.
TpTrace Verbose: 0 : 10588, 15, 2024/05/30, 17:04:20.403, 4698922002044, testhost.dll, TestExecutionRecorder.RecordStart: Starting test: HotelBookingSystemAPIBLTests.GuestSearchServiceTests.GetHotelsByFeaturesPassTest.
TpTrace Verbose: 0 : 10588, 15, 2024/05/30, 17:04:20.404, 4698922017385, testhost.dll, MulticastDelegateUtilities.SafeInvoke: TestCaseEventsHandler.RaiseTestCaseStart: Invoking callback 1/1 for Microsoft.VisualStudio.TestPlatform.CrossPlatEngine.DataCollection.ProxyOutOfProcDataCollectionManager., took 1 ms.
TpTrace Verbose: 0 : 10588, 15, 2024/05/30, 17:04:20.405, 4698922020307, testhost.dll, TestExecutionRecorder.RecordEnd: test: HotelBookingSystemAPIBLTests.GuestSearchServiceTests.GetHotelsByFeaturesPassTest execution completed.
TpTrace Verbose: 0 : 10588, 15, 2024/05/30, 17:04:20.406, 4698922029285, testhost.dll, MulticastDelegateUtilities.SafeInvoke: TestCaseEventsHandler.RaiseTestCaseEnd: Invoking callback 1/1 for Microsoft.VisualStudio.TestPlatform.CrossPlatEngine.DataCollection.ProxyOutOfProcDataCollectionManager., took 0 ms.
TpTrace Verbose: 0 : 10588, 15, 2024/05/30, 17:04:20.406, 4698922030590, testhost.dll, TestExecutionRecorder.RecordResult: Received result for test: HotelBookingSystemAPIBLTests.GuestSearchServiceTests.GetHotelsByFeaturesPassTest.
TpTrace Verbose: 0 : 10588, 15, 2024/05/30, 17:04:20.406, 4698922031228, testhost.dll, MulticastDelegateUtilities.SafeInvoke: TestCaseEventsHandler.RaiseTestCaseEnd: Invoking callback 1/1 for Microsoft.VisualStudio.TestPlatform.CrossPlatEngine.DataCollection.ProxyOutOfProcDataCollectionManager., took 0 ms.
TpTrace Warning: 0 : 10588, 15, 2024/05/30, 17:04:20.406, 4698922031758, testhost.dll, TestRunCache: InProgressTests is null
TpTrace Warning: 0 : 10588, 15, 2024/05/30, 17:04:20.406, 4698922032182, testhost.dll, TestRunCache: No test found corresponding to testResult 'GetHotelsByFeaturesPassTest' in inProgress list.
TpTrace Verbose: 0 : 10588, 15, 2024/05/30, 17:04:20.406, 4698922034132, testhost.dll, TestExecutionRecorder.RecordStart: Starting test: HotelBookingSystemAPIBLTests.GuestSearchServiceTests.GetHotelsByLocationFailTests.
TpTrace Verbose: 0 : 10588, 15, 2024/05/30, 17:04:20.407, 4698922045011, testhost.dll, MulticastDelegateUtilities.SafeInvoke: TestCaseEventsHandler.RaiseTestCaseStart: Invoking callback 1/1 for Microsoft.VisualStudio.TestPlatform.CrossPlatEngine.DataCollection.ProxyOutOfProcDataCollectionManager., took 0 ms.
TpTrace Verbose: 0 : 10588, 15, 2024/05/30, 17:04:20.408, 4698922049950, testhost.dll, TestExecutionRecorder.RecordEnd: test: HotelBookingSystemAPIBLTests.GuestSearchServiceTests.GetHotelsByLocationFailTests execution completed.
TpTrace Verbose: 0 : 10588, 15, 2024/05/30, 17:04:20.409, 4698922060975, testhost.dll, MulticastDelegateUtilities.SafeInvoke: TestCaseEventsHandler.RaiseTestCaseEnd: Invoking callback 1/1 for Microsoft.VisualStudio.TestPlatform.CrossPlatEngine.DataCollection.ProxyOutOfProcDataCollectionManager., took 1 ms.
TpTrace Verbose: 0 : 10588, 15, 2024/05/30, 17:04:20.409, 4698922062011, testhost.dll, TestExecutionRecorder.RecordResult: Received result for test: HotelBookingSystemAPIBLTests.GuestSearchServiceTests.GetHotelsByLocationFailTests.
TpTrace Verbose: 0 : 10588, 15, 2024/05/30, 17:04:20.409, 4698922062645, testhost.dll, MulticastDelegateUtilities.SafeInvoke: TestCaseEventsHandler.RaiseTestCaseEnd: Invoking callback 1/1 for Microsoft.VisualStudio.TestPlatform.CrossPlatEngine.DataCollection.ProxyOutOfProcDataCollectionManager., took 0 ms.
TpTrace Warning: 0 : 10588, 15, 2024/05/30, 17:04:20.409, 4698922063200, testhost.dll, TestRunCache: InProgressTests is null
TpTrace Warning: 0 : 10588, 15, 2024/05/30, 17:04:20.409, 4698922063615, testhost.dll, TestRunCache: No test found corresponding to testResult 'GetHotelsByLocationFailTests' in inProgress list.
TpTrace Verbose: 0 : 10588, 15, 2024/05/30, 17:04:20.409, 4698922065196, testhost.dll, TestExecutionRecorder.RecordStart: Starting test: HotelBookingSystemAPIBLTests.GuestSearchServiceTests.GetHotelsByLocationPassTests.
TpTrace Verbose: 0 : 10588, 15, 2024/05/30, 17:04:20.410, 4698922076622, testhost.dll, MulticastDelegateUtilities.SafeInvoke: TestCaseEventsHandler.RaiseTestCaseStart: Invoking callback 1/1 for Microsoft.VisualStudio.TestPlatform.CrossPlatEngine.DataCollection.ProxyOutOfProcDataCollectionManager., took 1 ms.
TpTrace Verbose: 0 : 10588, 15, 2024/05/30, 17:04:20.411, 4698922080771, testhost.dll, TestExecutionRecorder.RecordEnd: test: HotelBookingSystemAPIBLTests.GuestSearchServiceTests.GetHotelsByLocationPassTests execution completed.
TpTrace Verbose: 0 : 10588, 15, 2024/05/30, 17:04:20.412, 4698922093442, testhost.dll, MulticastDelegateUtilities.SafeInvoke: TestCaseEventsHandler.RaiseTestCaseEnd: Invoking callback 1/1 for Microsoft.VisualStudio.TestPlatform.CrossPlatEngine.DataCollection.ProxyOutOfProcDataCollectionManager., took 1 ms.
TpTrace Verbose: 0 : 10588, 15, 2024/05/30, 17:04:20.412, 4698922094866, testhost.dll, TestExecutionRecorder.RecordResult: Received result for test: HotelBookingSystemAPIBLTests.GuestSearchServiceTests.GetHotelsByLocationPassTests.
TpTrace Verbose: 0 : 10588, 15, 2024/05/30, 17:04:20.412, 4698922095502, testhost.dll, MulticastDelegateUtilities.SafeInvoke: TestCaseEventsHandler.RaiseTestCaseEnd: Invoking callback 1/1 for Microsoft.VisualStudio.TestPlatform.CrossPlatEngine.DataCollection.ProxyOutOfProcDataCollectionManager., took 0 ms.
TpTrace Warning: 0 : 10588, 15, 2024/05/30, 17:04:20.412, 4698922096071, testhost.dll, TestRunCache: InProgressTests is null
TpTrace Warning: 0 : 10588, 15, 2024/05/30, 17:04:20.412, 4698922096481, testhost.dll, TestRunCache: No test found corresponding to testResult 'GetHotelsByLocationPassTests' in inProgress list.
TpTrace Verbose: 0 : 10588, 15, 2024/05/30, 17:04:20.412, 4698922097863, testhost.dll, TestExecutionRecorder.RecordStart: Starting test: HotelBookingSystemAPIBLTests.GuestSearchServiceTests.GetHotelsByRatingFailTest.
TpTrace Information: 0 : 10588, 15, 2024/05/30, 17:04:20.412, 4698922098442, testhost.dll, Sending test run statistics
TpTrace Verbose: 0 : 10588, 15, 2024/05/30, 17:04:20.413, 4698922105458, testhost.dll, TestRequestHandler.SendData: sending data from testhost: {"Version":7,"MessageType":"TestExecution.StatsChange","Payload":{"NewTestResults":[{"TestCase":{"Id":"4fa97871-eb83-62c3-f0f1-a0845d748d7a","FullyQualifiedName":"HotelBookingSystemAPIBLTests.GuestSearchServiceTests.GetAvailableRoomTypeByHotelFailTest","DisplayName":"GetAvailableRoomTypeByHotelFailTest","ExecutorUri":"executor://NUnit3TestExecutor","Source":"C:\\MiniProject\\HotelBookingSystemSolution\\HotelBookingSystemAPIBLTests\\bin\\Debug\\net6.0\\fine-code-coverage\\build-output\\HotelBookingSystemAPIBLTests.dll","CodeFilePath":null,"LineNumber":0,"Properties":[{"Key":{"Id":"NUnit.Seed","Label":"Seed","Category":"","Description":"","Attributes":0,"ValueType":"System.String"},"Value":"1836377394"}]},"Attachments":[],"Outcome":2,"ErrorMessage":"  Expected: <HotelBookingSystemAPI.CustomExceptions.ObjectNotAvailableException>\r\n  But was:  <System.AggregateException: One or more errors occurred. (Hotel Not available!)\r\n ---> HotelBookingSystemAPI.CustomExceptions.ObjectNotAvailableException: Hotel Not available!\r\n   at HotelBookingSystemAPI.Repositories.HotelRepository.Get(Int32 key) in C:\\MiniProject\\HotelBookingSystemSolution\\HotelBookingSystemAPI\\Repositories\\HotelRepository.cs:line 45\r\n   --- End of inner exception stack trace ---\r\n   at System.Threading.Tasks.Task.ThrowIfExceptional(Boolean includeTaskCanceledExceptions)\r\n   at System.Threading.Tasks.Task`1.GetResultCore(Boolean waitCompletionNotification)\r\n   at System.Threading.Tasks.Task`1.get_Result()\r\n   at HotelBookingSystemAPI.Services.GuestSearchService.GetAvailableRoomTypesByHotel(SearchRoomsDTO searchRoomDTO) in C:\\MiniProject\\HotelBookingSystemSolution\\HotelBookingSystemAPI\\Services\\GuestSearchService.cs:line 48\r\n   at NUnit.Framework.Internal.TaskAwaitAdapter.GenericAdapter`1.GetResult()\r\n   at NUnit.Framework.Internal.AsyncToSyncAdapter.Await(Func`1 invoke)\r\n   at NUnit.Framework.Assert.ThrowsAsync(IResolveConstraint expression, AsyncTestDelegate code, String message, Object[] args)>\r\n","ErrorStackTrace":"   at HotelBookingSystemAPIBLTests.GuestSearchServiceTests.GetAvailableRoomTypeByHotelFailTest() in C:\\MiniProject\\HotelBookingSystemSolution\\HotelBookingSystemAPIBLTests\\GuestSearchServiceTests.cs:line 118\r\n   at NUnit.Framework.Internal.TaskAwaitAdapter.GenericAdapter`1.GetResult()\r\n   at NUnit.Framework.Internal.AsyncToSyncAdapter.Await(Func`1 invoke)\r\n   at NUnit.Framework.Internal.Commands.TestMethodCommand.RunTestMethod(TestExecutionContext context)\r\n   at NUnit.Framework.Internal.Commands.TestMethodCommand.Execute(TestExecutionContext context)\r\n   at NUnit.Framework.Internal.Commands.BeforeAndAfterTestCommand.<>c__DisplayClass1_0.<Execute>b__0()\r\n   at NUnit.Framework.Internal.Commands.DelegatingTestCommand.RunTestMethodInThreadAbortSafeZone(TestExecutionContext context, Action action)\r\n\n1)    at HotelBookingSystemAPIBLTests.GuestSearchServiceTests.GetAvailableRoomTypeByHotelFailTest() in C:\\MiniProject\\HotelBookingSystemSolution\\HotelBookingSystemAPIBLTests\\GuestSearchServiceTests.cs:line 118\r\n   at System.Runtime.CompilerServices.AsyncMethodBuilderCore.Start[TStateMachine](TStateMachine& stateMachine)\r\n   at HotelBookingSystemAPIBLTests.GuestSearchServiceTests.GetAvailableRoomTypeByHotelFailTest()\r\n\n","DisplayName":"GetAvailableRoomTypeByHotelFailTest","Messages":[],"ComputerName":"853CBX3","Duration":"00:00:00.0036860","StartTime":"2024-05-30T11:34:20.3214093+00:00","EndTime":"2024-05-30T11:34:20.3250952+00:00","Properties":[{"Key":{"Id":"NUnit.Seed","Label":"Seed","Category":"","Description":"","Attributes":0,"ValueType":"System.String"},"Value":"1836377394"}]},{"TestCase":{"Id":"cfb5b174-97d2-fcc4-f0b4-0b958c577785","FullyQualifiedName":"HotelBookingSystemAPIBLTests.GuestSearchServiceTests.GetAvailableRoomTypeByHotelPassTest","DisplayName":"GetAvailableRoomTypeByHotelPassTest","ExecutorUri":"executor://NUnit3TestExecutor","Source":"C:\\MiniProject\\HotelBookingSystemSolution\\HotelBookingSystemAPIBLTests\\bin\\Debug\\net6.0\\fine-code-coverage\\build-output\\HotelBookingSystemAPIBLTests.dll","CodeFilePath":null,"LineNumber":0,"Properties":[{"Key":{"Id":"NUnit.Seed","Label":"Seed","Category":"","Description":"","Attributes":0,"ValueType":"System.String"},"Value":"295159567"}]},"Attachments":[],"Outcome":1,"ErrorMessage":null,"ErrorStackTrace":null,"DisplayName":"GetAvailableRoomTypeByHotelPassTest","Messages":[],"ComputerName":"853CBX3","Duration":"00:00:00.0258340","StartTime":"2024-05-30T11:34:20.3251193+00:00","EndTime":"2024-05-30T11:34:20.3509531+00:00","Properties":[{"Key":{"Id":"NUnit.Seed","Label":"Seed","Category":"","Description":"","Attributes":0,"ValueType":"System.String"},"Value":"295159567"}]},{"TestCase":{"Id":"614882f9-91c6-0577-52ab-8c3f1827fcc1","FullyQualifiedName":"HotelBookingSystemAPIBLTests.GuestSearchServiceTests.GetDetailsOfRoomTypeFailTest","DisplayName":"GetDetailsOfRoomTypeFailTest","ExecutorUri":"executor://NUnit3TestExecutor","Source":"C:\\MiniProject\\HotelBookingSystemSolution\\HotelBookingSystemAPIBLTests\\bin\\Debug\\net6.0\\fine-code-coverage\\build-output\\HotelBookingSystemAPIBLTests.dll","CodeFilePath":null,"LineNumber":0,"Properties":[{"Key":{"Id":"NUnit.Seed","Label":"Seed","Category":"","Description":"","Attributes":0,"ValueType":"System.String"},"Value":"1622532655"}]},"Attachments":[],"Outcome":2,"ErrorMessage":"  Expected: <HotelBookingSystemAPI.CustomExceptions.ObjectNotAvailableException>\r\n  But was:  <System.NullReferenceException: Object reference not set to an instance of an object.\r\n   at HotelBookingSystemAPI.Services.GuestSearchService.GetDetailedDescriptionOfRoomType(Int32 hotelId, String roomType) in C:\\MiniProject\\HotelBookingSystemSolution\\HotelBookingSystemAPI\\Services\\GuestSearchService.cs:line 97\r\n   at NUnit.Framework.Internal.TaskAwaitAdapter.GenericAdapter`1.GetResult()\r\n   at NUnit.Framework.Internal.AsyncToSyncAdapter.Await(Func`1 invoke)\r\n   at NUnit.Framework.Assert.ThrowsAsync(IResolveConstraint expression, AsyncTestDelegate code, String message, Object[] args)>\r\n","ErrorStackTrace":"   at HotelBookingSystemAPIBLTests.GuestSearchServiceTests.GetDetailsOfRoomTypeFailTest() in C:\\MiniProject\\HotelBookingSystemSolution\\HotelBookingSystemAPIBLTests\\GuestSearchServiceTests.cs:line 96\r\n   at NUnit.Framework.Internal.TaskAwaitAdapter.GenericAdapter`1.GetResult()\r\n   at NUnit.Framework.Internal.AsyncToSyncAdapter.Await(Func`1 invoke)\r\n   at NUnit.Framework.Internal.Commands.TestMethodCommand.RunTestMethod(TestExecutionContext context)\r\n   at NUnit.Framework.Internal.Commands.TestMethodCommand.Execute(TestExecutionContext context)\r\n   at NUnit.Framework.Internal.Commands.BeforeAndAfterTestCommand.<>c__DisplayClass1_0.<Execute>b__0()\r\n   at NUnit.Framework.Internal.Commands.DelegatingTestCommand.RunTestMethodInThreadAbortSafeZone(TestExecutionContext context, Action action)\r\n\n1)    at HotelBookingSystemAPIBLTests.GuestSearchServiceTests.GetDetailsOfRoomTypeFailTest() in C:\\MiniProject\\HotelBookingSystemSolution\\HotelBookingSystemAPIBLTests\\GuestSearchServiceTests.cs:line 96\r\n   at System.Runtime.CompilerServices.AsyncMethodBuilderCore.Start[TStateMachine](TStateMachine& stateMachine)\r\n   at HotelBookingSystemAPIBLTests.GuestSearchServiceTests.GetDetailsOfRoomTypeFailTest()\r\n\n","DisplayName":"GetDetailsOfRoomTypeFailTest","Messages":[],"ComputerName":"853CBX3","Duration":"00:00:00.0137520","StartTime":"2024-05-30T11:34:20.3509898+00:00","EndTime":"2024-05-30T11:34:20.3647419+00:00","Properties":[{"Key":{"Id":"NUnit.Seed","Label":"Seed","Category":"","Description":"","Attributes":0,"ValueType":"System.String"},"Value":"1622532655"}]},{"TestCase":{"Id":"bbff4835-8375-d1f2-1f58-92c3df6dd285","FullyQualifiedName":"HotelBookingSystemAPIBLTests.GuestSearchServiceTests.GetDetailsOfRoomTypePassTest","DisplayName":"GetDetailsOfRoomTypePassTest","ExecutorUri":"executor://NUnit3TestExecutor","Source":"C:\\MiniProject\\HotelBookingSystemSolution\\HotelBookingSystemAPIBLTests\\bin\\Debug\\net6.0\\fine-code-coverage\\build-output\\HotelBookingSystemAPIBLTests.dll","CodeFilePath":null,"LineNumber":0,"Properties":[{"Key":{"Id":"NUnit.Seed","Label":"Seed","Category":"","Description":"","Attributes":0,"ValueType":"System.String"},"Value":"863183803"}]},"Attachments":[],"Outcome":1,"ErrorMessage":null,"ErrorStackTrace":null,"DisplayName":"GetDetailsOfRoomTypePassTest","Messages":[],"ComputerName":"853CBX3","Duration":"00:00:00.0008930","StartTime":"2024-05-30T11:34:20.3647701+00:00","EndTime":"2024-05-30T11:34:20.3656631+00:00","Properties":[{"Key":{"Id":"NUnit.Seed","Label":"Seed","Category":"","Description":"","Attributes":0,"ValueType":"System.String"},"Value":"863183803"}]},{"TestCase":{"Id":"ec96ad67-098f-1e58-1013-68ea7992ac7c","FullyQualifiedName":"HotelBookingSystemAPIBLTests.GuestSearchServiceTests.GetHotelRecommendationPassTest","DisplayName":"GetHotelRecommendationPassTest","ExecutorUri":"executor://NUnit3TestExecutor","Source":"C:\\MiniProject\\HotelBookingSystemSolution\\HotelBookingSystemAPIBLTests\\bin\\Debug\\net6.0\\fine-code-coverage\\build-output\\HotelBookingSystemAPIBLTests.dll","CodeFilePath":null,"LineNumber":0,"Properties":[{"Key":{"Id":"NUnit.Seed","Label":"Seed","Category":"","Description":"","Attributes":0,"ValueType":"System.String"},"Value":"1873345785"}]},"Attachments":[],"Outcome":1,"ErrorMessage":null,"ErrorStackTrace":null,"DisplayName":"GetHotelRecommendationPassTest","Messages":[],"ComputerName":"853CBX3","Duration":"00:00:00.0123970","StartTime":"2024-05-30T11:34:20.3656774+00:00","EndTime":"2024-05-30T11:34:20.3780741+00:00","Properties":[{"Key":{"Id":"NUnit.Seed","Label":"Seed","Category":"","Description":"","Attributes":0,"ValueType":"System.String"},"Value":"1873345785"}]},{"TestCase":{"Id":"1992b20c-3b61-19ca-d733-f466f5dd1be6","FullyQualifiedName":"HotelBookingSystemAPIBLTests.GuestSearchServiceTests.GetHotelsByFeaturesFailTest","DisplayName":"GetHotelsByFeaturesFailTest","ExecutorUri":"executor://NUnit3TestExecutor","Source":"C:\\MiniProject\\HotelBookingSystemSolution\\HotelBookingSystemAPIBLTests\\bin\\Debug\\net6.0\\fine-code-coverage\\build-output\\HotelBookingSystemAPIBLTests.dll","CodeFilePath":null,"LineNumber":0,"Properties":[{"Key":{"Id":"NUnit.Seed","Label":"Seed","Category":"","Description":"","Attributes":0,"ValueType":"System.String"},"Value":"1981865334"}]},"Attachments":[],"Outcome":1,"ErrorMessage":null,"ErrorStackTrace":null,"DisplayName":"GetHotelsByFeaturesFailTest","Messages":[],"ComputerName":"853CBX3","Duration":"00:00:00.0227130","StartTime":"2024-05-30T11:34:20.3781019+00:00","EndTime":"2024-05-30T11:34:20.4008148+00:00","Properties":[{"Key":{"Id":"NUnit.Seed","Label":"Seed","Category":"","Description":"","Attributes":0,"ValueType":"System.String"},"Value":"1981865334"}]},{"TestCase":{"Id":"af2d0210-6b0a-898d-5576-fbfcfd0af816","FullyQualifiedName":"HotelBookingSystemAPIBLTests.GuestSearchServiceTests.GetHotelsByFeaturesPassTest","DisplayName":"GetHotelsByFeaturesPassTest","ExecutorUri":"executor://NUnit3TestExecutor","Source":"C:\\MiniProject\\HotelBookingSystemSolution\\HotelBookingSystemAPIBLTests\\bin\\Debug\\net6.0\\fine-code-coverage\\build-output\\HotelBookingSystemAPIBLTests.dll","CodeFilePath":null,"LineNumber":0,"Properties":[{"Key":{"Id":"NUnit.Seed","Label":"Seed","Category":"","Description":"","Attributes":0,"ValueType":"System.String"},"Value":"1005798211"}]},"Attachments":[],"Outcome":1,"ErrorMessage":null,"ErrorStackTrace":null,"DisplayName":"GetHotelsByFeaturesPassTest","Messages":[],"ComputerName":"853CBX3","Duration":"00:00:00.0020770","StartTime":"2024-05-30T11:34:20.4008475+00:00","EndTime":"2024-05-30T11:34:20.402924+00:00","Properties":[{"Key":{"Id":"NUnit.Seed","Label":"Seed","Category":"","Description":"","Attributes":0,"ValueType":"System.String"},"Value":"1005798211"}]},{"TestCase":{"Id":"be676e1a-b789-9038-e777-a44847d1900c","FullyQualifiedName":"HotelBookingSystemAPIBLTests.GuestSearchServiceTests.GetHotelsByLocationFailTests","DisplayName":"GetHotelsByLocationFailTests","ExecutorUri":"executor://NUnit3TestExecutor","Source":"C:\\MiniProject\\HotelBookingSystemSolution\\HotelBookingSystemAPIBLTests\\bin\\Debug\\net6.0\\fine-code-coverage\\build-output\\HotelBookingSystemAPIBLTests.dll","CodeFilePath":null,"LineNumber":0,"Properties":[{"Key":{"Id":"NUnit.Seed","Label":"Seed","Category":"","Description":"","Attributes":0,"ValueType":"System.String"},"Value":"114798646"}]},"Attachments":[],"Outcome":2,"ErrorMessage":"  Expected string length 23 but was 24. Strings differ at index 8.\r\n  Expected: \"No hotel are available!\"\r\n  But was:  \"No hotels are available!\"\r\n  -------------------^\r\n","ErrorStackTrace":"   at HotelBookingSystemAPIBLTests.GuestSearchServiceTests.GetHotelsByLocationFailTests() in C:\\MiniProject\\HotelBookingSystemSolution\\HotelBookingSystemAPIBLTests\\GuestSearchServiceTests.cs:line 55\r\n   at NUnit.Framework.Internal.TaskAwaitAdapter.GenericAdapter`1.GetResult()\r\n   at NUnit.Framework.Internal.AsyncToSyncAdapter.Await(Func`1 invoke)\r\n   at NUnit.Framework.Internal.Commands.TestMethodCommand.RunTestMethod(TestExecutionContext context)\r\n   at NUnit.Framework.Internal.Commands.TestMethodCommand.Execute(TestExecutionContext context)\r\n   at NUnit.Framework.Internal.Commands.BeforeAndAfterTestCommand.<>c__DisplayClass1_0.<Execute>b__0()\r\n   at NUnit.Framework.Internal.Commands.DelegatingTestCommand.RunTestMethodInThreadAbortSafeZone(TestExecutionContext context, Action action)\r\n\n1)    at HotelBookingSystemAPIBLTests.GuestSearchServiceTests.GetHotelsByLocationFailTests() in C:\\MiniProject\\HotelBookingSystemSolution\\HotelBookingSystemAPIBLTests\\GuestSearchServiceTests.cs:line 55\r\n   at System.Runtime.CompilerServices.AsyncMethodBuilderCore.Start[TStateMachine](TStateMachine& stateMachine)\r\n   at HotelBookingSystemAPIBLTests.GuestSearchServiceTests.GetHotelsByLocationFailTests()\r\n\n","DisplayName":"GetHotelsByLocationFailTests","Messages":[],"ComputerName":"853CBX3","Duration":"00:00:00.0042180","StartTime":"2024-05-30T11:34:20.402958+00:00","EndTime":"2024-05-30T11:34:20.4071758+00:00","Properties":[{"Key":{"Id":"NUnit.Seed","Label":"Seed","Category":"","Description":"","Attributes":0,"ValueType":"System.String"},"Value":"114798646"}]},{"TestCase":{"Id":"b3e312c9-1acc-7474-0c7c-91ddc72750e7","FullyQualifiedName":"HotelBookingSystemAPIBLTests.GuestSearchServiceTests.GetHotelsByLocationPassTests","DisplayName":"GetHotelsByLocationPassTests","ExecutorUri":"executor://NUnit3TestExecutor","Source":"C:\\MiniProject\\HotelBookingSystemSolution\\HotelBookingSystemAPIBLTests\\bin\\Debug\\net6.0\\fine-code-coverage\\build-output\\HotelBookingSystemAPIBLTests.dll","CodeFilePath":null,"LineNumber":0,"Properties":[{"Key":{"Id":"NUnit.Seed","Label":"Seed","Category":"","Description":"","Attributes":0,"ValueType":"System.String"},"Value":"1103347329"}]},"Attachments":[],"Outcome":1,"ErrorMessage":null,"ErrorStackTrace":null,"DisplayName":"GetHotelsByLocationPassTests","Messages":[],"ComputerName":"853CBX3","Duration":"00:00:00.0020790","StartTime":"2024-05-30T11:34:20.4072051+00:00","EndTime":"2024-05-30T11:34:20.4092841+00:00","Properties":[{"Key":{"Id":"NUnit.Seed","Label":"Seed","Category":"","Description":"","Attributes":0,"ValueType":"System.String"},"Value":"1103347329"}]}],"TestRunStatistics":{"ExecutedTests":40,"Stats":{"Passed":27,"Failed":13}},"ActiveTests":[{"Id":"56babf30-6265-d705-23b8-6fc2882d99a4","FullyQualifiedName":"HotelBookingSystemAPIBLTests.GuestSearchServiceTests.GetHotelsByRatingFailTest","DisplayName":"GetHotelsByRatingFailTest","ExecutorUri":"executor://NUnit3TestExecutor","Source":"C:\\MiniProject\\HotelBookingSystemSolution\\HotelBookingSystemAPIBLTests\\bin\\Debug\\net6.0\\fine-code-coverage\\build-output\\HotelBookingSystemAPIBLTests.dll","CodeFilePath":null,"LineNumber":0,"Properties":[{"Key":{"Id":"NUnit.Seed","Label":"Seed","Category":"","Description":"","Attributes":0,"ValueType":"System.String"},"Value":"69897718"}]}]}}
TpTrace Verbose: 0 : 10588, 15, 2024/05/30, 17:04:20.414, 4698922109792, testhost.dll, TestRunCache: OnNewTestResult: Notified the onCacheHit callback.
TpTrace Verbose: 0 : 10588, 15, 2024/05/30, 17:04:20.415, 4698922121612, testhost.dll, MulticastDelegateUtilities.SafeInvoke: TestCaseEventsHandler.RaiseTestCaseStart: Invoking callback 1/1 for Microsoft.VisualStudio.TestPlatform.CrossPlatEngine.DataCollection.ProxyOutOfProcDataCollectionManager., took 1 ms.
TpTrace Verbose: 0 : 10588, 15, 2024/05/30, 17:04:20.424, 4698922209121, testhost.dll, TestExecutionRecorder.RecordEnd: test: HotelBookingSystemAPIBLTests.GuestSearchServiceTests.GetHotelsByRatingFailTest execution completed.
TpTrace Warning: 0 : 10588, 15, 2024/05/30, 17:04:20.424, 4698922211376, testhost.dll, TestRunCache: InProgressTests is null
TpTrace Verbose: 0 : 10588, 15, 2024/05/30, 17:04:20.425, 4698922224078, testhost.dll, MulticastDelegateUtilities.SafeInvoke: TestCaseEventsHandler.RaiseTestCaseEnd: Invoking callback 1/1 for Microsoft.VisualStudio.TestPlatform.CrossPlatEngine.DataCollection.ProxyOutOfProcDataCollectionManager., took 1 ms.
TpTrace Verbose: 0 : 10588, 15, 2024/05/30, 17:04:20.425, 4698922225114, testhost.dll, TestExecutionRecorder.RecordResult: Received result for test: HotelBookingSystemAPIBLTests.GuestSearchServiceTests.GetHotelsByRatingFailTest.
TpTrace Verbose: 0 : 10588, 15, 2024/05/30, 17:04:20.425, 4698922225794, testhost.dll, MulticastDelegateUtilities.SafeInvoke: TestCaseEventsHandler.RaiseTestCaseEnd: Invoking callback 1/1 for Microsoft.VisualStudio.TestPlatform.CrossPlatEngine.DataCollection.ProxyOutOfProcDataCollectionManager., took 0 ms.
TpTrace Warning: 0 : 10588, 15, 2024/05/30, 17:04:20.425, 4698922226891, testhost.dll, TestRunCache: InProgressTests is null
TpTrace Warning: 0 : 10588, 15, 2024/05/30, 17:04:20.425, 4698922227371, testhost.dll, TestRunCache: No test found corresponding to testResult 'GetHotelsByRatingFailTest' in inProgress list.
TpTrace Verbose: 0 : 10588, 15, 2024/05/30, 17:04:20.426, 4698922228906, testhost.dll, TestExecutionRecorder.RecordStart: Starting test: HotelBookingSystemAPIBLTests.GuestSearchServiceTests.GetHotelsByRatingPassTest.
TpTrace Verbose: 0 : 10588, 15, 2024/05/30, 17:04:20.427, 4698922240102, testhost.dll, MulticastDelegateUtilities.SafeInvoke: TestCaseEventsHandler.RaiseTestCaseStart: Invoking callback 1/1 for Microsoft.VisualStudio.TestPlatform.CrossPlatEngine.DataCollection.ProxyOutOfProcDataCollectionManager., took 1 ms.
TpTrace Verbose: 0 : 10588, 15, 2024/05/30, 17:04:20.427, 4698922242819, testhost.dll, TestExecutionRecorder.RecordEnd: test: HotelBookingSystemAPIBLTests.GuestSearchServiceTests.GetHotelsByRatingPassTest execution completed.
TpTrace Verbose: 0 : 10588, 15, 2024/05/30, 17:04:20.428, 4698922252225, testhost.dll, MulticastDelegateUtilities.SafeInvoke: TestCaseEventsHandler.RaiseTestCaseEnd: Invoking callback 1/1 for Microsoft.VisualStudio.TestPlatform.CrossPlatEngine.DataCollection.ProxyOutOfProcDataCollectionManager., took 0 ms.
TpTrace Verbose: 0 : 10588, 15, 2024/05/30, 17:04:20.428, 4698922254124, testhost.dll, TestExecutionRecorder.RecordResult: Received result for test: HotelBookingSystemAPIBLTests.GuestSearchServiceTests.GetHotelsByRatingPassTest.
TpTrace Verbose: 0 : 10588, 15, 2024/05/30, 17:04:20.428, 4698922254736, testhost.dll, MulticastDelegateUtilities.SafeInvoke: TestCaseEventsHandler.RaiseTestCaseEnd: Invoking callback 1/1 for Microsoft.VisualStudio.TestPlatform.CrossPlatEngine.DataCollection.ProxyOutOfProcDataCollectionManager., took 0 ms.
TpTrace Warning: 0 : 10588, 15, 2024/05/30, 17:04:20.428, 4698922255279, testhost.dll, TestRunCache: InProgressTests is null
TpTrace Warning: 0 : 10588, 15, 2024/05/30, 17:04:20.428, 4698922255730, testhost.dll, TestRunCache: No test found corresponding to testResult 'GetHotelsByRatingPassTest' in inProgress list.
TpTrace Verbose: 0 : 10588, 15, 2024/05/30, 17:04:20.429, 4698922259796, testhost.dll, TestExecutionRecorder.RecordStart: Starting test: HotelBookingSystemAPIBLTests.HotelEmployeeServiceTests.GetAllBookingDoneTodayExceptionTest.
TpTrace Verbose: 0 : 10588, 15, 2024/05/30, 17:04:20.430, 4698922273398, testhost.dll, MulticastDelegateUtilities.SafeInvoke: TestCaseEventsHandler.RaiseTestCaseStart: Invoking callback 1/1 for Microsoft.VisualStudio.TestPlatform.CrossPlatEngine.DataCollection.ProxyOutOfProcDataCollectionManager., took 1 ms.
TpTrace Verbose: 0 : 10588, 15, 2024/05/30, 17:04:20.431, 4698922280646, testhost.dll, TestExecutionRecorder.RecordEnd: test: HotelBookingSystemAPIBLTests.HotelEmployeeServiceTests.GetAllBookingDoneTodayExceptionTest execution completed.
TpTrace Verbose: 0 : 10588, 15, 2024/05/30, 17:04:20.432, 4698922294041, testhost.dll, MulticastDelegateUtilities.SafeInvoke: TestCaseEventsHandler.RaiseTestCaseEnd: Invoking callback 1/1 for Microsoft.VisualStudio.TestPlatform.CrossPlatEngine.DataCollection.ProxyOutOfProcDataCollectionManager., took 1 ms.
TpTrace Verbose: 0 : 10588, 15, 2024/05/30, 17:04:20.432, 4698922295312, testhost.dll, TestExecutionRecorder.RecordResult: Received result for test: HotelBookingSystemAPIBLTests.HotelEmployeeServiceTests.GetAllBookingDoneTodayExceptionTest.
TpTrace Verbose: 0 : 10588, 15, 2024/05/30, 17:04:20.432, 4698922296165, testhost.dll, MulticastDelegateUtilities.SafeInvoke: TestCaseEventsHandler.RaiseTestCaseEnd: Invoking callback 1/1 for Microsoft.VisualStudio.TestPlatform.CrossPlatEngine.DataCollection.ProxyOutOfProcDataCollectionManager., took 0 ms.
TpTrace Warning: 0 : 10588, 15, 2024/05/30, 17:04:20.432, 4698922296517, testhost.dll, TestRunCache: InProgressTests is null
TpTrace Warning: 0 : 10588, 15, 2024/05/30, 17:04:20.432, 4698922296758, testhost.dll, TestRunCache: No test found corresponding to testResult 'GetAllBookingDoneTodayExceptionTest' in inProgress list.
TpTrace Verbose: 0 : 10588, 15, 2024/05/30, 17:04:20.432, 4698922297650, testhost.dll, TestExecutionRecorder.RecordStart: Starting test: HotelBookingSystemAPIBLTests.HotelEmployeeServiceTests.GetAllBookingDoneTodayFailTest.
TpTrace Verbose: 0 : 10588, 15, 2024/05/30, 17:04:20.434, 4698922308644, testhost.dll, MulticastDelegateUtilities.SafeInvoke: TestCaseEventsHandler.RaiseTestCaseStart: Invoking callback 1/1 for Microsoft.VisualStudio.TestPlatform.CrossPlatEngine.DataCollection.ProxyOutOfProcDataCollectionManager., took 1 ms.
TpTrace Verbose: 0 : 10588, 15, 2024/05/30, 17:04:20.434, 4698922311840, testhost.dll, TestExecutionRecorder.RecordEnd: test: HotelBookingSystemAPIBLTests.HotelEmployeeServiceTests.GetAllBookingDoneTodayFailTest execution completed.
TpTrace Verbose: 0 : 10588, 15, 2024/05/30, 17:04:20.435, 4698922322811, testhost.dll, MulticastDelegateUtilities.SafeInvoke: TestCaseEventsHandler.RaiseTestCaseEnd: Invoking callback 1/1 for Microsoft.VisualStudio.TestPlatform.CrossPlatEngine.DataCollection.ProxyOutOfProcDataCollectionManager., took 1 ms.
TpTrace Verbose: 0 : 10588, 15, 2024/05/30, 17:04:20.435, 4698922323521, testhost.dll, TestExecutionRecorder.RecordResult: Received result for test: HotelBookingSystemAPIBLTests.HotelEmployeeServiceTests.GetAllBookingDoneTodayFailTest.
TpTrace Verbose: 0 : 10588, 15, 2024/05/30, 17:04:20.435, 4698922323998, testhost.dll, MulticastDelegateUtilities.SafeInvoke: TestCaseEventsHandler.RaiseTestCaseEnd: Invoking callback 1/1 for Microsoft.VisualStudio.TestPlatform.CrossPlatEngine.DataCollection.ProxyOutOfProcDataCollectionManager., took 0 ms.
TpTrace Warning: 0 : 10588, 15, 2024/05/30, 17:04:20.435, 4698922324420, testhost.dll, TestRunCache: InProgressTests is null
TpTrace Warning: 0 : 10588, 15, 2024/05/30, 17:04:20.435, 4698922324726, testhost.dll, TestRunCache: No test found corresponding to testResult 'GetAllBookingDoneTodayFailTest' in inProgress list.
TpTrace Verbose: 0 : 10588, 15, 2024/05/30, 17:04:20.435, 4698922325741, testhost.dll, TestExecutionRecorder.RecordStart: Starting test: HotelBookingSystemAPIBLTests.HotelEmployeeServiceTests.GetAllBookingDoneTodayPassTest.
TpTrace Verbose: 0 : 10588, 15, 2024/05/30, 17:04:20.436, 4698922334660, testhost.dll, MulticastDelegateUtilities.SafeInvoke: TestCaseEventsHandler.RaiseTestCaseStart: Invoking callback 1/1 for Microsoft.VisualStudio.TestPlatform.CrossPlatEngine.DataCollection.ProxyOutOfProcDataCollectionManager., took 0 ms.
TpTrace Verbose: 0 : 10588, 15, 2024/05/30, 17:04:20.436, 4698922337706, testhost.dll, TestExecutionRecorder.RecordEnd: test: HotelBookingSystemAPIBLTests.HotelEmployeeServiceTests.GetAllBookingDoneTodayPassTest execution completed.
TpTrace Verbose: 0 : 10588, 15, 2024/05/30, 17:04:20.438, 4698922349083, testhost.dll, MulticastDelegateUtilities.SafeInvoke: TestCaseEventsHandler.RaiseTestCaseEnd: Invoking callback 1/1 for Microsoft.VisualStudio.TestPlatform.CrossPlatEngine.DataCollection.ProxyOutOfProcDataCollectionManager., took 1 ms.
TpTrace Verbose: 0 : 10588, 15, 2024/05/30, 17:04:20.438, 4698922351033, testhost.dll, TestExecutionRecorder.RecordResult: Received result for test: HotelBookingSystemAPIBLTests.HotelEmployeeServiceTests.GetAllBookingDoneTodayPassTest.
TpTrace Verbose: 0 : 10588, 15, 2024/05/30, 17:04:20.438, 4698922351596, testhost.dll, MulticastDelegateUtilities.SafeInvoke: TestCaseEventsHandler.RaiseTestCaseEnd: Invoking callback 1/1 for Microsoft.VisualStudio.TestPlatform.CrossPlatEngine.DataCollection.ProxyOutOfProcDataCollectionManager., took 0 ms.
TpTrace Warning: 0 : 10588, 15, 2024/05/30, 17:04:20.438, 4698922352002, testhost.dll, TestRunCache: InProgressTests is null
TpTrace Warning: 0 : 10588, 15, 2024/05/30, 17:04:20.438, 4698922352305, testhost.dll, TestRunCache: No test found corresponding to testResult 'GetAllBookingDoneTodayPassTest' in inProgress list.
TpTrace Verbose: 0 : 10588, 15, 2024/05/30, 17:04:20.438, 4698922353426, testhost.dll, TestExecutionRecorder.RecordStart: Starting test: HotelBookingSystemAPIBLTests.HotelEmployeeServiceTests.GetAllCheckInTodayFailTest.
TpTrace Verbose: 0 : 10588, 15, 2024/05/30, 17:04:20.439, 4698922362022, testhost.dll, MulticastDelegateUtilities.SafeInvoke: TestCaseEventsHandler.RaiseTestCaseStart: Invoking callback 1/1 for Microsoft.VisualStudio.TestPlatform.CrossPlatEngine.DataCollection.ProxyOutOfProcDataCollectionManager., took 0 ms.
TpTrace Verbose: 0 : 10588, 15, 2024/05/30, 17:04:20.439, 4698922364671, testhost.dll, TestExecutionRecorder.RecordEnd: test: HotelBookingSystemAPIBLTests.HotelEmployeeServiceTests.GetAllCheckInTodayFailTest execution completed.
TpTrace Verbose: 0 : 10588, 15, 2024/05/30, 17:04:20.440, 4698922373202, testhost.dll, MulticastDelegateUtilities.SafeInvoke: TestCaseEventsHandler.RaiseTestCaseEnd: Invoking callback 1/1 for Microsoft.VisualStudio.TestPlatform.CrossPlatEngine.DataCollection.ProxyOutOfProcDataCollectionManager., took 0 ms.
TpTrace Verbose: 0 : 10588, 15, 2024/05/30, 17:04:20.440, 4698922373804, testhost.dll, TestExecutionRecorder.RecordResult: Received result for test: HotelBookingSystemAPIBLTests.HotelEmployeeServiceTests.GetAllCheckInTodayFailTest.
TpTrace Verbose: 0 : 10588, 15, 2024/05/30, 17:04:20.440, 4698922374247, testhost.dll, MulticastDelegateUtilities.SafeInvoke: TestCaseEventsHandler.RaiseTestCaseEnd: Invoking callback 1/1 for Microsoft.VisualStudio.TestPlatform.CrossPlatEngine.DataCollection.ProxyOutOfProcDataCollectionManager., took 0 ms.
TpTrace Warning: 0 : 10588, 15, 2024/05/30, 17:04:20.440, 4698922374613, testhost.dll, TestRunCache: InProgressTests is null
TpTrace Warning: 0 : 10588, 15, 2024/05/30, 17:04:20.440, 4698922374921, testhost.dll, TestRunCache: No test found corresponding to testResult 'GetAllCheckInTodayFailTest' in inProgress list.
TpTrace Verbose: 0 : 10588, 15, 2024/05/30, 17:04:20.440, 4698922375742, testhost.dll, TestExecutionRecorder.RecordStart: Starting test: HotelBookingSystemAPIBLTests.HotelEmployeeServiceTests.GetAllCheckInTodayPassTest.
TpTrace Verbose: 0 : 10588, 15, 2024/05/30, 17:04:20.441, 4698922383728, testhost.dll, MulticastDelegateUtilities.SafeInvoke: TestCaseEventsHandler.RaiseTestCaseStart: Invoking callback 1/1 for Microsoft.VisualStudio.TestPlatform.CrossPlatEngine.DataCollection.ProxyOutOfProcDataCollectionManager., took 0 ms.
TpTrace Verbose: 0 : 10588, 15, 2024/05/30, 17:04:20.441, 4698922385419, testhost.dll, TestExecutionRecorder.RecordEnd: test: HotelBookingSystemAPIBLTests.HotelEmployeeServiceTests.GetAllCheckInTodayPassTest execution completed.
TpTrace Verbose: 0 : 10588, 15, 2024/05/30, 17:04:20.442, 4698922393198, testhost.dll, MulticastDelegateUtilities.SafeInvoke: TestCaseEventsHandler.RaiseTestCaseEnd: Invoking callback 1/1 for Microsoft.VisualStudio.TestPlatform.CrossPlatEngine.DataCollection.ProxyOutOfProcDataCollectionManager., took 0 ms.
TpTrace Verbose: 0 : 10588, 15, 2024/05/30, 17:04:20.442, 4698922394390, testhost.dll, TestExecutionRecorder.RecordResult: Received result for test: HotelBookingSystemAPIBLTests.HotelEmployeeServiceTests.GetAllCheckInTodayPassTest.
TpTrace Verbose: 0 : 10588, 15, 2024/05/30, 17:04:20.442, 4698922395006, testhost.dll, MulticastDelegateUtilities.SafeInvoke: TestCaseEventsHandler.RaiseTestCaseEnd: Invoking callback 1/1 for Microsoft.VisualStudio.TestPlatform.CrossPlatEngine.DataCollection.ProxyOutOfProcDataCollectionManager., took 0 ms.
TpTrace Warning: 0 : 10588, 15, 2024/05/30, 17:04:20.442, 4698922395484, testhost.dll, TestRunCache: InProgressTests is null
TpTrace Warning: 0 : 10588, 15, 2024/05/30, 17:04:20.442, 4698922395887, testhost.dll, TestRunCache: No test found corresponding to testResult 'GetAllCheckInTodayPassTest' in inProgress list.
TpTrace Verbose: 0 : 10588, 10, 2024/05/30, 17:04:20.447, 4698922441284, testhost.dll, TcpClientExtensions.MessageLoopAsync: Polling on remoteEndPoint: [::ffff:127.0.0.1]:55137 localEndPoint: [::ffff:127.0.0.1]:55138
TpTrace Information: 0 : 10588, 4, 2024/05/30, 17:04:20.457, 4698922546908, testhost.dll, NUnit Adapter 4.4.0.0: Test execution complete
TpTrace Verbose: 0 : 10588, 4, 2024/05/30, 17:04:20.458, 4698922548656, testhost.dll, TestRequestHandler.SendData: sending data from testhost: {"Version":7,"MessageType":"TestSession.Message","Payload":{"MessageLevel":0,"Message":"NUnit Adapter 4.4.0.0: Test execution complete"}}
TpTrace Verbose: 0 : 10588, 4, 2024/05/30, 17:04:20.458, 4698922549945, testhost.dll, MulticastDelegateUtilities.SafeInvoke: TestRunMessageLoggerProxy.SendMessage: Invoking callback 1/1 for Microsoft.VisualStudio.TestPlatform.CrossPlatEngine.Execution.RunTestsWithSources., took 0 ms.
TpTrace Verbose: 0 : 10588, 4, 2024/05/30, 17:04:20.464, 4698922618537, testhost.dll, BaseRunTests.RunTestInternalWithExecutors: Completed running tests for executor://NUnit3TestExecutor
TpTrace Verbose: 0 : 10588, 4, 2024/05/30, 17:04:20.466, 4698922628948, testhost.dll, MulticastDelegateUtilities.SafeInvoke: TestCaseEventsHandler.RaiseSessionEnd: Invoking callback 1/1 for Microsoft.VisualStudio.TestPlatform.CrossPlatEngine.DataCollection.ProxyOutOfProcDataCollectionManager., took 0 ms.
TpTrace Information: 0 : 10588, 4, 2024/05/30, 17:04:20.468, 4698922655248, testhost.dll, Sending test run complete
TpTrace Verbose: 0 : 10588, 4, 2024/05/30, 17:04:20.478, 4698922755381, testhost.dll, TestRequestHandler.SendData: sending data from testhost: {"Version":7,"MessageType":"TestExecution.Completed","Payload":{"TestRunCompleteArgs":{"TestRunStatistics":{"ExecutedTests":47,"Stats":{"Passed":32,"Failed":15}},"IsCanceled":false,"IsAborted":false,"Error":null,"AttachmentSets":[],"InvokedDataCollectors":[],"ElapsedTimeInRunningTests":"00:00:01.8620757","Metrics":{},"DiscoveredExtensions":{"TestDiscoverers":["NUnit.VisualStudio.TestAdapter.NUnit3TestDiscoverer, NUnit3.TestAdapter, Version=4.4.0.0, Culture=neutral, PublicKeyToken=4cb40d35494691ac"],"TestExecutors":["executor://NUnit3TestExecutor"],"TestExecutors2":[],"TestSettingsProviders":[]}},"LastRunTests":{"NewTestResults":[{"TestCase":{"Id":"56babf30-6265-d705-23b8-6fc2882d99a4","FullyQualifiedName":"HotelBookingSystemAPIBLTests.GuestSearchServiceTests.GetHotelsByRatingFailTest","DisplayName":"GetHotelsByRatingFailTest","ExecutorUri":"executor://NUnit3TestExecutor","Source":"C:\\MiniProject\\HotelBookingSystemSolution\\HotelBookingSystemAPIBLTests\\bin\\Debug\\net6.0\\fine-code-coverage\\build-output\\HotelBookingSystemAPIBLTests.dll","CodeFilePath":null,"LineNumber":0,"Properties":[{"Key":{"Id":"NUnit.Seed","Label":"Seed","Category":"","Description":"","Attributes":0,"ValueType":"System.String"},"Value":"69897718"}]},"Attachments":[],"Outcome":2,"ErrorMessage":"  Expected: <HotelBookingSystemAPI.CustomExceptions.ObjectsNotAvailableException>\r\n  But was:  null\r\n","ErrorStackTrace":"   at HotelBookingSystemAPIBLTests.GuestSearchServiceTests.GetHotelsByRatingFailTest() in C:\\MiniProject\\HotelBookingSystemSolution\\HotelBookingSystemAPIBLTests\\GuestSearchServiceTests.cs:line 68\r\n   at NUnit.Framework.Internal.TaskAwaitAdapter.GenericAdapter`1.GetResult()\r\n   at NUnit.Framework.Internal.AsyncToSyncAdapter.Await(Func`1 invoke)\r\n   at NUnit.Framework.Internal.Commands.TestMethodCommand.RunTestMethod(TestExecutionContext context)\r\n   at NUnit.Framework.Internal.Commands.TestMethodCommand.Execute(TestExecutionContext context)\r\n   at NUnit.Framework.Internal.Commands.BeforeAndAfterTestCommand.<>c__DisplayClass1_0.<Execute>b__0()\r\n   at NUnit.Framework.Internal.Commands.DelegatingTestCommand.RunTestMethodInThreadAbortSafeZone(TestExecutionContext context, Action action)\r\n\n1)    at HotelBookingSystemAPIBLTests.GuestSearchServiceTests.GetHotelsByRatingFailTest() in C:\\MiniProject\\HotelBookingSystemSolution\\HotelBookingSystemAPIBLTests\\GuestSearchServiceTests.cs:line 68\r\n   at System.Runtime.CompilerServices.AsyncMethodBuilderCore.Start[TStateMachine](TStateMachine& stateMachine)\r\n   at HotelBookingSystemAPIBLTests.GuestSearchServiceTests.GetHotelsByRatingFailTest()\r\n\n","DisplayName":"GetHotelsByRatingFailTest","Messages":[],"ComputerName":"853CBX3","Duration":"00:00:00.0143390","StartTime":"2024-05-30T11:34:20.4093163+00:00","EndTime":"2024-05-30T11:34:20.423655+00:00","Properties":[{"Key":{"Id":"NUnit.Seed","Label":"Seed","Category":"","Description":"","Attributes":0,"ValueType":"System.String"},"Value":"69897718"}]},{"TestCase":{"Id":"e3e3e89a-8c3a-1217-2a13-711735445a06","FullyQualifiedName":"HotelBookingSystemAPIBLTests.GuestSearchServiceTests.GetHotelsByRatingPassTest","DisplayName":"GetHotelsByRatingPassTest","ExecutorUri":"executor://NUnit3TestExecutor","Source":"C:\\MiniProject\\HotelBookingSystemSolution\\HotelBookingSystemAPIBLTests\\bin\\Debug\\net6.0\\fine-code-coverage\\build-output\\HotelBookingSystemAPIBLTests.dll","CodeFilePath":null,"LineNumber":0,"Properties":[{"Key":{"Id":"NUnit.Seed","Label":"Seed","Category":"","Description":"","Attributes":0,"ValueType":"System.String"},"Value":"1758010062"}]},"Attachments":[],"Outcome":1,"ErrorMessage":null,"ErrorStackTrace":null,"DisplayName":"GetHotelsByRatingPassTest","Messages":[],"ComputerName":"853CBX3","Duration":"00:00:00.0015910","StartTime":"2024-05-30T11:34:20.4236961+00:00","EndTime":"2024-05-30T11:34:20.4252866+00:00","Properties":[{"Key":{"Id":"NUnit.Seed","Label":"Seed","Category":"","Description":"","Attributes":0,"ValueType":"System.String"},"Value":"1758010062"}]},{"TestCase":{"Id":"cd8901c9-a241-f1fd-dad6-481c9bbd0a50","FullyQualifiedName":"HotelBookingSystemAPIBLTests.HotelEmployeeServiceTests.GetAllBookingDoneTodayExceptionTest","DisplayName":"GetAllBookingDoneTodayExceptionTest","ExecutorUri":"executor://NUnit3TestExecutor","Source":"C:\\MiniProject\\HotelBookingSystemSolution\\HotelBookingSystemAPIBLTests\\bin\\Debug\\net6.0\\fine-code-coverage\\build-output\\HotelBookingSystemAPIBLTests.dll","CodeFilePath":null,"LineNumber":0,"Properties":[{"Key":{"Id":"NUnit.Seed","Label":"Seed","Category":"","Description":"","Attributes":0,"ValueType":"System.String"},"Value":"2088132186"}]},"Attachments":[],"Outcome":2,"ErrorMessage":"  Expected: <HotelBookingSystemAPI.CustomExceptions.ObjectNotAvailableException>\r\n  But was:  null\r\n","ErrorStackTrace":"   at HotelBookingSystemAPIBLTests.HotelEmployeeServiceTests.GetAllBookingDoneTodayExceptionTest() in C:\\MiniProject\\HotelBookingSystemSolution\\HotelBookingSystemAPIBLTests\\HotelEmployeeServiceTests.cs:line 68\r\n   at NUnit.Framework.Internal.TaskAwaitAdapter.GenericAdapter`1.GetResult()\r\n   at NUnit.Framework.Internal.AsyncToSyncAdapter.Await(Func`1 invoke)\r\n   at NUnit.Framework.Internal.Commands.TestMethodCommand.RunTestMethod(TestExecutionContext context)\r\n   at NUnit.Framework.Internal.Commands.TestMethodCommand.Execute(TestExecutionContext context)\r\n   at NUnit.Framework.Internal.Commands.BeforeAndAfterTestCommand.<>c__DisplayClass1_0.<Execute>b__0()\r\n   at NUnit.Framework.Internal.Commands.DelegatingTestCommand.RunTestMethodInThreadAbortSafeZone(TestExecutionContext context, Action action)\r\n\n1)    at HotelBookingSystemAPIBLTests.HotelEmployeeServiceTests.GetAllBookingDoneTodayExceptionTest() in C:\\MiniProject\\HotelBookingSystemSolution\\HotelBookingSystemAPIBLTests\\HotelEmployeeServiceTests.cs:line 68\r\n   at System.Runtime.CompilerServices.AsyncMethodBuilderCore.Start[TStateMachine](TStateMachine& stateMachine)\r\n   at HotelBookingSystemAPIBLTests.HotelEmployeeServiceTests.GetAllBookingDoneTodayExceptionTest()\r\n\n","DisplayName":"GetAllBookingDoneTodayExceptionTest","Messages":[],"ComputerName":"853CBX3","Duration":"00:00:00.0043830","StartTime":"2024-05-30T11:34:20.4254912+00:00","EndTime":"2024-05-30T11:34:20.4298736+00:00","Properties":[{"Key":{"Id":"NUnit.Seed","Label":"Seed","Category":"","Description":"","Attributes":0,"ValueType":"System.String"},"Value":"2088132186"}]},{"TestCase":{"Id":"532308f0-134a-1a41-8eca-ae02da504b23","FullyQualifiedName":"HotelBookingSystemAPIBLTests.HotelEmployeeServiceTests.GetAllBookingDoneTodayFailTest","DisplayName":"GetAllBookingDoneTodayFailTest","ExecutorUri":"executor://NUnit3TestExecutor","Source":"C:\\MiniProject\\HotelBookingSystemSolution\\HotelBookingSystemAPIBLTests\\bin\\Debug\\net6.0\\fine-code-coverage\\build-output\\HotelBookingSystemAPIBLTests.dll","CodeFilePath":null,"LineNumber":0,"Properties":[{"Key":{"Id":"NUnit.Seed","Label":"Seed","Category":"","Description":"","Attributes":0,"ValueType":"System.String"},"Value":"1453147458"}]},"Attachments":[],"Outcome":1,"ErrorMessage":null,"ErrorStackTrace":null,"DisplayName":"GetAllBookingDoneTodayFailTest","Messages":[],"ComputerName":"853CBX3","Duration":"00:00:00.0022390","StartTime":"2024-05-30T11:34:20.4299002+00:00","EndTime":"2024-05-30T11:34:20.4321386+00:00","Properties":[{"Key":{"Id":"NUnit.Seed","Label":"Seed","Category":"","Description":"","Attributes":0,"ValueType":"System.String"},"Value":"1453147458"}]},{"TestCase":{"Id":"24ee7e2d-0cf9-face-7703-7328738e8eb3","FullyQualifiedName":"HotelBookingSystemAPIBLTests.HotelEmployeeServiceTests.GetAllBookingDoneTodayPassTest","DisplayName":"GetAllBookingDoneTodayPassTest","ExecutorUri":"executor://NUnit3TestExecutor","Source":"C:\\MiniProject\\HotelBookingSystemSolution\\HotelBookingSystemAPIBLTests\\bin\\Debug\\net6.0\\fine-code-coverage\\build-output\\HotelBookingSystemAPIBLTests.dll","CodeFilePath":null,"LineNumber":0,"Properties":[{"Key":{"Id":"NUnit.Seed","Label":"Seed","Category":"","Description":"","Attributes":0,"ValueType":"System.String"},"Value":"1846163556"}]},"Attachments":[],"Outcome":1,"ErrorMessage":null,"ErrorStackTrace":null,"DisplayName":"GetAllBookingDoneTodayPassTest","Messages":[],"ComputerName":"853CBX3","Duration":"00:00:00.0013290","StartTime":"2024-05-30T11:34:20.4321697+00:00","EndTime":"2024-05-30T11:34:20.4334984+00:00","Properties":[{"Key":{"Id":"NUnit.Seed","Label":"Seed","Category":"","Description":"","Attributes":0,"ValueType":"System.String"},"Value":"1846163556"}]},{"TestCase":{"Id":"0c8f126f-9be9-8ea0-8efa-e428743001aa","FullyQualifiedName":"HotelBookingSystemAPIBLTests.HotelEmployeeServiceTests.GetAllCheckInTodayFailTest","DisplayName":"GetAllCheckInTodayFailTest","ExecutorUri":"executor://NUnit3TestExecutor","Source":"C:\\MiniProject\\HotelBookingSystemSolution\\HotelBookingSystemAPIBLTests\\bin\\Debug\\net6.0\\fine-code-coverage\\build-output\\HotelBookingSystemAPIBLTests.dll","CodeFilePath":null,"LineNumber":0,"Properties":[{"Key":{"Id":"NUnit.Seed","Label":"Seed","Category":"","Description":"","Attributes":0,"ValueType":"System.String"},"Value":"1535534101"}]},"Attachments":[],"Outcome":1,"ErrorMessage":null,"ErrorStackTrace":null,"DisplayName":"GetAllCheckInTodayFailTest","Messages":[],"ComputerName":"853CBX3","Duration":"00:00:00.0025400","StartTime":"2024-05-30T11:34:20.4335248+00:00","EndTime":"2024-05-30T11:34:20.4360649+00:00","Properties":[{"Key":{"Id":"NUnit.Seed","Label":"Seed","Category":"","Description":"","Attributes":0,"ValueType":"System.String"},"Value":"1535534101"}]},{"TestCase":{"Id":"222341f0-c890-1622-6597-b2f165838ae8","FullyQualifiedName":"HotelBookingSystemAPIBLTests.HotelEmployeeServiceTests.GetAllCheckInTodayPassTest","DisplayName":"GetAllCheckInTodayPassTest","ExecutorUri":"executor://NUnit3TestExecutor","Source":"C:\\MiniProject\\HotelBookingSystemSolution\\HotelBookingSystemAPIBLTests\\bin\\Debug\\net6.0\\fine-code-coverage\\build-output\\HotelBookingSystemAPIBLTests.dll","CodeFilePath":null,"LineNumber":0,"Properties":[{"Key":{"Id":"NUnit.Seed","Label":"Seed","Category":"","Description":"","Attributes":0,"ValueType":"System.String"},"Value":"1290812912"}]},"Attachments":[],"Outcome":1,"ErrorMessage":null,"ErrorStackTrace":null,"DisplayName":"GetAllCheckInTodayPassTest","Messages":[],"ComputerName":"853CBX3","Duration":"00:00:00.0010430","StartTime":"2024-05-30T11:34:20.4360856+00:00","EndTime":"2024-05-30T11:34:20.4371287+00:00","Properties":[{"Key":{"Id":"NUnit.Seed","Label":"Seed","Category":"","Description":"","Attributes":0,"ValueType":"System.String"},"Value":"1290812912"}]}],"TestRunStatistics":{"ExecutedTests":47,"Stats":{"Passed":32,"Failed":15}},"ActiveTests":[]},"RunAttachments":[],"ExecutorUris":["executor://nunit3testexecutor/"]}}
TpTrace Verbose: 0 : 10588, 4, 2024/05/30, 17:04:20.479, 4698922761263, testhost.dll, BaseRunTests.RunTests: Run is complete.
TpTrace Verbose: 0 : 10588, 10, 2024/05/30, 17:04:20.480, 4698922770874, testhost.dll, TcpClientExtensions.MessageLoopAsync: NotifyDataAvailable remoteEndPoint: [::ffff:127.0.0.1]:55137 localEndPoint: [::ffff:127.0.0.1]:55138
TpTrace Information: 0 : 10588, 10, 2024/05/30, 17:04:20.480, 4698922772519, testhost.dll, TestRequestHandler.OnMessageReceived: received message: (TestSession.Terminate) -> {"MessageType":"TestSession.Terminate","Payload":null}
TpTrace Information: 0 : 10588, 10, 2024/05/30, 17:04:20.480, 4698922773159, testhost.dll, Session End message received from server. Closing the connection.
TpTrace Information: 0 : 10588, 10, 2024/05/30, 17:04:20.481, 4698922778597, testhost.dll, SocketClient.Stop: Stop communication from server endpoint: 127.0.0.1:055137
TpTrace Information: 0 : 10588, 10, 2024/05/30, 17:04:20.481, 4698922779568, testhost.dll, SocketClient: Stop: Cancellation requested. Stopping message loop.
TpTrace Verbose: 0 : 10588, 10, 2024/05/30, 17:04:20.481, 4698922781023, testhost.dll, LengthPrefixCommunicationChannel.Dispose: Dispose reader and writer.
TpTrace Information: 0 : 10588, 10, 2024/05/30, 17:04:20.481, 4698922781566, testhost.dll, Closing the connection !
TpTrace Verbose: 0 : 10588, 10, 2024/05/30, 17:04:20.481, 4698922782017, testhost.dll, MulticastDelegateUtilities.SafeInvoke: LengthPrefixCommunicationChannel: MessageReceived: Invoking callback 1/1 for Microsoft.VisualStudio.TestPlatform.CommunicationUtilities.TestRequestHandler., took 0 ms.
TpTrace Information: 0 : 10588, 10, 2024/05/30, 17:04:20.481, 4698922784192, testhost.dll, SocketClient.PrivateStop: Stop communication from server endpoint: 127.0.0.1:055137, error:
TpTrace Information: 0 : 10588, 1, 2024/05/30, 17:04:20.481, 4698922785485, testhost.dll, Closing the connection!
TpTrace Verbose: 0 : 10588, 10, 2024/05/30, 17:04:20.481, 4698922785896, testhost.dll, LengthPrefixCommunicationChannel.Dispose: Dispose reader and writer.
TpTrace Information: 0 : 10588, 1, 2024/05/30, 17:04:20.481, 4698922786885, testhost.dll, Testhost process exiting.
TpTrace Verbose: 0 : 10588, 10, 2024/05/30, 17:04:20.481, 4698922786933, testhost.dll, TcpClientExtensions.MessageLoopAsync: exiting MessageLoopAsync remoteEndPoint: [::ffff:127.0.0.1]:55137 localEndPoint: [::ffff:127.0.0.1]:55138
