TpTrace Verbose: 0 : 5296, 1, 2024/05/29, 17:55:59.268, 3865812012307, vstest.console.dll, Version: 17.9.0-release-24072-02 Current process architecture: X64
TpTrace Verbose: 0 : 5296, 1, 2024/05/29, 17:55:59.271, 3865812037398, vstest.console.dll, Runtime location: C:\Program Files\dotnet\shared\Microsoft.NETCore.App\8.0.3
TpTrace Verbose: 0 : 5296, 1, 2024/05/29, 17:55:59.273, 3865812055024, vstest.console.dll, ArtifactProcessingPostProcessModeProcessorExecutor.Initialize: ArtifactProcessingMode.Collect
TpTrace Verbose: 0 : 5296, 1, 2024/05/29, 17:55:59.273, 3865812056188, vstest.console.dll, TestSessionCorrelationIdProcessorModeProcessorExecutor.Initialize: TestSessionCorrelationId '29808_d17a1c5a-d87c-4f9c-9a8d-def27fc96700'
TpTrace Information: 0 : 5296, 1, 2024/05/29, 17:55:59.279, 3865812121977, vstest.console.dll, FilePatternParser: The given file C:\MiniProject\HotelBookingSystemSolution\HotelBookingRepositoryTests\bin\Debug\net6.0\fine-code-coverage\build-output\HotelBookingRepositoryTests.dll is a full path.
TpTrace Verbose: 0 : 5296, 1, 2024/05/29, 17:55:59.283, 3865812158866, vstest.console.dll, TestPluginCache.DiscoverTestExtensions: finding test extensions in assemblies ends with: RuntimeProvider.dll TPluginInfo: Microsoft.VisualStudio.TestPlatform.Common.ExtensionFramework.Utilities.TestRuntimePluginInformation TExtension: Microsoft.VisualStudio.TestPlatform.ObjectModel.Host.ITestRuntimeProvider
TpTrace Verbose: 0 : 5296, 1, 2024/05/29, 17:55:59.283, 3865812161890, vstest.console.dll, TestPluginCache.GetExtensionPaths: Filtered extension paths: 
TpTrace Verbose: 0 : 5296, 1, 2024/05/29, 17:55:59.283, 3865812162606, vstest.console.dll, TestPluginCache.GetExtensionPaths: Added default extension paths: C:\Program Files\dotnet\sdk\8.0.202\Extensions\Microsoft.Diagnostics.NETCore.Client.dll
C:\Program Files\dotnet\sdk\8.0.202\Extensions\Microsoft.TestPlatform.Extensions.BlameDataCollector.dll
C:\Program Files\dotnet\sdk\8.0.202\Extensions\Microsoft.TestPlatform.Extensions.EventLogCollector.dll
C:\Program Files\dotnet\sdk\8.0.202\Extensions\Microsoft.TestPlatform.TestHostRuntimeProvider.dll
C:\Program Files\dotnet\sdk\8.0.202\Extensions\Microsoft.VisualStudio.TestPlatform.Extensions.Html.TestLogger.dll
C:\Program Files\dotnet\sdk\8.0.202\Extensions\Microsoft.VisualStudio.TestPlatform.Extensions.Trx.TestLogger.dll
TpTrace Verbose: 0 : 5296, 1, 2024/05/29, 17:55:59.284, 3865812162901, vstest.console.dll, TestPluginCache.GetExtensionPaths: Added unfilterableExtensionPaths: 
TpTrace Information: 0 : 5296, 1, 2024/05/29, 17:55:59.284, 3865812167027, vstest.console.dll, AssemblyResolver.ctor: Creating AssemblyResolver with searchDirectories C:\Program Files\dotnet\sdk\8.0.202\Extensions,C:\Program Files\dotnet\sdk\8.0.202
TpTrace Verbose: 0 : 5296, 1, 2024/05/29, 17:55:59.285, 3865812178709, vstest.console.dll, TestPluginCache.DiscoverTestExtensions: Discovering the extensions using extension path.
TpTrace Verbose: 0 : 5296, 1, 2024/05/29, 17:55:59.285, 3865812179883, vstest.console.dll, TestPluginCache.GetExtensionPaths: Filtered extension paths: 
TpTrace Verbose: 0 : 5296, 1, 2024/05/29, 17:55:59.285, 3865812180277, vstest.console.dll, TestPluginCache.GetExtensionPaths: Added default extension paths: C:\Program Files\dotnet\sdk\8.0.202\Extensions\Microsoft.Diagnostics.NETCore.Client.dll
C:\Program Files\dotnet\sdk\8.0.202\Extensions\Microsoft.TestPlatform.Extensions.BlameDataCollector.dll
C:\Program Files\dotnet\sdk\8.0.202\Extensions\Microsoft.TestPlatform.Extensions.EventLogCollector.dll
C:\Program Files\dotnet\sdk\8.0.202\Extensions\Microsoft.TestPlatform.TestHostRuntimeProvider.dll
C:\Program Files\dotnet\sdk\8.0.202\Extensions\Microsoft.VisualStudio.TestPlatform.Extensions.Html.TestLogger.dll
C:\Program Files\dotnet\sdk\8.0.202\Extensions\Microsoft.VisualStudio.TestPlatform.Extensions.Trx.TestLogger.dll
TpTrace Verbose: 0 : 5296, 1, 2024/05/29, 17:55:59.285, 3865812180540, vstest.console.dll, TestPluginCache.GetExtensionPaths: Added unfilterableExtensionPaths: 
TpTrace Verbose: 0 : 5296, 1, 2024/05/29, 17:55:59.285, 3865812181051, vstest.console.dll, TestPluginCache.DiscoverTestExtensions: Discovering the extensions using allExtensionPaths: C:\Program Files\dotnet\sdk\8.0.202\Extensions\Microsoft.Diagnostics.NETCore.Client.dll
C:\Program Files\dotnet\sdk\8.0.202\Extensions\Microsoft.TestPlatform.Extensions.BlameDataCollector.dll
C:\Program Files\dotnet\sdk\8.0.202\Extensions\Microsoft.TestPlatform.Extensions.EventLogCollector.dll
C:\Program Files\dotnet\sdk\8.0.202\Extensions\Microsoft.TestPlatform.TestHostRuntimeProvider.dll
C:\Program Files\dotnet\sdk\8.0.202\Extensions\Microsoft.VisualStudio.TestPlatform.Extensions.Html.TestLogger.dll
C:\Program Files\dotnet\sdk\8.0.202\Extensions\Microsoft.VisualStudio.TestPlatform.Extensions.Trx.TestLogger.dll
TpTrace Information: 0 : 5296, 1, 2024/05/29, 17:55:59.285, 3865812182316, vstest.console.dll, AssemblyResolver.AddSearchDirectories: Adding more searchDirectories C:\Program Files\dotnet\sdk\8.0.202\Extensions,C:\Program Files\dotnet\sdk\8.0.202
TpTrace Information: 0 : 5296, 1, 2024/05/29, 17:55:59.285, 3865812182766, vstest.console.dll, AssemblyResolver.AddSearchDirectories: Adding more searchDirectories C:\Program Files\dotnet\sdk\8.0.202\Extensions,C:\Program Files\dotnet\sdk\8.0.202
TpTrace Information: 0 : 5296, 1, 2024/05/29, 17:55:59.286, 3865812183078, vstest.console.dll, AssemblyResolver.AddSearchDirectories: Adding more searchDirectories C:\Program Files\dotnet\sdk\8.0.202\Extensions,C:\Program Files\dotnet\sdk\8.0.202
TpTrace Information: 0 : 5296, 1, 2024/05/29, 17:55:59.286, 3865812183349, vstest.console.dll, AssemblyResolver.AddSearchDirectories: Adding more searchDirectories C:\Program Files\dotnet\sdk\8.0.202\Extensions,C:\Program Files\dotnet\sdk\8.0.202
TpTrace Information: 0 : 5296, 1, 2024/05/29, 17:55:59.286, 3865812183588, vstest.console.dll, AssemblyResolver.AddSearchDirectories: Adding more searchDirectories C:\Program Files\dotnet\sdk\8.0.202\Extensions,C:\Program Files\dotnet\sdk\8.0.202
TpTrace Information: 0 : 5296, 1, 2024/05/29, 17:55:59.286, 3865812183865, vstest.console.dll, AssemblyResolver.AddSearchDirectories: Adding more searchDirectories C:\Program Files\dotnet\sdk\8.0.202\Extensions,C:\Program Files\dotnet\sdk\8.0.202
TpTrace Information: 0 : 5296, 1, 2024/05/29, 17:55:59.286, 3865812187622, vstest.console.dll, AssemblyResolver.OnResolve: Microsoft.Diagnostics.NETCore.Client: Resolving assembly.
TpTrace Information: 0 : 5296, 1, 2024/05/29, 17:55:59.286, 3865812188275, vstest.console.dll, AssemblyResolver.OnResolve: Microsoft.Diagnostics.NETCore.Client: Searching in: 'C:\Program Files\dotnet\sdk\8.0.202\Extensions'.
TpTrace Information: 0 : 5296, 1, 2024/05/29, 17:55:59.292, 3865812246010, vstest.console.dll, AssemblyResolver.OnResolve: Microsoft.Diagnostics.NETCore.Client: Loading assembly 'C:\Program Files\dotnet\sdk\8.0.202\Extensions\Microsoft.Diagnostics.NETCore.Client.dll'.
TpTrace Information: 0 : 5296, 1, 2024/05/29, 17:55:59.292, 3865812252089, vstest.console.dll, AssemblyResolver.OnResolve: Resolved assembly: Microsoft.Diagnostics.NETCore.Client, from path: C:\Program Files\dotnet\sdk\8.0.202\Extensions\Microsoft.Diagnostics.NETCore.Client.dll
TpTrace Verbose: 0 : 5296, 1, 2024/05/29, 17:55:59.296, 3865812286240, vstest.console.dll, MetadataReaderExtensionsHelper: Discovering extensions inside assembly 'Microsoft.Diagnostics.NETCore.Client, Version=0.2.9.2401, Culture=neutral, PublicKeyToken=31bf3856ad364e35' file path 'C:\Program Files\dotnet\sdk\8.0.202\Extensions\Microsoft.Diagnostics.NETCore.Client.dll'
TpTrace Information: 0 : 5296, 1, 2024/05/29, 17:55:59.299, 3865812315696, vstest.console.dll, AssemblyResolver.OnResolve: Microsoft.Bcl.AsyncInterfaces: Resolving assembly.
TpTrace Information: 0 : 5296, 1, 2024/05/29, 17:55:59.299, 3865812316388, vstest.console.dll, AssemblyResolver.OnResolve: Microsoft.Bcl.AsyncInterfaces: Searching in: 'C:\Program Files\dotnet\sdk\8.0.202\Extensions'.
TpTrace Information: 0 : 5296, 1, 2024/05/29, 17:55:59.299, 3865812317068, vstest.console.dll, AssemblyResolver.OnResolve: Microsoft.Bcl.AsyncInterfaces: Assembly path does not exist: 'C:\Program Files\dotnet\sdk\8.0.202\Extensions\Microsoft.Bcl.AsyncInterfaces.dll', returning.
TpTrace Information: 0 : 5296, 1, 2024/05/29, 17:55:59.299, 3865812317923, vstest.console.dll, AssemblyResolver.OnResolve: Microsoft.Bcl.AsyncInterfaces: Assembly path does not exist: 'C:\Program Files\dotnet\sdk\8.0.202\Extensions\Microsoft.Bcl.AsyncInterfaces.exe', returning.
TpTrace Information: 0 : 5296, 1, 2024/05/29, 17:55:59.299, 3865812318246, vstest.console.dll, AssemblyResolver.OnResolve: Microsoft.Bcl.AsyncInterfaces: Searching in: 'C:\Program Files\dotnet\sdk\8.0.202'.
TpTrace Information: 0 : 5296, 1, 2024/05/29, 17:55:59.299, 3865812318680, vstest.console.dll, AssemblyResolver.OnResolve: Microsoft.Bcl.AsyncInterfaces: Assembly path does not exist: 'C:\Program Files\dotnet\sdk\8.0.202\Microsoft.Bcl.AsyncInterfaces.dll', returning.
TpTrace Information: 0 : 5296, 1, 2024/05/29, 17:55:59.299, 3865812319050, vstest.console.dll, AssemblyResolver.OnResolve: Microsoft.Bcl.AsyncInterfaces: Assembly path does not exist: 'C:\Program Files\dotnet\sdk\8.0.202\Microsoft.Bcl.AsyncInterfaces.exe', returning.
TpTrace Information: 0 : 5296, 1, 2024/05/29, 17:55:59.299, 3865812319266, vstest.console.dll, AssemblyResolver.OnResolve: Microsoft.Bcl.AsyncInterfaces: Failed to load assembly.
TpTrace Verbose: 0 : 5296, 1, 2024/05/29, 17:55:59.299, 3865812319628, vstest.console.dll, CurrentDomainAssemblyResolve: Resolving assembly 'Microsoft.Bcl.AsyncInterfaces'.
TpTrace Information: 0 : 5296, 1, 2024/05/29, 17:55:59.299, 3865812320076, vstest.console.dll, AssemblyResolver.OnResolve: Microsoft.Bcl.AsyncInterfaces: Resolving assembly.
TpTrace Information: 0 : 5296, 1, 2024/05/29, 17:55:59.299, 3865812320354, vstest.console.dll, AssemblyResolver.OnResolve: Microsoft.Bcl.AsyncInterfaces: Resolved from cache.
TpTrace Verbose: 0 : 5296, 1, 2024/05/29, 17:55:59.299, 3865812320559, vstest.console.dll, CurrentDomainAssemblyResolve: Resolving assembly 'Microsoft.Bcl.AsyncInterfaces'.
TpTrace Verbose: 0 : 5296, 1, 2024/05/29, 17:55:59.299, 3865812320802, vstest.console.dll, CurrentDomainAssemblyResolve: Failed to resolve assembly 'Microsoft.Bcl.AsyncInterfaces'.
TpTrace Verbose: 0 : 5296, 1, 2024/05/29, 17:55:59.300, 3865812325711, vstest.console.dll, CurrentDomainAssemblyResolve: Failed to resolve assembly 'Microsoft.Bcl.AsyncInterfaces'.
TpTrace Warning: 0 : 5296, 1, 2024/05/29, 17:55:59.308, 3865812406706, vstest.console.dll, TestPluginDiscoverer: Failed to get types from assembly 'Microsoft.Diagnostics.NETCore.Client, Version=0.2.9.2401, Culture=neutral, PublicKeyToken=31bf3856ad364e35'. Error: System.Reflection.ReflectionTypeLoadException: Unable to load one or more of the requested types.
Could not load file or assembly 'Microsoft.Bcl.AsyncInterfaces, Version=6.0.0.0, Culture=neutral, PublicKeyToken=cc7b13ffcd2ddd51'. The system cannot find the file specified.
   at System.Reflection.RuntimeModule.GetTypes(RuntimeModule module)
   at System.Reflection.RuntimeModule.GetTypes()
   at Microsoft.VisualStudio.TestPlatform.Common.ExtensionFramework.TestPluginDiscoverer.GetTestExtensionsFromAssembly[TPluginInfo,TExtension](Assembly assembly, Dictionary`2 pluginInfos, String filePath) in /_/src/Microsoft.TestPlatform.Common/ExtensionFramework/TestPluginDiscoverer.cs:line 158
System.IO.FileNotFoundException: Could not load file or assembly 'Microsoft.Bcl.AsyncInterfaces, Version=6.0.0.0, Culture=neutral, PublicKeyToken=cc7b13ffcd2ddd51'. The system cannot find the file specified.
File name: 'Microsoft.Bcl.AsyncInterfaces, Version=6.0.0.0, Culture=neutral, PublicKeyToken=cc7b13ffcd2ddd51'
 ---> System.IO.FileNotFoundException: Could not load file or assembly 'Microsoft.Bcl.AsyncInterfaces, Culture=neutral, PublicKeyToken=null'. The system cannot find the file specified.
File name: 'Microsoft.Bcl.AsyncInterfaces, Culture=neutral, PublicKeyToken=null'
   at System.Reflection.RuntimeAssembly.InternalLoad(AssemblyName assemblyName, StackCrawlMark& stackMark, AssemblyLoadContext assemblyLoadContext, RuntimeAssembly requestingAssembly, Boolean throwOnFileNotFound)
   at System.Reflection.Assembly.Load(AssemblyName assemblyRef)
   at Microsoft.VisualStudio.TestPlatform.Common.ExtensionFramework.TestPluginCache.CurrentDomainAssemblyResolve(Object sender, AssemblyResolveEventArgs args) in /_/src/Microsoft.TestPlatform.Common/ExtensionFramework/TestPluginCache.cs:line 513
   at System.Runtime.Loader.AssemblyLoadContext.GetFirstResolvedAssemblyFromResolvingEvent(AssemblyName assemblyName)
   at System.Runtime.Loader.AssemblyLoadContext.ResolveUsingEvent(AssemblyName assemblyName)
   at System.Runtime.Loader.AssemblyLoadContext.ResolveUsingResolvingEvent(IntPtr gchManagedAssemblyLoadContext, AssemblyName assemblyName)
TpTrace Warning: 0 : 5296, 1, 2024/05/29, 17:55:59.308, 3865812409990, vstest.console.dll, LoaderExceptions: System.IO.FileNotFoundException: Could not load file or assembly 'Microsoft.Bcl.AsyncInterfaces, Version=6.0.0.0, Culture=neutral, PublicKeyToken=cc7b13ffcd2ddd51'. The system cannot find the file specified.
File name: 'Microsoft.Bcl.AsyncInterfaces, Version=6.0.0.0, Culture=neutral, PublicKeyToken=cc7b13ffcd2ddd51'
 ---> System.IO.FileNotFoundException: Could not load file or assembly 'Microsoft.Bcl.AsyncInterfaces, Culture=neutral, PublicKeyToken=null'. The system cannot find the file specified.
File name: 'Microsoft.Bcl.AsyncInterfaces, Culture=neutral, PublicKeyToken=null'
   at System.Reflection.RuntimeAssembly.InternalLoad(AssemblyName assemblyName, StackCrawlMark& stackMark, AssemblyLoadContext assemblyLoadContext, RuntimeAssembly requestingAssembly, Boolean throwOnFileNotFound)
   at System.Reflection.Assembly.Load(AssemblyName assemblyRef)
   at Microsoft.VisualStudio.TestPlatform.Common.ExtensionFramework.TestPluginCache.CurrentDomainAssemblyResolve(Object sender, AssemblyResolveEventArgs args) in /_/src/Microsoft.TestPlatform.Common/ExtensionFramework/TestPluginCache.cs:line 513
   at System.Runtime.Loader.AssemblyLoadContext.GetFirstResolvedAssemblyFromResolvingEvent(AssemblyName assemblyName)
   at System.Runtime.Loader.AssemblyLoadContext.ResolveUsingEvent(AssemblyName assemblyName)
   at System.Runtime.Loader.AssemblyLoadContext.ResolveUsingResolvingEvent(IntPtr gchManagedAssemblyLoadContext, AssemblyName assemblyName)
TpTrace Information: 0 : 5296, 1, 2024/05/29, 17:55:59.308, 3865812411325, vstest.console.dll, AssemblyResolver.OnResolve: Microsoft.TestPlatform.Extensions.BlameDataCollector: Resolving assembly.
TpTrace Information: 0 : 5296, 1, 2024/05/29, 17:55:59.308, 3865812411697, vstest.console.dll, AssemblyResolver.OnResolve: Microsoft.TestPlatform.Extensions.BlameDataCollector: Searching in: 'C:\Program Files\dotnet\sdk\8.0.202\Extensions'.
TpTrace Information: 0 : 5296, 1, 2024/05/29, 17:55:59.309, 3865812414772, vstest.console.dll, AssemblyResolver.OnResolve: Microsoft.TestPlatform.Extensions.BlameDataCollector: Loading assembly 'C:\Program Files\dotnet\sdk\8.0.202\Extensions\Microsoft.TestPlatform.Extensions.BlameDataCollector.dll'.
TpTrace Information: 0 : 5296, 1, 2024/05/29, 17:55:59.309, 3865812420383, vstest.console.dll, AssemblyResolver.OnResolve: Resolved assembly: Microsoft.TestPlatform.Extensions.BlameDataCollector, from path: C:\Program Files\dotnet\sdk\8.0.202\Extensions\Microsoft.TestPlatform.Extensions.BlameDataCollector.dll
TpTrace Verbose: 0 : 5296, 1, 2024/05/29, 17:55:59.309, 3865812421191, vstest.console.dll, MetadataReaderExtensionsHelper: Discovering extensions inside assembly 'Microsoft.TestPlatform.Extensions.BlameDataCollector, Version=15.0.0.0, Culture=neutral, PublicKeyToken=b03f5f7f11d50a3a' file path 'C:\Program Files\dotnet\sdk\8.0.202\Extensions\Microsoft.TestPlatform.Extensions.BlameDataCollector.dll'
TpTrace Information: 0 : 5296, 1, 2024/05/29, 17:55:59.311, 3865812434425, vstest.console.dll, AssemblyResolver.OnResolve: Microsoft.TestPlatform.Extensions.EventLogCollector: Resolving assembly.
TpTrace Information: 0 : 5296, 1, 2024/05/29, 17:55:59.311, 3865812434996, vstest.console.dll, AssemblyResolver.OnResolve: Microsoft.TestPlatform.Extensions.EventLogCollector: Searching in: 'C:\Program Files\dotnet\sdk\8.0.202\Extensions'.
TpTrace Information: 0 : 5296, 1, 2024/05/29, 17:55:59.311, 3865812437518, vstest.console.dll, AssemblyResolver.OnResolve: Microsoft.TestPlatform.Extensions.EventLogCollector: Loading assembly 'C:\Program Files\dotnet\sdk\8.0.202\Extensions\Microsoft.TestPlatform.Extensions.EventLogCollector.dll'.
TpTrace Information: 0 : 5296, 1, 2024/05/29, 17:55:59.311, 3865812441509, vstest.console.dll, AssemblyResolver.OnResolve: Resolved assembly: Microsoft.TestPlatform.Extensions.EventLogCollector, from path: C:\Program Files\dotnet\sdk\8.0.202\Extensions\Microsoft.TestPlatform.Extensions.EventLogCollector.dll
TpTrace Verbose: 0 : 5296, 1, 2024/05/29, 17:55:59.311, 3865812442105, vstest.console.dll, MetadataReaderExtensionsHelper: Discovering extensions inside assembly 'Microsoft.TestPlatform.Extensions.EventLogCollector, Version=15.0.0.0, Culture=neutral, PublicKeyToken=b03f5f7f11d50a3a' file path 'C:\Program Files\dotnet\sdk\8.0.202\Extensions\Microsoft.TestPlatform.Extensions.EventLogCollector.dll'
TpTrace Information: 0 : 5296, 1, 2024/05/29, 17:55:59.314, 3865812462913, vstest.console.dll, AssemblyResolver.OnResolve: Microsoft.TestPlatform.TestHostRuntimeProvider: Resolving assembly.
TpTrace Information: 0 : 5296, 1, 2024/05/29, 17:55:59.314, 3865812463671, vstest.console.dll, AssemblyResolver.OnResolve: Microsoft.TestPlatform.TestHostRuntimeProvider: Searching in: 'C:\Program Files\dotnet\sdk\8.0.202\Extensions'.
TpTrace Information: 0 : 5296, 1, 2024/05/29, 17:55:59.314, 3865812465734, vstest.console.dll, AssemblyResolver.OnResolve: Microsoft.TestPlatform.TestHostRuntimeProvider: Loading assembly 'C:\Program Files\dotnet\sdk\8.0.202\Extensions\Microsoft.TestPlatform.TestHostRuntimeProvider.dll'.
TpTrace Information: 0 : 5296, 1, 2024/05/29, 17:55:59.314, 3865812469575, vstest.console.dll, AssemblyResolver.OnResolve: Resolved assembly: Microsoft.TestPlatform.TestHostRuntimeProvider, from path: C:\Program Files\dotnet\sdk\8.0.202\Extensions\Microsoft.TestPlatform.TestHostRuntimeProvider.dll
TpTrace Verbose: 0 : 5296, 1, 2024/05/29, 17:55:59.314, 3865812470153, vstest.console.dll, MetadataReaderExtensionsHelper: Discovering extensions inside assembly 'Microsoft.TestPlatform.TestHostRuntimeProvider, Version=15.0.0.0, Culture=neutral, PublicKeyToken=b03f5f7f11d50a3a' file path 'C:\Program Files\dotnet\sdk\8.0.202\Extensions\Microsoft.TestPlatform.TestHostRuntimeProvider.dll'
TpTrace Information: 0 : 5296, 1, 2024/05/29, 17:55:59.315, 3865812481006, vstest.console.dll, GetTestExtensionFromType: Register extension with identifier data 'HostProvider://DefaultTestHost' and type 'Microsoft.VisualStudio.TestPlatform.CrossPlatEngine.Hosting.DefaultTestHostManager, Microsoft.TestPlatform.TestHostRuntimeProvider, Version=15.0.0.0, Culture=neutral, PublicKeyToken=b03f5f7f11d50a3a' inside file 'C:\Program Files\dotnet\sdk\8.0.202\Extensions\Microsoft.TestPlatform.TestHostRuntimeProvider.dll'
TpTrace Information: 0 : 5296, 1, 2024/05/29, 17:55:59.316, 3865812482949, vstest.console.dll, GetTestExtensionFromType: Register extension with identifier data 'HostProvider://DotnetTestHost' and type 'Microsoft.VisualStudio.TestPlatform.CrossPlatEngine.Hosting.DotnetTestHostManager, Microsoft.TestPlatform.TestHostRuntimeProvider, Version=15.0.0.0, Culture=neutral, PublicKeyToken=b03f5f7f11d50a3a' inside file 'C:\Program Files\dotnet\sdk\8.0.202\Extensions\Microsoft.TestPlatform.TestHostRuntimeProvider.dll'
TpTrace Information: 0 : 5296, 1, 2024/05/29, 17:55:59.316, 3865812483613, vstest.console.dll, AssemblyResolver.OnResolve: Microsoft.VisualStudio.TestPlatform.Extensions.Html.TestLogger: Resolving assembly.
TpTrace Information: 0 : 5296, 1, 2024/05/29, 17:55:59.316, 3865812483882, vstest.console.dll, AssemblyResolver.OnResolve: Microsoft.VisualStudio.TestPlatform.Extensions.Html.TestLogger: Searching in: 'C:\Program Files\dotnet\sdk\8.0.202\Extensions'.
TpTrace Information: 0 : 5296, 1, 2024/05/29, 17:55:59.316, 3865812485902, vstest.console.dll, AssemblyResolver.OnResolve: Microsoft.VisualStudio.TestPlatform.Extensions.Html.TestLogger: Loading assembly 'C:\Program Files\dotnet\sdk\8.0.202\Extensions\Microsoft.VisualStudio.TestPlatform.Extensions.Html.TestLogger.dll'.
TpTrace Information: 0 : 5296, 1, 2024/05/29, 17:55:59.316, 3865812489966, vstest.console.dll, AssemblyResolver.OnResolve: Resolved assembly: Microsoft.VisualStudio.TestPlatform.Extensions.Html.TestLogger, from path: C:\Program Files\dotnet\sdk\8.0.202\Extensions\Microsoft.VisualStudio.TestPlatform.Extensions.Html.TestLogger.dll
TpTrace Verbose: 0 : 5296, 1, 2024/05/29, 17:55:59.316, 3865812490578, vstest.console.dll, MetadataReaderExtensionsHelper: Discovering extensions inside assembly 'Microsoft.VisualStudio.TestPlatform.Extensions.Html.TestLogger, Version=15.0.0.0, Culture=neutral, PublicKeyToken=b03f5f7f11d50a3a' file path 'C:\Program Files\dotnet\sdk\8.0.202\Extensions\Microsoft.VisualStudio.TestPlatform.Extensions.Html.TestLogger.dll'
TpTrace Information: 0 : 5296, 1, 2024/05/29, 17:55:59.317, 3865812495332, vstest.console.dll, AssemblyResolver.OnResolve: Microsoft.VisualStudio.TestPlatform.Extensions.Trx.TestLogger: Resolving assembly.
TpTrace Information: 0 : 5296, 1, 2024/05/29, 17:55:59.317, 3865812495768, vstest.console.dll, AssemblyResolver.OnResolve: Microsoft.VisualStudio.TestPlatform.Extensions.Trx.TestLogger: Searching in: 'C:\Program Files\dotnet\sdk\8.0.202\Extensions'.
TpTrace Information: 0 : 5296, 1, 2024/05/29, 17:55:59.317, 3865812497476, vstest.console.dll, AssemblyResolver.OnResolve: Microsoft.VisualStudio.TestPlatform.Extensions.Trx.TestLogger: Loading assembly 'C:\Program Files\dotnet\sdk\8.0.202\Extensions\Microsoft.VisualStudio.TestPlatform.Extensions.Trx.TestLogger.dll'.
TpTrace Information: 0 : 5296, 1, 2024/05/29, 17:55:59.317, 3865812501519, vstest.console.dll, AssemblyResolver.OnResolve: Resolved assembly: Microsoft.VisualStudio.TestPlatform.Extensions.Trx.TestLogger, from path: C:\Program Files\dotnet\sdk\8.0.202\Extensions\Microsoft.VisualStudio.TestPlatform.Extensions.Trx.TestLogger.dll
TpTrace Verbose: 0 : 5296, 1, 2024/05/29, 17:55:59.317, 3865812501999, vstest.console.dll, MetadataReaderExtensionsHelper: Discovering extensions inside assembly 'Microsoft.VisualStudio.TestPlatform.Extensions.Trx.TestLogger, Version=15.0.0.0, Culture=neutral, PublicKeyToken=b03f5f7f11d50a3a' file path 'C:\Program Files\dotnet\sdk\8.0.202\Extensions\Microsoft.VisualStudio.TestPlatform.Extensions.Trx.TestLogger.dll'
TpTrace Verbose: 0 : 5296, 1, 2024/05/29, 17:55:59.318, 3865812508572, vstest.console.dll, TestPluginCache: Discovered the extensions using extension path ''.
TpTrace Verbose: 0 : 5296, 1, 2024/05/29, 17:55:59.318, 3865812509190, vstest.console.dll, TestPluginCache: Discoverers are ''.
TpTrace Verbose: 0 : 5296, 1, 2024/05/29, 17:55:59.318, 3865812509427, vstest.console.dll, TestPluginCache: Executors are ''.
TpTrace Verbose: 0 : 5296, 1, 2024/05/29, 17:55:59.318, 3865812509623, vstest.console.dll, TestPluginCache: Executors2 are ''.
TpTrace Verbose: 0 : 5296, 1, 2024/05/29, 17:55:59.318, 3865812509815, vstest.console.dll, TestPluginCache: Setting providers are ''.
TpTrace Verbose: 0 : 5296, 1, 2024/05/29, 17:55:59.318, 3865812510007, vstest.console.dll, TestPluginCache: Loggers are ''.
TpTrace Verbose: 0 : 5296, 1, 2024/05/29, 17:55:59.318, 3865812511226, vstest.console.dll, TestPluginCache: TestHosts are 'HostProvider://DefaultTestHost,HostProvider://DotnetTestHost'.
TpTrace Verbose: 0 : 5296, 1, 2024/05/29, 17:55:59.318, 3865812511511, vstest.console.dll, TestPluginCache: DataCollectors are ''.
TpTrace Information: 0 : 5296, 1, 2024/05/29, 17:55:59.328, 3865812612366, vstest.console.dll, RunTestsArgumentProcessor:Execute: Test run is starting.
TpTrace Verbose: 0 : 5296, 1, 2024/05/29, 17:55:59.329, 3865812613573, vstest.console.dll, RunTestsArgumentProcessor:Execute: Queuing Test run.
TpTrace Information: 0 : 5296, 1, 2024/05/29, 17:55:59.329, 3865812617139, vstest.console.dll, TestRequestManager.RunTests: run tests started.
TpTrace Information: 0 : 5296, 1, 2024/05/29, 17:55:59.331, 3865812634813, vstest.console.dll, AssemblyMetadataProvider.GetFrameworkName: Determined framework:'.NETCoreApp,Version=v6.0' for source: 'C:\MiniProject\HotelBookingSystemSolution\HotelBookingRepositoryTests\bin\Debug\net6.0\fine-code-coverage\build-output\HotelBookingRepositoryTests.dll'
TpTrace Information: 0 : 5296, 1, 2024/05/29, 17:55:59.331, 3865812636146, vstest.console.dll, Determined framework for all sources: .NETCoreApp,Version=v6.0
TpTrace Verbose: 0 : 5296, 1, 2024/05/29, 17:55:59.331, 3865812638762, vstest.console.dll, TestRequestManager.UpdateRunSettingsIfRequired: Default architecture: X64 IsDefaultTargetArchitecture: True, Current process architecture: X64 OperatingSystem: Windows.
TpTrace Information: 0 : 5296, 1, 2024/05/29, 17:55:59.332, 3865812650955, vstest.console.dll, AssemblyMetadataProvider.GetArchitecture: Determined architecture:AnyCPU info for assembly: C:\MiniProject\HotelBookingSystemSolution\HotelBookingRepositoryTests\bin\Debug\net6.0\fine-code-coverage\build-output\HotelBookingRepositoryTests.dll
TpTrace Information: 0 : 5296, 1, 2024/05/29, 17:55:59.332, 3865812651389, vstest.console.dll, Determined platform for source 'C:\MiniProject\HotelBookingSystemSolution\HotelBookingRepositoryTests\bin\Debug\net6.0\fine-code-coverage\build-output\HotelBookingRepositoryTests.dll' was AnyCPU and it will use the default plaform X64.
TpTrace Information: 0 : 5296, 1, 2024/05/29, 17:55:59.332, 3865812651615, vstest.console.dll, None of the sources provided any runnable platform, using the default platform: X64
TpTrace Information: 0 : 5296, 1, 2024/05/29, 17:55:59.332, 3865812652291, vstest.console.dll, Platform was updated to 'X64'.
TpTrace Information: 0 : 5296, 1, 2024/05/29, 17:55:59.335, 3865812674342, vstest.console.dll, InferRunSettingsHelper.IsTestSettingsEnabled: Unable to navigate to RunSettings/MSTest. Current node: RunSettings
TpTrace Information: 0 : 5296, 1, 2024/05/29, 17:55:59.335, 3865812678821, vstest.console.dll, AssemblyResolver.OnResolve: Microsoft.VisualStudio.TestPlatform.Fakes: Resolving assembly.
TpTrace Information: 0 : 5296, 1, 2024/05/29, 17:55:59.335, 3865812679394, vstest.console.dll, AssemblyResolver.OnResolve: Microsoft.VisualStudio.TestPlatform.Fakes: Searching in: 'C:\Program Files\dotnet\sdk\8.0.202\Extensions'.
TpTrace Information: 0 : 5296, 1, 2024/05/29, 17:55:59.335, 3865812680189, vstest.console.dll, AssemblyResolver.OnResolve: Microsoft.VisualStudio.TestPlatform.Fakes: Assembly path does not exist: 'C:\Program Files\dotnet\sdk\8.0.202\Extensions\Microsoft.VisualStudio.TestPlatform.Fakes.dll', returning.
TpTrace Information: 0 : 5296, 1, 2024/05/29, 17:55:59.335, 3865812680610, vstest.console.dll, AssemblyResolver.OnResolve: Microsoft.VisualStudio.TestPlatform.Fakes: Assembly path does not exist: 'C:\Program Files\dotnet\sdk\8.0.202\Extensions\Microsoft.VisualStudio.TestPlatform.Fakes.exe', returning.
TpTrace Information: 0 : 5296, 1, 2024/05/29, 17:55:59.335, 3865812680876, vstest.console.dll, AssemblyResolver.OnResolve: Microsoft.VisualStudio.TestPlatform.Fakes: Searching in: 'C:\Program Files\dotnet\sdk\8.0.202'.
TpTrace Information: 0 : 5296, 1, 2024/05/29, 17:55:59.335, 3865812681300, vstest.console.dll, AssemblyResolver.OnResolve: Microsoft.VisualStudio.TestPlatform.Fakes: Assembly path does not exist: 'C:\Program Files\dotnet\sdk\8.0.202\Microsoft.VisualStudio.TestPlatform.Fakes.dll', returning.
TpTrace Information: 0 : 5296, 1, 2024/05/29, 17:55:59.335, 3865812681670, vstest.console.dll, AssemblyResolver.OnResolve: Microsoft.VisualStudio.TestPlatform.Fakes: Assembly path does not exist: 'C:\Program Files\dotnet\sdk\8.0.202\Microsoft.VisualStudio.TestPlatform.Fakes.exe', returning.
TpTrace Information: 0 : 5296, 1, 2024/05/29, 17:55:59.335, 3865812681885, vstest.console.dll, AssemblyResolver.OnResolve: Microsoft.VisualStudio.TestPlatform.Fakes: Failed to load assembly.
TpTrace Information: 0 : 5296, 1, 2024/05/29, 17:55:59.336, 3865812683889, vstest.console.dll, Failed to load assembly Microsoft.VisualStudio.TestPlatform.Fakes, Version=17.0.0.0, Culture=neutral. Reason:System.IO.FileNotFoundException: Could not load file or assembly 'Microsoft.VisualStudio.TestPlatform.Fakes, Version=17.0.0.0, Culture=neutral, PublicKeyToken=null'. The system cannot find the file specified.
File name: 'Microsoft.VisualStudio.TestPlatform.Fakes, Version=17.0.0.0, Culture=neutral, PublicKeyToken=null'
   at System.Reflection.RuntimeAssembly.InternalLoad(AssemblyName assemblyName, StackCrawlMark& stackMark, AssemblyLoadContext assemblyLoadContext, RuntimeAssembly requestingAssembly, Boolean throwOnFileNotFound)
   at System.Reflection.Assembly.Load(AssemblyName assemblyRef)
   at Microsoft.VisualStudio.TestPlatform.Common.Utilities.FakesUtilities.LoadTestPlatformAssembly() in /_/src/Microsoft.TestPlatform.Common/Utilities/FakesUtilities.cs:line 272
TpTrace Verbose: 0 : 5296, 1, 2024/05/29, 17:55:59.339, 3865812717084, vstest.console.dll, TestPluginCache.DiscoverTestExtensions: finding test extensions in assemblies ends with: TestLogger.dll TPluginInfo: Microsoft.VisualStudio.TestPlatform.Common.ExtensionFramework.Utilities.TestLoggerPluginInformation TExtension: Microsoft.VisualStudio.TestPlatform.ObjectModel.Client.ITestLogger
TpTrace Verbose: 0 : 5296, 1, 2024/05/29, 17:55:59.339, 3865812718685, vstest.console.dll, TestPluginCache.GetExtensionPaths: Filtered extension paths: 
TpTrace Verbose: 0 : 5296, 1, 2024/05/29, 17:55:59.339, 3865812719072, vstest.console.dll, TestPluginCache.GetExtensionPaths: Added default extension paths: C:\Program Files\dotnet\sdk\8.0.202\Extensions\Microsoft.Diagnostics.NETCore.Client.dll
C:\Program Files\dotnet\sdk\8.0.202\Extensions\Microsoft.TestPlatform.Extensions.BlameDataCollector.dll
C:\Program Files\dotnet\sdk\8.0.202\Extensions\Microsoft.TestPlatform.Extensions.EventLogCollector.dll
C:\Program Files\dotnet\sdk\8.0.202\Extensions\Microsoft.TestPlatform.TestHostRuntimeProvider.dll
C:\Program Files\dotnet\sdk\8.0.202\Extensions\Microsoft.VisualStudio.TestPlatform.Extensions.Html.TestLogger.dll
C:\Program Files\dotnet\sdk\8.0.202\Extensions\Microsoft.VisualStudio.TestPlatform.Extensions.Trx.TestLogger.dll
TpTrace Verbose: 0 : 5296, 1, 2024/05/29, 17:55:59.339, 3865812719367, vstest.console.dll, TestPluginCache.GetExtensionPaths: Added unfilterableExtensionPaths: 
TpTrace Information: 0 : 5296, 1, 2024/05/29, 17:55:59.339, 3865812720667, vstest.console.dll, AssemblyResolver.AddSearchDirectories: Adding more searchDirectories C:\Program Files\dotnet\sdk\8.0.202\Extensions,C:\Program Files\dotnet\sdk\8.0.202
TpTrace Verbose: 0 : 5296, 1, 2024/05/29, 17:55:59.339, 3865812721092, vstest.console.dll, TestPluginCache.DiscoverTestExtensions: Discovering the extensions using extension path.
TpTrace Verbose: 0 : 5296, 1, 2024/05/29, 17:55:59.339, 3865812721498, vstest.console.dll, TestPluginCache.GetExtensionPaths: Filtered extension paths: 
TpTrace Verbose: 0 : 5296, 1, 2024/05/29, 17:55:59.339, 3865812721887, vstest.console.dll, TestPluginCache.GetExtensionPaths: Added default extension paths: C:\Program Files\dotnet\sdk\8.0.202\Extensions\Microsoft.Diagnostics.NETCore.Client.dll
C:\Program Files\dotnet\sdk\8.0.202\Extensions\Microsoft.TestPlatform.Extensions.BlameDataCollector.dll
C:\Program Files\dotnet\sdk\8.0.202\Extensions\Microsoft.TestPlatform.Extensions.EventLogCollector.dll
C:\Program Files\dotnet\sdk\8.0.202\Extensions\Microsoft.TestPlatform.TestHostRuntimeProvider.dll
C:\Program Files\dotnet\sdk\8.0.202\Extensions\Microsoft.VisualStudio.TestPlatform.Extensions.Html.TestLogger.dll
C:\Program Files\dotnet\sdk\8.0.202\Extensions\Microsoft.VisualStudio.TestPlatform.Extensions.Trx.TestLogger.dll
TpTrace Verbose: 0 : 5296, 1, 2024/05/29, 17:55:59.339, 3865812722184, vstest.console.dll, TestPluginCache.GetExtensionPaths: Added unfilterableExtensionPaths: 
TpTrace Verbose: 0 : 5296, 1, 2024/05/29, 17:55:59.339, 3865812722527, vstest.console.dll, TestPluginCache.DiscoverTestExtensions: Discovering the extensions using allExtensionPaths: C:\Program Files\dotnet\sdk\8.0.202\Extensions\Microsoft.Diagnostics.NETCore.Client.dll
C:\Program Files\dotnet\sdk\8.0.202\Extensions\Microsoft.TestPlatform.Extensions.BlameDataCollector.dll
C:\Program Files\dotnet\sdk\8.0.202\Extensions\Microsoft.TestPlatform.Extensions.EventLogCollector.dll
C:\Program Files\dotnet\sdk\8.0.202\Extensions\Microsoft.TestPlatform.TestHostRuntimeProvider.dll
C:\Program Files\dotnet\sdk\8.0.202\Extensions\Microsoft.VisualStudio.TestPlatform.Extensions.Html.TestLogger.dll
C:\Program Files\dotnet\sdk\8.0.202\Extensions\Microsoft.VisualStudio.TestPlatform.Extensions.Trx.TestLogger.dll
TpTrace Information: 0 : 5296, 1, 2024/05/29, 17:55:59.340, 3865812723537, vstest.console.dll, AssemblyResolver.AddSearchDirectories: Adding more searchDirectories C:\Program Files\dotnet\sdk\8.0.202\Extensions,C:\Program Files\dotnet\sdk\8.0.202
TpTrace Information: 0 : 5296, 1, 2024/05/29, 17:55:59.340, 3865812723948, vstest.console.dll, AssemblyResolver.AddSearchDirectories: Adding more searchDirectories C:\Program Files\dotnet\sdk\8.0.202\Extensions,C:\Program Files\dotnet\sdk\8.0.202
TpTrace Information: 0 : 5296, 1, 2024/05/29, 17:55:59.340, 3865812724259, vstest.console.dll, AssemblyResolver.AddSearchDirectories: Adding more searchDirectories C:\Program Files\dotnet\sdk\8.0.202\Extensions,C:\Program Files\dotnet\sdk\8.0.202
TpTrace Information: 0 : 5296, 1, 2024/05/29, 17:55:59.340, 3865812724538, vstest.console.dll, AssemblyResolver.AddSearchDirectories: Adding more searchDirectories C:\Program Files\dotnet\sdk\8.0.202\Extensions,C:\Program Files\dotnet\sdk\8.0.202
TpTrace Information: 0 : 5296, 1, 2024/05/29, 17:55:59.340, 3865812724817, vstest.console.dll, AssemblyResolver.AddSearchDirectories: Adding more searchDirectories C:\Program Files\dotnet\sdk\8.0.202\Extensions,C:\Program Files\dotnet\sdk\8.0.202
TpTrace Information: 0 : 5296, 1, 2024/05/29, 17:55:59.340, 3865812725143, vstest.console.dll, AssemblyResolver.AddSearchDirectories: Adding more searchDirectories C:\Program Files\dotnet\sdk\8.0.202\Extensions,C:\Program Files\dotnet\sdk\8.0.202
TpTrace Verbose: 0 : 5296, 1, 2024/05/29, 17:55:59.340, 3865812726200, vstest.console.dll, MetadataReaderExtensionsHelper: Discovering extensions inside assembly 'Microsoft.Diagnostics.NETCore.Client, Version=0.2.9.2401, Culture=neutral, PublicKeyToken=31bf3856ad364e35' file path 'C:\Program Files\dotnet\sdk\8.0.202\Extensions\Microsoft.Diagnostics.NETCore.Client.dll'
TpTrace Information: 0 : 5296, 1, 2024/05/29, 17:55:59.341, 3865812733367, vstest.console.dll, AssemblyResolver.OnResolve: Microsoft.Bcl.AsyncInterfaces: Resolving assembly.
TpTrace Information: 0 : 5296, 1, 2024/05/29, 17:55:59.341, 3865812734039, vstest.console.dll, AssemblyResolver.OnResolve: Microsoft.Bcl.AsyncInterfaces: Resolved from cache.
TpTrace Verbose: 0 : 5296, 1, 2024/05/29, 17:55:59.341, 3865812734425, vstest.console.dll, CurrentDomainAssemblyResolve: Resolving assembly 'Microsoft.Bcl.AsyncInterfaces'.
TpTrace Information: 0 : 5296, 1, 2024/05/29, 17:55:59.341, 3865812734921, vstest.console.dll, AssemblyResolver.OnResolve: Microsoft.Bcl.AsyncInterfaces: Resolving assembly.
TpTrace Information: 0 : 5296, 1, 2024/05/29, 17:55:59.341, 3865812735202, vstest.console.dll, AssemblyResolver.OnResolve: Microsoft.Bcl.AsyncInterfaces: Resolved from cache.
TpTrace Verbose: 0 : 5296, 1, 2024/05/29, 17:55:59.341, 3865812735468, vstest.console.dll, CurrentDomainAssemblyResolve: Resolving assembly 'Microsoft.Bcl.AsyncInterfaces'.
TpTrace Verbose: 0 : 5296, 1, 2024/05/29, 17:55:59.341, 3865812735886, vstest.console.dll, CurrentDomainAssemblyResolve: Failed to resolve assembly 'Microsoft.Bcl.AsyncInterfaces'.
TpTrace Verbose: 0 : 5296, 1, 2024/05/29, 17:55:59.341, 3865812737308, vstest.console.dll, CurrentDomainAssemblyResolve: Failed to resolve assembly 'Microsoft.Bcl.AsyncInterfaces'.
TpTrace Warning: 0 : 5296, 1, 2024/05/29, 17:55:59.341, 3865812740692, vstest.console.dll, TestPluginDiscoverer: Failed to get types from assembly 'Microsoft.Diagnostics.NETCore.Client, Version=0.2.9.2401, Culture=neutral, PublicKeyToken=31bf3856ad364e35'. Error: System.Reflection.ReflectionTypeLoadException: Unable to load one or more of the requested types.
Could not load file or assembly 'Microsoft.Bcl.AsyncInterfaces, Version=6.0.0.0, Culture=neutral, PublicKeyToken=cc7b13ffcd2ddd51'. The system cannot find the file specified.
   at System.Reflection.RuntimeModule.GetTypes(RuntimeModule module)
   at System.Reflection.RuntimeModule.GetTypes()
   at Microsoft.VisualStudio.TestPlatform.Common.ExtensionFramework.TestPluginDiscoverer.GetTestExtensionsFromAssembly[TPluginInfo,TExtension](Assembly assembly, Dictionary`2 pluginInfos, String filePath) in /_/src/Microsoft.TestPlatform.Common/ExtensionFramework/TestPluginDiscoverer.cs:line 158
System.IO.FileNotFoundException: Could not load file or assembly 'Microsoft.Bcl.AsyncInterfaces, Version=6.0.0.0, Culture=neutral, PublicKeyToken=cc7b13ffcd2ddd51'. The system cannot find the file specified.
File name: 'Microsoft.Bcl.AsyncInterfaces, Version=6.0.0.0, Culture=neutral, PublicKeyToken=cc7b13ffcd2ddd51'
 ---> System.IO.FileNotFoundException: Could not load file or assembly 'Microsoft.Bcl.AsyncInterfaces, Culture=neutral, PublicKeyToken=null'. The system cannot find the file specified.
File name: 'Microsoft.Bcl.AsyncInterfaces, Culture=neutral, PublicKeyToken=null'
   at System.Reflection.RuntimeAssembly.InternalLoad(AssemblyName assemblyName, StackCrawlMark& stackMark, AssemblyLoadContext assemblyLoadContext, RuntimeAssembly requestingAssembly, Boolean throwOnFileNotFound)
   at System.Reflection.Assembly.Load(AssemblyName assemblyRef)
   at Microsoft.VisualStudio.TestPlatform.Common.ExtensionFramework.TestPluginCache.CurrentDomainAssemblyResolve(Object sender, AssemblyResolveEventArgs args) in /_/src/Microsoft.TestPlatform.Common/ExtensionFramework/TestPluginCache.cs:line 513
   at System.Runtime.Loader.AssemblyLoadContext.GetFirstResolvedAssemblyFromResolvingEvent(AssemblyName assemblyName)
   at System.Runtime.Loader.AssemblyLoadContext.ResolveUsingEvent(AssemblyName assemblyName)
   at System.Runtime.Loader.AssemblyLoadContext.ResolveUsingResolvingEvent(IntPtr gchManagedAssemblyLoadContext, AssemblyName assemblyName)
TpTrace Warning: 0 : 5296, 1, 2024/05/29, 17:55:59.341, 3865812742319, vstest.console.dll, LoaderExceptions: System.IO.FileNotFoundException: Could not load file or assembly 'Microsoft.Bcl.AsyncInterfaces, Version=6.0.0.0, Culture=neutral, PublicKeyToken=cc7b13ffcd2ddd51'. The system cannot find the file specified.
File name: 'Microsoft.Bcl.AsyncInterfaces, Version=6.0.0.0, Culture=neutral, PublicKeyToken=cc7b13ffcd2ddd51'
 ---> System.IO.FileNotFoundException: Could not load file or assembly 'Microsoft.Bcl.AsyncInterfaces, Culture=neutral, PublicKeyToken=null'. The system cannot find the file specified.
File name: 'Microsoft.Bcl.AsyncInterfaces, Culture=neutral, PublicKeyToken=null'
   at System.Reflection.RuntimeAssembly.InternalLoad(AssemblyName assemblyName, StackCrawlMark& stackMark, AssemblyLoadContext assemblyLoadContext, RuntimeAssembly requestingAssembly, Boolean throwOnFileNotFound)
   at System.Reflection.Assembly.Load(AssemblyName assemblyRef)
   at Microsoft.VisualStudio.TestPlatform.Common.ExtensionFramework.TestPluginCache.CurrentDomainAssemblyResolve(Object sender, AssemblyResolveEventArgs args) in /_/src/Microsoft.TestPlatform.Common/ExtensionFramework/TestPluginCache.cs:line 513
   at System.Runtime.Loader.AssemblyLoadContext.GetFirstResolvedAssemblyFromResolvingEvent(AssemblyName assemblyName)
   at System.Runtime.Loader.AssemblyLoadContext.ResolveUsingEvent(AssemblyName assemblyName)
   at System.Runtime.Loader.AssemblyLoadContext.ResolveUsingResolvingEvent(IntPtr gchManagedAssemblyLoadContext, AssemblyName assemblyName)
TpTrace Verbose: 0 : 5296, 1, 2024/05/29, 17:55:59.342, 3865812743034, vstest.console.dll, MetadataReaderExtensionsHelper: Discovering extensions inside assembly 'Microsoft.TestPlatform.Extensions.BlameDataCollector, Version=15.0.0.0, Culture=neutral, PublicKeyToken=b03f5f7f11d50a3a' file path 'C:\Program Files\dotnet\sdk\8.0.202\Extensions\Microsoft.TestPlatform.Extensions.BlameDataCollector.dll'
TpTrace Information: 0 : 5296, 1, 2024/05/29, 17:55:59.342, 3865812747023, vstest.console.dll, GetTestExtensionFromType: Register extension with identifier data 'logger://Microsoft/TestPlatform/Extensions/Blame/v1' and type 'Microsoft.TestPlatform.Extensions.BlameDataCollector.BlameLogger, Microsoft.TestPlatform.Extensions.BlameDataCollector, Version=15.0.0.0, Culture=neutral, PublicKeyToken=b03f5f7f11d50a3a' inside file 'C:\Program Files\dotnet\sdk\8.0.202\Extensions\Microsoft.TestPlatform.Extensions.BlameDataCollector.dll'
TpTrace Verbose: 0 : 5296, 1, 2024/05/29, 17:55:59.342, 3865812747731, vstest.console.dll, MetadataReaderExtensionsHelper: Discovering extensions inside assembly 'Microsoft.TestPlatform.Extensions.EventLogCollector, Version=15.0.0.0, Culture=neutral, PublicKeyToken=b03f5f7f11d50a3a' file path 'C:\Program Files\dotnet\sdk\8.0.202\Extensions\Microsoft.TestPlatform.Extensions.EventLogCollector.dll'
TpTrace Verbose: 0 : 5296, 1, 2024/05/29, 17:55:59.342, 3865812750338, vstest.console.dll, MetadataReaderExtensionsHelper: Discovering extensions inside assembly 'Microsoft.TestPlatform.TestHostRuntimeProvider, Version=15.0.0.0, Culture=neutral, PublicKeyToken=b03f5f7f11d50a3a' file path 'C:\Program Files\dotnet\sdk\8.0.202\Extensions\Microsoft.TestPlatform.TestHostRuntimeProvider.dll'
TpTrace Verbose: 0 : 5296, 1, 2024/05/29, 17:55:59.342, 3865812752379, vstest.console.dll, MetadataReaderExtensionsHelper: Discovering extensions inside assembly 'Microsoft.VisualStudio.TestPlatform.Extensions.Html.TestLogger, Version=15.0.0.0, Culture=neutral, PublicKeyToken=b03f5f7f11d50a3a' file path 'C:\Program Files\dotnet\sdk\8.0.202\Extensions\Microsoft.VisualStudio.TestPlatform.Extensions.Html.TestLogger.dll'
TpTrace Information: 0 : 5296, 1, 2024/05/29, 17:55:59.343, 3865812755892, vstest.console.dll, GetTestExtensionFromType: Register extension with identifier data 'logger://Microsoft/TestPlatform/HtmlLogger/v1' and type 'Microsoft.VisualStudio.TestPlatform.Extensions.HtmlLogger.HtmlLogger, Microsoft.VisualStudio.TestPlatform.Extensions.Html.TestLogger, Version=15.0.0.0, Culture=neutral, PublicKeyToken=b03f5f7f11d50a3a' inside file 'C:\Program Files\dotnet\sdk\8.0.202\Extensions\Microsoft.VisualStudio.TestPlatform.Extensions.Html.TestLogger.dll'
TpTrace Verbose: 0 : 5296, 1, 2024/05/29, 17:55:59.343, 3865812756375, vstest.console.dll, MetadataReaderExtensionsHelper: Discovering extensions inside assembly 'Microsoft.VisualStudio.TestPlatform.Extensions.Trx.TestLogger, Version=15.0.0.0, Culture=neutral, PublicKeyToken=b03f5f7f11d50a3a' file path 'C:\Program Files\dotnet\sdk\8.0.202\Extensions\Microsoft.VisualStudio.TestPlatform.Extensions.Trx.TestLogger.dll'
TpTrace Information: 0 : 5296, 1, 2024/05/29, 17:55:59.343, 3865812758683, vstest.console.dll, GetTestExtensionFromType: Register extension with identifier data 'logger://Microsoft/TestPlatform/TrxLogger/v1' and type 'Microsoft.VisualStudio.TestPlatform.Extensions.TrxLogger.TrxLogger, Microsoft.VisualStudio.TestPlatform.Extensions.Trx.TestLogger, Version=15.0.0.0, Culture=neutral, PublicKeyToken=b03f5f7f11d50a3a' inside file 'C:\Program Files\dotnet\sdk\8.0.202\Extensions\Microsoft.VisualStudio.TestPlatform.Extensions.Trx.TestLogger.dll'
TpTrace Verbose: 0 : 5296, 1, 2024/05/29, 17:55:59.343, 3865812759163, vstest.console.dll, TestPluginCache: Discovered the extensions using extension path ''.
TpTrace Verbose: 0 : 5296, 1, 2024/05/29, 17:55:59.343, 3865812759404, vstest.console.dll, TestPluginCache: Discoverers are ''.
TpTrace Verbose: 0 : 5296, 1, 2024/05/29, 17:55:59.343, 3865812759600, vstest.console.dll, TestPluginCache: Executors are ''.
TpTrace Verbose: 0 : 5296, 1, 2024/05/29, 17:55:59.343, 3865812759792, vstest.console.dll, TestPluginCache: Executors2 are ''.
TpTrace Verbose: 0 : 5296, 1, 2024/05/29, 17:55:59.343, 3865812759984, vstest.console.dll, TestPluginCache: Setting providers are ''.
TpTrace Verbose: 0 : 5296, 1, 2024/05/29, 17:55:59.343, 3865812760564, vstest.console.dll, TestPluginCache: Loggers are 'logger://Microsoft/TestPlatform/Extensions/Blame/v1,logger://Microsoft/TestPlatform/HtmlLogger/v1,logger://Microsoft/TestPlatform/TrxLogger/v1'.
TpTrace Verbose: 0 : 5296, 1, 2024/05/29, 17:55:59.343, 3865812760897, vstest.console.dll, TestPluginCache: TestHosts are 'HostProvider://DefaultTestHost,HostProvider://DotnetTestHost'.
TpTrace Verbose: 0 : 5296, 1, 2024/05/29, 17:55:59.343, 3865812761205, vstest.console.dll, TestPluginCache: DataCollectors are ''.
TpTrace Information: 0 : 5296, 1, 2024/05/29, 17:55:59.344, 3865812767098, vstest.console.dll, TestPluginManager.CreateTestExtension: Attempting to load test extension: Microsoft.TestPlatform.Extensions.BlameDataCollector.BlameLogger
TpTrace Verbose: 0 : 5296, 1, 2024/05/29, 17:55:59.349, 3865812818564, vstest.console.dll, TestEngine: Initializing Parallel Execution as MaxCpuCount is set to: 1
TpTrace Information: 0 : 5296, 1, 2024/05/29, 17:55:59.350, 3865812828967, vstest.console.dll, TestPluginManager.CreateTestExtension: Attempting to load test extension: Microsoft.VisualStudio.TestPlatform.CrossPlatEngine.Hosting.DefaultTestHostManager
TpTrace Information: 0 : 5296, 1, 2024/05/29, 17:55:59.351, 3865812836238, vstest.console.dll, TestPluginManager.CreateTestExtension: Attempting to load test extension: Microsoft.VisualStudio.TestPlatform.CrossPlatEngine.Hosting.DotnetTestHostManager
TpTrace Information: 0 : 5296, 1, 2024/05/29, 17:55:59.351, 3865812840033, vstest.console.dll, InferRunSettingsHelper.IsTestSettingsEnabled: Unable to navigate to RunSettings/MSTest. Current node: RunSettings
TpTrace Verbose: 0 : 5296, 1, 2024/05/29, 17:55:59.352, 3865812850882, vstest.console.dll, ParallelOperationManager.ClearSlots: Clearing all slots. Slots should accept more work: True
TpTrace Verbose: 0 : 5296, 1, 2024/05/29, 17:55:59.353, 3865812855525, vstest.console.dll, ParallelOperationManager.SetOccupiedSlotCount: Setting slot counts AvailableSlotCount = 1, OccupiedSlotCount = 0.
TpTrace Verbose: 0 : 5296, 1, 2024/05/29, 17:55:59.353, 3865812857583, vstest.console.dll, Occupied slots:

TpTrace Verbose: 0 : 5296, 1, 2024/05/29, 17:55:59.355, 3865812879446, vstest.console.dll, TestEngine.GetExecutionManager: Chosen execution manager 'Microsoft.VisualStudio.TestPlatform.CrossPlatEngine.Client.Parallel.ParallelProxyExecutionManager, Microsoft.TestPlatform.CrossPlatEngine, Version=15.0.0.0, Culture=neutral, PublicKeyToken=b03f5f7f11d50a3a' ParallelLevel '1'.
TpTrace Verbose: 0 : 5296, 1, 2024/05/29, 17:55:59.355, 3865812880407, vstest.console.dll, TestRunRequest.ExecuteAsync: Creating test run request.
TpTrace Verbose: 0 : 5296, 1, 2024/05/29, 17:55:59.355, 3865812881900, vstest.console.dll, TestRunRequest.ExecuteAsync: Starting.
TpTrace Information: 0 : 5296, 1, 2024/05/29, 17:55:59.356, 3865812890453, vstest.console.dll, TestRunRequest.ExecuteAsync: Starting run with settings:TestRunCriteria:
   KeepAlive=False,FrequencyOfRunStatsChangeEvent=10,RunStatsChangeEventTimeout=00:00:01.5000000,TestCaseFilter=,TestExecutorLauncher=
   Settingsxml=<RunSettings>
  <RunConfiguration>
    <ResultsDirectory>C:\MiniProject\HotelBookingSystemSolution\HotelBookingRepositoryTests\bin\Debug\net6.0\fine-code-coverage\coverage-tool-output</ResultsDirectory>
    <TargetPlatform>X64</TargetPlatform>
    <TargetFrameworkVersion>.NETCoreApp,Version=v6.0</TargetFrameworkVersion>
    <DesignMode>False</DesignMode>
    <CollectSourceInformation>False</CollectSourceInformation>
  </RunConfiguration>
  <LoggerRunSettings>
    <Loggers>
      <Logger friendlyName="blame" enabled="True" />
      <Logger friendlyName="Console" uri="logger://microsoft/TestPlatform/ConsoleLogger/v1" assemblyQualifiedName="Microsoft.VisualStudio.TestPlatform.CommandLine.Internal.ConsoleLogger, vstest.console, Version=15.0.0.0, Culture=neutral, PublicKeyToken=b03f5f7f11d50a3a" codeBase="C:\Program Files\dotnet\sdk\8.0.202\vstest.console.dll" enabled="True" />
    </Loggers>
  </LoggerRunSettings>
  <DataCollectionRunSettings>
    <DataCollectors>
      <DataCollector friendlyName="blame" enabled="True">
        <Configuration>
          <ResultsDirectory>C:\MiniProject\HotelBookingSystemSolution\HotelBookingRepositoryTests\bin\Debug\net6.0\fine-code-coverage\coverage-tool-output</ResultsDirectory>
        </Configuration>
      </DataCollector>
    </DataCollectors>
  </DataCollectionRunSettings>
</RunSettings>

TpTrace Verbose: 0 : 5296, 1, 2024/05/29, 17:55:59.356, 3865812890983, vstest.console.dll, TestRunRequest.ExecuteAsync: Wait for the first run request is over.
TpTrace Verbose: 0 : 5296, 1, 2024/05/29, 17:55:59.357, 3865812893253, vstest.console.dll, MulticastDelegateUtilities.SafeInvoke: TestRun.TestRunStart: Invoking callbacks was skipped because there are no subscribers.
TpTrace Verbose: 0 : 5296, 4, 2024/05/29, 17:55:59.357, 3865812895666, vstest.console.dll, MulticastDelegateUtilities.SafeInvoke: InternalTestLoggerEvents.SendTestRunStart: Invoking callback 1/1 for Microsoft.VisualStudio.TestPlatform.CommandLine.Internal.ConsoleLogger., took 0 ms.
TpTrace Verbose: 0 : 5296, 1, 2024/05/29, 17:55:59.357, 3865812900869, vstest.console.dll, ParallelProxyExecutionManager: Start execution. Total sources: 1
TpTrace Verbose: 0 : 5296, 1, 2024/05/29, 17:55:59.358, 3865812903155, vstest.console.dll, ParallelOperationManager.StartWork: Starting adding 1 workloads.
TpTrace Verbose: 0 : 5296, 1, 2024/05/29, 17:55:59.358, 3865812903651, vstest.console.dll, ParallelOperationManager.ClearSlots: Clearing all slots. Slots should accept more work: True
TpTrace Verbose: 0 : 5296, 1, 2024/05/29, 17:55:59.358, 3865812904139, vstest.console.dll, ParallelOperationManager.SetOccupiedSlotCount: Setting slot counts AvailableSlotCount = 1, OccupiedSlotCount = 0.
TpTrace Verbose: 0 : 5296, 1, 2024/05/29, 17:55:59.358, 3865812904396, vstest.console.dll, Occupied slots:

TpTrace Verbose: 0 : 5296, 1, 2024/05/29, 17:55:59.359, 3865812913681, vstest.console.dll, TestRequestSender is acting as server.
TpTrace Verbose: 0 : 5296, 1, 2024/05/29, 17:55:59.360, 3865812924883, vstest.console.dll, ParallelOperationManager.RunWorkInParallel: Adding 1 workload to slot, remaining workloads 0.
TpTrace Verbose: 0 : 5296, 1, 2024/05/29, 17:55:59.360, 3865812925398, vstest.console.dll, ParallelOperationManager.SetOccupiedSlotCount: Setting slot counts AvailableSlotCount = 0, OccupiedSlotCount = 1.
TpTrace Verbose: 0 : 5296, 1, 2024/05/29, 17:55:59.360, 3865812926136, vstest.console.dll, Occupied slots:
0: C:\MiniProject\HotelBookingSystemSolution\HotelBookingRepositoryTests\bin\Debug\net6.0\fine-code-coverage\build-output\HotelBookingRepositoryTests.dll
TpTrace Verbose: 0 : 5296, 1, 2024/05/29, 17:55:59.361, 3865812933631, vstest.console.dll, ParallelOperationManager.RunWorkInParallel: Started host in slot number 0 for work (source): C:\MiniProject\HotelBookingSystemSolution\HotelBookingRepositoryTests\bin\Debug\net6.0\fine-code-coverage\build-output\HotelBookingRepositoryTests.dll.
TpTrace Verbose: 0 : 5296, 1, 2024/05/29, 17:55:59.361, 3865812942279, vstest.console.dll, ParallelOperationManager.RunWorkInParallel: We started 1 work items, which is the max parallel level. Won't start more work.
TpTrace Verbose: 0 : 5296, 1, 2024/05/29, 17:55:59.361, 3865812942780, vstest.console.dll, ParallelOperationManager.RunWorkInParallel: We started 1 work items in here, returning True.
TpTrace Information: 0 : 5296, 1, 2024/05/29, 17:55:59.362, 3865812943060, vstest.console.dll, TestRunRequest.ExecuteAsync: Started.
TpTrace Verbose: 0 : 5296, 5, 2024/05/29, 17:55:59.362, 3865812946190, vstest.console.dll, ParallelProxyExecutionManager.StartTestRunOnConcurrentManager: Initializing uninitialized client. Started clients: 0
TpTrace Verbose: 0 : 5296, 5, 2024/05/29, 17:55:59.362, 3865812947703, vstest.console.dll, DataCollectionRequestSender.InitializeCommunication : Initialize communication. 
TpTrace Verbose: 0 : 5296, 1, 2024/05/29, 17:55:59.362, 3865812948356, vstest.console.dll, TestRunRequest.WaitForCompletion: Waiting with timeout -1.
TpTrace Information: 0 : 5296, 5, 2024/05/29, 17:55:59.371, 3865813035386, vstest.console.dll, Listening on Endpoint : 127.0.0.1:62033
TpTrace Verbose: 0 : 5296, 5, 2024/05/29, 17:55:59.376, 3865813088971, vstest.console.dll, DotnetDataCollectionLauncher: Adding  --runtimeconfig "C:\Program Files\dotnet\sdk\8.0.202\datacollector.runtimeconfig.json" in args
TpTrace Verbose: 0 : 5296, 5, 2024/05/29, 17:55:59.376, 3865813090131, vstest.console.dll, DotnetDataCollectionLauncher: Adding  --depsfile "C:\Program Files\dotnet\sdk\8.0.202\datacollector.deps.json" in args
TpTrace Verbose: 0 : 5296, 5, 2024/05/29, 17:55:59.377, 3865813095512, vstest.console.dll, DotnetDataCollectionLauncher: Full path of dotnet.exe is C:\Program Files\dotnet\dotnet.exe
TpTrace Information: 0 : 5296, 5, 2024/05/29, 17:55:59.383, 3865813153661, vstest.console.dll, ProxyDataCollectionManager.Initialize: Launched datacollector processId: 29128 port: 62033
TpTrace Information: 0 : 5296, 5, 2024/05/29, 17:55:59.383, 3865813155233, vstest.console.dll, ProxyDataCollectionManager.Initialize: waiting for connection with timeout: 90 seconds
TpTrace Verbose: 0 : 5296, 5, 2024/05/29, 17:55:59.383, 3865813156405, vstest.console.dll, DataCollectionRequestSender.WaitForRequestHandlerConnection : Waiting for connection with timeout: 90000
TpTrace Information: 0 : 5296, 7, 2024/05/29, 17:55:59.613, 3865815454216, vstest.console.dll, Using the buffer size of 16384 bytes
TpTrace Verbose: 0 : 5296, 5, 2024/05/29, 17:55:59.613, 3865815454579, vstest.console.dll, SocketCommunicationManager.WaitForClientConnection took: 229 ms, with 90000 ms timeout, and finished with True.
TpTrace Information: 0 : 5296, 7, 2024/05/29, 17:55:59.613, 3865815455642, vstest.console.dll, Accepted Client request and set the flag
TpTrace Verbose: 0 : 5296, 5, 2024/05/29, 17:55:59.613, 3865815456925, vstest.console.dll, ProxyDataCollectionManager.InvokeDataCollectionServiceAction: Starting.
TpTrace Information: 0 : 5296, 5, 2024/05/29, 17:55:59.613, 3865815457657, vstest.console.dll, ProxyDataCollectionManager.BeforeTestRunStart: Get environment variable and port for datacollector processId: 29128 port: 62033
TpTrace Verbose: 0 : 5296, 5, 2024/05/29, 17:55:59.613, 3865815458739, vstest.console.dll, DataCollectionRequestSender.SendBeforeTestRunStartAndGetResult: Send BeforeTestRunStart message with settingsXml <RunSettings><RunConfiguration><ResultsDirectory>C:\MiniProject\HotelBookingSystemSolution\HotelBookingRepositoryTests\bin\Debug\net6.0\fine-code-coverage\coverage-tool-output</ResultsDirectory><TargetPlatform>X64</TargetPlatform><TargetFrameworkVersion>.NETCoreApp,Version=v6.0</TargetFrameworkVersion><DesignMode>False</DesignMode><CollectSourceInformation>False</CollectSourceInformation><TestAdaptersPaths>C:\Program Files\dotnet\sdk\8.0.202\Extensions</TestAdaptersPaths></RunConfiguration><LoggerRunSettings><Loggers><Logger friendlyName="blame" enabled="True" /><Logger friendlyName="Console" uri="logger://microsoft/TestPlatform/ConsoleLogger/v1" assemblyQualifiedName="Microsoft.VisualStudio.TestPlatform.CommandLine.Internal.ConsoleLogger, vstest.console, Version=15.0.0.0, Culture=neutral, PublicKeyToken=b03f5f7f11d50a3a" codeBase="C:\Program Files\dotnet\sdk\8.0.202\vstest.console.dll" enabled="True" /></Loggers></LoggerRunSettings><DataCollectionRunSettings><DataCollectors><DataCollector friendlyName="blame" enabled="True"><Configuration><ResultsDirectory>C:\MiniProject\HotelBookingSystemSolution\HotelBookingRepositoryTests\bin\Debug\net6.0\fine-code-coverage\coverage-tool-output</ResultsDirectory></Configuration></DataCollector></DataCollectors></DataCollectionRunSettings></RunSettings> and sources System.Collections.Generic.List`1[System.String]: 
TpTrace Verbose: 0 : 5296, 5, 2024/05/29, 17:55:59.664, 3865815970093, vstest.console.dll, DataCollectionRequestSender.SendBeforeTestRunStartAndGetResult: Received message: (DataCollection.SendMessage) -> {"MessageType":"DataCollection.SendMessage","Payload":{"FriendlyName":null,"Uri":null,"TestCaseId":"00000000-0000-0000-0000-000000000000","Message":"Logging DataCollector Diagnostics in file: C:\\MiniProject\\HotelBookingSystemSolution\\HotelBookingRepositoryTests\\bin\\Debug\\net6.0\\fine-code-coverage\\coverage-tool-output\\diagnostics.datacollector.24-05-29_17-55-59_37640_5.log","Level":0}}
TpTrace Verbose: 0 : 5296, 5, 2024/05/29, 17:55:59.732, 3865816646196, vstest.console.dll, DataCollectionRequestSender.SendBeforeTestRunStartAndGetResult: Received message: (DataCollection.BeforeTestRunStartResult) -> {"MessageType":"DataCollection.BeforeTestRunStartResult","Payload":{"EnvironmentVariables":{},"DataCollectionEventsPort":62035}}
TpTrace Information: 0 : 5296, 5, 2024/05/29, 17:55:59.736, 3865816688796, vstest.console.dll, ProxyDataCollectionManager.BeforeTestRunStart: SendBeforeTestRunStartAndGetResult successful, env variable from datacollector:   and testhost port: 62035
TpTrace Information: 0 : 5296, 5, 2024/05/29, 17:55:59.736, 3865816690140, vstest.console.dll, ProxyDataCollectionManager.InvokeDataCollectionServiceAction: Completed.
TpTrace Verbose: 0 : 5296, 5, 2024/05/29, 17:55:59.736, 3865816690604, vstest.console.dll, ParallelProxyExecutionManager.StartTestRunOnConcurrentManager: Initializing test run. Started clients: 0
TpTrace Verbose: 0 : 5296, 5, 2024/05/29, 17:55:59.736, 3865816691461, vstest.console.dll, ProxyExecutionManager: Test host is always Lazy initialize.
TpTrace Verbose: 0 : 5296, 5, 2024/05/29, 17:55:59.737, 3865816693880, vstest.console.dll, TestRequestSender.InitializeCommunication: initialize communication. 
TpTrace Information: 0 : 5296, 5, 2024/05/29, 17:55:59.737, 3865816699059, vstest.console.dll, SocketServer.Start: Listening on endpoint : 127.0.0.1:62036
TpTrace Verbose: 0 : 5296, 5, 2024/05/29, 17:55:59.738, 3865816706797, vstest.console.dll, DotnetTestHostmanager.GetTestHostProcessStartInfo: Platform environment 'X64' target architecture 'X64' framework '.NETCoreApp,Version=v6.0' OS 'Windows'
TpTrace Verbose: 0 : 5296, 5, 2024/05/29, 17:55:59.738, 3865816709199, vstest.console.dll, DotnetTestHostmanager: Adding  --runtimeconfig "C:\MiniProject\HotelBookingSystemSolution\HotelBookingRepositoryTests\bin\Debug\net6.0\fine-code-coverage\build-output\HotelBookingRepositoryTests.runtimeconfig.json" in args
TpTrace Verbose: 0 : 5296, 5, 2024/05/29, 17:55:59.738, 3865816710258, vstest.console.dll, DotnetTestHostmanager: Adding  --depsfile "C:\MiniProject\HotelBookingSystemSolution\HotelBookingRepositoryTests\bin\Debug\net6.0\fine-code-coverage\build-output\HotelBookingRepositoryTests.deps.json" in args
TpTrace Verbose: 0 : 5296, 5, 2024/05/29, 17:55:59.739, 3865816713177, vstest.console.dll, DotnetTestHostmanager.IsWinOnArm: Current PROCESSOR_ARCHITECTURE from environment variable 'AMD64'
TpTrace Verbose: 0 : 5296, 5, 2024/05/29, 17:55:59.739, 3865816713833, vstest.console.dll, DotnetTestHostmanager.IsWinOnArm: Is Windows on ARM 'False'
TpTrace Verbose: 0 : 5296, 5, 2024/05/29, 17:55:59.739, 3865816714851, vstest.console.dll, DotnetTestHostManager: testhost.exe found at path: C:\MiniProject\HotelBookingSystemSolution\HotelBookingRepositoryTests\bin\Debug\net6.0\fine-code-coverage\build-output\testhost.exe
TpTrace Verbose: 0 : 5296, 5, 2024/05/29, 17:55:59.739, 3865816715368, vstest.console.dll, DotnetTestHostmanager: Full path of host exe is C:\MiniProject\HotelBookingSystemSolution\HotelBookingRepositoryTests\bin\Debug\net6.0\fine-code-coverage\build-output\testhost.exe
TpTrace Verbose: 0 : 5296, 5, 2024/05/29, 17:55:59.739, 3865816716613, vstest.console.dll, DotnetTestHostmanager.LaunchTestHostAsync: Found 'VSTEST_WINAPPHOST_DOTNET_ROOT' in env variables, value 'C:\Program Files\dotnet', forwarding to 'DOTNET_ROOT'
TpTrace Verbose: 0 : 5296, 5, 2024/05/29, 17:55:59.739, 3865816717850, vstest.console.dll, DotnetTestHostManager: Starting process 'C:\MiniProject\HotelBookingSystemSolution\HotelBookingRepositoryTests\bin\Debug\net6.0\fine-code-coverage\build-output\testhost.exe' with command line ' --runtimeconfig "C:\MiniProject\HotelBookingSystemSolution\HotelBookingRepositoryTests\bin\Debug\net6.0\fine-code-coverage\build-output\HotelBookingRepositoryTests.runtimeconfig.json" --depsfile "C:\MiniProject\HotelBookingSystemSolution\HotelBookingRepositoryTests\bin\Debug\net6.0\fine-code-coverage\build-output\HotelBookingRepositoryTests.deps.json" --port 62036 --endpoint 127.0.0.1:062036 --role client --parentprocessid 5296 --diag "C:\MiniProject\HotelBookingSystemSolution\HotelBookingRepositoryTests\bin\Debug\net6.0\fine-code-coverage\coverage-tool-output\diagnostics.host.24-05-29_17-55-59_73801_5.log" --tracelevel 4 --datacollectionport 62035 --telemetryoptedin false'
TpTrace Verbose: 0 : 5296, 5, 2024/05/29, 17:55:59.745, 3865816773116, vstest.console.dll, MulticastDelegateUtilities.SafeInvoke: HostProviderEvents.OnHostLaunched: Invoking callback 1/2 for Microsoft.VisualStudio.TestPlatform.CrossPlatEngine.Client.ProxyExecutionManagerWithDataCollection., took 1 ms.
TpTrace Verbose: 0 : 5296, 5, 2024/05/29, 17:55:59.745, 3865816777034, vstest.console.dll, Test Runtime launched
TpTrace Verbose: 0 : 5296, 5, 2024/05/29, 17:55:59.745, 3865816778001, vstest.console.dll, MulticastDelegateUtilities.SafeInvoke: HostProviderEvents.OnHostLaunched: Invoking callback 2/2 for Microsoft.VisualStudio.TestPlatform.CrossPlatEngine.Client.ProxyOperationManager., took 0 ms.
TpTrace Verbose: 0 : 5296, 5, 2024/05/29, 17:55:59.745, 3865816779398, vstest.console.dll, TestRequestSender.WaitForRequestHandlerConnection: waiting for connection with timeout: 90000.
TpTrace Verbose: 0 : 5296, 7, 2024/05/29, 17:55:59.936, 3865818683449, vstest.console.dll, MulticastDelegateUtilities.SafeInvoke: SocketServer: ClientConnected: Invoking callback 1/1 for Microsoft.VisualStudio.TestPlatform.CommunicationUtilities.TestRequestSender., took 0 ms.
TpTrace Verbose: 0 : 5296, 5, 2024/05/29, 17:55:59.936, 3865818683449, vstest.console.dll, TestRequestSender.WaitForRequestHandlerConnection: waiting took 190 ms, with timeout 90000 ms, and result 0, which is success.
TpTrace Verbose: 0 : 5296, 7, 2024/05/29, 17:55:59.936, 3865818685022, vstest.console.dll, SocketServer.OnClientConnected: Client connected for endPoint: 127.0.0.1:62036, starting MessageLoopAsync:
TpTrace Verbose: 0 : 5296, 13, 2024/05/29, 17:55:59.937, 3865818696548, vstest.console.dll, TcpClientExtensions.MessageLoopAsync: Polling on remoteEndPoint: 127.0.0.1:62037 localEndPoint: 127.0.0.1:62036 after 0 ms
TpTrace Verbose: 0 : 5296, 5, 2024/05/29, 17:55:59.937, 3865818700932, vstest.console.dll, TestRequestSender.CheckVersionWithTestHost: Sending check version message: {"MessageType":"ProtocolVersion","Payload":7}
TpTrace Verbose: 0 : 5296, 13, 2024/05/29, 17:56:00.110, 3865820425017, vstest.console.dll, TcpClientExtensions.MessageLoopAsync: NotifyDataAvailable remoteEndPoint: 127.0.0.1:62037 localEndPoint: 127.0.0.1:62036
TpTrace Verbose: 0 : 5296, 13, 2024/05/29, 17:56:00.110, 3865820428180, vstest.console.dll, TestRequestSender.CheckVersionWithTestHost: onMessageReceived received message: (ProtocolVersion) -> {"MessageType":"ProtocolVersion","Payload":7}
TpTrace Verbose: 0 : 5296, 13, 2024/05/29, 17:56:00.111, 3865820435333, vstest.console.dll, MulticastDelegateUtilities.SafeInvoke: LengthPrefixCommunicationChannel: MessageReceived: Invoking callback 1/1 for Microsoft.VisualStudio.TestPlatform.CommunicationUtilities.TestRequestSender+<>c__DisplayClass29_0., took 0 ms.
TpTrace Verbose: 0 : 5296, 13, 2024/05/29, 17:56:00.111, 3865820436413, vstest.console.dll, TcpClientExtensions.MessageLoopAsync: Polling on remoteEndPoint: 127.0.0.1:62037 localEndPoint: 127.0.0.1:62036 after 173 ms
TpTrace Verbose: 0 : 5296, 5, 2024/05/29, 17:56:00.111, 3865820436722, vstest.console.dll, TestPluginCache.GetExtensionPaths: Filtered extension paths: 
TpTrace Verbose: 0 : 5296, 5, 2024/05/29, 17:56:00.111, 3865820438281, vstest.console.dll, TestPluginCache.GetExtensionPaths: Added default extension paths: C:\Program Files\dotnet\sdk\8.0.202\Extensions\Microsoft.Diagnostics.NETCore.Client.dll
C:\Program Files\dotnet\sdk\8.0.202\Extensions\Microsoft.TestPlatform.Extensions.BlameDataCollector.dll
C:\Program Files\dotnet\sdk\8.0.202\Extensions\Microsoft.TestPlatform.Extensions.EventLogCollector.dll
C:\Program Files\dotnet\sdk\8.0.202\Extensions\Microsoft.TestPlatform.TestHostRuntimeProvider.dll
C:\Program Files\dotnet\sdk\8.0.202\Extensions\Microsoft.VisualStudio.TestPlatform.Extensions.Html.TestLogger.dll
C:\Program Files\dotnet\sdk\8.0.202\Extensions\Microsoft.VisualStudio.TestPlatform.Extensions.Trx.TestLogger.dll
TpTrace Verbose: 0 : 5296, 5, 2024/05/29, 17:56:00.111, 3865820439653, vstest.console.dll, TestPluginCache.GetExtensionPaths: Added unfilterableExtensionPaths: 
TpTrace Verbose: 0 : 5296, 5, 2024/05/29, 17:56:00.115, 3865820477001, vstest.console.dll, TestRequestSender.InitializeExecution: Sending initialize execution with message: {"Version":7,"MessageType":"TestExecution.Initialize","Payload":["C:\\MiniProject\\HotelBookingSystemSolution\\HotelBookingRepositoryTests\\bin\\Debug\\net6.0\\fine-code-coverage\\build-output\\NUnit3.TestAdapter.dll"]}
TpTrace Verbose: 0 : 5296, 13, 2024/05/29, 17:56:00.115, 3865820479650, vstest.console.dll, TcpClientExtensions.MessageLoopAsync: NotifyDataAvailable remoteEndPoint: 127.0.0.1:62037 localEndPoint: 127.0.0.1:62036
TpTrace Verbose: 0 : 5296, 5, 2024/05/29, 17:56:00.115, 3865820479990, vstest.console.dll, ParallelProxyExecutionManager.StartTestRunOnConcurrentManager: Execution starting. Started clients: 1
TpTrace Verbose: 0 : 5296, 5, 2024/05/29, 17:56:00.116, 3865820484452, vstest.console.dll, TestRunRequest:SendTestRunMessage: Starting.
TpTrace Verbose: 0 : 5296, 4, 2024/05/29, 17:56:00.116, 3865820487043, vstest.console.dll, MulticastDelegateUtilities.SafeInvoke: InternalTestLoggerEvents.SendTestRunMessage: Invoking callback 1/1 for Microsoft.VisualStudio.TestPlatform.CommandLine.Internal.ConsoleLogger., took 0 ms.
TpTrace Verbose: 0 : 5296, 5, 2024/05/29, 17:56:00.116, 3865820487119, vstest.console.dll, MulticastDelegateUtilities.SafeInvoke: TestRun.LogMessages: Invoking callback 1/1 for Microsoft.VisualStudio.TestPlatform.CommandLine.TestRunResultAggregator., took 0 ms.
TpTrace Information: 0 : 5296, 5, 2024/05/29, 17:56:00.116, 3865820488143, vstest.console.dll, TestRunRequest:SendTestRunMessage: Completed.
TpTrace Warning: 0 : 5296, 5, 2024/05/29, 17:56:00.116, 3865820492235, vstest.console.dll, InferRunSettingsHelper.MakeRunsettingsCompatible: Removing the following settings: TargetPlatform from RunSettings file. To use those settings please move to latest version of Microsoft.NET.Test.Sdk
TpTrace Verbose: 0 : 5296, 13, 2024/05/29, 17:56:00.117, 3865820498821, vstest.console.dll, TestRequestSender.OnExecutionMessageReceived: Received message: {"Version":7,"MessageType":"TestSession.Message","Payload":{"MessageLevel":0,"Message":"Logging TestHost Diagnostics in file: C:\\MiniProject\\HotelBookingSystemSolution\\HotelBookingRepositoryTests\\bin\\Debug\\net6.0\\fine-code-coverage\\coverage-tool-output\\diagnostics.host.24-05-29_17-55-59_73801_5.log"}}
TpTrace Verbose: 0 : 5296, 13, 2024/05/29, 17:56:00.119, 3865820518746, vstest.console.dll, TestRunRequest:SendTestRunMessage: Starting.
TpTrace Verbose: 0 : 5296, 13, 2024/05/29, 17:56:00.119, 3865820521246, vstest.console.dll, MulticastDelegateUtilities.SafeInvoke: TestRun.LogMessages: Invoking callback 1/1 for Microsoft.VisualStudio.TestPlatform.CommandLine.TestRunResultAggregator., took 0 ms.
TpTrace Information: 0 : 5296, 13, 2024/05/29, 17:56:00.119, 3865820521800, vstest.console.dll, TestRunRequest:SendTestRunMessage: Completed.
TpTrace Verbose: 0 : 5296, 4, 2024/05/29, 17:56:00.119, 3865820521377, vstest.console.dll, MulticastDelegateUtilities.SafeInvoke: InternalTestLoggerEvents.SendTestRunMessage: Invoking callback 1/1 for Microsoft.VisualStudio.TestPlatform.CommandLine.Internal.ConsoleLogger., took 0 ms.
TpTrace Verbose: 0 : 5296, 13, 2024/05/29, 17:56:00.119, 3865820522597, vstest.console.dll, MulticastDelegateUtilities.SafeInvoke: LengthPrefixCommunicationChannel: MessageReceived: Invoking callback 1/1 for Microsoft.VisualStudio.TestPlatform.CommunicationUtilities.TestRequestSender+<>c__DisplayClass34_0., took 2 ms.
TpTrace Verbose: 0 : 5296, 13, 2024/05/29, 17:56:00.120, 3865820523582, vstest.console.dll, TcpClientExtensions.MessageLoopAsync: Polling on remoteEndPoint: 127.0.0.1:62037 localEndPoint: 127.0.0.1:62036 after 8 ms
TpTrace Verbose: 0 : 5296, 5, 2024/05/29, 17:56:00.128, 3865820603697, vstest.console.dll, TestRequestSender.StartTestRun: Sending test run with message: {"Version":7,"MessageType":"TestExecution.StartWithSources","Payload":{"AdapterSourceMap":{"_none_":["C:\\MiniProject\\HotelBookingSystemSolution\\HotelBookingRepositoryTests\\bin\\Debug\\net6.0\\fine-code-coverage\\build-output\\HotelBookingRepositoryTests.dll"]},"RunSettings":"<RunSettings>\r\n  <RunConfiguration>\r\n    <ResultsDirectory>C:\\MiniProject\\HotelBookingSystemSolution\\HotelBookingRepositoryTests\\bin\\Debug\\net6.0\\fine-code-coverage\\coverage-tool-output</ResultsDirectory>\r\n    <TargetFrameworkVersion>.NETCoreApp,Version=v6.0</TargetFrameworkVersion>\r\n    <DesignMode>False</DesignMode>\r\n    <CollectSourceInformation>False</CollectSourceInformation>\r\n  </RunConfiguration>\r\n  <LoggerRunSettings>\r\n    <Loggers>\r\n      <Logger friendlyName=\"blame\" enabled=\"True\" />\r\n      <Logger friendlyName=\"Console\" uri=\"logger://microsoft/TestPlatform/ConsoleLogger/v1\" assemblyQualifiedName=\"Microsoft.VisualStudio.TestPlatform.CommandLine.Internal.ConsoleLogger, vstest.console, Version=15.0.0.0, Culture=neutral, PublicKeyToken=b03f5f7f11d50a3a\" codeBase=\"C:\\Program Files\\dotnet\\sdk\\8.0.202\\vstest.console.dll\" enabled=\"True\" />\r\n    </Loggers>\r\n  </LoggerRunSettings>\r\n  <DataCollectionRunSettings>\r\n    <DataCollectors>\r\n      <DataCollector friendlyName=\"blame\" enabled=\"True\">\r\n        <Configuration>\r\n          <ResultsDirectory>C:\\MiniProject\\HotelBookingSystemSolution\\HotelBookingRepositoryTests\\bin\\Debug\\net6.0\\fine-code-coverage\\coverage-tool-output</ResultsDirectory>\r\n        </Configuration>\r\n      </DataCollector>\r\n    </DataCollectors>\r\n  </DataCollectionRunSettings>\r\n</RunSettings>","TestExecutionContext":{"FrequencyOfRunStatsChangeEvent":10,"RunStatsChangeEventTimeout":"00:00:01.5000000","InIsolation":false,"KeepAlive":false,"AreTestCaseLevelEventsRequired":false,"IsDebug":false,"TestCaseFilter":null,"FilterOptions":null},"Package":null}}
TpTrace Verbose: 0 : 5296, 5, 2024/05/29, 17:56:00.128, 3865820606000, vstest.console.dll, ParallelProxyExecutionManager.StartTestRunOnConcurrentManager: Execution started. Started clients: 1
TpTrace Verbose: 0 : 5296, 13, 2024/05/29, 17:56:00.337, 3865822696923, vstest.console.dll, TcpClientExtensions.MessageLoopAsync: NotifyDataAvailable remoteEndPoint: 127.0.0.1:62037 localEndPoint: 127.0.0.1:62036
TpTrace Verbose: 0 : 5296, 13, 2024/05/29, 17:56:00.337, 3865822699671, vstest.console.dll, TestRequestSender.OnExecutionMessageReceived: Received message: {"Version":7,"MessageType":"TestSession.Message","Payload":{"MessageLevel":0,"Message":"NUnit Adapter 4.4.0.0: Test execution started"}}
TpTrace Verbose: 0 : 5296, 13, 2024/05/29, 17:56:00.337, 3865822702290, vstest.console.dll, TestRunRequest:SendTestRunMessage: Starting.
TpTrace Verbose: 0 : 5296, 13, 2024/05/29, 17:56:00.338, 3865822703437, vstest.console.dll, MulticastDelegateUtilities.SafeInvoke: TestRun.LogMessages: Invoking callback 1/1 for Microsoft.VisualStudio.TestPlatform.CommandLine.TestRunResultAggregator., took 0 ms.
TpTrace Verbose: 0 : 5296, 4, 2024/05/29, 17:56:00.338, 3865822703761, vstest.console.dll, MulticastDelegateUtilities.SafeInvoke: InternalTestLoggerEvents.SendTestRunMessage: Invoking callback 1/1 for Microsoft.VisualStudio.TestPlatform.CommandLine.Internal.ConsoleLogger., took 0 ms.
TpTrace Information: 0 : 5296, 13, 2024/05/29, 17:56:00.338, 3865822703938, vstest.console.dll, TestRunRequest:SendTestRunMessage: Completed.
TpTrace Verbose: 0 : 5296, 13, 2024/05/29, 17:56:00.338, 3865822705062, vstest.console.dll, MulticastDelegateUtilities.SafeInvoke: LengthPrefixCommunicationChannel: MessageReceived: Invoking callback 1/1 for Microsoft.VisualStudio.TestPlatform.CommunicationUtilities.TestRequestSender+<>c__DisplayClass34_0., took 0 ms.
TpTrace Verbose: 0 : 5296, 13, 2024/05/29, 17:56:00.338, 3865822705545, vstest.console.dll, TcpClientExtensions.MessageLoopAsync: Polling on remoteEndPoint: 127.0.0.1:62037 localEndPoint: 127.0.0.1:62036 after 218 ms
TpTrace Verbose: 0 : 5296, 13, 2024/05/29, 17:56:00.368, 3865823007686, vstest.console.dll, TcpClientExtensions.MessageLoopAsync: NotifyDataAvailable remoteEndPoint: 127.0.0.1:62037 localEndPoint: 127.0.0.1:62036
TpTrace Verbose: 0 : 5296, 13, 2024/05/29, 17:56:00.368, 3865823009647, vstest.console.dll, TestRequestSender.OnExecutionMessageReceived: Received message: {"Version":7,"MessageType":"TestSession.Message","Payload":{"MessageLevel":0,"Message":"Running all tests in C:\\MiniProject\\HotelBookingSystemSolution\\HotelBookingRepositoryTests\\bin\\Debug\\net6.0\\fine-code-coverage\\build-output\\HotelBookingRepositoryTests.dll"}}
TpTrace Verbose: 0 : 5296, 13, 2024/05/29, 17:56:00.368, 3865823011015, vstest.console.dll, TestRunRequest:SendTestRunMessage: Starting.
TpTrace Verbose: 0 : 5296, 13, 2024/05/29, 17:56:00.368, 3865823011700, vstest.console.dll, MulticastDelegateUtilities.SafeInvoke: TestRun.LogMessages: Invoking callback 1/1 for Microsoft.VisualStudio.TestPlatform.CommandLine.TestRunResultAggregator., took 0 ms.
TpTrace Information: 0 : 5296, 13, 2024/05/29, 17:56:00.368, 3865823012048, vstest.console.dll, TestRunRequest:SendTestRunMessage: Completed.
TpTrace Verbose: 0 : 5296, 4, 2024/05/29, 17:56:00.368, 3865823012317, vstest.console.dll, MulticastDelegateUtilities.SafeInvoke: InternalTestLoggerEvents.SendTestRunMessage: Invoking callback 1/1 for Microsoft.VisualStudio.TestPlatform.CommandLine.Internal.ConsoleLogger., took 0 ms.
TpTrace Verbose: 0 : 5296, 13, 2024/05/29, 17:56:00.368, 3865823012422, vstest.console.dll, MulticastDelegateUtilities.SafeInvoke: LengthPrefixCommunicationChannel: MessageReceived: Invoking callback 1/1 for Microsoft.VisualStudio.TestPlatform.CommunicationUtilities.TestRequestSender+<>c__DisplayClass34_0., took 0 ms.
TpTrace Verbose: 0 : 5296, 13, 2024/05/29, 17:56:00.369, 3865823014092, vstest.console.dll, TcpClientExtensions.MessageLoopAsync: Polling on remoteEndPoint: 127.0.0.1:62037 localEndPoint: 127.0.0.1:62036 after 30 ms
TpTrace Verbose: 0 : 5296, 13, 2024/05/29, 17:56:00.530, 3865824628142, vstest.console.dll, TcpClientExtensions.MessageLoopAsync: NotifyDataAvailable remoteEndPoint: 127.0.0.1:62037 localEndPoint: 127.0.0.1:62036
TpTrace Verbose: 0 : 5296, 13, 2024/05/29, 17:56:00.530, 3865824630173, vstest.console.dll, TestRequestSender.OnExecutionMessageReceived: Received message: {"Version":7,"MessageType":"TestSession.Message","Payload":{"MessageLevel":0,"Message":"   NUnit3TestExecutor discovered 24 of 24 NUnit test cases using Current Discovery mode, Non-Explicit run"}}
TpTrace Verbose: 0 : 5296, 13, 2024/05/29, 17:56:00.530, 3865824631593, vstest.console.dll, TestRunRequest:SendTestRunMessage: Starting.
TpTrace Verbose: 0 : 5296, 13, 2024/05/29, 17:56:00.530, 3865824632240, vstest.console.dll, MulticastDelegateUtilities.SafeInvoke: TestRun.LogMessages: Invoking callback 1/1 for Microsoft.VisualStudio.TestPlatform.CommandLine.TestRunResultAggregator., took 0 ms.
TpTrace Information: 0 : 5296, 13, 2024/05/29, 17:56:00.530, 3865824632708, vstest.console.dll, TestRunRequest:SendTestRunMessage: Completed.
TpTrace Verbose: 0 : 5296, 13, 2024/05/29, 17:56:00.531, 3865824633032, vstest.console.dll, MulticastDelegateUtilities.SafeInvoke: LengthPrefixCommunicationChannel: MessageReceived: Invoking callback 1/1 for Microsoft.VisualStudio.TestPlatform.CommunicationUtilities.TestRequestSender+<>c__DisplayClass34_0., took 0 ms.
TpTrace Verbose: 0 : 5296, 13, 2024/05/29, 17:56:00.531, 3865824633395, vstest.console.dll, TcpClientExtensions.MessageLoopAsync: Polling on remoteEndPoint: 127.0.0.1:62037 localEndPoint: 127.0.0.1:62036 after 161 ms
TpTrace Verbose: 0 : 5296, 4, 2024/05/29, 17:56:00.531, 3865824633474, vstest.console.dll, MulticastDelegateUtilities.SafeInvoke: InternalTestLoggerEvents.SendTestRunMessage: Invoking callback 1/1 for Microsoft.VisualStudio.TestPlatform.CommandLine.Internal.ConsoleLogger., took 0 ms.
TpTrace Verbose: 0 : 5296, 13, 2024/05/29, 17:56:01.333, 3865832656913, vstest.console.dll, TcpClientExtensions.MessageLoopAsync: NotifyDataAvailable remoteEndPoint: 127.0.0.1:62037 localEndPoint: 127.0.0.1:62036
TpTrace Verbose: 0 : 5296, 13, 2024/05/29, 17:56:01.333, 3865832662127, vstest.console.dll, TestRequestSender.OnExecutionMessageReceived: Received message: {"Version":7,"MessageType":"TestExecution.StatsChange","Payload":{"NewTestResults":[{"TestCase":{"Id":"3f7393df-d6bd-3025-6e5e-eb62d7fe99d0","FullyQualifiedName":"HotelBookingRepositoryTests.GuestRepositoryTests.AddGuestExceptionTest","DisplayName":"AddGuestExceptionTest","ExecutorUri":"executor://NUnit3TestExecutor","Source":"C:\\MiniProject\\HotelBookingSystemSolution\\HotelBookingRepositoryTests\\bin\\Debug\\net6.0\\fine-code-coverage\\build-output\\HotelBookingRepositoryTests.dll","CodeFilePath":null,"LineNumber":0,"Properties":[{"Key":{"Id":"NUnit.Seed","Label":"Seed","Category":"","Description":"","Attributes":0,"ValueType":"System.String"},"Value":"368487243"}]},"Attachments":[],"Outcome":1,"ErrorMessage":null,"ErrorStackTrace":null,"DisplayName":"AddGuestExceptionTest","Messages":[],"ComputerName":"853CBX3","Duration":"00:00:00.6870290","StartTime":"2024-05-29T12:26:00.5560269+00:00","EndTime":"2024-05-29T12:26:01.2430066+00:00","Properties":[{"Key":{"Id":"NUnit.Seed","Label":"Seed","Category":"","Description":"","Attributes":0,"ValueType":"System.String"},"Value":"368487243"}]},{"TestCase":{"Id":"a5941ea5-e0c8-3aae-6cd9-a8756b27d11b","FullyQualifiedName":"HotelBookingRepositoryTests.GuestRepositoryTests.AddGuestFailTest","DisplayName":"AddGuestFailTest","ExecutorUri":"executor://NUnit3TestExecutor","Source":"C:\\MiniProject\\HotelBookingSystemSolution\\HotelBookingRepositoryTests\\bin\\Debug\\net6.0\\fine-code-coverage\\build-output\\HotelBookingRepositoryTests.dll","CodeFilePath":null,"LineNumber":0,"Properties":[{"Key":{"Id":"NUnit.Seed","Label":"Seed","Category":"","Description":"","Attributes":0,"ValueType":"System.String"},"Value":"465657903"}]},"Attachments":[],"Outcome":2,"ErrorMessage":"HotelBookingSystemAPI.CustomExceptions.ObjectAlreadyExistsException : User Already Exists!","ErrorStackTrace":"   at HotelBookingSystemAPI.Repositories.GuestRepository.Add(Guest item) in C:\\MiniProject\\HotelBookingSystemSolution\\HotelBookingSystemAPI\\Repositories\\GuestRepository.cs:line 19\r\n   at HotelBookingRepositoryTests.GuestRepositoryTests.Setup() in C:\\MiniProject\\HotelBookingSystemSolution\\HotelBookingRepositoryTests\\GuestRepositoryTests.cs:line 28\n","DisplayName":"AddGuestFailTest","Messages":[],"ComputerName":"853CBX3","Duration":"00:00:00.0242930","StartTime":"2024-05-29T12:26:01.2441742+00:00","EndTime":"2024-05-29T12:26:01.2684665+00:00","Properties":[{"Key":{"Id":"NUnit.Seed","Label":"Seed","Category":"","Description":"","Attributes":0,"ValueType":"System.String"},"Value":"465657903"}]},{"TestCase":{"Id":"c4d425ba-f79e-253b-6a3d-a4ce4d179b28","FullyQualifiedName":"HotelBookingRepositoryTests.GuestRepositoryTests.AddGuestSuccessTest","DisplayName":"AddGuestSuccessTest","ExecutorUri":"executor://NUnit3TestExecutor","Source":"C:\\MiniProject\\HotelBookingSystemSolution\\HotelBookingRepositoryTests\\bin\\Debug\\net6.0\\fine-code-coverage\\build-output\\HotelBookingRepositoryTests.dll","CodeFilePath":null,"LineNumber":0,"Properties":[{"Key":{"Id":"NUnit.Seed","Label":"Seed","Category":"","Description":"","Attributes":0,"ValueType":"System.String"},"Value":"1877468759"}]},"Attachments":[],"Outcome":2,"ErrorMessage":"HotelBookingSystemAPI.CustomExceptions.ObjectAlreadyExistsException : User Already Exists!","ErrorStackTrace":"   at HotelBookingSystemAPI.Repositories.GuestRepository.Add(Guest item) in C:\\MiniProject\\HotelBookingSystemSolution\\HotelBookingSystemAPI\\Repositories\\GuestRepository.cs:line 19\r\n   at HotelBookingRepositoryTests.GuestRepositoryTests.Setup() in C:\\MiniProject\\HotelBookingSystemSolution\\HotelBookingRepositoryTests\\GuestRepositoryTests.cs:line 28\n","DisplayName":"AddGuestSuccessTest","Messages":[],"ComputerName":"853CBX3","Duration":"00:00:00.0258910","StartTime":"2024-05-29T12:26:01.2685718+00:00","EndTime":"2024-05-29T12:26:01.2944621+00:00","Properties":[{"Key":{"Id":"NUnit.Seed","Label":"Seed","Category":"","Description":"","Attributes":0,"ValueType":"System.String"},"Value":"1877468759"}]},{"TestCase":{"Id":"5a16642d-570a-636f-4a54-bc7c5d22e848","FullyQualifiedName":"HotelBookingRepositoryTests.GuestRepositoryTests.DeleteGuestExceptionTest","DisplayName":"DeleteGuestExceptionTest","ExecutorUri":"executor://NUnit3TestExecutor","Source":"C:\\MiniProject\\HotelBookingSystemSolution\\HotelBookingRepositoryTests\\bin\\Debug\\net6.0\\fine-code-coverage\\build-output\\HotelBookingRepositoryTests.dll","CodeFilePath":null,"LineNumber":0,"Properties":[{"Key":{"Id":"NUnit.Seed","Label":"Seed","Category":"","Description":"","Attributes":0,"ValueType":"System.String"},"Value":"1088445102"}]},"Attachments":[],"Outcome":2,"ErrorMessage":"HotelBookingSystemAPI.CustomExceptions.ObjectAlreadyExistsException : User Already Exists!","ErrorStackTrace":"   at HotelBookingSystemAPI.Repositories.GuestRepository.Add(Guest item) in C:\\MiniProject\\HotelBookingSystemSolution\\HotelBookingSystemAPI\\Repositories\\GuestRepository.cs:line 19\r\n   at HotelBookingRepositoryTests.GuestRepositoryTests.Setup() in C:\\MiniProject\\HotelBookingSystemSolution\\HotelBookingRepositoryTests\\GuestRepositoryTests.cs:line 28\n","DisplayName":"DeleteGuestExceptionTest","Messages":[],"ComputerName":"853CBX3","Duration":"00:00:00.0015910","StartTime":"2024-05-29T12:26:01.294503+00:00","EndTime":"2024-05-29T12:26:01.2960939+00:00","Properties":[{"Key":{"Id":"NUnit.Seed","Label":"Seed","Category":"","Description":"","Attributes":0,"ValueType":"System.String"},"Value":"1088445102"}]},{"TestCase":{"Id":"18eb02d7-783c-5177-ad8b-044c4ca5ec90","FullyQualifiedName":"HotelBookingRepositoryTests.GuestRepositoryTests.DeleteGuestFailTest","DisplayName":"DeleteGuestFailTest","ExecutorUri":"executor://NUnit3TestExecutor","Source":"C:\\MiniProject\\HotelBookingSystemSolution\\HotelBookingRepositoryTests\\bin\\Debug\\net6.0\\fine-code-coverage\\build-output\\HotelBookingRepositoryTests.dll","CodeFilePath":null,"LineNumber":0,"Properties":[{"Key":{"Id":"NUnit.Seed","Label":"Seed","Category":"","Description":"","Attributes":0,"ValueType":"System.String"},"Value":"334727102"}]},"Attachments":[],"Outcome":2,"ErrorMessage":"HotelBookingSystemAPI.CustomExceptions.ObjectAlreadyExistsException : User Already Exists!","ErrorStackTrace":"   at HotelBookingSystemAPI.Repositories.GuestRepository.Add(Guest item) in C:\\MiniProject\\HotelBookingSystemSolution\\HotelBookingSystemAPI\\Repositories\\GuestRepository.cs:line 19\r\n   at HotelBookingRepositoryTests.GuestRepositoryTests.Setup() in C:\\MiniProject\\HotelBookingSystemSolution\\HotelBookingRepositoryTests\\GuestRepositoryTests.cs:line 28\n","DisplayName":"DeleteGuestFailTest","Messages":[],"ComputerName":"853CBX3","Duration":"00:00:00.0013570","StartTime":"2024-05-29T12:26:01.2961233+00:00","EndTime":"2024-05-29T12:26:01.2974801+00:00","Properties":[{"Key":{"Id":"NUnit.Seed","Label":"Seed","Category":"","Description":"","Attributes":0,"ValueType":"System.String"},"Value":"334727102"}]},{"TestCase":{"Id":"717b1fec-4197-2356-1f29-bbf3de48e1f0","FullyQualifiedName":"HotelBookingRepositoryTests.GuestRepositoryTests.DeleteGuestSuccessTest","DisplayName":"DeleteGuestSuccessTest","ExecutorUri":"executor://NUnit3TestExecutor","Source":"C:\\MiniProject\\HotelBookingSystemSolution\\HotelBookingRepositoryTests\\bin\\Debug\\net6.0\\fine-code-coverage\\build-output\\HotelBookingRepositoryTests.dll","CodeFilePath":null,"LineNumber":0,"Properties":[{"Key":{"Id":"NUnit.Seed","Label":"Seed","Category":"","Description":"","Attributes":0,"ValueType":"System.String"},"Value":"1530001758"}]},"Attachments":[],"Outcome":2,"ErrorMessage":"HotelBookingSystemAPI.CustomExceptions.ObjectAlreadyExistsException : User Already Exists!","ErrorStackTrace":"   at HotelBookingSystemAPI.Repositories.GuestRepository.Add(Guest item) in C:\\MiniProject\\HotelBookingSystemSolution\\HotelBookingSystemAPI\\Repositories\\GuestRepository.cs:line 19\r\n   at HotelBookingRepositoryTests.GuestRepositoryTests.Setup() in C:\\MiniProject\\HotelBookingSystemSolution\\HotelBookingRepositoryTests\\GuestRepositoryTests.cs:line 28\n","DisplayName":"DeleteGuestSuccessTest","Messages":[],"ComputerName":"853CBX3","Duration":"00:00:00.0007360","StartTime":"2024-05-29T12:26:01.297499+00:00","EndTime":"2024-05-29T12:26:01.2982351+00:00","Properties":[{"Key":{"Id":"NUnit.Seed","Label":"Seed","Category":"","Description":"","Attributes":0,"ValueType":"System.String"},"Value":"1530001758"}]},{"TestCase":{"Id":"28ec7b97-5125-7414-5f7e-3386614e6399","FullyQualifiedName":"HotelBookingRepositoryTests.GuestRepositoryTests.GetAllGuestFailTest","DisplayName":"GetAllGuestFailTest","ExecutorUri":"executor://NUnit3TestExecutor","Source":"C:\\MiniProject\\HotelBookingSystemSolution\\HotelBookingRepositoryTests\\bin\\Debug\\net6.0\\fine-code-coverage\\build-output\\HotelBookingRepositoryTests.dll","CodeFilePath":null,"LineNumber":0,"Properties":[{"Key":{"Id":"NUnit.Seed","Label":"Seed","Category":"","Description":"","Attributes":0,"ValueType":"System.String"},"Value":"659545576"}]},"Attachments":[],"Outcome":2,"ErrorMessage":"HotelBookingSystemAPI.CustomExceptions.ObjectAlreadyExistsException : User Already Exists!","ErrorStackTrace":"   at HotelBookingSystemAPI.Repositories.GuestRepository.Add(Guest item) in C:\\MiniProject\\HotelBookingSystemSolution\\HotelBookingSystemAPI\\Repositories\\GuestRepository.cs:line 19\r\n   at HotelBookingRepositoryTests.GuestRepositoryTests.Setup() in C:\\MiniProject\\HotelBookingSystemSolution\\HotelBookingRepositoryTests\\GuestRepositoryTests.cs:line 28\n","DisplayName":"GetAllGuestFailTest","Messages":[],"ComputerName":"853CBX3","Duration":"00:00:00.0006550","StartTime":"2024-05-29T12:26:01.2982494+00:00","EndTime":"2024-05-29T12:26:01.2989038+00:00","Properties":[{"Key":{"Id":"NUnit.Seed","Label":"Seed","Category":"","Description":"","Attributes":0,"ValueType":"System.String"},"Value":"659545576"}]},{"TestCase":{"Id":"7e3a56c5-05e2-8a14-90dc-9d96a224118f","FullyQualifiedName":"HotelBookingRepositoryTests.GuestRepositoryTests.GetAllGuestSuccessTest","DisplayName":"GetAllGuestSuccessTest","ExecutorUri":"executor://NUnit3TestExecutor","Source":"C:\\MiniProject\\HotelBookingSystemSolution\\HotelBookingRepositoryTests\\bin\\Debug\\net6.0\\fine-code-coverage\\build-output\\HotelBookingRepositoryTests.dll","CodeFilePath":null,"LineNumber":0,"Properties":[{"Key":{"Id":"NUnit.Seed","Label":"Seed","Category":"","Description":"","Attributes":0,"ValueType":"System.String"},"Value":"152887936"}]},"Attachments":[],"Outcome":2,"ErrorMessage":"HotelBookingSystemAPI.CustomExceptions.ObjectAlreadyExistsException : User Already Exists!","ErrorStackTrace":"   at HotelBookingSystemAPI.Repositories.GuestRepository.Add(Guest item) in C:\\MiniProject\\HotelBookingSystemSolution\\HotelBookingSystemAPI\\Repositories\\GuestRepository.cs:line 19\r\n   at HotelBookingRepositoryTests.GuestRepositoryTests.Setup() in C:\\MiniProject\\HotelBookingSystemSolution\\HotelBookingRepositoryTests\\GuestRepositoryTests.cs:line 28\n","DisplayName":"GetAllGuestSuccessTest","Messages":[],"ComputerName":"853CBX3","Duration":"00:00:00.0005890","StartTime":"2024-05-29T12:26:01.2989164+00:00","EndTime":"2024-05-29T12:26:01.2995052+00:00","Properties":[{"Key":{"Id":"NUnit.Seed","Label":"Seed","Category":"","Description":"","Attributes":0,"ValueType":"System.String"},"Value":"152887936"}]},{"TestCase":{"Id":"20ed7f98-8f16-c08b-066a-4330ffcf3393","FullyQualifiedName":"HotelBookingRepositoryTests.GuestRepositoryTests.GetGuesExceptionTest","DisplayName":"GetGuesExceptionTest","ExecutorUri":"executor://NUnit3TestExecutor","Source":"C:\\MiniProject\\HotelBookingSystemSolution\\HotelBookingRepositoryTests\\bin\\Debug\\net6.0\\fine-code-coverage\\build-output\\HotelBookingRepositoryTests.dll","CodeFilePath":null,"LineNumber":0,"Properties":[{"Key":{"Id":"NUnit.Seed","Label":"Seed","Category":"","Description":"","Attributes":0,"ValueType":"System.String"},"Value":"536399425"}]},"Attachments":[],"Outcome":2,"ErrorMessage":"HotelBookingSystemAPI.CustomExceptions.ObjectAlreadyExistsException : User Already Exists!","ErrorStackTrace":"   at HotelBookingSystemAPI.Repositories.GuestRepository.Add(Guest item) in C:\\MiniProject\\HotelBookingSystemSolution\\HotelBookingSystemAPI\\Repositories\\GuestRepository.cs:line 19\r\n   at HotelBookingRepositoryTests.GuestRepositoryTests.Setup() in C:\\MiniProject\\HotelBookingSystemSolution\\HotelBookingRepositoryTests\\GuestRepositoryTests.cs:line 28\n","DisplayName":"GetGuesExceptionTest","Messages":[],"ComputerName":"853CBX3","Duration":"00:00:00.0006660","StartTime":"2024-05-29T12:26:01.2995177+00:00","EndTime":"2024-05-29T12:26:01.3001837+00:00","Properties":[{"Key":{"Id":"NUnit.Seed","Label":"Seed","Category":"","Description":"","Attributes":0,"ValueType":"System.String"},"Value":"536399425"}]}],"TestRunStatistics":{"ExecutedTests":9,"Stats":{"Passed":1,"Failed":8}},"ActiveTests":[{"Id":"64453d20-e525-8bda-6eef-bc4282732d62","FullyQualifiedName":"HotelBookingRepositoryTests.GuestRepositoryTests.GetGuestFailTest","DisplayName":"GetGuestFailTest","ExecutorUri":"executor://NUnit3TestExecutor","Source":"C:\\MiniProject\\HotelBookingSystemSolution\\HotelBookingRepositoryTests\\bin\\Debug\\net6.0\\fine-code-coverage\\build-output\\HotelBookingRepositoryTests.dll","CodeFilePath":null,"LineNumber":0,"Properties":[{"Key":{"Id":"NUnit.Seed","Label":"Seed","Category":"","Description":"","Attributes":0,"ValueType":"System.String"},"Value":"2043507794"}]}]}}
TpTrace Verbose: 0 : 5296, 13, 2024/05/29, 17:56:01.360, 3865832928240, vstest.console.dll, TestRunRequest:SendTestRunStatsChange: Starting.
TpTrace Verbose: 0 : 5296, 13, 2024/05/29, 17:56:01.360, 3865832929580, vstest.console.dll, InProgress is GetGuestFailTest
TpTrace Verbose: 0 : 5296, 13, 2024/05/29, 17:56:01.360, 3865832931348, vstest.console.dll, MulticastDelegateUtilities.SafeInvoke: TestRun.RunStatsChanged: Invoking callbacks was skipped because there are no subscribers.
TpTrace Information: 0 : 5296, 13, 2024/05/29, 17:56:01.360, 3865832931680, vstest.console.dll, TestRunRequest:SendTestRunStatsChange: Completed.
TpTrace Verbose: 0 : 5296, 13, 2024/05/29, 17:56:01.360, 3865832931966, vstest.console.dll, MulticastDelegateUtilities.SafeInvoke: LengthPrefixCommunicationChannel: MessageReceived: Invoking callback 1/1 for Microsoft.VisualStudio.TestPlatform.CommunicationUtilities.TestRequestSender+<>c__DisplayClass34_0., took 27 ms.
TpTrace Verbose: 0 : 5296, 13, 2024/05/29, 17:56:01.360, 3865832932270, vstest.console.dll, TcpClientExtensions.MessageLoopAsync: Polling on remoteEndPoint: 127.0.0.1:62037 localEndPoint: 127.0.0.1:62036 after 829 ms
TpTrace Verbose: 0 : 5296, 4, 2024/05/29, 17:56:01.362, 3865832947350, vstest.console.dll, MulticastDelegateUtilities.SafeInvoke: InternalTestLoggerEvents.SendTestResult: Invoking callback 1/1 for Microsoft.VisualStudio.TestPlatform.CommandLine.Internal.ConsoleLogger., took 1 ms.
TpTrace Verbose: 0 : 5296, 4, 2024/05/29, 17:56:01.363, 3865832954747, vstest.console.dll, MulticastDelegateUtilities.SafeInvoke: InternalTestLoggerEvents.SendTestResult: Invoking callback 1/1 for Microsoft.VisualStudio.TestPlatform.CommandLine.Internal.ConsoleLogger., took 0 ms.
TpTrace Verbose: 0 : 5296, 4, 2024/05/29, 17:56:01.363, 3865832957176, vstest.console.dll, MulticastDelegateUtilities.SafeInvoke: InternalTestLoggerEvents.SendTestResult: Invoking callback 1/1 for Microsoft.VisualStudio.TestPlatform.CommandLine.Internal.ConsoleLogger., took 0 ms.
TpTrace Verbose: 0 : 5296, 4, 2024/05/29, 17:56:01.363, 3865832961562, vstest.console.dll, MulticastDelegateUtilities.SafeInvoke: InternalTestLoggerEvents.SendTestResult: Invoking callback 1/1 for Microsoft.VisualStudio.TestPlatform.CommandLine.Internal.ConsoleLogger., took 0 ms.
TpTrace Verbose: 0 : 5296, 4, 2024/05/29, 17:56:01.364, 3865832964798, vstest.console.dll, MulticastDelegateUtilities.SafeInvoke: InternalTestLoggerEvents.SendTestResult: Invoking callback 1/1 for Microsoft.VisualStudio.TestPlatform.CommandLine.Internal.ConsoleLogger., took 0 ms.
TpTrace Verbose: 0 : 5296, 4, 2024/05/29, 17:56:01.364, 3865832967795, vstest.console.dll, MulticastDelegateUtilities.SafeInvoke: InternalTestLoggerEvents.SendTestResult: Invoking callback 1/1 for Microsoft.VisualStudio.TestPlatform.CommandLine.Internal.ConsoleLogger., took 0 ms.
TpTrace Verbose: 0 : 5296, 4, 2024/05/29, 17:56:01.364, 3865832971049, vstest.console.dll, MulticastDelegateUtilities.SafeInvoke: InternalTestLoggerEvents.SendTestResult: Invoking callback 1/1 for Microsoft.VisualStudio.TestPlatform.CommandLine.Internal.ConsoleLogger., took 0 ms.
TpTrace Verbose: 0 : 5296, 4, 2024/05/29, 17:56:01.365, 3865832973659, vstest.console.dll, MulticastDelegateUtilities.SafeInvoke: InternalTestLoggerEvents.SendTestResult: Invoking callback 1/1 for Microsoft.VisualStudio.TestPlatform.CommandLine.Internal.ConsoleLogger., took 0 ms.
TpTrace Verbose: 0 : 5296, 4, 2024/05/29, 17:56:01.365, 3865832975643, vstest.console.dll, MulticastDelegateUtilities.SafeInvoke: InternalTestLoggerEvents.SendTestResult: Invoking callback 1/1 for Microsoft.VisualStudio.TestPlatform.CommandLine.Internal.ConsoleLogger., took 0 ms.
TpTrace Verbose: 0 : 5296, 13, 2024/05/29, 17:56:01.408, 3865833408503, vstest.console.dll, TcpClientExtensions.MessageLoopAsync: NotifyDataAvailable remoteEndPoint: 127.0.0.1:62037 localEndPoint: 127.0.0.1:62036
TpTrace Verbose: 0 : 5296, 13, 2024/05/29, 17:56:01.409, 3865833413003, vstest.console.dll, TestRequestSender.OnExecutionMessageReceived: Received message: {"Version":7,"MessageType":"TestExecution.StatsChange","Payload":{"NewTestResults":[{"TestCase":{"Id":"64453d20-e525-8bda-6eef-bc4282732d62","FullyQualifiedName":"HotelBookingRepositoryTests.GuestRepositoryTests.GetGuestFailTest","DisplayName":"GetGuestFailTest","ExecutorUri":"executor://NUnit3TestExecutor","Source":"C:\\MiniProject\\HotelBookingSystemSolution\\HotelBookingRepositoryTests\\bin\\Debug\\net6.0\\fine-code-coverage\\build-output\\HotelBookingRepositoryTests.dll","CodeFilePath":null,"LineNumber":0,"Properties":[{"Key":{"Id":"NUnit.Seed","Label":"Seed","Category":"","Description":"","Attributes":0,"ValueType":"System.String"},"Value":"2043507794"}]},"Attachments":[],"Outcome":2,"ErrorMessage":"HotelBookingSystemAPI.CustomExceptions.ObjectAlreadyExistsException : User Already Exists!","ErrorStackTrace":"   at HotelBookingSystemAPI.Repositories.GuestRepository.Add(Guest item) in C:\\MiniProject\\HotelBookingSystemSolution\\HotelBookingSystemAPI\\Repositories\\GuestRepository.cs:line 19\r\n   at HotelBookingRepositoryTests.GuestRepositoryTests.Setup() in C:\\MiniProject\\HotelBookingSystemSolution\\HotelBookingRepositoryTests\\GuestRepositoryTests.cs:line 28\n","DisplayName":"GetGuestFailTest","Messages":[],"ComputerName":"853CBX3","Duration":"00:00:00.0006120","StartTime":"2024-05-29T12:26:01.3001966+00:00","EndTime":"2024-05-29T12:26:01.300808+00:00","Properties":[{"Key":{"Id":"NUnit.Seed","Label":"Seed","Category":"","Description":"","Attributes":0,"ValueType":"System.String"},"Value":"2043507794"}]},{"TestCase":{"Id":"143c5de7-22dc-7a1c-3863-3a96eb004e6d","FullyQualifiedName":"HotelBookingRepositoryTests.GuestRepositoryTests.GetGuestSuccessTest","DisplayName":"GetGuestSuccessTest","ExecutorUri":"executor://NUnit3TestExecutor","Source":"C:\\MiniProject\\HotelBookingSystemSolution\\HotelBookingRepositoryTests\\bin\\Debug\\net6.0\\fine-code-coverage\\build-output\\HotelBookingRepositoryTests.dll","CodeFilePath":null,"LineNumber":0,"Properties":[{"Key":{"Id":"NUnit.Seed","Label":"Seed","Category":"","Description":"","Attributes":0,"ValueType":"System.String"},"Value":"2049738724"}]},"Attachments":[],"Outcome":2,"ErrorMessage":"HotelBookingSystemAPI.CustomExceptions.ObjectAlreadyExistsException : User Already Exists!","ErrorStackTrace":"   at HotelBookingSystemAPI.Repositories.GuestRepository.Add(Guest item) in C:\\MiniProject\\HotelBookingSystemSolution\\HotelBookingSystemAPI\\Repositories\\GuestRepository.cs:line 19\r\n   at HotelBookingRepositoryTests.GuestRepositoryTests.Setup() in C:\\MiniProject\\HotelBookingSystemSolution\\HotelBookingRepositoryTests\\GuestRepositoryTests.cs:line 28\n","DisplayName":"GetGuestSuccessTest","Messages":[],"ComputerName":"853CBX3","Duration":"00:00:00.0006880","StartTime":"2024-05-29T12:26:01.3008249+00:00","EndTime":"2024-05-29T12:26:01.3015131+00:00","Properties":[{"Key":{"Id":"NUnit.Seed","Label":"Seed","Category":"","Description":"","Attributes":0,"ValueType":"System.String"},"Value":"2049738724"}]},{"TestCase":{"Id":"17de6f9c-43ab-d83b-4c9d-3ba38c3db869","FullyQualifiedName":"HotelBookingRepositoryTests.GuestRepositoryTests.UpdateGuestExceptionTest","DisplayName":"UpdateGuestExceptionTest","ExecutorUri":"executor://NUnit3TestExecutor","Source":"C:\\MiniProject\\HotelBookingSystemSolution\\HotelBookingRepositoryTests\\bin\\Debug\\net6.0\\fine-code-coverage\\build-output\\HotelBookingRepositoryTests.dll","CodeFilePath":null,"LineNumber":0,"Properties":[{"Key":{"Id":"NUnit.Seed","Label":"Seed","Category":"","Description":"","Attributes":0,"ValueType":"System.String"},"Value":"1946776938"}]},"Attachments":[],"Outcome":2,"ErrorMessage":"HotelBookingSystemAPI.CustomExceptions.ObjectAlreadyExistsException : User Already Exists!","ErrorStackTrace":"   at HotelBookingSystemAPI.Repositories.GuestRepository.Add(Guest item) in C:\\MiniProject\\HotelBookingSystemSolution\\HotelBookingSystemAPI\\Repositories\\GuestRepository.cs:line 19\r\n   at HotelBookingRepositoryTests.GuestRepositoryTests.Setup() in C:\\MiniProject\\HotelBookingSystemSolution\\HotelBookingRepositoryTests\\GuestRepositoryTests.cs:line 28\n","DisplayName":"UpdateGuestExceptionTest","Messages":[],"ComputerName":"853CBX3","Duration":"00:00:00.0006170","StartTime":"2024-05-29T12:26:01.3015268+00:00","EndTime":"2024-05-29T12:26:01.3021438+00:00","Properties":[{"Key":{"Id":"NUnit.Seed","Label":"Seed","Category":"","Description":"","Attributes":0,"ValueType":"System.String"},"Value":"1946776938"}]},{"TestCase":{"Id":"68336913-095f-7bce-4be3-2a4fcfb1f320","FullyQualifiedName":"HotelBookingRepositoryTests.GuestRepositoryTests.UpdateGuetSuccessTest","DisplayName":"UpdateGuetSuccessTest","ExecutorUri":"executor://NUnit3TestExecutor","Source":"C:\\MiniProject\\HotelBookingSystemSolution\\HotelBookingRepositoryTests\\bin\\Debug\\net6.0\\fine-code-coverage\\build-output\\HotelBookingRepositoryTests.dll","CodeFilePath":null,"LineNumber":0,"Properties":[{"Key":{"Id":"NUnit.Seed","Label":"Seed","Category":"","Description":"","Attributes":0,"ValueType":"System.String"},"Value":"1963861833"}]},"Attachments":[],"Outcome":2,"ErrorMessage":"HotelBookingSystemAPI.CustomExceptions.ObjectAlreadyExistsException : User Already Exists!","ErrorStackTrace":"   at HotelBookingSystemAPI.Repositories.GuestRepository.Add(Guest item) in C:\\MiniProject\\HotelBookingSystemSolution\\HotelBookingSystemAPI\\Repositories\\GuestRepository.cs:line 19\r\n   at HotelBookingRepositoryTests.GuestRepositoryTests.Setup() in C:\\MiniProject\\HotelBookingSystemSolution\\HotelBookingRepositoryTests\\GuestRepositoryTests.cs:line 28\n","DisplayName":"UpdateGuetSuccessTest","Messages":[],"ComputerName":"853CBX3","Duration":"00:00:00.0006380","StartTime":"2024-05-29T12:26:01.3021557+00:00","EndTime":"2024-05-29T12:26:01.3027939+00:00","Properties":[{"Key":{"Id":"NUnit.Seed","Label":"Seed","Category":"","Description":"","Attributes":0,"ValueType":"System.String"},"Value":"1963861833"}]},{"TestCase":{"Id":"f2982f6b-fbd0-135b-5b38-2b4619865711","FullyQualifiedName":"HotelBookingRepositoryTests.RoomRepositoryTests.AddRoomSuccessTest","DisplayName":"AddRoomSuccessTest","ExecutorUri":"executor://NUnit3TestExecutor","Source":"C:\\MiniProject\\HotelBookingSystemSolution\\HotelBookingRepositoryTests\\bin\\Debug\\net6.0\\fine-code-coverage\\build-output\\HotelBookingRepositoryTests.dll","CodeFilePath":null,"LineNumber":0,"Properties":[{"Key":{"Id":"NUnit.Seed","Label":"Seed","Category":"","Description":"","Attributes":0,"ValueType":"System.String"},"Value":"2139892880"}]},"Attachments":[],"Outcome":1,"ErrorMessage":null,"ErrorStackTrace":null,"DisplayName":"AddRoomSuccessTest","Messages":[],"ComputerName":"853CBX3","Duration":"00:00:00.0840190","StartTime":"2024-05-29T12:26:01.305153+00:00","EndTime":"2024-05-29T12:26:01.3891713+00:00","Properties":[{"Key":{"Id":"NUnit.Seed","Label":"Seed","Category":"","Description":"","Attributes":0,"ValueType":"System.String"},"Value":"2139892880"}]},{"TestCase":{"Id":"a105b936-880f-bc4f-1c9c-78dd21847ed1","FullyQualifiedName":"HotelBookingRepositoryTests.RoomRepositoryTests.DeleteRoomExceptionTest","DisplayName":"DeleteRoomExceptionTest","ExecutorUri":"executor://NUnit3TestExecutor","Source":"C:\\MiniProject\\HotelBookingSystemSolution\\HotelBookingRepositoryTests\\bin\\Debug\\net6.0\\fine-code-coverage\\build-output\\HotelBookingRepositoryTests.dll","CodeFilePath":null,"LineNumber":0,"Properties":[{"Key":{"Id":"NUnit.Seed","Label":"Seed","Category":"","Description":"","Attributes":0,"ValueType":"System.String"},"Value":"1974027763"}]},"Attachments":[],"Outcome":2,"ErrorMessage":"System.ArgumentException : An item with the same key has already been added. Key: 5","ErrorStackTrace":"   at System.Collections.Generic.Dictionary`2.TryInsert(TKey key, TValue value, InsertionBehavior behavior)\r\n   at Microsoft.EntityFrameworkCore.InMemory.Storage.Internal.InMemoryTable`1.Create(IUpdateEntry entry)\r\n   at Microsoft.EntityFrameworkCore.InMemory.Storage.Internal.InMemoryStore.ExecuteTransaction(IList`1 entries, IDiagnosticsLogger`1 updateLogger)\r\n   at Microsoft.EntityFrameworkCore.InMemory.Storage.Internal.InMemoryDatabase.SaveChangesAsync(IList`1 entries, CancellationToken cancellationToken)\r\n   at Microsoft.EntityFrameworkCore.ChangeTracking.Internal.StateManager.SaveChangesAsync(IList`1 entriesToSave, CancellationToken cancellationToken)\r\n   at Microsoft.EntityFrameworkCore.ChangeTracking.Internal.StateManager.SaveChangesAsync(StateManager stateManager, Boolean acceptAllChangesOnSuccess, CancellationToken cancellationToken)\r\n   at Microsoft.EntityFrameworkCore.DbContext.SaveChangesAsync(Boolean acceptAllChangesOnSuccess, CancellationToken cancellationToken)\r\n   at Microsoft.EntityFrameworkCore.DbContext.SaveChangesAsync(Boolean acceptAllChangesOnSuccess, CancellationToken cancellationToken)\r\n   at HotelBookingSystemAPI.Repositories.AbstractRepository`2.Add(T item) in C:\\MiniProject\\HotelBookingSystemSolution\\HotelBookingSystemAPI\\Repositories\\AbstractRepository.cs:line 18\r\n   at HotelBookingRepositoryTests.RoomRepositoryTests.Setup() in C:\\MiniProject\\HotelBookingSystemSolution\\HotelBookingRepositoryTests\\RoomRepositoryTests.cs:line 29\r\n   at NUnit.Framework.Internal.TaskAwaitAdapter.GenericAdapter`1.GetResult()\r\n   at NUnit.Framework.Internal.AsyncToSyncAdapter.Await(Func`1 invoke)\r\n   at NUnit.Framework.Internal.Commands.SetUpTearDownItem.RunSetUpOrTearDownMethod(TestExecutionContext context, IMethodInfo method)\r\n   at NUnit.Framework.Internal.Commands.SetUpTearDownItem.RunSetUp(TestExecutionContext context)\r\n   at NUnit.Framework.Internal.Commands.SetUpTearDownCommand.<>c__DisplayClass0_0.<.ctor>b__0(TestExecutionContext context)\r\n   at NUnit.Framework.Internal.Commands.BeforeAndAfterTestCommand.<>c__DisplayClass1_0.<Execute>b__0()\r\n   at NUnit.Framework.Internal.Commands.DelegatingTestCommand.RunTestMethodInThreadAbortSafeZone(TestExecutionContext context, Action action)\n","DisplayName":"DeleteRoomExceptionTest","Messages":[],"ComputerName":"853CBX3","Duration":"00:00:00.0070840","StartTime":"2024-05-29T12:26:01.3892329+00:00","EndTime":"2024-05-29T12:26:01.3963167+00:00","Properties":[{"Key":{"Id":"NUnit.Seed","Label":"Seed","Category":"","Description":"","Attributes":0,"ValueType":"System.String"},"Value":"1974027763"}]},{"TestCase":{"Id":"b8b8eb92-d124-f8a8-eb98-84b3d7487500","FullyQualifiedName":"HotelBookingRepositoryTests.RoomRepositoryTests.DeleteRoomFailTest","DisplayName":"DeleteRoomFailTest","ExecutorUri":"executor://NUnit3TestExecutor","Source":"C:\\MiniProject\\HotelBookingSystemSolution\\HotelBookingRepositoryTests\\bin\\Debug\\net6.0\\fine-code-coverage\\build-output\\HotelBookingRepositoryTests.dll","CodeFilePath":null,"LineNumber":0,"Properties":[{"Key":{"Id":"NUnit.Seed","Label":"Seed","Category":"","Description":"","Attributes":0,"ValueType":"System.String"},"Value":"480295254"}]},"Attachments":[],"Outcome":2,"ErrorMessage":"System.ArgumentException : An item with the same key has already been added. Key: 5","ErrorStackTrace":"   at System.Collections.Generic.Dictionary`2.TryInsert(TKey key, TValue value, InsertionBehavior behavior)\r\n   at Microsoft.EntityFrameworkCore.InMemory.Storage.Internal.InMemoryTable`1.Create(IUpdateEntry entry)\r\n   at Microsoft.EntityFrameworkCore.InMemory.Storage.Internal.InMemoryStore.ExecuteTransaction(IList`1 entries, IDiagnosticsLogger`1 updateLogger)\r\n   at Microsoft.EntityFrameworkCore.InMemory.Storage.Internal.InMemoryDatabase.SaveChangesAsync(IList`1 entries, CancellationToken cancellationToken)\r\n   at Microsoft.EntityFrameworkCore.ChangeTracking.Internal.StateManager.SaveChangesAsync(IList`1 entriesToSave, CancellationToken cancellationToken)\r\n   at Microsoft.EntityFrameworkCore.ChangeTracking.Internal.StateManager.SaveChangesAsync(StateManager stateManager, Boolean acceptAllChangesOnSuccess, CancellationToken cancellationToken)\r\n   at Microsoft.EntityFrameworkCore.DbContext.SaveChangesAsync(Boolean acceptAllChangesOnSuccess, CancellationToken cancellationToken)\r\n   at Microsoft.EntityFrameworkCore.DbContext.SaveChangesAsync(Boolean acceptAllChangesOnSuccess, CancellationToken cancellationToken)\r\n   at HotelBookingSystemAPI.Repositories.AbstractRepository`2.Add(T item) in C:\\MiniProject\\HotelBookingSystemSolution\\HotelBookingSystemAPI\\Repositories\\AbstractRepository.cs:line 18\r\n   at HotelBookingRepositoryTests.RoomRepositoryTests.Setup() in C:\\MiniProject\\HotelBookingSystemSolution\\HotelBookingRepositoryTests\\RoomRepositoryTests.cs:line 29\r\n   at NUnit.Framework.Internal.TaskAwaitAdapter.GenericAdapter`1.GetResult()\r\n   at NUnit.Framework.Internal.AsyncToSyncAdapter.Await(Func`1 invoke)\r\n   at NUnit.Framework.Internal.Commands.SetUpTearDownItem.RunSetUpOrTearDownMethod(TestExecutionContext context, IMethodInfo method)\r\n   at NUnit.Framework.Internal.Commands.SetUpTearDownItem.RunSetUp(TestExecutionContext context)\r\n   at NUnit.Framework.Internal.Commands.SetUpTearDownCommand.<>c__DisplayClass0_0.<.ctor>b__0(TestExecutionContext context)\r\n   at NUnit.Framework.Internal.Commands.BeforeAndAfterTestCommand.<>c__DisplayClass1_0.<Execute>b__0()\r\n   at NUnit.Framework.Internal.Commands.DelegatingTestCommand.RunTestMethodInThreadAbortSafeZone(TestExecutionContext context, Action action)\n","DisplayName":"DeleteRoomFailTest","Messages":[],"ComputerName":"853CBX3","Duration":"00:00:00.0010830","StartTime":"2024-05-29T12:26:01.3963428+00:00","EndTime":"2024-05-29T12:26:01.3974254+00:00","Properties":[{"Key":{"Id":"NUnit.Seed","Label":"Seed","Category":"","Description":"","Attributes":0,"ValueType":"System.String"},"Value":"480295254"}]},{"TestCase":{"Id":"1756382f-91fc-ef57-a60d-305320629604","FullyQualifiedName":"HotelBookingRepositoryTests.RoomRepositoryTests.DeleteRoomSuccessTest","DisplayName":"DeleteRoomSuccessTest","ExecutorUri":"executor://NUnit3TestExecutor","Source":"C:\\MiniProject\\HotelBookingSystemSolution\\HotelBookingRepositoryTests\\bin\\Debug\\net6.0\\fine-code-coverage\\build-output\\HotelBookingRepositoryTests.dll","CodeFilePath":null,"LineNumber":0,"Properties":[{"Key":{"Id":"NUnit.Seed","Label":"Seed","Category":"","Description":"","Attributes":0,"ValueType":"System.String"},"Value":"2105080895"}]},"Attachments":[],"Outcome":2,"ErrorMessage":"System.ArgumentException : An item with the same key has already been added. Key: 5","ErrorStackTrace":"   at System.Collections.Generic.Dictionary`2.TryInsert(TKey key, TValue value, InsertionBehavior behavior)\r\n   at Microsoft.EntityFrameworkCore.InMemory.Storage.Internal.InMemoryTable`1.Create(IUpdateEntry entry)\r\n   at Microsoft.EntityFrameworkCore.InMemory.Storage.Internal.InMemoryStore.ExecuteTransaction(IList`1 entries, IDiagnosticsLogger`1 updateLogger)\r\n   at Microsoft.EntityFrameworkCore.InMemory.Storage.Internal.InMemoryDatabase.SaveChangesAsync(IList`1 entries, CancellationToken cancellationToken)\r\n   at Microsoft.EntityFrameworkCore.ChangeTracking.Internal.StateManager.SaveChangesAsync(IList`1 entriesToSave, CancellationToken cancellationToken)\r\n   at Microsoft.EntityFrameworkCore.ChangeTracking.Internal.StateManager.SaveChangesAsync(StateManager stateManager, Boolean acceptAllChangesOnSuccess, CancellationToken cancellationToken)\r\n   at Microsoft.EntityFrameworkCore.DbContext.SaveChangesAsync(Boolean acceptAllChangesOnSuccess, CancellationToken cancellationToken)\r\n   at Microsoft.EntityFrameworkCore.DbContext.SaveChangesAsync(Boolean acceptAllChangesOnSuccess, CancellationToken cancellationToken)\r\n   at HotelBookingSystemAPI.Repositories.AbstractRepository`2.Add(T item) in C:\\MiniProject\\HotelBookingSystemSolution\\HotelBookingSystemAPI\\Repositories\\AbstractRepository.cs:line 18\r\n   at HotelBookingRepositoryTests.RoomRepositoryTests.Setup() in C:\\MiniProject\\HotelBookingSystemSolution\\HotelBookingRepositoryTests\\RoomRepositoryTests.cs:line 29\r\n   at NUnit.Framework.Internal.TaskAwaitAdapter.GenericAdapter`1.GetResult()\r\n   at NUnit.Framework.Internal.AsyncToSyncAdapter.Await(Func`1 invoke)\r\n   at NUnit.Framework.Internal.Commands.SetUpTearDownItem.RunSetUpOrTearDownMethod(TestExecutionContext context, IMethodInfo method)\r\n   at NUnit.Framework.Internal.Commands.SetUpTearDownItem.RunSetUp(TestExecutionContext context)\r\n   at NUnit.Framework.Internal.Commands.SetUpTearDownCommand.<>c__DisplayClass0_0.<.ctor>b__0(TestExecutionContext context)\r\n   at NUnit.Framework.Internal.Commands.BeforeAndAfterTestCommand.<>c__DisplayClass1_0.<Execute>b__0()\r\n   at NUnit.Framework.Internal.Commands.DelegatingTestCommand.RunTestMethodInThreadAbortSafeZone(TestExecutionContext context, Action action)\n","DisplayName":"DeleteRoomSuccessTest","Messages":[],"ComputerName":"853CBX3","Duration":"00:00:00.0010670","StartTime":"2024-05-29T12:26:01.3974435+00:00","EndTime":"2024-05-29T12:26:01.3985104+00:00","Properties":[{"Key":{"Id":"NUnit.Seed","Label":"Seed","Category":"","Description":"","Attributes":0,"ValueType":"System.String"},"Value":"2105080895"}]},{"TestCase":{"Id":"9215532e-7917-8996-6271-b51cb8ccbd2d","FullyQualifiedName":"HotelBookingRepositoryTests.RoomRepositoryTests.GetAllRoomFailTest","DisplayName":"GetAllRoomFailTest","ExecutorUri":"executor://NUnit3TestExecutor","Source":"C:\\MiniProject\\HotelBookingSystemSolution\\HotelBookingRepositoryTests\\bin\\Debug\\net6.0\\fine-code-coverage\\build-output\\HotelBookingRepositoryTests.dll","CodeFilePath":null,"LineNumber":0,"Properties":[{"Key":{"Id":"NUnit.Seed","Label":"Seed","Category":"","Description":"","Attributes":0,"ValueType":"System.String"},"Value":"389282088"}]},"Attachments":[],"Outcome":2,"ErrorMessage":"System.ArgumentException : An item with the same key has already been added. Key: 5","ErrorStackTrace":"   at System.Collections.Generic.Dictionary`2.TryInsert(TKey key, TValue value, InsertionBehavior behavior)\r\n   at Microsoft.EntityFrameworkCore.InMemory.Storage.Internal.InMemoryTable`1.Create(IUpdateEntry entry)\r\n   at Microsoft.EntityFrameworkCore.InMemory.Storage.Internal.InMemoryStore.ExecuteTransaction(IList`1 entries, IDiagnosticsLogger`1 updateLogger)\r\n   at Microsoft.EntityFrameworkCore.InMemory.Storage.Internal.InMemoryDatabase.SaveChangesAsync(IList`1 entries, CancellationToken cancellationToken)\r\n   at Microsoft.EntityFrameworkCore.ChangeTracking.Internal.StateManager.SaveChangesAsync(IList`1 entriesToSave, CancellationToken cancellationToken)\r\n   at Microsoft.EntityFrameworkCore.ChangeTracking.Internal.StateManager.SaveChangesAsync(StateManager stateManager, Boolean acceptAllChangesOnSuccess, CancellationToken cancellationToken)\r\n   at Microsoft.EntityFrameworkCore.DbContext.SaveChangesAsync(Boolean acceptAllChangesOnSuccess, CancellationToken cancellationToken)\r\n   at Microsoft.EntityFrameworkCore.DbContext.SaveChangesAsync(Boolean acceptAllChangesOnSuccess, CancellationToken cancellationToken)\r\n   at HotelBookingSystemAPI.Repositories.AbstractRepository`2.Add(T item) in C:\\MiniProject\\HotelBookingSystemSolution\\HotelBookingSystemAPI\\Repositories\\AbstractRepository.cs:line 18\r\n   at HotelBookingRepositoryTests.RoomRepositoryTests.Setup() in C:\\MiniProject\\HotelBookingSystemSolution\\HotelBookingRepositoryTests\\RoomRepositoryTests.cs:line 29\r\n   at NUnit.Framework.Internal.TaskAwaitAdapter.GenericAdapter`1.GetResult()\r\n   at NUnit.Framework.Internal.AsyncToSyncAdapter.Await(Func`1 invoke)\r\n   at NUnit.Framework.Internal.Commands.SetUpTearDownItem.RunSetUpOrTearDownMethod(TestExecutionContext context, IMethodInfo method)\r\n   at NUnit.Framework.Internal.Commands.SetUpTearDownItem.RunSetUp(TestExecutionContext context)\r\n   at NUnit.Framework.Internal.Commands.SetUpTearDownCommand.<>c__DisplayClass0_0.<.ctor>b__0(TestExecutionContext context)\r\n   at NUnit.Framework.Internal.Commands.BeforeAndAfterTestCommand.<>c__DisplayClass1_0.<Execute>b__0()\r\n   at NUnit.Framework.Internal.Commands.DelegatingTestCommand.RunTestMethodInThreadAbortSafeZone(TestExecutionContext context, Action action)\n","DisplayName":"GetAllRoomFailTest","Messages":[],"ComputerName":"853CBX3","Duration":"00:00:00.0007460","StartTime":"2024-05-29T12:26:01.398525+00:00","EndTime":"2024-05-29T12:26:01.399271+00:00","Properties":[{"Key":{"Id":"NUnit.Seed","Label":"Seed","Category":"","Description":"","Attributes":0,"ValueType":"System.String"},"Value":"389282088"}]}],"TestRunStatistics":{"ExecutedTests":18,"Stats":{"Passed":2,"Failed":16}},"ActiveTests":[{"Id":"2fe91cf6-4583-7c90-885e-719670fb9392","FullyQualifiedName":"HotelBookingRepositoryTests.RoomRepositoryTests.GetAllRoomSuccessTest","DisplayName":"GetAllRoomSuccessTest","ExecutorUri":"executor://NUnit3TestExecutor","Source":"C:\\MiniProject\\HotelBookingSystemSolution\\HotelBookingRepositoryTests\\bin\\Debug\\net6.0\\fine-code-coverage\\build-output\\HotelBookingRepositoryTests.dll","CodeFilePath":null,"LineNumber":0,"Properties":[{"Key":{"Id":"NUnit.Seed","Label":"Seed","Category":"","Description":"","Attributes":0,"ValueType":"System.String"},"Value":"737842108"}]}]}}
TpTrace Verbose: 0 : 5296, 13, 2024/05/29, 17:56:01.410, 3865833429661, vstest.console.dll, TestRunRequest:SendTestRunStatsChange: Starting.
TpTrace Verbose: 0 : 5296, 13, 2024/05/29, 17:56:01.410, 3865833430512, vstest.console.dll, InProgress is GetAllRoomSuccessTest
TpTrace Verbose: 0 : 5296, 13, 2024/05/29, 17:56:01.410, 3865833431157, vstest.console.dll, MulticastDelegateUtilities.SafeInvoke: TestRun.RunStatsChanged: Invoking callbacks was skipped because there are no subscribers.
TpTrace Information: 0 : 5296, 13, 2024/05/29, 17:56:01.410, 3865833431443, vstest.console.dll, TestRunRequest:SendTestRunStatsChange: Completed.
TpTrace Verbose: 0 : 5296, 13, 2024/05/29, 17:56:01.410, 3865833431717, vstest.console.dll, MulticastDelegateUtilities.SafeInvoke: LengthPrefixCommunicationChannel: MessageReceived: Invoking callback 1/1 for Microsoft.VisualStudio.TestPlatform.CommunicationUtilities.TestRequestSender+<>c__DisplayClass34_0., took 1 ms.
TpTrace Verbose: 0 : 5296, 13, 2024/05/29, 17:56:01.410, 3865833432021, vstest.console.dll, TcpClientExtensions.MessageLoopAsync: Polling on remoteEndPoint: 127.0.0.1:62037 localEndPoint: 127.0.0.1:62036 after 49 ms
TpTrace Verbose: 0 : 5296, 4, 2024/05/29, 17:56:01.411, 3865833433734, vstest.console.dll, MulticastDelegateUtilities.SafeInvoke: InternalTestLoggerEvents.SendTestResult: Invoking callback 1/1 for Microsoft.VisualStudio.TestPlatform.CommandLine.Internal.ConsoleLogger., took 0 ms.
TpTrace Verbose: 0 : 5296, 4, 2024/05/29, 17:56:01.411, 3865833436355, vstest.console.dll, MulticastDelegateUtilities.SafeInvoke: InternalTestLoggerEvents.SendTestResult: Invoking callback 1/1 for Microsoft.VisualStudio.TestPlatform.CommandLine.Internal.ConsoleLogger., took 0 ms.
TpTrace Verbose: 0 : 5296, 4, 2024/05/29, 17:56:01.411, 3865833439201, vstest.console.dll, MulticastDelegateUtilities.SafeInvoke: InternalTestLoggerEvents.SendTestResult: Invoking callback 1/1 for Microsoft.VisualStudio.TestPlatform.CommandLine.Internal.ConsoleLogger., took 0 ms.
TpTrace Verbose: 0 : 5296, 4, 2024/05/29, 17:56:01.411, 3865833442791, vstest.console.dll, MulticastDelegateUtilities.SafeInvoke: InternalTestLoggerEvents.SendTestResult: Invoking callback 1/1 for Microsoft.VisualStudio.TestPlatform.CommandLine.Internal.ConsoleLogger., took 0 ms.
TpTrace Verbose: 0 : 5296, 4, 2024/05/29, 17:56:01.412, 3865833444034, vstest.console.dll, MulticastDelegateUtilities.SafeInvoke: InternalTestLoggerEvents.SendTestResult: Invoking callback 1/1 for Microsoft.VisualStudio.TestPlatform.CommandLine.Internal.ConsoleLogger., took 0 ms.
TpTrace Verbose: 0 : 5296, 4, 2024/05/29, 17:56:01.412, 3865833446460, vstest.console.dll, MulticastDelegateUtilities.SafeInvoke: InternalTestLoggerEvents.SendTestResult: Invoking callback 1/1 for Microsoft.VisualStudio.TestPlatform.CommandLine.Internal.ConsoleLogger., took 0 ms.
TpTrace Verbose: 0 : 5296, 4, 2024/05/29, 17:56:01.412, 3865833449664, vstest.console.dll, MulticastDelegateUtilities.SafeInvoke: InternalTestLoggerEvents.SendTestResult: Invoking callback 1/1 for Microsoft.VisualStudio.TestPlatform.CommandLine.Internal.ConsoleLogger., took 0 ms.
TpTrace Verbose: 0 : 5296, 4, 2024/05/29, 17:56:01.412, 3865833451876, vstest.console.dll, MulticastDelegateUtilities.SafeInvoke: InternalTestLoggerEvents.SendTestResult: Invoking callback 1/1 for Microsoft.VisualStudio.TestPlatform.CommandLine.Internal.ConsoleLogger., took 0 ms.
TpTrace Verbose: 0 : 5296, 4, 2024/05/29, 17:56:01.413, 3865833454472, vstest.console.dll, MulticastDelegateUtilities.SafeInvoke: InternalTestLoggerEvents.SendTestResult: Invoking callback 1/1 for Microsoft.VisualStudio.TestPlatform.CommandLine.Internal.ConsoleLogger., took 0 ms.
TpTrace Verbose: 0 : 5296, 13, 2024/05/29, 17:56:01.434, 3865833668477, vstest.console.dll, TcpClientExtensions.MessageLoopAsync: NotifyDataAvailable remoteEndPoint: 127.0.0.1:62037 localEndPoint: 127.0.0.1:62036
TpTrace Verbose: 0 : 5296, 13, 2024/05/29, 17:56:01.434, 3865833670053, vstest.console.dll, TestRequestSender.OnExecutionMessageReceived: Received message: {"Version":7,"MessageType":"TestSession.Message","Payload":{"MessageLevel":0,"Message":"NUnit Adapter 4.4.0.0: Test execution complete"}}
TpTrace Verbose: 0 : 5296, 13, 2024/05/29, 17:56:01.434, 3865833671263, vstest.console.dll, TestRunRequest:SendTestRunMessage: Starting.
TpTrace Verbose: 0 : 5296, 13, 2024/05/29, 17:56:01.434, 3865833671792, vstest.console.dll, MulticastDelegateUtilities.SafeInvoke: TestRun.LogMessages: Invoking callback 1/1 for Microsoft.VisualStudio.TestPlatform.CommandLine.TestRunResultAggregator., took 0 ms.
TpTrace Verbose: 0 : 5296, 4, 2024/05/29, 17:56:01.434, 3865833671990, vstest.console.dll, MulticastDelegateUtilities.SafeInvoke: InternalTestLoggerEvents.SendTestRunMessage: Invoking callback 1/1 for Microsoft.VisualStudio.TestPlatform.CommandLine.Internal.ConsoleLogger., took 0 ms.
TpTrace Information: 0 : 5296, 13, 2024/05/29, 17:56:01.434, 3865833672134, vstest.console.dll, TestRunRequest:SendTestRunMessage: Completed.
TpTrace Verbose: 0 : 5296, 13, 2024/05/29, 17:56:01.435, 3865833673237, vstest.console.dll, MulticastDelegateUtilities.SafeInvoke: LengthPrefixCommunicationChannel: MessageReceived: Invoking callback 1/1 for Microsoft.VisualStudio.TestPlatform.CommunicationUtilities.TestRequestSender+<>c__DisplayClass34_0., took 0 ms.
TpTrace Verbose: 0 : 5296, 13, 2024/05/29, 17:56:01.435, 3865833673711, vstest.console.dll, TcpClientExtensions.MessageLoopAsync: Polling on remoteEndPoint: 127.0.0.1:62037 localEndPoint: 127.0.0.1:62036 after 24 ms
TpTrace Verbose: 0 : 5296, 13, 2024/05/29, 17:56:01.463, 3865833961309, vstest.console.dll, TcpClientExtensions.MessageLoopAsync: NotifyDataAvailable remoteEndPoint: 127.0.0.1:62037 localEndPoint: 127.0.0.1:62036
TpTrace Verbose: 0 : 5296, 13, 2024/05/29, 17:56:01.464, 3865833967095, vstest.console.dll, TestRequestSender.OnExecutionMessageReceived: Received message: {"Version":7,"MessageType":"TestExecution.Completed","Payload":{"TestRunCompleteArgs":{"TestRunStatistics":{"ExecutedTests":24,"Stats":{"Passed":2,"Failed":22}},"IsCanceled":false,"IsAborted":false,"Error":null,"AttachmentSets":[],"InvokedDataCollectors":[],"ElapsedTimeInRunningTests":"00:00:01.1403071","Metrics":{},"DiscoveredExtensions":{"TestDiscoverers":["NUnit.VisualStudio.TestAdapter.NUnit3TestDiscoverer, NUnit3.TestAdapter, Version=4.4.0.0, Culture=neutral, PublicKeyToken=4cb40d35494691ac"],"TestExecutors":["executor://NUnit3TestExecutor"],"TestExecutors2":[],"TestSettingsProviders":[]}},"LastRunTests":{"NewTestResults":[{"TestCase":{"Id":"2fe91cf6-4583-7c90-885e-719670fb9392","FullyQualifiedName":"HotelBookingRepositoryTests.RoomRepositoryTests.GetAllRoomSuccessTest","DisplayName":"GetAllRoomSuccessTest","ExecutorUri":"executor://NUnit3TestExecutor","Source":"C:\\MiniProject\\HotelBookingSystemSolution\\HotelBookingRepositoryTests\\bin\\Debug\\net6.0\\fine-code-coverage\\build-output\\HotelBookingRepositoryTests.dll","CodeFilePath":null,"LineNumber":0,"Properties":[{"Key":{"Id":"NUnit.Seed","Label":"Seed","Category":"","Description":"","Attributes":0,"ValueType":"System.String"},"Value":"737842108"}]},"Attachments":[],"Outcome":2,"ErrorMessage":"System.ArgumentException : An item with the same key has already been added. Key: 5","ErrorStackTrace":"   at System.Collections.Generic.Dictionary`2.TryInsert(TKey key, TValue value, InsertionBehavior behavior)\r\n   at Microsoft.EntityFrameworkCore.InMemory.Storage.Internal.InMemoryTable`1.Create(IUpdateEntry entry)\r\n   at Microsoft.EntityFrameworkCore.InMemory.Storage.Internal.InMemoryStore.ExecuteTransaction(IList`1 entries, IDiagnosticsLogger`1 updateLogger)\r\n   at Microsoft.EntityFrameworkCore.InMemory.Storage.Internal.InMemoryDatabase.SaveChangesAsync(IList`1 entries, CancellationToken cancellationToken)\r\n   at Microsoft.EntityFrameworkCore.ChangeTracking.Internal.StateManager.SaveChangesAsync(IList`1 entriesToSave, CancellationToken cancellationToken)\r\n   at Microsoft.EntityFrameworkCore.ChangeTracking.Internal.StateManager.SaveChangesAsync(StateManager stateManager, Boolean acceptAllChangesOnSuccess, CancellationToken cancellationToken)\r\n   at Microsoft.EntityFrameworkCore.DbContext.SaveChangesAsync(Boolean acceptAllChangesOnSuccess, CancellationToken cancellationToken)\r\n   at Microsoft.EntityFrameworkCore.DbContext.SaveChangesAsync(Boolean acceptAllChangesOnSuccess, CancellationToken cancellationToken)\r\n   at HotelBookingSystemAPI.Repositories.AbstractRepository`2.Add(T item) in C:\\MiniProject\\HotelBookingSystemSolution\\HotelBookingSystemAPI\\Repositories\\AbstractRepository.cs:line 18\r\n   at HotelBookingRepositoryTests.RoomRepositoryTests.Setup() in C:\\MiniProject\\HotelBookingSystemSolution\\HotelBookingRepositoryTests\\RoomRepositoryTests.cs:line 29\r\n   at NUnit.Framework.Internal.TaskAwaitAdapter.GenericAdapter`1.GetResult()\r\n   at NUnit.Framework.Internal.AsyncToSyncAdapter.Await(Func`1 invoke)\r\n   at NUnit.Framework.Internal.Commands.SetUpTearDownItem.RunSetUpOrTearDownMethod(TestExecutionContext context, IMethodInfo method)\r\n   at NUnit.Framework.Internal.Commands.SetUpTearDownItem.RunSetUp(TestExecutionContext context)\r\n   at NUnit.Framework.Internal.Commands.SetUpTearDownCommand.<>c__DisplayClass0_0.<.ctor>b__0(TestExecutionContext context)\r\n   at NUnit.Framework.Internal.Commands.BeforeAndAfterTestCommand.<>c__DisplayClass1_0.<Execute>b__0()\r\n   at NUnit.Framework.Internal.Commands.DelegatingTestCommand.RunTestMethodInThreadAbortSafeZone(TestExecutionContext context, Action action)\n","DisplayName":"GetAllRoomSuccessTest","Messages":[],"ComputerName":"853CBX3","Duration":"00:00:00.0011420","StartTime":"2024-05-29T12:26:01.3992854+00:00","EndTime":"2024-05-29T12:26:01.4004273+00:00","Properties":[{"Key":{"Id":"NUnit.Seed","Label":"Seed","Category":"","Description":"","Attributes":0,"ValueType":"System.String"},"Value":"737842108"}]},{"TestCase":{"Id":"02539bc0-ddef-6b88-b61f-ae31d3d89b9e","FullyQualifiedName":"HotelBookingRepositoryTests.RoomRepositoryTests.GetRoomExceptionTest","DisplayName":"GetRoomExceptionTest","ExecutorUri":"executor://NUnit3TestExecutor","Source":"C:\\MiniProject\\HotelBookingSystemSolution\\HotelBookingRepositoryTests\\bin\\Debug\\net6.0\\fine-code-coverage\\build-output\\HotelBookingRepositoryTests.dll","CodeFilePath":null,"LineNumber":0,"Properties":[{"Key":{"Id":"NUnit.Seed","Label":"Seed","Category":"","Description":"","Attributes":0,"ValueType":"System.String"},"Value":"707234559"}]},"Attachments":[],"Outcome":2,"ErrorMessage":"System.ArgumentException : An item with the same key has already been added. Key: 5","ErrorStackTrace":"   at System.Collections.Generic.Dictionary`2.TryInsert(TKey key, TValue value, InsertionBehavior behavior)\r\n   at Microsoft.EntityFrameworkCore.InMemory.Storage.Internal.InMemoryTable`1.Create(IUpdateEntry entry)\r\n   at Microsoft.EntityFrameworkCore.InMemory.Storage.Internal.InMemoryStore.ExecuteTransaction(IList`1 entries, IDiagnosticsLogger`1 updateLogger)\r\n   at Microsoft.EntityFrameworkCore.InMemory.Storage.Internal.InMemoryDatabase.SaveChangesAsync(IList`1 entries, CancellationToken cancellationToken)\r\n   at Microsoft.EntityFrameworkCore.ChangeTracking.Internal.StateManager.SaveChangesAsync(IList`1 entriesToSave, CancellationToken cancellationToken)\r\n   at Microsoft.EntityFrameworkCore.ChangeTracking.Internal.StateManager.SaveChangesAsync(StateManager stateManager, Boolean acceptAllChangesOnSuccess, CancellationToken cancellationToken)\r\n   at Microsoft.EntityFrameworkCore.DbContext.SaveChangesAsync(Boolean acceptAllChangesOnSuccess, CancellationToken cancellationToken)\r\n   at Microsoft.EntityFrameworkCore.DbContext.SaveChangesAsync(Boolean acceptAllChangesOnSuccess, CancellationToken cancellationToken)\r\n   at HotelBookingSystemAPI.Repositories.AbstractRepository`2.Add(T item) in C:\\MiniProject\\HotelBookingSystemSolution\\HotelBookingSystemAPI\\Repositories\\AbstractRepository.cs:line 18\r\n   at HotelBookingRepositoryTests.RoomRepositoryTests.Setup() in C:\\MiniProject\\HotelBookingSystemSolution\\HotelBookingRepositoryTests\\RoomRepositoryTests.cs:line 29\r\n   at NUnit.Framework.Internal.TaskAwaitAdapter.GenericAdapter`1.GetResult()\r\n   at NUnit.Framework.Internal.AsyncToSyncAdapter.Await(Func`1 invoke)\r\n   at NUnit.Framework.Internal.Commands.SetUpTearDownItem.RunSetUpOrTearDownMethod(TestExecutionContext context, IMethodInfo method)\r\n   at NUnit.Framework.Internal.Commands.SetUpTearDownItem.RunSetUp(TestExecutionContext context)\r\n   at NUnit.Framework.Internal.Commands.SetUpTearDownCommand.<>c__DisplayClass0_0.<.ctor>b__0(TestExecutionContext context)\r\n   at NUnit.Framework.Internal.Commands.BeforeAndAfterTestCommand.<>c__DisplayClass1_0.<Execute>b__0()\r\n   at NUnit.Framework.Internal.Commands.DelegatingTestCommand.RunTestMethodInThreadAbortSafeZone(TestExecutionContext context, Action action)\n","DisplayName":"GetRoomExceptionTest","Messages":[],"ComputerName":"853CBX3","Duration":"00:00:00.0010620","StartTime":"2024-05-29T12:26:01.4004471+00:00","EndTime":"2024-05-29T12:26:01.4015087+00:00","Properties":[{"Key":{"Id":"NUnit.Seed","Label":"Seed","Category":"","Description":"","Attributes":0,"ValueType":"System.String"},"Value":"707234559"}]},{"TestCase":{"Id":"16dd7e7a-d2c4-8d9d-eac6-ed914e8fb894","FullyQualifiedName":"HotelBookingRepositoryTests.RoomRepositoryTests.GetRoomFailTest","DisplayName":"GetRoomFailTest","ExecutorUri":"executor://NUnit3TestExecutor","Source":"C:\\MiniProject\\HotelBookingSystemSolution\\HotelBookingRepositoryTests\\bin\\Debug\\net6.0\\fine-code-coverage\\build-output\\HotelBookingRepositoryTests.dll","CodeFilePath":null,"LineNumber":0,"Properties":[{"Key":{"Id":"NUnit.Seed","Label":"Seed","Category":"","Description":"","Attributes":0,"ValueType":"System.String"},"Value":"454891301"}]},"Attachments":[],"Outcome":2,"ErrorMessage":"System.ArgumentException : An item with the same key has already been added. Key: 5","ErrorStackTrace":"   at System.Collections.Generic.Dictionary`2.TryInsert(TKey key, TValue value, InsertionBehavior behavior)\r\n   at Microsoft.EntityFrameworkCore.InMemory.Storage.Internal.InMemoryTable`1.Create(IUpdateEntry entry)\r\n   at Microsoft.EntityFrameworkCore.InMemory.Storage.Internal.InMemoryStore.ExecuteTransaction(IList`1 entries, IDiagnosticsLogger`1 updateLogger)\r\n   at Microsoft.EntityFrameworkCore.InMemory.Storage.Internal.InMemoryDatabase.SaveChangesAsync(IList`1 entries, CancellationToken cancellationToken)\r\n   at Microsoft.EntityFrameworkCore.ChangeTracking.Internal.StateManager.SaveChangesAsync(IList`1 entriesToSave, CancellationToken cancellationToken)\r\n   at Microsoft.EntityFrameworkCore.ChangeTracking.Internal.StateManager.SaveChangesAsync(StateManager stateManager, Boolean acceptAllChangesOnSuccess, CancellationToken cancellationToken)\r\n   at Microsoft.EntityFrameworkCore.DbContext.SaveChangesAsync(Boolean acceptAllChangesOnSuccess, CancellationToken cancellationToken)\r\n   at Microsoft.EntityFrameworkCore.DbContext.SaveChangesAsync(Boolean acceptAllChangesOnSuccess, CancellationToken cancellationToken)\r\n   at HotelBookingSystemAPI.Repositories.AbstractRepository`2.Add(T item) in C:\\MiniProject\\HotelBookingSystemSolution\\HotelBookingSystemAPI\\Repositories\\AbstractRepository.cs:line 18\r\n   at HotelBookingRepositoryTests.RoomRepositoryTests.Setup() in C:\\MiniProject\\HotelBookingSystemSolution\\HotelBookingRepositoryTests\\RoomRepositoryTests.cs:line 29\r\n   at NUnit.Framework.Internal.TaskAwaitAdapter.GenericAdapter`1.GetResult()\r\n   at NUnit.Framework.Internal.AsyncToSyncAdapter.Await(Func`1 invoke)\r\n   at NUnit.Framework.Internal.Commands.SetUpTearDownItem.RunSetUpOrTearDownMethod(TestExecutionContext context, IMethodInfo method)\r\n   at NUnit.Framework.Internal.Commands.SetUpTearDownItem.RunSetUp(TestExecutionContext context)\r\n   at NUnit.Framework.Internal.Commands.SetUpTearDownCommand.<>c__DisplayClass0_0.<.ctor>b__0(TestExecutionContext context)\r\n   at NUnit.Framework.Internal.Commands.BeforeAndAfterTestCommand.<>c__DisplayClass1_0.<Execute>b__0()\r\n   at NUnit.Framework.Internal.Commands.DelegatingTestCommand.RunTestMethodInThreadAbortSafeZone(TestExecutionContext context, Action action)\n","DisplayName":"GetRoomFailTest","Messages":[],"ComputerName":"853CBX3","Duration":"00:00:00.0009510","StartTime":"2024-05-29T12:26:01.4015274+00:00","EndTime":"2024-05-29T12:26:01.4024785+00:00","Properties":[{"Key":{"Id":"NUnit.Seed","Label":"Seed","Category":"","Description":"","Attributes":0,"ValueType":"System.String"},"Value":"454891301"}]},{"TestCase":{"Id":"ea0f9579-c8cf-6551-dc7e-774afc5e77d9","FullyQualifiedName":"HotelBookingRepositoryTests.RoomRepositoryTests.GetRoomSuccessTest","DisplayName":"GetRoomSuccessTest","ExecutorUri":"executor://NUnit3TestExecutor","Source":"C:\\MiniProject\\HotelBookingSystemSolution\\HotelBookingRepositoryTests\\bin\\Debug\\net6.0\\fine-code-coverage\\build-output\\HotelBookingRepositoryTests.dll","CodeFilePath":null,"LineNumber":0,"Properties":[{"Key":{"Id":"NUnit.Seed","Label":"Seed","Category":"","Description":"","Attributes":0,"ValueType":"System.String"},"Value":"253656201"}]},"Attachments":[],"Outcome":2,"ErrorMessage":"System.ArgumentException : An item with the same key has already been added. Key: 5","ErrorStackTrace":"   at System.Collections.Generic.Dictionary`2.TryInsert(TKey key, TValue value, InsertionBehavior behavior)\r\n   at Microsoft.EntityFrameworkCore.InMemory.Storage.Internal.InMemoryTable`1.Create(IUpdateEntry entry)\r\n   at Microsoft.EntityFrameworkCore.InMemory.Storage.Internal.InMemoryStore.ExecuteTransaction(IList`1 entries, IDiagnosticsLogger`1 updateLogger)\r\n   at Microsoft.EntityFrameworkCore.InMemory.Storage.Internal.InMemoryDatabase.SaveChangesAsync(IList`1 entries, CancellationToken cancellationToken)\r\n   at Microsoft.EntityFrameworkCore.ChangeTracking.Internal.StateManager.SaveChangesAsync(IList`1 entriesToSave, CancellationToken cancellationToken)\r\n   at Microsoft.EntityFrameworkCore.ChangeTracking.Internal.StateManager.SaveChangesAsync(StateManager stateManager, Boolean acceptAllChangesOnSuccess, CancellationToken cancellationToken)\r\n   at Microsoft.EntityFrameworkCore.DbContext.SaveChangesAsync(Boolean acceptAllChangesOnSuccess, CancellationToken cancellationToken)\r\n   at Microsoft.EntityFrameworkCore.DbContext.SaveChangesAsync(Boolean acceptAllChangesOnSuccess, CancellationToken cancellationToken)\r\n   at HotelBookingSystemAPI.Repositories.AbstractRepository`2.Add(T item) in C:\\MiniProject\\HotelBookingSystemSolution\\HotelBookingSystemAPI\\Repositories\\AbstractRepository.cs:line 18\r\n   at HotelBookingRepositoryTests.RoomRepositoryTests.Setup() in C:\\MiniProject\\HotelBookingSystemSolution\\HotelBookingRepositoryTests\\RoomRepositoryTests.cs:line 29\r\n   at NUnit.Framework.Internal.TaskAwaitAdapter.GenericAdapter`1.GetResult()\r\n   at NUnit.Framework.Internal.AsyncToSyncAdapter.Await(Func`1 invoke)\r\n   at NUnit.Framework.Internal.Commands.SetUpTearDownItem.RunSetUpOrTearDownMethod(TestExecutionContext context, IMethodInfo method)\r\n   at NUnit.Framework.Internal.Commands.SetUpTearDownItem.RunSetUp(TestExecutionContext context)\r\n   at NUnit.Framework.Internal.Commands.SetUpTearDownCommand.<>c__DisplayClass0_0.<.ctor>b__0(TestExecutionContext context)\r\n   at NUnit.Framework.Internal.Commands.BeforeAndAfterTestCommand.<>c__DisplayClass1_0.<Execute>b__0()\r\n   at NUnit.Framework.Internal.Commands.DelegatingTestCommand.RunTestMethodInThreadAbortSafeZone(TestExecutionContext context, Action action)\n","DisplayName":"GetRoomSuccessTest","Messages":[],"ComputerName":"853CBX3","Duration":"00:00:00.0008640","StartTime":"2024-05-29T12:26:01.4024957+00:00","EndTime":"2024-05-29T12:26:01.4033592+00:00","Properties":[{"Key":{"Id":"NUnit.Seed","Label":"Seed","Category":"","Description":"","Attributes":0,"ValueType":"System.String"},"Value":"253656201"}]},{"TestCase":{"Id":"4a7fc0e1-6809-8aba-f54a-06a0c6004963","FullyQualifiedName":"HotelBookingRepositoryTests.RoomRepositoryTests.UpdateRoomExceptionTest","DisplayName":"UpdateRoomExceptionTest","ExecutorUri":"executor://NUnit3TestExecutor","Source":"C:\\MiniProject\\HotelBookingSystemSolution\\HotelBookingRepositoryTests\\bin\\Debug\\net6.0\\fine-code-coverage\\build-output\\HotelBookingRepositoryTests.dll","CodeFilePath":null,"LineNumber":0,"Properties":[{"Key":{"Id":"NUnit.Seed","Label":"Seed","Category":"","Description":"","Attributes":0,"ValueType":"System.String"},"Value":"1520626887"}]},"Attachments":[],"Outcome":2,"ErrorMessage":"System.ArgumentException : An item with the same key has already been added. Key: 5","ErrorStackTrace":"   at System.Collections.Generic.Dictionary`2.TryInsert(TKey key, TValue value, InsertionBehavior behavior)\r\n   at Microsoft.EntityFrameworkCore.InMemory.Storage.Internal.InMemoryTable`1.Create(IUpdateEntry entry)\r\n   at Microsoft.EntityFrameworkCore.InMemory.Storage.Internal.InMemoryStore.ExecuteTransaction(IList`1 entries, IDiagnosticsLogger`1 updateLogger)\r\n   at Microsoft.EntityFrameworkCore.InMemory.Storage.Internal.InMemoryDatabase.SaveChangesAsync(IList`1 entries, CancellationToken cancellationToken)\r\n   at Microsoft.EntityFrameworkCore.ChangeTracking.Internal.StateManager.SaveChangesAsync(IList`1 entriesToSave, CancellationToken cancellationToken)\r\n   at Microsoft.EntityFrameworkCore.ChangeTracking.Internal.StateManager.SaveChangesAsync(StateManager stateManager, Boolean acceptAllChangesOnSuccess, CancellationToken cancellationToken)\r\n   at Microsoft.EntityFrameworkCore.DbContext.SaveChangesAsync(Boolean acceptAllChangesOnSuccess, CancellationToken cancellationToken)\r\n   at Microsoft.EntityFrameworkCore.DbContext.SaveChangesAsync(Boolean acceptAllChangesOnSuccess, CancellationToken cancellationToken)\r\n   at HotelBookingSystemAPI.Repositories.AbstractRepository`2.Add(T item) in C:\\MiniProject\\HotelBookingSystemSolution\\HotelBookingSystemAPI\\Repositories\\AbstractRepository.cs:line 18\r\n   at HotelBookingRepositoryTests.RoomRepositoryTests.Setup() in C:\\MiniProject\\HotelBookingSystemSolution\\HotelBookingRepositoryTests\\RoomRepositoryTests.cs:line 29\r\n   at NUnit.Framework.Internal.TaskAwaitAdapter.GenericAdapter`1.GetResult()\r\n   at NUnit.Framework.Internal.AsyncToSyncAdapter.Await(Func`1 invoke)\r\n   at NUnit.Framework.Internal.Commands.SetUpTearDownItem.RunSetUpOrTearDownMethod(TestExecutionContext context, IMethodInfo method)\r\n   at NUnit.Framework.Internal.Commands.SetUpTearDownItem.RunSetUp(TestExecutionContext context)\r\n   at NUnit.Framework.Internal.Commands.SetUpTearDownCommand.<>c__DisplayClass0_0.<.ctor>b__0(TestExecutionContext context)\r\n   at NUnit.Framework.Internal.Commands.BeforeAndAfterTestCommand.<>c__DisplayClass1_0.<Execute>b__0()\r\n   at NUnit.Framework.Internal.Commands.DelegatingTestCommand.RunTestMethodInThreadAbortSafeZone(TestExecutionContext context, Action action)\n","DisplayName":"UpdateRoomExceptionTest","Messages":[],"ComputerName":"853CBX3","Duration":"00:00:00.0008280","StartTime":"2024-05-29T12:26:01.4033741+00:00","EndTime":"2024-05-29T12:26:01.4042022+00:00","Properties":[{"Key":{"Id":"NUnit.Seed","Label":"Seed","Category":"","Description":"","Attributes":0,"ValueType":"System.String"},"Value":"1520626887"}]},{"TestCase":{"Id":"d4d0d2d7-bb31-e843-e84d-7fb225224dc4","FullyQualifiedName":"HotelBookingRepositoryTests.RoomRepositoryTests.UpdateRoomSuccessTest","DisplayName":"UpdateRoomSuccessTest","ExecutorUri":"executor://NUnit3TestExecutor","Source":"C:\\MiniProject\\HotelBookingSystemSolution\\HotelBookingRepositoryTests\\bin\\Debug\\net6.0\\fine-code-coverage\\build-output\\HotelBookingRepositoryTests.dll","CodeFilePath":null,"LineNumber":0,"Properties":[{"Key":{"Id":"NUnit.Seed","Label":"Seed","Category":"","Description":"","Attributes":0,"ValueType":"System.String"},"Value":"1974335345"}]},"Attachments":[],"Outcome":2,"ErrorMessage":"System.ArgumentException : An item with the same key has already been added. Key: 5","ErrorStackTrace":"   at System.Collections.Generic.Dictionary`2.TryInsert(TKey key, TValue value, InsertionBehavior behavior)\r\n   at Microsoft.EntityFrameworkCore.InMemory.Storage.Internal.InMemoryTable`1.Create(IUpdateEntry entry)\r\n   at Microsoft.EntityFrameworkCore.InMemory.Storage.Internal.InMemoryStore.ExecuteTransaction(IList`1 entries, IDiagnosticsLogger`1 updateLogger)\r\n   at Microsoft.EntityFrameworkCore.InMemory.Storage.Internal.InMemoryDatabase.SaveChangesAsync(IList`1 entries, CancellationToken cancellationToken)\r\n   at Microsoft.EntityFrameworkCore.ChangeTracking.Internal.StateManager.SaveChangesAsync(IList`1 entriesToSave, CancellationToken cancellationToken)\r\n   at Microsoft.EntityFrameworkCore.ChangeTracking.Internal.StateManager.SaveChangesAsync(StateManager stateManager, Boolean acceptAllChangesOnSuccess, CancellationToken cancellationToken)\r\n   at Microsoft.EntityFrameworkCore.DbContext.SaveChangesAsync(Boolean acceptAllChangesOnSuccess, CancellationToken cancellationToken)\r\n   at Microsoft.EntityFrameworkCore.DbContext.SaveChangesAsync(Boolean acceptAllChangesOnSuccess, CancellationToken cancellationToken)\r\n   at HotelBookingSystemAPI.Repositories.AbstractRepository`2.Add(T item) in C:\\MiniProject\\HotelBookingSystemSolution\\HotelBookingSystemAPI\\Repositories\\AbstractRepository.cs:line 18\r\n   at HotelBookingRepositoryTests.RoomRepositoryTests.Setup() in C:\\MiniProject\\HotelBookingSystemSolution\\HotelBookingRepositoryTests\\RoomRepositoryTests.cs:line 29\r\n   at NUnit.Framework.Internal.TaskAwaitAdapter.GenericAdapter`1.GetResult()\r\n   at NUnit.Framework.Internal.AsyncToSyncAdapter.Await(Func`1 invoke)\r\n   at NUnit.Framework.Internal.Commands.SetUpTearDownItem.RunSetUpOrTearDownMethod(TestExecutionContext context, IMethodInfo method)\r\n   at NUnit.Framework.Internal.Commands.SetUpTearDownItem.RunSetUp(TestExecutionContext context)\r\n   at NUnit.Framework.Internal.Commands.SetUpTearDownCommand.<>c__DisplayClass0_0.<.ctor>b__0(TestExecutionContext context)\r\n   at NUnit.Framework.Internal.Commands.BeforeAndAfterTestCommand.<>c__DisplayClass1_0.<Execute>b__0()\r\n   at NUnit.Framework.Internal.Commands.DelegatingTestCommand.RunTestMethodInThreadAbortSafeZone(TestExecutionContext context, Action action)\n","DisplayName":"UpdateRoomSuccessTest","Messages":[],"ComputerName":"853CBX3","Duration":"00:00:00.0007930","StartTime":"2024-05-29T12:26:01.404217+00:00","EndTime":"2024-05-29T12:26:01.4050093+00:00","Properties":[{"Key":{"Id":"NUnit.Seed","Label":"Seed","Category":"","Description":"","Attributes":0,"ValueType":"System.String"},"Value":"1974335345"}]}],"TestRunStatistics":{"ExecutedTests":24,"Stats":{"Passed":2,"Failed":22}},"ActiveTests":[]},"RunAttachments":[],"ExecutorUris":["executor://nunit3testexecutor/"]}}
TpTrace Verbose: 0 : 5296, 13, 2024/05/29, 17:56:01.464, 3865833971244, vstest.console.dll, TestRequestSender.EndSession: Sending end session.
TpTrace Verbose: 0 : 5296, 13, 2024/05/29, 17:56:01.465, 3865833973213, vstest.console.dll, ProxyOperationManager.Close: waiting for test host to exit for 100 ms
TpTrace Verbose: 0 : 5296, 12, 2024/05/29, 17:56:01.496, 3865834285695, vstest.console.dll, TestHostManagerCallbacks.ctor: Experimental forwarding output is disabled.
TpTrace Warning: 0 : 5296, 12, 2024/05/29, 17:56:01.496, 3865834287268, vstest.console.dll, TestHostManagerCallbacks.ErrorReceivedCallback Test host standard error line: 
TpTrace Verbose: 0 : 5296, 12, 2024/05/29, 17:56:01.506, 3865834386500, vstest.console.dll, TestHostProvider.ExitCallBack: Host exited starting callback.
TpTrace Information: 0 : 5296, 12, 2024/05/29, 17:56:01.506, 3865834388216, vstest.console.dll, TestHostManagerCallbacks.ExitCallBack: Testhost processId: 19084 exited with exitcode: 0 error: ''
TpTrace Verbose: 0 : 5296, 12, 2024/05/29, 17:56:01.506, 3865834388549, vstest.console.dll, DotnetTestHostManager.OnHostExited: invoking OnHostExited callback
TpTrace Verbose: 0 : 5296, 12, 2024/05/29, 17:56:01.506, 3865834389120, vstest.console.dll, CrossPlatEngine.TestHostManagerHostExited: calling on client process exit callback.
TpTrace Information: 0 : 5296, 12, 2024/05/29, 17:56:01.506, 3865834389725, vstest.console.dll, TestRequestSender.OnClientProcessExit: Test host process exited. Standard error: 
TpTrace Information: 0 : 5296, 12, 2024/05/29, 17:56:01.506, 3865834390047, vstest.console.dll, SocketServer.Stop: Stop server endPoint: 127.0.0.1:62036
TpTrace Information: 0 : 5296, 12, 2024/05/29, 17:56:01.506, 3865834390281, vstest.console.dll, SocketServer.Stop: Cancellation requested. Stopping message loop.
TpTrace Information: 0 : 5296, 13, 2024/05/29, 17:56:01.506, 3865834391086, vstest.console.dll, SocketServer.Stop: Stop server endPoint: 127.0.0.1:62036
TpTrace Verbose: 0 : 5296, 12, 2024/05/29, 17:56:01.506, 3865834391268, vstest.console.dll, MulticastDelegateUtilities.SafeInvoke: HostProviderEvents.OnHostExited: Invoking callback 1/1 for Microsoft.VisualStudio.TestPlatform.CrossPlatEngine.Client.ProxyOperationManager., took 0 ms.
TpTrace Information: 0 : 5296, 13, 2024/05/29, 17:56:01.506, 3865834391866, vstest.console.dll, SocketServer.Stop: Cancellation requested. Stopping message loop.
TpTrace Information: 0 : 5296, 13, 2024/05/29, 17:56:01.506, 3865834392731, vstest.console.dll, Closing the connection
TpTrace Verbose: 0 : 5296, 13, 2024/05/29, 17:56:01.507, 3865834394677, vstest.console.dll, ProxyDataCollectionManager.InvokeDataCollectionServiceAction: Starting.
TpTrace Information: 0 : 5296, 13, 2024/05/29, 17:56:01.507, 3865834395124, vstest.console.dll, ProxyDataCollectionManager.AfterTestRunEnd: Get attachment set and invoked data collectors processId: 29128 port: 62033
TpTrace Verbose: 0 : 5296, 13, 2024/05/29, 17:56:01.507, 3865834395608, vstest.console.dll, DataCollectionRequestSender.SendAfterTestRunStartAndGetResult: Send AfterTestRunEnd message with isCancelled: False
TpTrace Verbose: 0 : 5296, 13, 2024/05/29, 17:56:01.513, 3865834456381, vstest.console.dll, DataCollectionRequestSender.SendAfterTestRunStartAndGetResult: Received message: (DataCollection.AfterTestRunEndResult) -> {"MessageType":"DataCollection.AfterTestRunEndResult","Payload":{"AttachmentSets":[],"InvokedDataCollectors":[{"Uri":"datacollector://Microsoft/TestPlatform/Extensions/Blame/v1","FriendlyName":"Blame","AssemblyQualifiedName":"Microsoft.TestPlatform.Extensions.BlameDataCollector.BlameCollector, Microsoft.TestPlatform.Extensions.BlameDataCollector, Version=15.0.0.0, Culture=neutral, PublicKeyToken=b03f5f7f11d50a3a","FilePath":"C:\\Program Files\\dotnet\\sdk\\8.0.202\\Extensions\\Microsoft.TestPlatform.Extensions.BlameDataCollector.dll","HasAttachmentProcessor":false}],"Metrics":{}}}
TpTrace Information: 0 : 5296, 13, 2024/05/29, 17:56:01.518, 3865834504692, vstest.console.dll, ProxyDataCollectionManager.InvokeDataCollectionServiceAction: Completed.
TpTrace Warning: 0 : 5296, 10, 2024/05/29, 17:56:01.547, 3865834793677, vstest.console.dll, DataCollectionLauncher.ErrorReceivedCallback datacollector standard error line: 
TpTrace Information: 0 : 5296, 10, 2024/05/29, 17:56:01.548, 3865834812005, vstest.console.dll, DataCollectionLauncher.ExitCallBack: Data collector exited with exitcode: 0 error: ''
TpTrace Verbose: 0 : 5296, 13, 2024/05/29, 17:56:01.554, 3865834872380, vstest.console.dll, TestRunRequest:SendTestRunStatsChange: Starting.
TpTrace Verbose: 0 : 5296, 13, 2024/05/29, 17:56:01.555, 3865834873366, vstest.console.dll, MulticastDelegateUtilities.SafeInvoke: TestRun.RunStatsChanged: Invoking callbacks was skipped because there are no subscribers.
TpTrace Information: 0 : 5296, 13, 2024/05/29, 17:56:01.555, 3865834873693, vstest.console.dll, TestRunRequest:SendTestRunStatsChange: Completed.
TpTrace Verbose: 0 : 5296, 13, 2024/05/29, 17:56:01.555, 3865834876497, vstest.console.dll, ParallelProxyExecutionManager: HandlePartialRunComplete: Total workloads = 1, Total started clients = 1 Total completed clients = 1, Run complete = True, Run canceled: False.
TpTrace Verbose: 0 : 5296, 13, 2024/05/29, 17:56:01.555, 3865834876854, vstest.console.dll, ParallelProxyExecutionManager: HandlePartialRunComplete: All runs completed stopping all managers.
TpTrace Verbose: 0 : 5296, 13, 2024/05/29, 17:56:01.555, 3865834877139, vstest.console.dll, ParallelOperationManager.StopAllManagers: Stopping all managers.
TpTrace Verbose: 0 : 5296, 13, 2024/05/29, 17:56:01.555, 3865834877439, vstest.console.dll, ParallelOperationManager.ClearSlots: Clearing all slots. Slots should accept more work: False
TpTrace Verbose: 0 : 5296, 13, 2024/05/29, 17:56:01.555, 3865834877814, vstest.console.dll, ParallelOperationManager.SetOccupiedSlotCount: Setting slot counts AvailableSlotCount = 1, OccupiedSlotCount = 0.
TpTrace Verbose: 0 : 5296, 13, 2024/05/29, 17:56:01.555, 3865834878219, vstest.console.dll, Occupied slots:

TpTrace Verbose: 0 : 5296, 4, 2024/05/29, 17:56:01.556, 3865834889452, vstest.console.dll, MulticastDelegateUtilities.SafeInvoke: InternalTestLoggerEvents.SendTestResult: Invoking callback 1/1 for Microsoft.VisualStudio.TestPlatform.CommandLine.Internal.ConsoleLogger., took 1 ms.
TpTrace Verbose: 0 : 5296, 4, 2024/05/29, 17:56:01.556, 3865834892774, vstest.console.dll, MulticastDelegateUtilities.SafeInvoke: InternalTestLoggerEvents.SendTestResult: Invoking callback 1/1 for Microsoft.VisualStudio.TestPlatform.CommandLine.Internal.ConsoleLogger., took 0 ms.
TpTrace Verbose: 0 : 5296, 4, 2024/05/29, 17:56:01.557, 3865834896097, vstest.console.dll, MulticastDelegateUtilities.SafeInvoke: InternalTestLoggerEvents.SendTestResult: Invoking callback 1/1 for Microsoft.VisualStudio.TestPlatform.CommandLine.Internal.ConsoleLogger., took 0 ms.
TpTrace Verbose: 0 : 5296, 4, 2024/05/29, 17:56:01.558, 3865834904585, vstest.console.dll, MulticastDelegateUtilities.SafeInvoke: InternalTestLoggerEvents.SendTestResult: Invoking callback 1/1 for Microsoft.VisualStudio.TestPlatform.CommandLine.Internal.ConsoleLogger., took 0 ms.
TpTrace Verbose: 0 : 5296, 4, 2024/05/29, 17:56:01.558, 3865834909246, vstest.console.dll, MulticastDelegateUtilities.SafeInvoke: InternalTestLoggerEvents.SendTestResult: Invoking callback 1/1 for Microsoft.VisualStudio.TestPlatform.CommandLine.Internal.ConsoleLogger., took 0 ms.
TpTrace Verbose: 0 : 5296, 4, 2024/05/29, 17:56:01.559, 3865834913584, vstest.console.dll, MulticastDelegateUtilities.SafeInvoke: InternalTestLoggerEvents.SendTestResult: Invoking callback 1/1 for Microsoft.VisualStudio.TestPlatform.CommandLine.Internal.ConsoleLogger., took 0 ms.
TpTrace Verbose: 0 : 5296, 4, 2024/05/29, 17:56:01.563, 3865834960716, vstest.console.dll, MulticastDelegateUtilities.SafeInvoke: InternalTestLoggerEvents.SendTestRunComplete: Invoking callback 1/2 for Microsoft.TestPlatform.Extensions.BlameDataCollector.BlameLogger., took 0 ms.
TpTrace Verbose: 0 : 5296, 4, 2024/05/29, 17:56:01.568, 3865835010213, vstest.console.dll, MulticastDelegateUtilities.SafeInvoke: InternalTestLoggerEvents.SendTestRunComplete: Invoking callback 2/2 for Microsoft.VisualStudio.TestPlatform.CommandLine.Internal.ConsoleLogger., took 4 ms.
TpTrace Verbose: 0 : 5296, 13, 2024/05/29, 17:56:01.569, 3865835012877, vstest.console.dll, TestRunRequest:TestRunComplete: Starting. IsAborted:False IsCanceled:False.
TpTrace Verbose: 0 : 5296, 13, 2024/05/29, 17:56:01.569, 3865835015203, vstest.console.dll, ParallelOperationManager.DoActionOnAllManagers: Calling an action on all managers.
TpTrace Verbose: 0 : 5296, 13, 2024/05/29, 17:56:01.569, 3865835022408, vstest.console.dll, TestLoggerManager.HandleTestRunComplete: Ignoring as the object is disposed.
TpTrace Verbose: 0 : 5296, 13, 2024/05/29, 17:56:01.570, 3865835024314, vstest.console.dll, MulticastDelegateUtilities.SafeInvoke: TestRun.TestRunComplete: Invoking callback 1/2 for Microsoft.VisualStudio.TestPlatform.CommandLine.TestRunResultAggregator., took 0 ms.
TpTrace Verbose: 0 : 5296, 13, 2024/05/29, 17:56:01.570, 3865835025445, vstest.console.dll, MulticastDelegateUtilities.SafeInvoke: TestRun.TestRunComplete: Invoking callback 2/2 for Microsoft.VisualStudio.TestPlatform.CommandLine.Processors.RunTestsArgumentExecutor+TestRunRequestEventsRegistrar., took 0 ms.
TpTrace Information: 0 : 5296, 13, 2024/05/29, 17:56:01.570, 3865835026309, vstest.console.dll, TestRunRequest:TestRunComplete: Completed.
TpTrace Verbose: 0 : 5296, 13, 2024/05/29, 17:56:01.570, 3865835026621, vstest.console.dll, TestRequestSender.SetOperationComplete: Setting operation complete.
TpTrace Information: 0 : 5296, 13, 2024/05/29, 17:56:01.570, 3865835026866, vstest.console.dll, SocketServer.Stop: Stop server endPoint: 127.0.0.1:62036
TpTrace Information: 0 : 5296, 13, 2024/05/29, 17:56:01.570, 3865835027088, vstest.console.dll, SocketServer.Stop: Cancellation requested. Stopping message loop.
TpTrace Verbose: 0 : 5296, 1, 2024/05/29, 17:56:01.570, 3865835027308, vstest.console.dll, TestRunRequest.Dispose: Starting.
TpTrace Information: 0 : 5296, 1, 2024/05/29, 17:56:01.570, 3865835028116, vstest.console.dll, TestRunRequest.Dispose: Completed.
TpTrace Information: 0 : 5296, 1, 2024/05/29, 17:56:01.570, 3865835028568, vstest.console.dll, TestRequestManager.RunTests: run tests completed.
TpTrace Verbose: 0 : 5296, 13, 2024/05/29, 17:56:01.570, 3865835027384, vstest.console.dll, MulticastDelegateUtilities.SafeInvoke: LengthPrefixCommunicationChannel: MessageReceived: Invoking callback 1/1 for Microsoft.VisualStudio.TestPlatform.CommunicationUtilities.TestRequestSender+<>c__DisplayClass34_0., took 106 ms.
TpTrace Information: 0 : 5296, 1, 2024/05/29, 17:56:01.570, 3865835029231, vstest.console.dll, RunTestsArgumentProcessor:Execute: Test run is completed.
TpTrace Information: 0 : 5296, 13, 2024/05/29, 17:56:01.570, 3865835029959, vstest.console.dll, SocketServer.PrivateStop: Stopping server endPoint: 127.0.0.1:62036 error: 
TpTrace Verbose: 0 : 5296, 1, 2024/05/29, 17:56:01.570, 3865835031730, vstest.console.dll, Executor.Execute: Exiting with exit code of 1
TpTrace Verbose: 0 : 5296, 13, 2024/05/29, 17:56:01.571, 3865835034200, vstest.console.dll, LengthPrefixCommunicationChannel.Dispose: Dispose reader and writer.
TpTrace Information: 0 : 5296, 13, 2024/05/29, 17:56:01.571, 3865835034813, vstest.console.dll, SocketServer.Stop: Raise disconnected event endPoint: 127.0.0.1:62036 error: 
